#! /c/Source/iverilog-install/bin/vvp
:ivl_version "12.0 (devel)" "(s20150603-1539-g2693dd32b)";
:ivl_delay_selection "TYPICAL";
:vpi_time_precision - 10;
:vpi_module "C:\iverilog\lib\ivl\system.vpi";
:vpi_module "C:\iverilog\lib\ivl\vhdl_sys.vpi";
:vpi_module "C:\iverilog\lib\ivl\vhdl_textio.vpi";
:vpi_module "C:\iverilog\lib\ivl\v2005_math.vpi";
:vpi_module "C:\iverilog\lib\ivl\va_math.vpi";
:vpi_module "C:\iverilog\lib\ivl\v2009.vpi";
S_000001274ae51f00 .scope package, "$unit" "$unit" 2 1;
 .timescale 0 0;
S_000001274ae52090 .scope module, "CntSecMinHr" "CntSecMinHr" 3 7;
 .timescale -9 -10;
    .port_info 0 /INPUT 1 "clk";
    .port_info 1 /INPUT 1 "rst";
    .port_info 2 /OUTPUT 6 "sec";
    .port_info 3 /OUTPUT 6 "min";
    .port_info 4 /OUTPUT 5 "hr";
o000001274ae90ca8 .functor BUFZ 1, C4<z>; HiZ drive
v000001274aee8770_0 .net "clk", 0 0, o000001274ae90ca8;  0 drivers
v000001274aee83b0_0 .net "en1hr", 0 0, L_000001274ae85050;  1 drivers
v000001274aee8950_0 .net "en1min", 0 0, L_000001274ae84e20;  1 drivers
v000001274aee9e90_0 .net "en1sec", 0 0, L_000001274ae849c0;  1 drivers
v000001274aee8b30_0 .net "hr", 4 0, v000001274ae81740_0;  1 drivers
v000001274aee9f30_0 .net "min", 5 0, v000001274ae80f20_0;  1 drivers
o000001274ae90d68 .functor BUFZ 1, C4<z>; HiZ drive
v000001274aee9ad0_0 .net "rst", 0 0, o000001274ae90d68;  0 drivers
v000001274aee8310_0 .net "sec", 5 0, v000001274ae812e0_0;  1 drivers
S_000001274ae62960 .scope module, "cnt1sec" "Counter" 3 14, 3 20 0, S_000001274ae52090;
 .timescale -9 -10;
    .port_info 0 /INPUT 1 "clk";
    .port_info 1 /INPUT 1 "rst";
    .port_info 2 /INPUT 1 "en";
    .port_info 3 /OUTPUT 4 "cnt";
    .port_info 4 /OUTPUT 1 "co";
P_000001274ae90130 .param/l "M" 0 3 21, +C4<00000000000000000000000000001010>;
L_000001274b240118 .functor BUFT 1, C4<1>, C4<0>, C4<0>, C4<0>;
L_000001274ae849c0 .functor AND 1, L_000001274b240118, L_000001274aeef240, C4<1>, C4<1>;
v000001274ae80980_0 .net *"_ivl_0", 31 0, L_000001274aeee160;  1 drivers
L_000001274b240088 .functor BUFT 1, C4<0000000000000000000000000000>, C4<0>, C4<0>, C4<0>;
v000001274ae81380_0 .net *"_ivl_3", 27 0, L_000001274b240088;  1 drivers
L_000001274b2400d0 .functor BUFT 1, C4<00000000000000000000000000001001>, C4<0>, C4<0>, C4<0>;
v000001274ae816a0_0 .net/2u *"_ivl_4", 31 0, L_000001274b2400d0;  1 drivers
v000001274ae80200_0 .net *"_ivl_6", 0 0, L_000001274aeef240;  1 drivers
v000001274ae80a20_0 .net "clk", 0 0, o000001274ae90ca8;  alias, 0 drivers
v000001274ae81b00_0 .var "cnt", 3 0;
v000001274ae80b60_0 .net "co", 0 0, L_000001274ae849c0;  alias, 1 drivers
v000001274ae814c0_0 .net "en", 0 0, L_000001274b240118;  1 drivers
v000001274ae81100_0 .net "rst", 0 0, o000001274ae90d68;  alias, 0 drivers
E_000001274ae905b0 .event posedge, v000001274ae80a20_0;
L_000001274aeee160 .concat [ 4 28 0 0], v000001274ae81b00_0, L_000001274b240088;
L_000001274aeef240 .cmp/eq 32, L_000001274aeee160, L_000001274b2400d0;
S_000001274ae530d0 .scope module, "cnt24hr" "Counter" 3 17, 3 20 0, S_000001274ae52090;
 .timescale -9 -10;
    .port_info 0 /INPUT 1 "clk";
    .port_info 1 /INPUT 1 "rst";
    .port_info 2 /INPUT 1 "en";
    .port_info 3 /OUTPUT 5 "cnt";
    .port_info 4 /OUTPUT 1 "co";
P_000001274ae8ff70 .param/l "M" 0 3 21, +C4<00000000000000000000000000011000>;
L_000001274ae84b10 .functor AND 1, L_000001274ae85050, L_000001274aeef600, C4<1>, C4<1>;
v000001274ae81600_0 .net *"_ivl_0", 31 0, L_000001274aeeede0;  1 drivers
L_000001274b240280 .functor BUFT 1, C4<000000000000000000000000000>, C4<0>, C4<0>, C4<0>;
v000001274ae80700_0 .net *"_ivl_3", 26 0, L_000001274b240280;  1 drivers
L_000001274b2402c8 .functor BUFT 1, C4<00000000000000000000000000010111>, C4<0>, C4<0>, C4<0>;
v000001274ae80c00_0 .net/2u *"_ivl_4", 31 0, L_000001274b2402c8;  1 drivers
v000001274ae80340_0 .net *"_ivl_6", 0 0, L_000001274aeef600;  1 drivers
v000001274ae80de0_0 .net "clk", 0 0, o000001274ae90ca8;  alias, 0 drivers
v000001274ae81740_0 .var "cnt", 4 0;
v000001274ae80fc0_0 .net "co", 0 0, L_000001274ae84b10;  1 drivers
v000001274ae805c0_0 .net "en", 0 0, L_000001274ae85050;  alias, 1 drivers
v000001274ae81ba0_0 .net "rst", 0 0, o000001274ae90d68;  alias, 0 drivers
L_000001274aeeede0 .concat [ 5 27 0 0], v000001274ae81740_0, L_000001274b240280;
L_000001274aeef600 .cmp/eq 32, L_000001274aeeede0, L_000001274b2402c8;
S_000001274ae53260 .scope module, "cnt60min" "Counter" 3 16, 3 20 0, S_000001274ae52090;
 .timescale -9 -10;
    .port_info 0 /INPUT 1 "clk";
    .port_info 1 /INPUT 1 "rst";
    .port_info 2 /INPUT 1 "en";
    .port_info 3 /OUTPUT 6 "cnt";
    .port_info 4 /OUTPUT 1 "co";
P_000001274ae904f0 .param/l "M" 0 3 21, +C4<00000000000000000000000000111100>;
L_000001274ae85050 .functor AND 1, L_000001274ae84e20, L_000001274aeef100, C4<1>, C4<1>;
v000001274ae80480_0 .net *"_ivl_0", 31 0, L_000001274aeeeac0;  1 drivers
L_000001274b2401f0 .functor BUFT 1, C4<00000000000000000000000000>, C4<0>, C4<0>, C4<0>;
v000001274ae811a0_0 .net *"_ivl_3", 25 0, L_000001274b2401f0;  1 drivers
L_000001274b240238 .functor BUFT 1, C4<00000000000000000000000000111011>, C4<0>, C4<0>, C4<0>;
v000001274ae81880_0 .net/2u *"_ivl_4", 31 0, L_000001274b240238;  1 drivers
v000001274ae807a0_0 .net *"_ivl_6", 0 0, L_000001274aeef100;  1 drivers
v000001274ae80e80_0 .net "clk", 0 0, o000001274ae90ca8;  alias, 0 drivers
v000001274ae80f20_0 .var "cnt", 5 0;
v000001274ae81060_0 .net "co", 0 0, L_000001274ae85050;  alias, 1 drivers
v000001274ae819c0_0 .net "en", 0 0, L_000001274ae84e20;  alias, 1 drivers
v000001274ae81920_0 .net "rst", 0 0, o000001274ae90d68;  alias, 0 drivers
L_000001274aeeeac0 .concat [ 6 26 0 0], v000001274ae80f20_0, L_000001274b2401f0;
L_000001274aeef100 .cmp/eq 32, L_000001274aeeeac0, L_000001274b240238;
S_000001274ae592e0 .scope module, "cnt60sec" "Counter" 3 15, 3 20 0, S_000001274ae52090;
 .timescale -9 -10;
    .port_info 0 /INPUT 1 "clk";
    .port_info 1 /INPUT 1 "rst";
    .port_info 2 /INPUT 1 "en";
    .port_info 3 /OUTPUT 6 "cnt";
    .port_info 4 /OUTPUT 1 "co";
P_000001274ae906f0 .param/l "M" 0 3 21, +C4<00000000000000000000000000111100>;
L_000001274ae84e20 .functor AND 1, L_000001274ae849c0, L_000001274aeefce0, C4<1>, C4<1>;
v000001274ae803e0_0 .net *"_ivl_0", 31 0, L_000001274aeeee80;  1 drivers
L_000001274b240160 .functor BUFT 1, C4<00000000000000000000000000>, C4<0>, C4<0>, C4<0>;
v000001274ae80660_0 .net *"_ivl_3", 25 0, L_000001274b240160;  1 drivers
L_000001274b2401a8 .functor BUFT 1, C4<00000000000000000000000000111011>, C4<0>, C4<0>, C4<0>;
v000001274ae81a60_0 .net/2u *"_ivl_4", 31 0, L_000001274b2401a8;  1 drivers
v000001274ae81ce0_0 .net *"_ivl_6", 0 0, L_000001274aeefce0;  1 drivers
v000001274ae808e0_0 .net "clk", 0 0, o000001274ae90ca8;  alias, 0 drivers
v000001274ae812e0_0 .var "cnt", 5 0;
v000001274ae7ff80_0 .net "co", 0 0, L_000001274ae84e20;  alias, 1 drivers
v000001274ae771d0_0 .net "en", 0 0, L_000001274ae849c0;  alias, 1 drivers
v000001274ae77630_0 .net "rst", 0 0, o000001274ae90d68;  alias, 0 drivers
L_000001274aeeee80 .concat [ 6 26 0 0], v000001274ae812e0_0, L_000001274b240160;
L_000001274aeefce0 .cmp/eq 32, L_000001274aeeee80, L_000001274b2401a8;
S_000001274ae5fe00 .scope module, "CounterMax" "CounterMax" 3 37;
 .timescale -9 -10;
    .port_info 0 /INPUT 1 "clk";
    .port_info 1 /INPUT 1 "rst";
    .port_info 2 /INPUT 1 "en";
    .port_info 3 /INPUT 8 "max";
    .port_info 4 /OUTPUT 8 "cnt";
    .port_info 5 /OUTPUT 1 "co";
P_000001274ae90a30 .param/l "DW" 0 3 38, +C4<00000000000000000000000000001000>;
o000001274ae91668 .functor BUFZ 1, C4<z>; HiZ drive
L_000001274ae85130 .functor AND 1, o000001274ae91668, L_000001274aeef420, C4<1>, C4<1>;
v000001274aee8450_0 .net *"_ivl_0", 0 0, L_000001274aeef420;  1 drivers
o000001274ae915d8 .functor BUFZ 1, C4<z>; HiZ drive
v000001274aee9490_0 .net "clk", 0 0, o000001274ae915d8;  0 drivers
v000001274aee9530_0 .var "cnt", 7 0;
v000001274aee86d0_0 .net "co", 0 0, L_000001274ae85130;  1 drivers
v000001274aee81d0_0 .net "en", 0 0, o000001274ae91668;  0 drivers
o000001274ae91698 .functor BUFZ 8, C4<zzzzzzzz>; HiZ drive
v000001274aee89f0_0 .net "max", 7 0, o000001274ae91698;  0 drivers
o000001274ae916c8 .functor BUFZ 1, C4<z>; HiZ drive
v000001274aee84f0_0 .net "rst", 0 0, o000001274ae916c8;  0 drivers
E_000001274ae8fdb0 .event posedge, v000001274aee9490_0;
L_000001274aeef420 .cmp/eq 8, v000001274aee9530_0, o000001274ae91698;
S_000001274ae5ff90 .scope module, "Edge2En" "Edge2En" 4 29;
 .timescale -9 -10;
    .port_info 0 /INPUT 1 "clk";
    .port_info 1 /INPUT 1 "in";
    .port_info 2 /OUTPUT 1 "rising";
    .port_info 3 /OUTPUT 1 "falling";
    .port_info 4 /OUTPUT 1 "out";
P_000001274ae901b0 .param/l "SYNC_STG" 0 4 29, +C4<00000000000000000000000000000001>;
v000001274aee8d10_0 .net *"_ivl_1", 1 0, L_000001274aeee480;  1 drivers
v000001274aee9c10_0 .net *"_ivl_11", 1 0, L_000001274aeef060;  1 drivers
v000001274aee98f0_0 .net *"_ivl_12", 2 0, L_000001274aeefa60;  1 drivers
L_000001274b2403a0 .functor BUFT 1, C4<0>, C4<0>, C4<0>, C4<0>;
v000001274aee8090_0 .net *"_ivl_15", 0 0, L_000001274b2403a0;  1 drivers
L_000001274b2403e8 .functor BUFT 1, C4<010>, C4<0>, C4<0>, C4<0>;
v000001274aee9210_0 .net/2u *"_ivl_16", 2 0, L_000001274b2403e8;  1 drivers
v000001274aee8270_0 .net *"_ivl_2", 2 0, L_000001274aeef880;  1 drivers
L_000001274b240310 .functor BUFT 1, C4<0>, C4<0>, C4<0>, C4<0>;
v000001274aee8130_0 .net *"_ivl_5", 0 0, L_000001274b240310;  1 drivers
L_000001274b240358 .functor BUFT 1, C4<001>, C4<0>, C4<0>, C4<0>;
v000001274aee8ef0_0 .net/2u *"_ivl_6", 2 0, L_000001274b240358;  1 drivers
o000001274ae91998 .functor BUFZ 1, C4<z>; HiZ drive
v000001274aee95d0_0 .net "clk", 0 0, o000001274ae91998;  0 drivers
v000001274aee9990_0 .var "dly", 1 0;
v000001274aee9710_0 .net "falling", 0 0, L_000001274aeef1a0;  1 drivers
o000001274ae91a28 .functor BUFZ 1, C4<z>; HiZ drive
v000001274aee8bd0_0 .net "in", 0 0, o000001274ae91a28;  0 drivers
v000001274aee8c70_0 .net "out", 0 0, L_000001274aeef2e0;  1 drivers
v000001274aee8590_0 .net "rising", 0 0, L_000001274aeeefc0;  1 drivers
E_000001274ae900b0 .event posedge, v000001274aee95d0_0;
L_000001274aeee480 .part v000001274aee9990_0, 0, 2;
L_000001274aeef880 .concat [ 2 1 0 0], L_000001274aeee480, L_000001274b240310;
L_000001274aeeefc0 .cmp/eq 3, L_000001274aeef880, L_000001274b240358;
L_000001274aeef060 .part v000001274aee9990_0, 0, 2;
L_000001274aeefa60 .concat [ 2 1 0 0], L_000001274aeef060, L_000001274b2403a0;
L_000001274aeef1a0 .cmp/eq 3, L_000001274aeefa60, L_000001274b2403e8;
L_000001274aeef2e0 .part v000001274aee9990_0, 1, 1;
S_000001274ae627d0 .scope module, "TestIis" "TestIis" 5 3;
 .timescale -9 -10;
v000001274aeeed40_0 .array/port v000001274aeeed40, 0;
L_000001274ae843a0 .functor BUFZ 32, v000001274aeeed40_0, C4<00000000000000000000000000000000>, C4<00000000000000000000000000000000>, C4<00000000000000000000000000000000>;
v000001274aeeed40_1 .array/port v000001274aeeed40, 1;
L_000001274ae84e90 .functor BUFZ 32, v000001274aeeed40_1, C4<00000000000000000000000000000000>, C4<00000000000000000000000000000000>, C4<00000000000000000000000000000000>;
v000001274aeec1f0_0 .array/port v000001274aeec1f0, 0;
L_000001274ae84870 .functor BUFZ 32, v000001274aeec1f0_0, C4<00000000000000000000000000000000>, C4<00000000000000000000000000000000>, C4<00000000000000000000000000000000>;
v000001274aeec1f0_1 .array/port v000001274aeec1f0, 1;
L_000001274ae84480 .functor BUFZ 32, v000001274aeec1f0_1, C4<00000000000000000000000000000000>, C4<00000000000000000000000000000000>, C4<00000000000000000000000000000000>;
v000001274aeeeb60_0 .var "clk", 0 0;
v000001274aeef560_0 .net "f_sync", 0 0, L_000001274ae84950;  1 drivers
v000001274aeef4c0 .array/s "rxdata", 0 1, 31 0;
v000001274aeee700_0 .net "rxdata_valid", 0 0, v000001274aeedaf0_0;  1 drivers
v000001274aeeeca0_0 .net "sck", 0 0, v000001274aeec5b0_0;  1 drivers
v000001274aeee8e0_0 .net "sck_fall", 0 0, v000001274aeed910_0;  1 drivers
v000001274aeee980_0 .net "sd", 0 0, L_000001274aeefec0;  1 drivers
v000001274aeeed40 .array/s "txdata", 0 1, 31 0;
v000001274aeeef20_0 .net "txdata_rd", 0 0, L_000001274ae850c0;  1 drivers
v000001274aeeea20_0 .net "ws", 0 0, v000001274aeed370_0;  1 drivers
S_000001274ae59470 .scope module, "iisClk" "IisClkGen" 5 18, 6 7 0, S_000001274ae627d0;
 .timescale -9 -10;
    .port_info 0 /INPUT 1 "mck";
    .port_info 1 /OUTPUT 1 "sck";
    .port_info 2 /OUTPUT 1 "ws";
    .port_info 3 /OUTPUT 1 "sck_fall";
    .port_info 4 /OUTPUT 1 "frame_sync";
P_000001274ae59600 .param/l "MCK_TO_SCK" 0 6 9, +C4<00000000000000000000000000001000>;
P_000001274ae59638 .param/l "SCKW" 1 6 17, +C4<00000000000000000000000000000011>;
P_000001274ae59670 .param/l "SCK_TO_WS" 0 6 8, +C4<00000000000000000000000001000000>;
P_000001274ae596a8 .param/l "WSW" 1 6 18, +C4<00000000000000000000000000000110>;
L_000001274ae84950 .functor AND 1, L_000001274aeef740, L_000001274ae85210, C4<1>, C4<1>;
L_000001274b240670 .functor BUFT 1, C4<00000000000000000000000000000000>, C4<0>, C4<0>, C4<0>;
v000001274aee9cb0_0 .net/2u *"_ivl_10", 31 0, L_000001274b240670;  1 drivers
v000001274aee9d50_0 .net *"_ivl_12", 0 0, L_000001274aeef740;  1 drivers
v000001274aee9df0_0 .net *"_ivl_6", 31 0, L_000001274aeef6a0;  1 drivers
L_000001274b240628 .functor BUFT 1, C4<00000000000000000000000000>, C4<0>, C4<0>, C4<0>;
v000001274aeed870_0 .net *"_ivl_9", 25 0, L_000001274b240628;  1 drivers
v000001274aeec790_0 .net "cnt_sck", 2 0, v000001274aee8db0_0;  1 drivers
v000001274aeec6f0_0 .net "cnt_sck_co", 0 0, L_000001274ae85210;  1 drivers
v000001274aeece70_0 .net "cnt_ws", 5 0, v000001274aee9350_0;  1 drivers
v000001274aeec650_0 .net "frame_sync", 0 0, L_000001274ae84950;  alias, 1 drivers
v000001274aeedeb0_0 .net "mck", 0 0, v000001274aeeeb60_0;  1 drivers
v000001274aeec5b0_0 .var "sck", 0 0;
v000001274aeed910_0 .var "sck_fall", 0 0;
v000001274aeed370_0 .var "ws", 0 0;
L_000001274aeef6a0 .concat [ 6 26 0 0], v000001274aee9350_0, L_000001274b240628;
L_000001274aeef740 .cmp/eq 32, L_000001274aeef6a0, L_000001274b240670;
S_000001274ae4f0f0 .scope module, "cntSck" "Counter" 6 25, 3 20 0, S_000001274ae59470;
 .timescale -9 -10;
    .port_info 0 /INPUT 1 "clk";
    .port_info 1 /INPUT 1 "rst";
    .port_info 2 /INPUT 1 "en";
    .port_info 3 /OUTPUT 3 "cnt";
    .port_info 4 /OUTPUT 1 "co";
P_000001274ae90b70 .param/l "M" 0 3 21, +C4<00000000000000000000000000001000>;
L_000001274b240508 .functor BUFT 1, C4<1>, C4<0>, C4<0>, C4<0>;
L_000001274ae85210 .functor AND 1, L_000001274b240508, L_000001274aeefd80, C4<1>, C4<1>;
v000001274aee92b0_0 .net *"_ivl_0", 31 0, L_000001274aeef920;  1 drivers
L_000001274b240430 .functor BUFT 1, C4<00000000000000000000000000000>, C4<0>, C4<0>, C4<0>;
v000001274aee9670_0 .net *"_ivl_3", 28 0, L_000001274b240430;  1 drivers
L_000001274b240478 .functor BUFT 1, C4<00000000000000000000000000000111>, C4<0>, C4<0>, C4<0>;
v000001274aee8630_0 .net/2u *"_ivl_4", 31 0, L_000001274b240478;  1 drivers
v000001274aee8a90_0 .net *"_ivl_6", 0 0, L_000001274aeefd80;  1 drivers
v000001274aee9a30_0 .net "clk", 0 0, v000001274aeeeb60_0;  alias, 1 drivers
v000001274aee8db0_0 .var "cnt", 2 0;
v000001274aee8e50_0 .net "co", 0 0, L_000001274ae85210;  alias, 1 drivers
v000001274aee8f90_0 .net "en", 0 0, L_000001274b240508;  1 drivers
L_000001274b2404c0 .functor BUFT 1, C4<0>, C4<0>, C4<0>, C4<0>;
v000001274aee8810_0 .net "rst", 0 0, L_000001274b2404c0;  1 drivers
E_000001274ae90730 .event posedge, v000001274aee9a30_0;
L_000001274aeef920 .concat [ 3 29 0 0], v000001274aee8db0_0, L_000001274b240430;
L_000001274aeefd80 .cmp/eq 32, L_000001274aeef920, L_000001274b240478;
S_000001274ae4f280 .scope module, "cntWs" "Counter" 6 27, 3 20 0, S_000001274ae59470;
 .timescale -9 -10;
    .port_info 0 /INPUT 1 "clk";
    .port_info 1 /INPUT 1 "rst";
    .port_info 2 /INPUT 1 "en";
    .port_info 3 /OUTPUT 6 "cnt";
    .port_info 4 /OUTPUT 1 "co";
P_000001274ae8ffb0 .param/l "M" 0 3 21, +C4<00000000000000000000000001000000>;
L_000001274ae85280 .functor AND 1, L_000001274ae85210, L_000001274aeee520, C4<1>, C4<1>;
v000001274aee9170_0 .net *"_ivl_0", 31 0, L_000001274aeefe20;  1 drivers
L_000001274b240550 .functor BUFT 1, C4<00000000000000000000000000>, C4<0>, C4<0>, C4<0>;
v000001274aee88b0_0 .net *"_ivl_3", 25 0, L_000001274b240550;  1 drivers
L_000001274b240598 .functor BUFT 1, C4<00000000000000000000000000111111>, C4<0>, C4<0>, C4<0>;
v000001274aee9030_0 .net/2u *"_ivl_4", 31 0, L_000001274b240598;  1 drivers
v000001274aee90d0_0 .net *"_ivl_6", 0 0, L_000001274aeee520;  1 drivers
v000001274aee97b0_0 .net "clk", 0 0, v000001274aeeeb60_0;  alias, 1 drivers
v000001274aee9350_0 .var "cnt", 5 0;
v000001274aee9b70_0 .net "co", 0 0, L_000001274ae85280;  1 drivers
v000001274aee93f0_0 .net "en", 0 0, L_000001274ae85210;  alias, 1 drivers
L_000001274b2405e0 .functor BUFT 1, C4<0>, C4<0>, C4<0>, C4<0>;
v000001274aee9850_0 .net "rst", 0 0, L_000001274b2405e0;  1 drivers
L_000001274aeefe20 .concat [ 6 26 0 0], v000001274aee9350_0, L_000001274b240550;
L_000001274aeee520 .cmp/eq 32, L_000001274aeefe20, L_000001274b240598;
S_000001274ae4b680 .scope module, "iisRecv" "IisReceiver" 5 24, 6 51 0, S_000001274ae627d0;
 .timescale -9 -10;
    .port_info 0 /INPUT 1 "mck";
    .port_info 1 /INPUT 1 "iis_sck";
    .port_info 2 /INPUT 1 "iis_ws";
    .port_info 3 /INPUT 1 "iis_sd";
    .port_info 4 /OUTPUT 64 "data";
    .port_info 5 /OUTPUT 1 "data_valid";
v000001274aeed7d0_0 .net "bit_cnt", 7 0, v000001274aeec290_0;  1 drivers
v000001274aeec1f0 .array/s "data", 0 1, 31 0;
v000001274aeedaf0_0 .var "data_valid", 0 0;
v000001274aeedb90_0 .var "frame_end", 0 0;
v000001274aeec330_0 .net "iis_sck", 0 0, v000001274aeec5b0_0;  alias, 1 drivers
v000001274aeee3e0_0 .net "iis_sd", 0 0, L_000001274aeefec0;  alias, 1 drivers
v000001274aeee840_0 .net "iis_ws", 0 0, v000001274aeed370_0;  alias, 1 drivers
v000001274aeef9c0_0 .net "mck", 0 0, v000001274aeeeb60_0;  alias, 1 drivers
v000001274aeefc40_0 .net "sck_reg", 0 0, L_000001274aef1900;  1 drivers
v000001274aeef7e0_0 .net "sck_rising", 0 0, L_000001274aef2080;  1 drivers
v000001274aeee660_0 .net "sd_reg", 0 0, L_000001274aef12c0;  1 drivers
v000001274aeefb00_0 .var "shift_reg", 63 0;
v000001274aeef380_0 .net "ws_falling", 0 0, L_000001274aef1220;  1 drivers
S_000001274ae4b810 .scope module, "bitCnt" "Counter" 6 61, 3 20 0, S_000001274ae4b680;
 .timescale -9 -10;
    .port_info 0 /INPUT 1 "clk";
    .port_info 1 /INPUT 1 "rst";
    .port_info 2 /INPUT 1 "en";
    .port_info 3 /OUTPUT 8 "cnt";
    .port_info 4 /OUTPUT 1 "co";
P_000001274ae904b0 .param/l "M" 0 3 21, +C4<00000000000000000000000100000000>;
L_000001274ae84790 .functor AND 1, L_000001274aef2080, L_000001274aef2120, C4<1>, C4<1>;
v000001274aeed9b0_0 .net *"_ivl_0", 31 0, L_000001274aef2620;  1 drivers
L_000001274b240868 .functor BUFT 1, C4<000000000000000000000000>, C4<0>, C4<0>, C4<0>;
v000001274aeed230_0 .net *"_ivl_3", 23 0, L_000001274b240868;  1 drivers
L_000001274b2408b0 .functor BUFT 1, C4<00000000000000000000000011111111>, C4<0>, C4<0>, C4<0>;
v000001274aeec830_0 .net/2u *"_ivl_4", 31 0, L_000001274b2408b0;  1 drivers
v000001274aeed190_0 .net *"_ivl_6", 0 0, L_000001274aef2120;  1 drivers
v000001274aeec8d0_0 .net "clk", 0 0, v000001274aeeeb60_0;  alias, 1 drivers
v000001274aeec290_0 .var "cnt", 7 0;
v000001274aeed4b0_0 .net "co", 0 0, L_000001274ae84790;  1 drivers
v000001274aeedf50_0 .net "en", 0 0, L_000001274aef2080;  alias, 1 drivers
v000001274aeec470_0 .net "rst", 0 0, L_000001274aef1220;  alias, 1 drivers
L_000001274aef2620 .concat [ 8 24 0 0], v000001274aeec290_0, L_000001274b240868;
L_000001274aef2120 .cmp/eq 32, L_000001274aef2620, L_000001274b2408b0;
S_000001274adfe990 .scope module, "sckRising" "Rising2En" 6 57, 4 5 0, S_000001274ae4b680;
 .timescale -9 -10;
    .port_info 0 /INPUT 1 "clk";
    .port_info 1 /INPUT 1 "in";
    .port_info 2 /OUTPUT 1 "en";
    .port_info 3 /OUTPUT 1 "out";
P_000001274ae8fd70 .param/l "SYNC_STG" 0 4 5, +C4<00000000000000000000000000000010>;
v000001274aeed690_0 .net *"_ivl_1", 1 0, L_000001274aeee5c0;  1 drivers
v000001274aeec970_0 .net *"_ivl_2", 3 0, L_000001274aef1fe0;  1 drivers
L_000001274b2406b8 .functor BUFT 1, C4<00>, C4<0>, C4<0>, C4<0>;
v000001274aeecc90_0 .net *"_ivl_5", 1 0, L_000001274b2406b8;  1 drivers
L_000001274b240700 .functor BUFT 1, C4<0001>, C4<0>, C4<0>, C4<0>;
v000001274aeeca10_0 .net/2u *"_ivl_6", 3 0, L_000001274b240700;  1 drivers
v000001274aeecab0_0 .net "clk", 0 0, v000001274aeeeb60_0;  alias, 1 drivers
v000001274aeed730_0 .var "dly", 2 0;
v000001274aeecb50_0 .net "en", 0 0, L_000001274aef2080;  alias, 1 drivers
v000001274aeec150_0 .net "in", 0 0, v000001274aeec5b0_0;  alias, 1 drivers
v000001274aeecbf0_0 .net "out", 0 0, L_000001274aef1900;  alias, 1 drivers
L_000001274aeee5c0 .part v000001274aeed730_0, 1, 2;
L_000001274aef1fe0 .concat [ 2 2 0 0], L_000001274aeee5c0, L_000001274b2406b8;
L_000001274aef2080 .cmp/eq 4, L_000001274aef1fe0, L_000001274b240700;
L_000001274aef1900 .part v000001274aeed730_0, 2, 1;
S_000001274adfeb20 .scope module, "sdSync" "Rising2En" 6 59, 4 5 0, S_000001274ae4b680;
 .timescale -9 -10;
    .port_info 0 /INPUT 1 "clk";
    .port_info 1 /INPUT 1 "in";
    .port_info 2 /OUTPUT 1 "en";
    .port_info 3 /OUTPUT 1 "out";
P_000001274ae90a70 .param/l "SYNC_STG" 0 4 5, +C4<00000000000000000000000000000010>;
v000001274aeecd30_0 .net *"_ivl_1", 1 0, L_000001274aef2f80;  1 drivers
v000001274aeed2d0_0 .net *"_ivl_2", 3 0, L_000001274aef29e0;  1 drivers
L_000001274b2407d8 .functor BUFT 1, C4<00>, C4<0>, C4<0>, C4<0>;
v000001274aeec3d0_0 .net *"_ivl_5", 1 0, L_000001274b2407d8;  1 drivers
L_000001274b240820 .functor BUFT 1, C4<0001>, C4<0>, C4<0>, C4<0>;
v000001274aeecdd0_0 .net/2u *"_ivl_6", 3 0, L_000001274b240820;  1 drivers
v000001274aeed410_0 .net "clk", 0 0, v000001274aeeeb60_0;  alias, 1 drivers
v000001274aeedcd0_0 .var "dly", 2 0;
v000001274aeecf10_0 .net "en", 0 0, L_000001274aef2260;  1 drivers
v000001274aeed050_0 .net "in", 0 0, L_000001274aeefec0;  alias, 1 drivers
v000001274aeed550_0 .net "out", 0 0, L_000001274aef12c0;  alias, 1 drivers
L_000001274aef2f80 .part v000001274aeedcd0_0, 1, 2;
L_000001274aef29e0 .concat [ 2 2 0 0], L_000001274aef2f80, L_000001274b2407d8;
L_000001274aef2260 .cmp/eq 4, L_000001274aef29e0, L_000001274b240820;
L_000001274aef12c0 .part v000001274aeedcd0_0, 2, 1;
S_000001274ae12d00 .scope module, "wsFalling" "Falling2En" 6 58, 4 17 0, S_000001274ae4b680;
 .timescale -9 -10;
    .port_info 0 /INPUT 1 "clk";
    .port_info 1 /INPUT 1 "in";
    .port_info 2 /OUTPUT 1 "en";
    .port_info 3 /OUTPUT 1 "out";
P_000001274ae90930 .param/l "SYNC_STG" 0 4 17, +C4<00000000000000000000000000000010>;
v000001274aeec0b0_0 .net *"_ivl_1", 1 0, L_000001274aef24e0;  1 drivers
v000001274aeeda50_0 .net *"_ivl_2", 3 0, L_000001274aef10e0;  1 drivers
L_000001274b240748 .functor BUFT 1, C4<00>, C4<0>, C4<0>, C4<0>;
v000001274aeedc30_0 .net *"_ivl_5", 1 0, L_000001274b240748;  1 drivers
L_000001274b240790 .functor BUFT 1, C4<0010>, C4<0>, C4<0>, C4<0>;
v000001274aeecfb0_0 .net/2u *"_ivl_6", 3 0, L_000001274b240790;  1 drivers
v000001274aeedd70_0 .net "clk", 0 0, v000001274aeeeb60_0;  alias, 1 drivers
v000001274aeed0f0_0 .var "dly", 2 0;
v000001274aeede10_0 .net "en", 0 0, L_000001274aef1220;  alias, 1 drivers
v000001274aeec510_0 .net "in", 0 0, v000001274aeed370_0;  alias, 1 drivers
v000001274aeed5f0_0 .net "out", 0 0, L_000001274aef19a0;  1 drivers
L_000001274aef24e0 .part v000001274aeed0f0_0, 1, 2;
L_000001274aef10e0 .concat [ 2 2 0 0], L_000001274aef24e0, L_000001274b240748;
L_000001274aef1220 .cmp/eq 4, L_000001274aef10e0, L_000001274b240790;
L_000001274aef19a0 .part v000001274aeed0f0_0, 2, 1;
S_000001274aef0580 .scope module, "iisTrans" "IisTransmitter" 5 20, 6 32 0, S_000001274ae627d0;
 .timescale -9 -10;
    .port_info 0 /INPUT 1 "mck";
    .port_info 1 /INPUT 1 "sck_fall";
    .port_info 2 /INPUT 1 "frame_sync";
    .port_info 3 /INPUT 64 "data";
    .port_info 4 /OUTPUT 1 "data_rd";
    .port_info 5 /OUTPUT 1 "iis_sd";
L_000001274ae850c0 .functor BUFZ 1, L_000001274ae84950, C4<0>, C4<0>, C4<0>;
v000001274aeeec00 .array "data", 0 1;
v000001274aeeec00_0 .net/s v000001274aeeec00 0, 31 0, L_000001274ae843a0; 1 drivers
v000001274aeeec00_1 .net/s v000001274aeeec00 1, 31 0, L_000001274ae84e90; 1 drivers
v000001274aeee0c0_0 .net "data_rd", 0 0, L_000001274ae850c0;  alias, 1 drivers
v000001274aeee7a0_0 .var "data_rd_dly", 0 0;
v000001274aeefba0_0 .net "frame_sync", 0 0, L_000001274ae84950;  alias, 1 drivers
v000001274aeee200_0 .net "iis_sd", 0 0, L_000001274aeefec0;  alias, 1 drivers
v000001274aeee340_0 .net "mck", 0 0, v000001274aeeeb60_0;  alias, 1 drivers
v000001274aeeff60_0 .net "sck_fall", 0 0, v000001274aeed910_0;  alias, 1 drivers
v000001274aeee2a0_0 .var "shift_reg", 63 0;
L_000001274aeefec0 .part v000001274aeee2a0_0, 63, 1;
    .scope S_000001274ae62960;
T_0 ;
    %wait E_000001274ae905b0;
    %load/vec4 v000001274ae81100_0;
    %flag_set/vec4 8;
    %jmp/0xz  T_0.0, 8;
    %pushi/vec4 0, 0, 4;
    %assign/vec4 v000001274ae81b00_0, 0;
    %jmp T_0.1;
T_0.0 ;
    %load/vec4 v000001274ae814c0_0;
    %flag_set/vec4 8;
    %jmp/0xz  T_0.2, 8;
    %load/vec4 v000001274ae81b00_0;
    %pad/u 32;
    %cmpi/u 9, 0, 32;
    %jmp/0xz  T_0.4, 5;
    %load/vec4 v000001274ae81b00_0;
    %addi 1, 0, 4;
    %assign/vec4 v000001274ae81b00_0, 0;
    %jmp T_0.5;
T_0.4 ;
    %pushi/vec4 0, 0, 4;
    %assign/vec4 v000001274ae81b00_0, 0;
T_0.5 ;
T_0.2 ;
T_0.1 ;
    %jmp T_0;
    .thread T_0;
    .scope S_000001274ae592e0;
T_1 ;
    %wait E_000001274ae905b0;
    %load/vec4 v000001274ae77630_0;
    %flag_set/vec4 8;
    %jmp/0xz  T_1.0, 8;
    %pushi/vec4 0, 0, 6;
    %assign/vec4 v000001274ae812e0_0, 0;
    %jmp T_1.1;
T_1.0 ;
    %load/vec4 v000001274ae771d0_0;
    %flag_set/vec4 8;
    %jmp/0xz  T_1.2, 8;
    %load/vec4 v000001274ae812e0_0;
    %pad/u 32;
    %cmpi/u 59, 0, 32;
    %jmp/0xz  T_1.4, 5;
    %load/vec4 v000001274ae812e0_0;
    %addi 1, 0, 6;
    %assign/vec4 v000001274ae812e0_0, 0;
    %jmp T_1.5;
T_1.4 ;
    %pushi/vec4 0, 0, 6;
    %assign/vec4 v000001274ae812e0_0, 0;
T_1.5 ;
T_1.2 ;
T_1.1 ;
    %jmp T_1;
    .thread T_1;
    .scope S_000001274ae53260;
T_2 ;
    %wait E_000001274ae905b0;
    %load/vec4 v000001274ae81920_0;
    %flag_set/vec4 8;
    %jmp/0xz  T_2.0, 8;
    %pushi/vec4 0, 0, 6;
    %assign/vec4 v000001274ae80f20_0, 0;
    %jmp T_2.1;
T_2.0 ;
    %load/vec4 v000001274ae819c0_0;
    %flag_set/vec4 8;
    %jmp/0xz  T_2.2, 8;
    %load/vec4 v000001274ae80f20_0;
    %pad/u 32;
    %cmpi/u 59, 0, 32;
    %jmp/0xz  T_2.4, 5;
    %load/vec4 v000001274ae80f20_0;
    %addi 1, 0, 6;
    %assign/vec4 v000001274ae80f20_0, 0;
    %jmp T_2.5;
T_2.4 ;
    %pushi/vec4 0, 0, 6;
    %assign/vec4 v000001274ae80f20_0, 0;
T_2.5 ;
T_2.2 ;
T_2.1 ;
    %jmp T_2;
    .thread T_2;
    .scope S_000001274ae530d0;
T_3 ;
    %wait E_000001274ae905b0;
    %load/vec4 v000001274ae81ba0_0;
    %flag_set/vec4 8;
    %jmp/0xz  T_3.0, 8;
    %pushi/vec4 0, 0, 5;
    %assign/vec4 v000001274ae81740_0, 0;
    %jmp T_3.1;
T_3.0 ;
    %load/vec4 v000001274ae805c0_0;
    %flag_set/vec4 8;
    %jmp/0xz  T_3.2, 8;
    %load/vec4 v000001274ae81740_0;
    %pad/u 32;
    %cmpi/u 23, 0, 32;
    %jmp/0xz  T_3.4, 5;
    %load/vec4 v000001274ae81740_0;
    %addi 1, 0, 5;
    %assign/vec4 v000001274ae81740_0, 0;
    %jmp T_3.5;
T_3.4 ;
    %pushi/vec4 0, 0, 5;
    %assign/vec4 v000001274ae81740_0, 0;
T_3.5 ;
T_3.2 ;
T_3.1 ;
    %jmp T_3;
    .thread T_3;
    .scope S_000001274ae5fe00;
T_4 ;
    %wait E_000001274ae8fdb0;
    %load/vec4 v000001274aee84f0_0;
    %flag_set/vec4 8;
    %jmp/0xz  T_4.0, 8;
    %pushi/vec4 0, 0, 8;
    %assign/vec4 v000001274aee9530_0, 0;
    %jmp T_4.1;
T_4.0 ;
    %load/vec4 v000001274aee81d0_0;
    %flag_set/vec4 8;
    %jmp/0xz  T_4.2, 8;
    %load/vec4 v000001274aee9530_0;
    %load/vec4 v000001274aee89f0_0;
    %cmp/u;
    %jmp/0xz  T_4.4, 5;
    %load/vec4 v000001274aee9530_0;
    %addi 1, 0, 8;
    %assign/vec4 v000001274aee9530_0, 0;
    %jmp T_4.5;
T_4.4 ;
    %pushi/vec4 0, 0, 8;
    %assign/vec4 v000001274aee9530_0, 0;
T_4.5 ;
T_4.2 ;
T_4.1 ;
    %jmp T_4;
    .thread T_4;
    .scope S_000001274ae5ff90;
T_5 ;
    %wait E_000001274ae900b0;
    %load/vec4 v000001274aee9990_0;
    %parti/s 1, 0, 2;
    %load/vec4 v000001274aee8bd0_0;
    %concat/vec4; draw_concat_vec4
    %assign/vec4 v000001274aee9990_0, 0;
    %jmp T_5;
    .thread T_5;
    .scope S_000001274ae4f0f0;
T_6 ;
    %wait E_000001274ae90730;
    %load/vec4 v000001274aee8810_0;
    %flag_set/vec4 8;
    %jmp/0xz  T_6.0, 8;
    %pushi/vec4 0, 0, 3;
    %assign/vec4 v000001274aee8db0_0, 0;
    %jmp T_6.1;
T_6.0 ;
    %load/vec4 v000001274aee8f90_0;
    %flag_set/vec4 8;
    %jmp/0xz  T_6.2, 8;
    %load/vec4 v000001274aee8db0_0;
    %pad/u 32;
    %cmpi/u 7, 0, 32;
    %jmp/0xz  T_6.4, 5;
    %load/vec4 v000001274aee8db0_0;
    %addi 1, 0, 3;
    %assign/vec4 v000001274aee8db0_0, 0;
    %jmp T_6.5;
T_6.4 ;
    %pushi/vec4 0, 0, 3;
    %assign/vec4 v000001274aee8db0_0, 0;
T_6.5 ;
T_6.2 ;
T_6.1 ;
    %jmp T_6;
    .thread T_6;
    .scope S_000001274ae4f280;
T_7 ;
    %wait E_000001274ae90730;
    %load/vec4 v000001274aee9850_0;
    %flag_set/vec4 8;
    %jmp/0xz  T_7.0, 8;
    %pushi/vec4 0, 0, 6;
    %assign/vec4 v000001274aee9350_0, 0;
    %jmp T_7.1;
T_7.0 ;
    %load/vec4 v000001274aee93f0_0;
    %flag_set/vec4 8;
    %jmp/0xz  T_7.2, 8;
    %load/vec4 v000001274aee9350_0;
    %pad/u 32;
    %cmpi/u 63, 0, 32;
    %jmp/0xz  T_7.4, 5;
    %load/vec4 v000001274aee9350_0;
    %addi 1, 0, 6;
    %assign/vec4 v000001274aee9350_0, 0;
    %jmp T_7.5;
T_7.4 ;
    %pushi/vec4 0, 0, 6;
    %assign/vec4 v000001274aee9350_0, 0;
T_7.5 ;
T_7.2 ;
T_7.1 ;
    %jmp T_7;
    .thread T_7;
    .scope S_000001274ae59470;
T_8 ;
    %wait E_000001274ae90730;
    %pushi/vec4 4, 0, 3;
    %load/vec4 v000001274aeec790_0;
    %cmp/u;
    %flag_get/vec4 4;
    %flag_get/vec4 5;
    %or;
    %assign/vec4 v000001274aeec5b0_0, 0;
    %jmp T_8;
    .thread T_8;
    .scope S_000001274ae59470;
T_9 ;
    %wait E_000001274ae90730;
    %pushi/vec4 32, 0, 6;
    %load/vec4 v000001274aeece70_0;
    %cmp/u;
    %flag_get/vec4 4;
    %flag_get/vec4 5;
    %or;
    %assign/vec4 v000001274aeed370_0, 0;
    %jmp T_9;
    .thread T_9;
    .scope S_000001274ae59470;
T_10 ;
    %wait E_000001274ae90730;
    %load/vec4 v000001274aeec6f0_0;
    %assign/vec4 v000001274aeed910_0, 0;
    %jmp T_10;
    .thread T_10;
    .scope S_000001274aef0580;
T_11 ;
    %wait E_000001274ae90730;
    %load/vec4 v000001274aeee0c0_0;
    %assign/vec4 v000001274aeee7a0_0, 0;
    %jmp T_11;
    .thread T_11;
    .scope S_000001274aef0580;
T_12 ;
    %wait E_000001274ae90730;
    %load/vec4 v000001274aeee7a0_0;
    %flag_set/vec4 8;
    %jmp/0xz  T_12.0, 8;
    %ix/load 4, 0, 0;
    %flag_set/imm 4, 0;
    %load/vec4a v000001274aeeec00, 4;
    %ix/load 4, 1, 0;
    %flag_set/imm 4, 0;
    %load/vec4a v000001274aeeec00, 4;
    %concat/vec4; draw_concat_vec4
    %assign/vec4 v000001274aeee2a0_0, 0;
    %jmp T_12.1;
T_12.0 ;
    %load/vec4 v000001274aeeff60_0;
    %flag_set/vec4 8;
    %jmp/0xz  T_12.2, 8;
    %load/vec4 v000001274aeee2a0_0;
    %parti/s 63, 0, 2;
    %concati/vec4 0, 0, 1;
    %assign/vec4 v000001274aeee2a0_0, 0;
T_12.2 ;
T_12.1 ;
    %jmp T_12;
    .thread T_12;
    .scope S_000001274adfe990;
T_13 ;
    %wait E_000001274ae90730;
    %load/vec4 v000001274aeed730_0;
    %parti/s 2, 0, 2;
    %load/vec4 v000001274aeec150_0;
    %concat/vec4; draw_concat_vec4
    %assign/vec4 v000001274aeed730_0, 0;
    %jmp T_13;
    .thread T_13;
    .scope S_000001274ae12d00;
T_14 ;
    %wait E_000001274ae90730;
    %load/vec4 v000001274aeed0f0_0;
    %parti/s 2, 0, 2;
    %load/vec4 v000001274aeec510_0;
    %concat/vec4; draw_concat_vec4
    %assign/vec4 v000001274aeed0f0_0, 0;
    %jmp T_14;
    .thread T_14;
    .scope S_000001274adfeb20;
T_15 ;
    %wait E_000001274ae90730;
    %load/vec4 v000001274aeedcd0_0;
    %parti/s 2, 0, 2;
    %load/vec4 v000001274aeed050_0;
    %concat/vec4; draw_concat_vec4
    %assign/vec4 v000001274aeedcd0_0, 0;
    %jmp T_15;
    .thread T_15;
    .scope S_000001274ae4b810;
T_16 ;
    %wait E_000001274ae90730;
    %load/vec4 v000001274aeec470_0;
    %flag_set/vec4 8;
    %jmp/0xz  T_16.0, 8;
    %pushi/vec4 0, 0, 8;
    %assign/vec4 v000001274aeec290_0, 0;
    %jmp T_16.1;
T_16.0 ;
    %load/vec4 v000001274aeedf50_0;
    %flag_set/vec4 8;
    %jmp/0xz  T_16.2, 8;
    %load/vec4 v000001274aeec290_0;
    %pad/u 32;
    %cmpi/u 255, 0, 32;
    %jmp/0xz  T_16.4, 5;
    %load/vec4 v000001274aeec290_0;
    %addi 1, 0, 8;
    %assign/vec4 v000001274aeec290_0, 0;
    %jmp T_16.5;
T_16.4 ;
    %pushi/vec4 0, 0, 8;
    %assign/vec4 v000001274aeec290_0, 0;
T_16.5 ;
T_16.2 ;
T_16.1 ;
    %jmp T_16;
    .thread T_16;
    .scope S_000001274ae4b680;
T_17 ;
    %wait E_000001274ae90730;
    %load/vec4 v000001274aeed7d0_0;
    %cmpi/e 0, 0, 8;
    %flag_get/vec4 4;
    %jmp/0 T_17.0, 4;
    %load/vec4 v000001274aeef7e0_0;
    %and;
T_17.0;
    %assign/vec4 v000001274aeedb90_0, 0;
    %jmp T_17;
    .thread T_17;
    .scope S_000001274ae4b680;
T_18 ;
    %wait E_000001274ae90730;
    %load/vec4 v000001274aeedb90_0;
    %assign/vec4 v000001274aeedaf0_0, 0;
    %jmp T_18;
    .thread T_18;
    .scope S_000001274ae4b680;
T_19 ;
    %wait E_000001274ae90730;
    %load/vec4 v000001274aeedb90_0;
    %flag_set/vec4 8;
    %jmp/0xz  T_19.0, 8;
    %load/vec4 v000001274aeefb00_0;
    %split/vec4 32;
    %ix/load 3, 1, 0;
    %flag_set/imm 4, 0;
    %ix/load 4, 0, 0; Constant delay
    %assign/vec4/a/d v000001274aeec1f0, 0, 4;
    %ix/load 3, 0, 0;
    %flag_set/imm 4, 0;
    %ix/load 4, 0, 0; Constant delay
    %assign/vec4/a/d v000001274aeec1f0, 0, 4;
    %jmp T_19.1;
T_19.0 ;
    %load/vec4 v000001274aeef7e0_0;
    %flag_set/vec4 8;
    %jmp/0xz  T_19.2, 8;
    %load/vec4 v000001274aeefb00_0;
    %parti/s 63, 0, 2;
    %load/vec4 v000001274aeee660_0;
    %concat/vec4; draw_concat_vec4
    %assign/vec4 v000001274aeefb00_0, 0;
T_19.2 ;
T_19.1 ;
    %jmp T_19;
    .thread T_19;
    .scope S_000001274ae627d0;
T_20 ;
    %delay 100, 0;
    %pushi/vec4 0, 0, 1;
    %store/vec4 v000001274aeeeb60_0, 0, 1;
T_20.0 ;
    %delay 407, 0;
    %load/vec4 v000001274aeeeb60_0;
    %inv;
    %store/vec4 v000001274aeeeb60_0, 0, 1;
    %jmp T_20.0;
    %end;
    .thread T_20;
    .scope S_000001274ae627d0;
T_21 ;
    %vpi_call/w 5 11 "$dumpfile", "wave.vcd" {0 0 0};
    %vpi_call/w 5 12 "$dumpvars", 32'sb00000000000000000000000000000000, S_000001274ae627d0 {0 0 0};
    %delay 1000000, 0;
    %vpi_call/w 5 13 "$finish" {0 0 0};
    %end;
    .thread T_21;
    .scope S_000001274ae627d0;
T_22 ;
    %wait E_000001274ae90730;
    %load/vec4 v000001274aeeef20_0;
    %flag_set/vec4 8;
    %jmp/0xz  T_22.0, 8;
    %vpi_func 5 28 "$random" 32 {0 0 0};
    %ix/load 3, 0, 0;
    %flag_set/imm 4, 0;
    %ix/load 4, 0, 0; Constant delay
    %assign/vec4/a/d v000001274aeeed40, 0, 4;
    %vpi_func 5 29 "$random" 32 {0 0 0};
    %ix/load 3, 1, 0;
    %flag_set/imm 4, 0;
    %ix/load 4, 0, 0; Constant delay
    %assign/vec4/a/d v000001274aeeed40, 0, 4;
T_22.0 ;
    %jmp T_22;
    .thread T_22;
# The file index is used to find the file name in the following table.
:file_names 7;
    "N/A";
    "<interactive>";
    "-";
    "./../counter/counter.sv";
    "./../edge2en/edge2en.sv";
    "tb_iis.sv";
    "iis.sv";
