#! /c/Source/iverilog-install/bin/vvp
:ivl_version "12.0 (devel)" "(s20150603-1539-g2693dd32b)";
:ivl_delay_selection "TYPICAL";
:vpi_time_precision - 9;
:vpi_module "C:\iverilog\lib\ivl\system.vpi";
:vpi_module "C:\iverilog\lib\ivl\vhdl_sys.vpi";
:vpi_module "C:\iverilog\lib\ivl\vhdl_textio.vpi";
:vpi_module "C:\iverilog\lib\ivl\v2005_math.vpi";
:vpi_module "C:\iverilog\lib\ivl\va_math.vpi";
:vpi_module "C:\iverilog\lib\ivl\v2009.vpi";
S_000002046a94de90 .scope package, "$unit" "$unit" 2 1;
 .timescale 0 0;
S_000002046a94e020 .scope module, "TestDelayChain" "TestDelayChain" 3 3;
 .timescale -9 -9;
v000002046a7d30c0_0 .var "a", 7 0;
v000002046a804580_0 .var "clk", 0 0;
v000002046a804620_0 .var "rst", 0 0;
v000002046a8046c0_0 .net "y", 7 0, L_000002046a80c150;  1 drivers
S_000002046a7d2d00 .scope module, "dc" "DelayChain" 3 24, 4 4 0, S_000002046a94e020;
 .timescale -9 -9;
    .port_info 0 /INPUT 1 "clk";
    .port_info 1 /INPUT 1 "rst";
    .port_info 2 /INPUT 1 "en";
    .port_info 3 /INPUT 8 "in";
    .port_info 4 /OUTPUT 8 "out";
P_000002046a7d34d0 .param/l "DW" 0 4 5, +C4<00000000000000000000000000001000>;
P_000002046a7d3508 .param/l "LEN" 0 4 6, +C4<00000000000000000000000000000001>;
v000002046a7f57f0_0 .net "clk", 0 0, v000002046a804580_0;  1 drivers
L_000002046a859038 .functor BUFT 1, C4<1>, C4<0>, C4<0>, C4<0>;
v000002046a94bc10_0 .net "en", 0 0, L_000002046a859038;  1 drivers
v000002046a94e1b0_0 .net "in", 7 0, v000002046a7d30c0_0;  1 drivers
v000002046a94e250_0 .net "out", 7 0, L_000002046a80c150;  alias, 1 drivers
v000002046a7d3020_0 .net "rst", 0 0, v000002046a804620_0;  1 drivers
S_000002046a7d2e90 .scope generate, "genblk1" "genblk1" 4 16, 4 16 0, S_000002046a7d2d00;
 .timescale -9 -9;
L_000002046a80c150 .functor BUFZ 8, v000002046a7f5dc0_0, C4<00000000>, C4<00000000>, C4<00000000>;
v000002046a7f5dc0_0 .var "dly", 7 0;
E_000002046a94b4d0 .event posedge, v000002046a7f57f0_0;
    .scope S_000002046a7d2e90;
T_0 ;
    %wait E_000002046a94b4d0;
    %load/vec4 v000002046a7d3020_0;
    %flag_set/vec4 8;
    %jmp/0xz  T_0.0, 8;
    %pushi/vec4 0, 0, 8;
    %store/vec4 v000002046a7f5dc0_0, 0, 8;
    %jmp T_0.1;
T_0.0 ;
    %load/vec4 v000002046a94bc10_0;
    %flag_set/vec4 8;
    %jmp/0xz  T_0.2, 8;
    %load/vec4 v000002046a94e1b0_0;
    %assign/vec4 v000002046a7f5dc0_0, 0;
T_0.2 ;
T_0.1 ;
    %jmp T_0;
    .thread T_0;
    .scope S_000002046a94e020;
T_1 ;
    %delay 0, 0;
    %pushi/vec4 0, 0, 1;
    %store/vec4 v000002046a804580_0, 0, 1;
T_1.0 ;
    %delay 5, 0;
    %load/vec4 v000002046a804580_0;
    %inv;
    %store/vec4 v000002046a804580_0, 0, 1;
    %jmp T_1.0;
    %end;
    .thread T_1;
    .scope S_000002046a94e020;
T_2 ;
    %delay 5, 0;
    %pushi/vec4 1, 0, 1;
    %store/vec4 v000002046a804620_0, 0, 1;
    %delay 5, 0;
    %pushi/vec4 0, 0, 1;
    %store/vec4 v000002046a804620_0, 0, 1;
    %end;
    .thread T_2;
    .scope S_000002046a94e020;
T_3 ;
    %vpi_call/w 3 19 "$dumpfile", "wave.vcd" {0 0 0};
    %vpi_call/w 3 20 "$dumpvars", 32'sb00000000000000000000000000000000, S_000002046a94e020 {0 0 0};
    %delay 200, 0;
    %vpi_call/w 3 21 "$finish" {0 0 0};
    %end;
    .thread T_3;
    .scope S_000002046a94e020;
T_4 ;
    %delay 10, 0;
    %vpi_func 3 23 "$random" 32 {0 0 0};
    %pad/s 8;
    %store/vec4 v000002046a7d30c0_0, 0, 8;
    %jmp T_4;
    .thread T_4;
# The file index is used to find the file name in the following table.
:file_names 5;
    "N/A";
    "<interactive>";
    "-";
    "tb_delay_chain.sv";
    "delay_chain.sv";
