#! /c/Source/iverilog-install/bin/vvp
:ivl_version "12.0 (devel)" "(s20150603-1539-g2693dd32b)";
:ivl_delay_selection "TYPICAL";
:vpi_time_precision - 11;
:vpi_module "C:\iverilog\lib\ivl\system.vpi";
:vpi_module "C:\iverilog\lib\ivl\vhdl_sys.vpi";
:vpi_module "C:\iverilog\lib\ivl\vhdl_textio.vpi";
:vpi_module "C:\iverilog\lib\ivl\v2005_math.vpi";
:vpi_module "C:\iverilog\lib\ivl\va_math.vpi";
:vpi_module "C:\iverilog\lib\ivl\v2009.vpi";
S_00000189777b6fd0 .scope package, "$unit" "$unit" 2 1;
 .timescale 0 0;
S_00000189777b7160 .scope module, "TestKeyProcess" "TestKeyProcess" 3 3;
 .timescale -9 -11;
v00000189777b22a0_0 .var "clk", 0 0;
v00000189777b2ac0_0 .var "key", 0 0;
v00000189777b2340_0 .net "key_en", 0 0, L_00000189777b8c90;  1 drivers
S_0000018977782d00 .scope autotask, "KeyPress" "KeyPress" 3 15, 3 15 0, S_00000189777b7160;
 .timescale -9 -11;
v00000189777a9400_0 .var "key", 0 0;
v00000189777a6f30_0 .var/real "t", 0 0;
TD_TestKeyProcess.KeyPress ;
    %fork t_1, S_0000018977782e90;
    %jmp t_0;
    .scope S_0000018977782e90;
t_1 ;
    %pushi/vec4 0, 0, 32;
    %store/vec4 v00000189777a92c0_0, 0, 32;
T_0.0 ;
    %load/vec4 v00000189777a92c0_0;
    %cmpi/s 30, 0, 32;
    %jmp/0xz T_0.1, 5;
    %delay 13, 0;
    %pushi/vec4 0, 0, 1;
    %store/vec4 v00000189777a9400_0, 0, 1;
    %delay 12, 0;
    %pushi/vec4 1, 0, 1;
    %store/vec4 v00000189777a9400_0, 0, 1;
    ; show_stmt_assign_vector: Get l-value for compressed += operand
    %load/vec4 v00000189777a92c0_0;
    %pushi/vec4 1, 0, 32;
    %add;
    %cast2;
    %store/vec4 v00000189777a92c0_0, 0, 32;
    %jmp T_0.0;
T_0.1 ;
    %end;
    .scope S_0000018977782d00;
t_0 %join;
    %load/real v00000189777a6f30_0;
    %pushi/real 1677721600, 4072; load=100.000
    %mul/wr;
    %cvt/vr 64;
    %muli 1, 0, 64;
    %ix/vec4 4;
    %delayx 4;
    %pushi/vec4 0, 0, 1;
    %store/vec4 v00000189777a9400_0, 0, 1;
    %end;
S_0000018977782e90 .scope autobegin, "$ivl_for_loop0" "$ivl_for_loop0" 3 16, 3 16 0, S_0000018977782d00;
 .timescale -9 -11;
v00000189777a92c0_0 .var/2s "i", 31 0;
S_0000018977783020 .scope module, "theKeyProc" "KeyProcess" 3 26, 4 1 0, S_00000189777b7160;
 .timescale -9 -11;
    .port_info 0 /INPUT 1 "clk";
    .port_info 1 /INPUT 1 "key";
    .port_info 2 /OUTPUT 1 "key_en";
P_00000189777a6fd0 .param/l "KEY_NUM" 0 4 3, +C4<00000000000000000000000000000001>;
P_00000189777a7008 .param/l "SMP_INTV" 0 4 2, +C4<00000000000000000000000001100100>;
v00000189777b27a0_1 .array/port v00000189777b27a0, 1;
L_00000189777b8c20 .functor NOT 1, v00000189777b27a0_1, C4<0>, C4<0>, C4<0>;
v00000189777b27a0_0 .array/port v00000189777b27a0, 0;
L_00000189777b8c90 .functor AND 1, L_00000189777b8c20, v00000189777b27a0_0, C4<1>, C4<1>;
v00000189777b7390_0 .net *"_ivl_0", 31 0, L_00000189777b2f20;  1 drivers
L_000001897780f248 .functor BUFT 1, C4<0000000000000000000000000>, C4<0>, C4<0>, C4<0>;
v000001897780ede0_0 .net *"_ivl_3", 24 0, L_000001897780f248;  1 drivers
L_000001897780f290 .functor BUFT 1, C4<00000000000000000000000001100011>, C4<0>, C4<0>, C4<0>;
v000001897780ee80_0 .net/2u *"_ivl_4", 31 0, L_000001897780f290;  1 drivers
v000001897780ef20_0 .net *"_ivl_9", 0 0, L_00000189777b8c20;  1 drivers
v000001897780efc0_0 .net "clk", 0 0, v00000189777b22a0_0;  1 drivers
v000001897780f060_0 .net "en_intv", 0 0, L_00000189777b2b60;  1 drivers
v000001897780f100_0 .net "key", 0 0, v00000189777b2ac0_0;  1 drivers
v000001897780f1a0_0 .net "key_en", 0 0, L_00000189777b8c90;  alias, 1 drivers
v00000189777b27a0 .array "key_reg", 0 1, 0 0;
v00000189777b20c0_0 .var "smp_cnt", 6 0;
E_00000189777a9830 .event posedge, v000001897780efc0_0;
L_00000189777b2f20 .concat [ 7 25 0 0], v00000189777b20c0_0, L_000001897780f248;
L_00000189777b2b60 .cmp/eq 32, L_00000189777b2f20, L_000001897780f290;
S_000001897780ec50 .scope begin, "$ivl_for_loop1" "$ivl_for_loop1" 4 17, 4 17 0, S_0000018977783020;
 .timescale -9 -11;
v00000189777b72f0_0 .var/i "i", 31 0;
    .scope S_0000018977783020;
T_1 ;
    %pushi/vec4 0, 0, 7;
    %store/vec4 v00000189777b20c0_0, 0, 7;
    %end;
    .thread T_1, $init;
    .scope S_0000018977783020;
T_2 ;
    %wait E_00000189777a9830;
    %load/vec4 v00000189777b20c0_0;
    %pad/u 32;
    %cmpi/u 99, 0, 32;
    %jmp/0xz  T_2.0, 5;
    %load/vec4 v00000189777b20c0_0;
    %addi 1, 0, 7;
    %assign/vec4 v00000189777b20c0_0, 0;
    %jmp T_2.1;
T_2.0 ;
    %pushi/vec4 0, 0, 7;
    %assign/vec4 v00000189777b20c0_0, 0;
T_2.1 ;
    %jmp T_2;
    .thread T_2;
    .scope S_0000018977783020;
T_3 ;
    %fork t_3, S_000001897780ec50;
    %jmp t_2;
    .scope S_000001897780ec50;
t_3 ;
    %pushi/vec4 0, 0, 32;
    %store/vec4 v00000189777b72f0_0, 0, 32;
T_3.0 ;
    %load/vec4 v00000189777b72f0_0;
    %cmpi/s 2, 0, 32;
    %jmp/0xz T_3.1, 5;
    %pushi/vec4 0, 0, 1;
    %ix/getv/s 3, v00000189777b72f0_0;
    %ix/load 4, 0, 0; Constant delay
    %assign/vec4/a/d v00000189777b27a0, 0, 4;
    %load/vec4 v00000189777b72f0_0;
    %addi 1, 0, 32;
    %store/vec4 v00000189777b72f0_0, 0, 32;
    %jmp T_3.0;
T_3.1 ;
    %end;
    .scope S_0000018977783020;
t_2 %join;
    %end;
    .thread T_3;
    .scope S_0000018977783020;
T_4 ;
    %wait E_00000189777a9830;
    %load/vec4 v000001897780f060_0;
    %flag_set/vec4 8;
    %jmp/0xz  T_4.0, 8;
    %load/vec4 v000001897780f100_0;
    %ix/load 3, 0, 0;
    %flag_set/imm 4, 0;
    %ix/load 4, 0, 0; Constant delay
    %assign/vec4/a/d v00000189777b27a0, 0, 4;
T_4.0 ;
    %ix/load 4, 0, 0;
    %flag_set/imm 4, 0;
    %load/vec4a v00000189777b27a0, 4;
    %ix/load 3, 1, 0;
    %flag_set/imm 4, 0;
    %ix/load 4, 0, 0; Constant delay
    %assign/vec4/a/d v00000189777b27a0, 0, 4;
    %jmp T_4;
    .thread T_4;
    .scope S_00000189777b7160;
T_5 ;
    %pushi/vec4 0, 0, 1;
    %store/vec4 v00000189777b2ac0_0, 0, 1;
    %end;
    .thread T_5, $init;
    .scope S_00000189777b7160;
T_6 ;
    %delay 0, 0;
    %pushi/vec4 0, 0, 1;
    %store/vec4 v00000189777b22a0_0, 0, 1;
T_6.0 ;
    %delay 5, 0;
    %load/vec4 v00000189777b22a0_0;
    %inv;
    %store/vec4 v00000189777b22a0_0, 0, 1;
    %jmp T_6.0;
    %end;
    .thread T_6;
    .scope S_00000189777b7160;
T_7 ;
    %vpi_call/w 3 11 "$dumpfile", "wave.vcd" {0 0 0};
    %vpi_call/w 3 12 "$dumpvars", 32'sb00000000000000000000000000000000, S_00000189777b7160 {0 0 0};
    %delay 15000, 0;
    %vpi_call/w 3 13 "$finish" {0 0 0};
    %end;
    .thread T_7;
    .scope S_00000189777b7160;
T_8 ;
    %delay 1000, 0;
    %alloc S_0000018977782d00;
    %load/vec4 v00000189777b2ac0_0;
    %store/vec4 v00000189777a9400_0, 0, 1;
    %pushi/real 1677721600, 4071; load=50.0000
    %store/real v00000189777a6f30_0;
    %fork TD_TestKeyProcess.KeyPress, S_0000018977782d00;
    %join;
    %free S_0000018977782d00;
    %delay 5000, 0;
    %alloc S_0000018977782d00;
    %load/vec4 v00000189777b2ac0_0;
    %store/vec4 v00000189777a9400_0, 0, 1;
    %pushi/real 1677721600, 4071; load=50.0000
    %store/real v00000189777a6f30_0;
    %fork TD_TestKeyProcess.KeyPress, S_0000018977782d00;
    %join;
    %free S_0000018977782d00;
    %end;
    .thread T_8;
# The file index is used to find the file name in the following table.
:file_names 5;
    "N/A";
    "<interactive>";
    "-";
    "tb_key_process.sv";
    "key_process.sv";
