#! /c/Source/iverilog-install/bin/vvp
:ivl_version "12.0 (devel)" "(s20150603-1539-g2693dd32b)";
:ivl_delay_selection "TYPICAL";
:vpi_time_precision - 9;
:vpi_module "C:\iverilog\lib\ivl\system.vpi";
:vpi_module "C:\iverilog\lib\ivl\vhdl_sys.vpi";
:vpi_module "C:\iverilog\lib\ivl\vhdl_textio.vpi";
:vpi_module "C:\iverilog\lib\ivl\v2005_math.vpi";
:vpi_module "C:\iverilog\lib\ivl\va_math.vpi";
:vpi_module "C:\iverilog\lib\ivl\v2009.vpi";
S_0000017439f9e560 .scope package, "$unit" "$unit" 2 1;
 .timescale 0 0;
S_0000017439f9e6f0 .scope module, "TestCCEvent" "TestCCEvent" 3 3;
 .timescale -9 -9;
v0000017439e63b00_0 .net "busy", 0 0, L_0000017439e196d0;  1 drivers
v0000017439e631a0_0 .var "clk_a", 0 0;
v0000017439e62e80_0 .var "clk_b", 0 0;
v0000017439e632e0_0 .var "in", 0 0;
v0000017439e63240_0 .net "out", 0 0, L_0000017439e19ba0;  1 drivers
S_0000017439de2ce0 .scope module, "theCCEvent" "CrossClkEvent" 3 28, 4 1 0, S_0000017439f9e6f0;
 .timescale -9 -9;
    .port_info 0 /INPUT 1 "clk_a";
    .port_info 1 /INPUT 1 "clk_b";
    .port_info 2 /INPUT 1 "in";
    .port_info 3 /OUTPUT 1 "busy";
    .port_info 4 /OUTPUT 1 "out";
L_0000017439e196d0 .functor OR 1, v0000017439de2f10_0, v0000017439de3050_0, C4<0>, C4<0>;
L_0000017439e19ac0 .functor NOT 1, v0000017439e14040_0, C4<0>, C4<0>, C4<0>;
L_0000017439e19ba0 .functor AND 1, v0000017439e13fa0_0, L_0000017439e19ac0, C4<1>, C4<1>;
v0000017439f9abc0_0 .net *"_ivl_2", 0 0, L_0000017439e19ac0;  1 drivers
v0000017439f9bdb0_0 .net "busy", 0 0, L_0000017439e196d0;  alias, 1 drivers
v0000017439f99050_0 .net "clk_a", 0 0, v0000017439e631a0_0;  1 drivers
v0000017439f9e880_0 .net "clk_b", 0 0, v0000017439e62e80_0;  1 drivers
v0000017439f9e920_0 .net "in", 0 0, v0000017439e632e0_0;  1 drivers
v0000017439de2e70_0 .net "out", 0 0, L_0000017439e19ba0;  alias, 1 drivers
v0000017439de2f10_0 .var "ra0", 0 0;
v0000017439de2fb0_0 .var "ra1", 0 0;
v0000017439de3050_0 .var "ra2", 0 0;
v0000017439e13f00_0 .var "rb0", 0 0;
v0000017439e13fa0_0 .var "rb1", 0 0;
v0000017439e14040_0 .var "rb2", 0 0;
E_0000017439e06320 .event posedge, v0000017439f9e880_0;
E_0000017439e066a0 .event posedge, v0000017439f99050_0;
    .scope S_0000017439de2ce0;
T_0 ;
    %pushi/vec4 0, 0, 1;
    %store/vec4 v0000017439de2f10_0, 0, 1;
    %pushi/vec4 0, 0, 1;
    %store/vec4 v0000017439de2fb0_0, 0, 1;
    %pushi/vec4 0, 0, 1;
    %store/vec4 v0000017439de3050_0, 0, 1;
    %pushi/vec4 0, 0, 1;
    %store/vec4 v0000017439e13f00_0, 0, 1;
    %pushi/vec4 0, 0, 1;
    %store/vec4 v0000017439e13fa0_0, 0, 1;
    %pushi/vec4 0, 0, 1;
    %store/vec4 v0000017439e14040_0, 0, 1;
    %end;
    .thread T_0, $init;
    .scope S_0000017439de2ce0;
T_1 ;
    %wait E_0000017439e066a0;
    %load/vec4 v0000017439f9e920_0;
    %flag_set/vec4 8;
    %jmp/0xz  T_1.0, 8;
    %pushi/vec4 1, 0, 1;
    %assign/vec4 v0000017439de2f10_0, 0;
    %jmp T_1.1;
T_1.0 ;
    %load/vec4 v0000017439de3050_0;
    %flag_set/vec4 8;
    %jmp/0xz  T_1.2, 8;
    %pushi/vec4 0, 0, 1;
    %assign/vec4 v0000017439de2f10_0, 0;
T_1.2 ;
T_1.1 ;
    %jmp T_1;
    .thread T_1;
    .scope S_0000017439de2ce0;
T_2 ;
    %wait E_0000017439e066a0;
    %load/vec4 v0000017439de2fb0_0;
    %load/vec4 v0000017439e13fa0_0;
    %concat/vec4; draw_concat_vec4
    %split/vec4 1;
    %assign/vec4 v0000017439de2fb0_0, 0;
    %assign/vec4 v0000017439de3050_0, 0;
    %jmp T_2;
    .thread T_2;
    .scope S_0000017439de2ce0;
T_3 ;
    %wait E_0000017439e06320;
    %load/vec4 v0000017439e13fa0_0;
    %load/vec4 v0000017439e13f00_0;
    %concat/vec4; draw_concat_vec4
    %load/vec4 v0000017439de2f10_0;
    %concat/vec4; draw_concat_vec4
    %split/vec4 1;
    %assign/vec4 v0000017439e13f00_0, 0;
    %split/vec4 1;
    %assign/vec4 v0000017439e13fa0_0, 0;
    %assign/vec4 v0000017439e14040_0, 0;
    %jmp T_3;
    .thread T_3;
    .scope S_0000017439f9e6f0;
T_4 ;
    %pushi/vec4 0, 0, 1;
    %store/vec4 v0000017439e632e0_0, 0, 1;
    %end;
    .thread T_4, $init;
    .scope S_0000017439f9e6f0;
T_5 ;
    %delay 2, 0;
    %pushi/vec4 0, 0, 1;
    %store/vec4 v0000017439e631a0_0, 0, 1;
T_5.0 ;
    %delay 5, 0;
    %load/vec4 v0000017439e631a0_0;
    %inv;
    %store/vec4 v0000017439e631a0_0, 0, 1;
    %jmp T_5.0;
    %end;
    .thread T_5;
    .scope S_0000017439f9e6f0;
T_6 ;
    %delay 1, 0;
    %pushi/vec4 0, 0, 1;
    %store/vec4 v0000017439e62e80_0, 0, 1;
T_6.0 ;
    %delay 6, 0;
    %load/vec4 v0000017439e62e80_0;
    %inv;
    %store/vec4 v0000017439e62e80_0, 0, 1;
    %jmp T_6.0;
    %end;
    .thread T_6;
    .scope S_0000017439f9e6f0;
T_7 ;
    %vpi_call/w 3 16 "$dumpfile", "wave.vcd" {0 0 0};
    %vpi_call/w 3 17 "$dumpvars", 32'sb00000000000000000000000000000000, S_0000017439f9e6f0 {0 0 0};
    %delay 500, 0;
    %vpi_call/w 3 18 "$finish" {0 0 0};
    %end;
    .thread T_7;
    .scope S_0000017439f9e6f0;
T_8 ;
    %delay 100, 0;
    %pushi/vec4 1, 0, 1;
    %store/vec4 v0000017439e632e0_0, 0, 1;
    %delay 10, 0;
    %pushi/vec4 0, 0, 1;
    %store/vec4 v0000017439e632e0_0, 0, 1;
    %delay 80, 0;
    %pushi/vec4 1, 0, 1;
    %store/vec4 v0000017439e632e0_0, 0, 1;
    %delay 10, 0;
    %pushi/vec4 0, 0, 1;
    %store/vec4 v0000017439e632e0_0, 0, 1;
    %end;
    .thread T_8;
# The file index is used to find the file name in the following table.
:file_names 5;
    "N/A";
    "<interactive>";
    "-";
    "tb_cc_event_handshake.sv";
    "cc_event_handshake.sv";
