#! /c/Source/iverilog-install/bin/vvp
:ivl_version "12.0 (devel)" "(s20150603-1539-g2693dd32b)";
:ivl_delay_selection "TYPICAL";
:vpi_time_precision - 9;
:vpi_module "C:\iverilog\lib\ivl\system.vpi";
:vpi_module "C:\iverilog\lib\ivl\vhdl_sys.vpi";
:vpi_module "C:\iverilog\lib\ivl\vhdl_textio.vpi";
:vpi_module "C:\iverilog\lib\ivl\v2005_math.vpi";
:vpi_module "C:\iverilog\lib\ivl\va_math.vpi";
:vpi_module "C:\iverilog\lib\ivl\v2009.vpi";
S_00000206571bdff0 .scope package, "$unit" "$unit" 2 1;
 .timescale 0 0;
S_00000206571be180 .scope module, "TestCCCnt" "TestCCCnt" 3 3;
 .timescale -9 -9;
v0000020657251830_0 .var "clk_a", 0 0;
v00000206572518d0_0 .var "clk_b", 0 0;
v0000020657251970_0 .net "cnt_a", 7 0, v00000206571d30a0_0;  1 drivers
v0000020657251ec0_0 .net "cnt_b", 7 0, v0000020657204cb0_0;  1 drivers
v0000020657251b00_0 .var "inc", 0 0;
S_00000206571d2ce0 .scope module, "theCCCnt" "CrossClkCnt" 3 23, 4 1 0, S_00000206571be180;
 .timescale -9 -9;
    .port_info 0 /INPUT 1 "clk_a";
    .port_info 1 /INPUT 1 "clk_b";
    .port_info 2 /INPUT 1 "inc";
    .port_info 3 /OUTPUT 8 "cnt_a";
    .port_info 4 /OUTPUT 8 "cnt_b";
P_00000206571babe0 .param/l "W" 0 4 1, +C4<00000000000000000000000000001000>;
v00000206571be310_0 .var "bin_next", 7 0;
v00000206571be3b0_0 .net "clk_a", 0 0, v0000020657251830_0;  1 drivers
v00000206571d3000_0 .net "clk_b", 0 0, v00000206572518d0_0;  1 drivers
v00000206571d30a0_0 .var "cnt_a", 7 0;
v0000020657204cb0_0 .var "cnt_b", 7 0;
v0000020657204d50_0 .var "gray", 7 0;
v0000020657204df0_0 .var "gray_next", 7 0;
v0000020657204e90 .array "gray_sync", 0 1, 7 0;
v0000020657204f30_0 .net "inc", 0 0, v0000020657251b00_0;  1 drivers
v0000020657204e90_1 .array/port v0000020657204e90, 1;
E_00000206571ba660 .event anyedge, v0000020657204e90_1;
E_00000206571bb4e0 .event posedge, v00000206571d3000_0;
E_00000206571bb360 .event posedge, v00000206571be3b0_0;
E_00000206571bb3e0 .event anyedge, v00000206571d30a0_0, v0000020657204f30_0;
S_00000206571d2e70 .scope begin, "$ivl_for_loop0" "$ivl_for_loop0" 4 23, 4 23 0, S_00000206571d2ce0;
 .timescale -9 -9;
v00000206571f64e0_0 .var/2s "i", 31 0;
    .scope S_00000206571d2ce0;
T_0 ;
    %pushi/vec4 0, 0, 8;
    %store/vec4 v00000206571d30a0_0, 0, 8;
    %end;
    .thread T_0, $init;
    .scope S_00000206571d2ce0;
T_1 ;
Ewait_0 .event/or E_00000206571bb3e0, E_0x0;
    %wait Ewait_0;
    %load/vec4 v00000206571d30a0_0;
    %load/vec4 v0000020657204f30_0;
    %pad/u 8;
    %add;
    %store/vec4 v00000206571be310_0, 0, 8;
    %load/vec4 v00000206571be310_0;
    %load/vec4 v00000206571be310_0;
    %ix/load 4, 1, 0;
    %flag_set/imm 4, 0;
    %shiftr 4;
    %xor;
    %store/vec4 v0000020657204df0_0, 0, 8;
    %jmp T_1;
    .thread T_1, $push;
    .scope S_00000206571d2ce0;
T_2 ;
    %wait E_00000206571bb360;
    %load/vec4 v00000206571be310_0;
    %assign/vec4 v00000206571d30a0_0, 0;
    %load/vec4 v0000020657204df0_0;
    %assign/vec4 v0000020657204d50_0, 0;
    %jmp T_2;
    .thread T_2;
    .scope S_00000206571d2ce0;
T_3 ;
    %wait E_00000206571bb4e0;
    %ix/load 4, 0, 0;
    %flag_set/imm 4, 0;
    %load/vec4a v0000020657204e90, 4;
    %ix/load 3, 1, 0;
    %flag_set/imm 4, 0;
    %ix/load 4, 0, 0; Constant delay
    %assign/vec4/a/d v0000020657204e90, 0, 4;
    %load/vec4 v0000020657204d50_0;
    %ix/load 3, 0, 0;
    %flag_set/imm 4, 0;
    %ix/load 4, 0, 0; Constant delay
    %assign/vec4/a/d v0000020657204e90, 0, 4;
    %jmp T_3;
    .thread T_3;
    .scope S_00000206571d2ce0;
T_4 ;
Ewait_1 .event/or E_00000206571ba660, E_0x0;
    %wait Ewait_1;
    %fork t_1, S_00000206571d2e70;
    %jmp t_0;
    .scope S_00000206571d2e70;
t_1 ;
    %pushi/vec4 0, 0, 32;
    %store/vec4 v00000206571f64e0_0, 0, 32;
T_4.0 ;
    %load/vec4 v00000206571f64e0_0;
    %cmpi/s 8, 0, 32;
    %jmp/0xz T_4.1, 5;
    %ix/load 4, 1, 0;
    %flag_set/imm 4, 0;
    %load/vec4a v0000020657204e90, 4;
    %load/vec4 v00000206571f64e0_0;
    %ix/vec4 4;
    %shiftr 4;
    %xor/r;
    %ix/getv/s 4, v00000206571f64e0_0;
    %store/vec4 v0000020657204cb0_0, 4, 1;
    ; show_stmt_assign_vector: Get l-value for compressed += operand
    %load/vec4 v00000206571f64e0_0;
    %pushi/vec4 1, 0, 32;
    %add;
    %cast2;
    %store/vec4 v00000206571f64e0_0, 0, 32;
    %jmp T_4.0;
T_4.1 ;
    %end;
    .scope S_00000206571d2ce0;
t_0 %join;
    %jmp T_4;
    .thread T_4, $push;
    .scope S_00000206571be180;
T_5 ;
    %pushi/vec4 0, 0, 1;
    %store/vec4 v0000020657251b00_0, 0, 1;
    %end;
    .thread T_5, $init;
    .scope S_00000206571be180;
T_6 ;
    %delay 2, 0;
    %pushi/vec4 0, 0, 1;
    %store/vec4 v0000020657251830_0, 0, 1;
T_6.0 ;
    %delay 5, 0;
    %load/vec4 v0000020657251830_0;
    %inv;
    %store/vec4 v0000020657251830_0, 0, 1;
    %jmp T_6.0;
    %end;
    .thread T_6;
    .scope S_00000206571be180;
T_7 ;
    %delay 1, 0;
    %pushi/vec4 0, 0, 1;
    %store/vec4 v00000206572518d0_0, 0, 1;
T_7.0 ;
    %delay 5, 0;
    %load/vec4 v00000206572518d0_0;
    %inv;
    %store/vec4 v00000206572518d0_0, 0, 1;
    %jmp T_7.0;
    %end;
    .thread T_7;
    .scope S_00000206571be180;
T_8 ;
    %vpi_call/w 3 16 "$dumpfile", "wave.vcd" {0 0 0};
    %vpi_call/w 3 17 "$dumpvars", 32'sb00000000000000000000000000000000, S_00000206571be180 {0 0 0};
    %delay 200, 0;
    %vpi_call/w 3 18 "$finish" {0 0 0};
    %end;
    .thread T_8;
    .scope S_00000206571be180;
T_9 ;
    %delay 10, 0;
    %vpi_func 3 21 "$random" 32 {0 0 0};
    %pad/s 1;
    %store/vec4 v0000020657251b00_0, 0, 1;
    %jmp T_9;
    .thread T_9;
# The file index is used to find the file name in the following table.
:file_names 5;
    "N/A";
    "<interactive>";
    "-";
    "tb_cross_cd_cnt_state.sv";
    "cross_cd_cnt_state.sv";
