#! /c/Source/iverilog-install/bin/vvp
:ivl_version "12.0 (devel)" "(s20150603-1539-g2693dd32b)";
:ivl_delay_selection "TYPICAL";
:vpi_time_precision - 9;
:vpi_module "C:\iverilog\lib\ivl\system.vpi";
:vpi_module "C:\iverilog\lib\ivl\vhdl_sys.vpi";
:vpi_module "C:\iverilog\lib\ivl\vhdl_textio.vpi";
:vpi_module "C:\iverilog\lib\ivl\v2005_math.vpi";
:vpi_module "C:\iverilog\lib\ivl\va_math.vpi";
:vpi_module "C:\iverilog\lib\ivl\v2009.vpi";
S_000001394bac9050 .scope package, "$unit" "$unit" 2 1;
 .timescale 0 0;
S_000001394ba8bb80 .scope module, "frequency_conter_test" "frequency_conter_test" 3 3;
 .timescale -9 -9;
v000001394bacae70_0 .var "clk_fs", 0 0;
v000001394bacabf0_0 .var "clk_fx", 0 0;
v000001394bacadd0_0 .net "fre", 63 0, v000001394bacb050_0;  1 drivers
v000001394bb3a760_0 .var "rst_n", 0 0;
S_000001394ba8d5e0 .scope module, "frequency_conter_inst" "frequency_conter" 3 12, 4 2 0, S_000001394ba8bb80;
 .timescale -9 -9;
    .port_info 0 /INPUT 1 "clk_fs";
    .port_info 1 /INPUT 1 "rst_n";
    .port_info 2 /INPUT 1 "clk_fx";
    .port_info 3 /OUTPUT 64 "fre";
P_000001394baa3390 .param/l "CLK_FS" 0 4 10, C4<10111110101111000010000000>;
P_000001394baa33c8 .param/l "GATE_TIME" 0 4 11, C4<0000000001100100>;
L_000001394bae2d00 .functor NOT 1, v000001394baca790_0, C4<0>, C4<0>, C4<0>;
L_000001394bae3240 .functor AND 1, v000001394bacb2d0_0, L_000001394bae2d00, C4<1>, C4<1>;
L_000001394bae32b0 .functor NOT 1, v000001394baca830_0, C4<0>, C4<0>, C4<0>;
L_000001394bae2750 .functor AND 1, v000001394baca8d0_0, L_000001394bae32b0, C4<1>, C4<1>;
v000001394bacb190_0 .net *"_ivl_0", 0 0, L_000001394bae2d00;  1 drivers
v000001394baca5b0_0 .net *"_ivl_4", 0 0, L_000001394bae32b0;  1 drivers
v000001394bacb230_0 .net "clk_fs", 0 0, v000001394bacae70_0;  1 drivers
v000001394bacb370_0 .net "clk_fx", 0 0, v000001394bacabf0_0;  1 drivers
v000001394bacb050_0 .var "fre", 63 0;
v000001394bacac90_0 .var "fs_cnt", 31 0;
v000001394bacaa10_0 .var "fs_cnt_temp", 31 0;
v000001394bacb0f0_0 .var "fx_cnt", 31 0;
v000001394baca650_0 .var "fx_cnt_temp", 31 0;
v000001394bacb4b0_0 .var "gate_cnt", 15 0;
v000001394baca6f0_0 .var "gate_fs", 0 0;
v000001394baca790_0 .var "gate_fs_d0", 0 0;
v000001394bacb2d0_0 .var "gate_fs_d1", 0 0;
v000001394bacb410_0 .var "gate_fs_r", 0 0;
v000001394bacaf10_0 .var "gate_fx", 0 0;
v000001394baca830_0 .var "gate_fx_d0", 0 0;
v000001394baca8d0_0 .var "gate_fx_d1", 0 0;
v000001394baca970_0 .net "neg_gate_fs", 0 0, L_000001394bae3240;  1 drivers
v000001394bacaab0_0 .net "neg_gate_fx", 0 0, L_000001394bae2750;  1 drivers
v000001394bacab50_0 .net "rst_n", 0 0, v000001394bb3a760_0;  1 drivers
E_000001394bac6940/0 .event negedge, v000001394bacab50_0;
E_000001394bac6940/1 .event posedge, v000001394bacb230_0;
E_000001394bac6940 .event/or E_000001394bac6940/0, E_000001394bac6940/1;
E_000001394bac6b00/0 .event negedge, v000001394bacab50_0;
E_000001394bac6b00/1 .event posedge, v000001394bacb370_0;
E_000001394bac6b00 .event/or E_000001394bac6b00/0, E_000001394bac6b00/1;
    .scope S_000001394ba8d5e0;
T_0 ;
    %wait E_000001394bac6b00;
    %load/vec4 v000001394bacab50_0;
    %nor/r;
    %flag_set/vec4 8;
    %jmp/0xz  T_0.0, 8;
    %pushi/vec4 0, 0, 1;
    %assign/vec4 v000001394baca830_0, 0;
    %pushi/vec4 0, 0, 1;
    %assign/vec4 v000001394baca8d0_0, 0;
    %jmp T_0.1;
T_0.0 ;
    %load/vec4 v000001394bacaf10_0;
    %assign/vec4 v000001394baca830_0, 0;
    %load/vec4 v000001394baca830_0;
    %assign/vec4 v000001394baca8d0_0, 0;
T_0.1 ;
    %jmp T_0;
    .thread T_0;
    .scope S_000001394ba8d5e0;
T_1 ;
    %wait E_000001394bac6940;
    %load/vec4 v000001394bacab50_0;
    %nor/r;
    %flag_set/vec4 8;
    %jmp/0xz  T_1.0, 8;
    %pushi/vec4 0, 0, 1;
    %assign/vec4 v000001394baca790_0, 0;
    %pushi/vec4 0, 0, 1;
    %assign/vec4 v000001394bacb2d0_0, 0;
    %jmp T_1.1;
T_1.0 ;
    %load/vec4 v000001394baca6f0_0;
    %assign/vec4 v000001394baca790_0, 0;
    %load/vec4 v000001394baca790_0;
    %assign/vec4 v000001394bacb2d0_0, 0;
T_1.1 ;
    %jmp T_1;
    .thread T_1;
    .scope S_000001394ba8d5e0;
T_2 ;
    %wait E_000001394bac6b00;
    %load/vec4 v000001394bacab50_0;
    %nor/r;
    %flag_set/vec4 8;
    %jmp/0xz  T_2.0, 8;
    %pushi/vec4 0, 0, 16;
    %assign/vec4 v000001394bacb4b0_0, 0;
    %jmp T_2.1;
T_2.0 ;
    %load/vec4 v000001394bacb4b0_0;
    %pad/u 32;
    %cmpi/e 200, 0, 32;
    %jmp/0xz  T_2.2, 4;
    %pushi/vec4 0, 0, 16;
    %assign/vec4 v000001394bacb4b0_0, 0;
    %jmp T_2.3;
T_2.2 ;
    %load/vec4 v000001394bacb4b0_0;
    %addi 1, 0, 16;
    %assign/vec4 v000001394bacb4b0_0, 0;
T_2.3 ;
T_2.1 ;
    %jmp T_2;
    .thread T_2;
    .scope S_000001394ba8d5e0;
T_3 ;
    %wait E_000001394bac6b00;
    %load/vec4 v000001394bacab50_0;
    %nor/r;
    %flag_set/vec4 8;
    %jmp/0xz  T_3.0, 8;
    %pushi/vec4 0, 0, 1;
    %assign/vec4 v000001394bacaf10_0, 0;
    %jmp T_3.1;
T_3.0 ;
    %load/vec4 v000001394bacb4b0_0;
    %cmpi/e 100, 0, 16;
    %jmp/0xz  T_3.2, 4;
    %pushi/vec4 1, 0, 1;
    %assign/vec4 v000001394bacaf10_0, 0;
    %jmp T_3.3;
T_3.2 ;
    %load/vec4 v000001394bacb4b0_0;
    %pad/u 32;
    %cmpi/e 200, 0, 32;
    %jmp/0xz  T_3.4, 4;
    %pushi/vec4 0, 0, 1;
    %assign/vec4 v000001394bacaf10_0, 0;
    %jmp T_3.5;
T_3.4 ;
    %load/vec4 v000001394bacaf10_0;
    %assign/vec4 v000001394bacaf10_0, 0;
T_3.5 ;
T_3.3 ;
T_3.1 ;
    %jmp T_3;
    .thread T_3;
    .scope S_000001394ba8d5e0;
T_4 ;
    %wait E_000001394bac6940;
    %load/vec4 v000001394bacab50_0;
    %nor/r;
    %flag_set/vec4 8;
    %jmp/0xz  T_4.0, 8;
    %pushi/vec4 0, 0, 1;
    %assign/vec4 v000001394bacb410_0, 0;
    %pushi/vec4 0, 0, 1;
    %assign/vec4 v000001394baca6f0_0, 0;
    %jmp T_4.1;
T_4.0 ;
    %load/vec4 v000001394bacaf10_0;
    %assign/vec4 v000001394bacb410_0, 0;
    %load/vec4 v000001394bacb410_0;
    %assign/vec4 v000001394baca6f0_0, 0;
T_4.1 ;
    %jmp T_4;
    .thread T_4;
    .scope S_000001394ba8d5e0;
T_5 ;
    %wait E_000001394bac6b00;
    %load/vec4 v000001394bacab50_0;
    %nor/r;
    %flag_set/vec4 8;
    %jmp/0xz  T_5.0, 8;
    %pushi/vec4 0, 0, 32;
    %assign/vec4 v000001394baca650_0, 0;
    %pushi/vec4 0, 0, 32;
    %assign/vec4 v000001394bacb0f0_0, 0;
    %jmp T_5.1;
T_5.0 ;
    %load/vec4 v000001394bacaf10_0;
    %flag_set/vec4 8;
    %jmp/0xz  T_5.2, 8;
    %load/vec4 v000001394baca650_0;
    %addi 1, 0, 32;
    %assign/vec4 v000001394baca650_0, 0;
    %jmp T_5.3;
T_5.2 ;
    %load/vec4 v000001394bacaab0_0;
    %flag_set/vec4 8;
    %jmp/0xz  T_5.4, 8;
    %pushi/vec4 0, 0, 32;
    %assign/vec4 v000001394baca650_0, 0;
    %load/vec4 v000001394baca650_0;
    %assign/vec4 v000001394bacb0f0_0, 0;
T_5.4 ;
T_5.3 ;
T_5.1 ;
    %jmp T_5;
    .thread T_5;
    .scope S_000001394ba8d5e0;
T_6 ;
    %wait E_000001394bac6940;
    %load/vec4 v000001394bacab50_0;
    %nor/r;
    %flag_set/vec4 8;
    %jmp/0xz  T_6.0, 8;
    %pushi/vec4 0, 0, 32;
    %assign/vec4 v000001394bacaa10_0, 0;
    %pushi/vec4 0, 0, 32;
    %assign/vec4 v000001394bacac90_0, 0;
    %jmp T_6.1;
T_6.0 ;
    %load/vec4 v000001394baca6f0_0;
    %flag_set/vec4 8;
    %jmp/0xz  T_6.2, 8;
    %load/vec4 v000001394bacaa10_0;
    %addi 1, 0, 32;
    %assign/vec4 v000001394bacaa10_0, 0;
    %jmp T_6.3;
T_6.2 ;
    %load/vec4 v000001394baca970_0;
    %flag_set/vec4 8;
    %jmp/0xz  T_6.4, 8;
    %pushi/vec4 0, 0, 32;
    %assign/vec4 v000001394bacaa10_0, 0;
    %load/vec4 v000001394bacaa10_0;
    %assign/vec4 v000001394bacac90_0, 0;
T_6.4 ;
T_6.3 ;
T_6.1 ;
    %jmp T_6;
    .thread T_6;
    .scope S_000001394ba8d5e0;
T_7 ;
    %wait E_000001394bac6940;
    %load/vec4 v000001394bacab50_0;
    %nor/r;
    %flag_set/vec4 8;
    %jmp/0xz  T_7.0, 8;
    %pushi/vec4 0, 0, 64;
    %assign/vec4 v000001394bacb050_0, 0;
    %jmp T_7.1;
T_7.0 ;
    %load/vec4 v000001394baca6f0_0;
    %cmpi/e 0, 0, 1;
    %jmp/0xz  T_7.2, 4;
    %load/vec4 v000001394bacb0f0_0;
    %pad/u 64;
    %muli 50000000, 0, 64;
    %load/vec4 v000001394bacac90_0;
    %pad/u 64;
    %div;
    %assign/vec4 v000001394bacb050_0, 0;
T_7.2 ;
T_7.1 ;
    %jmp T_7;
    .thread T_7;
    .scope S_000001394ba8bb80;
T_8 ;
    %pushi/vec4 0, 0, 1;
    %store/vec4 v000001394bacae70_0, 0, 1;
    %pushi/vec4 0, 0, 1;
    %assign/vec4 v000001394bacabf0_0, 0;
    %pushi/vec4 0, 0, 1;
    %assign/vec4 v000001394bb3a760_0, 0;
    %delay 116, 0;
    %pushi/vec4 1, 0, 1;
    %assign/vec4 v000001394bb3a760_0, 0;
    %end;
    .thread T_8;
    .scope S_000001394ba8bb80;
T_9 ;
    %delay 10, 0;
    %load/vec4 v000001394bacae70_0;
    %inv;
    %assign/vec4 v000001394bacae70_0, 0;
    %jmp T_9;
    .thread T_9;
    .scope S_000001394ba8bb80;
T_10 ;
    %delay 489, 0;
    %load/vec4 v000001394bacabf0_0;
    %inv;
    %assign/vec4 v000001394bacabf0_0, 0;
    %jmp T_10;
    .thread T_10;
    .scope S_000001394ba8bb80;
T_11 ;
    %vpi_call/w 3 32 "$dumpfile", "wave.vcd" {0 0 0};
    %vpi_call/w 3 33 "$dumpvars", 32'sb00000000000000000000000000000000, S_000001394ba8bb80 {0 0 0};
    %delay 1000000, 0;
    %vpi_call/w 3 34 "$finish" {0 0 0};
    %end;
    .thread T_11;
# The file index is used to find the file name in the following table.
:file_names 5;
    "N/A";
    "<interactive>";
    "-";
    "frequency_conter_test.sv";
    "frequency_conter.sv";
