#! /c/Source/iverilog-install/bin/vvp
:ivl_version "12.0 (devel)" "(s20150603-1539-g2693dd32b)";
:ivl_delay_selection "TYPICAL";
:vpi_time_precision - 9;
:vpi_module "C:\iverilog\lib\ivl\system.vpi";
:vpi_module "C:\iverilog\lib\ivl\vhdl_sys.vpi";
:vpi_module "C:\iverilog\lib\ivl\vhdl_textio.vpi";
:vpi_module "C:\iverilog\lib\ivl\v2005_math.vpi";
:vpi_module "C:\iverilog\lib\ivl\va_math.vpi";
:vpi_module "C:\iverilog\lib\ivl\v2009.vpi";
S_000001f06f26aa60 .scope package, "$unit" "$unit" 2 1;
 .timescale 0 0;
S_000001f06f27e660 .scope module, "OrthDDS" "OrthDDS" 3 30;
 .timescale -9 -9;
    .port_info 0 /INPUT 1 "clk";
    .port_info 1 /INPUT 1 "rst";
    .port_info 2 /INPUT 1 "en";
    .port_info 3 /INPUT 32 "freq";
    .port_info 4 /INPUT 32 "phase";
    .port_info 5 /OUTPUT 10 "sin";
    .port_info 6 /OUTPUT 10 "cos";
P_000001f06f2665c0 .param/l "AW" 0 3 31, +C4<00000000000000000000000000001101>;
P_000001f06f2665f8 .param/l "DW" 0 3 31, +C4<00000000000000000000000000001010>;
P_000001f06f266630 .param/l "LEN" 1 3 37, +C4<00000000000000000010000000000000>;
P_000001f06f266668 .param/real "PI" 1 3 38, Cr<m6487ed5110b46000gfc3>; value=3.14159
P_000001f06f2666a0 .param/l "PW" 0 3 31, +C4<00000000000000000000000000100000>;
o000001f06f28bfd8 .functor BUFZ 1, C4<z>; HiZ drive
v000001f06f243100_0 .net "clk", 0 0, o000001f06f28bfd8;  0 drivers
v000001f06f27e980_0 .var/s "cos", 9 0;
o000001f06f28c038 .functor BUFZ 1, C4<z>; HiZ drive
v000001f06f27ea20_0 .net "en", 0 0, o000001f06f28c038;  0 drivers
o000001f06f28c068 .functor BUFZ 32, C4<zzzzzzzzzzzzzzzzzzzzzzzzzzzzzzzz>; HiZ drive
v000001f06f277160_0 .net/s "freq", 31 0, o000001f06f28c068;  0 drivers
v000001f06f277200_0 .var "phSum0", 31 0;
v000001f06f2772a0_0 .var "phSum1", 31 0;
o000001f06f28c0f8 .functor BUFZ 32, C4<zzzzzzzzzzzzzzzzzzzzzzzzzzzzzzzz>; HiZ drive
v000001f06f277340_0 .net/s "phase", 31 0, o000001f06f28c0f8;  0 drivers
v000001f06f274da0_0 .var "phaseAcc", 31 0;
o000001f06f28c158 .functor BUFZ 1, C4<z>; HiZ drive
v000001f06f274e40_0 .net "rst", 0 0, o000001f06f28c158;  0 drivers
v000001f06f274ee0_0 .var/s "sin", 9 0;
v000001f06f2de040 .array/s "sine", 0 8191, 9 0;
E_000001f06f269690 .event posedge, v000001f06f243100_0;
S_000001f06f276fd0 .scope begin, "$ivl_for_loop1" "$ivl_for_loop1" 3 41, 3 41 0, S_000001f06f27e660;
 .timescale -9 -9;
v000001f06f26cd00_0 .var/2s "i", 31 0;
S_000001f06f27e7f0 .scope module, "TestDDS" "TestDDS" 4 3;
 .timescale -9 -9;
v000001f06f2e1360_0 .var "clk", 0 0;
v000001f06f2e0dc0_0 .var/s "freq", 31 0;
v000001f06f2e0960_0 .var/real "freqr", 0 0;
v000001f06f2e0640_0 .var/real "fstepr", 0 0;
v000001f06f2e0a00_0 .var/s "phase", 31 0;
v000001f06f2e0f00_0 .var "rst", 0 0;
v000001f06f2e0be0_0 .net/s "swave", 9 0, v000001f06f2e0e60_0;  1 drivers
S_000001f06f2de0e0 .scope module, "theDDS" "DDS" 4 30, 3 3 0, S_000001f06f27e7f0;
 .timescale -9 -9;
    .port_info 0 /INPUT 1 "clk";
    .port_info 1 /INPUT 1 "rst";
    .port_info 2 /INPUT 1 "en";
    .port_info 3 /INPUT 32 "freq";
    .port_info 4 /INPUT 32 "phase";
    .port_info 5 /OUTPUT 10 "out";
P_000001f06f2dfa60 .param/l "AW" 0 3 4, +C4<00000000000000000000000000001101>;
P_000001f06f2dfa98 .param/l "DW" 0 3 4, +C4<00000000000000000000000000001010>;
P_000001f06f2dfad0 .param/l "LEN" 1 3 10, +C4<00000000000000000010000000000000>;
P_000001f06f2dfb08 .param/real "PI" 1 3 11, Cr<m6487ed5110b46000gfc3>; value=3.14159
P_000001f06f2dfb40 .param/l "PW" 0 3 4, +C4<00000000000000000000000000100000>;
v000001f06f2e04b0_0 .net "clk", 0 0, v000001f06f2e1360_0;  1 drivers
L_000001f06f2e1568 .functor BUFT 1, C4<1>, C4<0>, C4<0>, C4<0>;
v000001f06f2e05a0_0 .net "en", 0 0, L_000001f06f2e1568;  1 drivers
v000001f06f2e1220_0 .net/s "freq", 31 0, v000001f06f2e0dc0_0;  1 drivers
v000001f06f2e0e60_0 .var/s "out", 9 0;
v000001f06f2e1180_0 .net/s "phase", 31 0, v000001f06f2e0a00_0;  1 drivers
v000001f06f2e0aa0_0 .var "phaseAcc", 31 0;
v000001f06f2e0b40_0 .net "phaseSum", 31 0, L_000001f06f2e0c80;  1 drivers
v000001f06f2e0d20_0 .net "rst", 0 0, v000001f06f2e0f00_0;  1 drivers
v000001f06f2e08c0 .array/s "sine", 0 8191, 9 0;
E_000001f06f269110 .event posedge, v000001f06f2e04b0_0;
L_000001f06f2e0c80 .arith/sum 32, v000001f06f2e0aa0_0, v000001f06f2e0a00_0;
S_000001f06f2e0280 .scope begin, "$ivl_for_loop0" "$ivl_for_loop0" 3 14, 3 14 0, S_000001f06f2de0e0;
 .timescale -9 -9;
v000001f06f2e0410_0 .var/2s "i", 31 0;
    .scope S_000001f06f27e660;
T_0 ;
    %fork t_1, S_000001f06f276fd0;
    %jmp t_0;
    .scope S_000001f06f276fd0;
t_1 ;
    %pushi/vec4 0, 0, 32;
    %store/vec4 v000001f06f26cd00_0, 0, 32;
T_0.0 ;
    %load/vec4 v000001f06f26cd00_0;
    %cmpi/s 8192, 0, 32;
    %jmp/0xz T_0.1, 5;
    %pushi/real 1686629713, 4068; load=6.28319
    %pushi/real 273688, 4046; load=6.28319
    %add/wr;
    %load/vec4 v000001f06f26cd00_0;
    %cvt/rv/s;
    %mul/wr;
    %pushi/vec4 8192, 0, 32;
    %cvt/rv/s;
    %div/wr;
    %vpi_func/r 3 42 "$sin", W<0,r> {0 1 0};
    %pushi/real 2143289344, 4074; load=511.000
    %mul/wr;
    %cvt/vr 10;
    %ix/getv/s 4, v000001f06f26cd00_0;
    %store/vec4a v000001f06f2de040, 4, 0;
    ; show_stmt_assign_vector: Get l-value for compressed += operand
    %load/vec4 v000001f06f26cd00_0;
    %pushi/vec4 1, 0, 32;
    %add;
    %cast2;
    %store/vec4 v000001f06f26cd00_0, 0, 32;
    %jmp T_0.0;
T_0.1 ;
    %end;
    .scope S_000001f06f27e660;
t_0 %join;
    %end;
    .thread T_0;
    .scope S_000001f06f27e660;
T_1 ;
    %wait E_000001f06f269690;
    %load/vec4 v000001f06f274e40_0;
    %flag_set/vec4 8;
    %jmp/0xz  T_1.0, 8;
    %pushi/vec4 0, 0, 32;
    %assign/vec4 v000001f06f274da0_0, 0;
    %jmp T_1.1;
T_1.0 ;
    %load/vec4 v000001f06f27ea20_0;
    %flag_set/vec4 8;
    %jmp/0xz  T_1.2, 8;
    %load/vec4 v000001f06f274da0_0;
    %load/vec4 v000001f06f277160_0;
    %add;
    %assign/vec4 v000001f06f274da0_0, 0;
T_1.2 ;
T_1.1 ;
    %jmp T_1;
    .thread T_1;
    .scope S_000001f06f27e660;
T_2 ;
    %wait E_000001f06f269690;
    %load/vec4 v000001f06f274e40_0;
    %flag_set/vec4 8;
    %jmp/0xz  T_2.0, 8;
    %pushi/vec4 0, 0, 32;
    %assign/vec4 v000001f06f277200_0, 0;
    %pushi/vec4 1073741824, 0, 32;
    %assign/vec4 v000001f06f2772a0_0, 0;
    %jmp T_2.1;
T_2.0 ;
    %load/vec4 v000001f06f27ea20_0;
    %flag_set/vec4 8;
    %jmp/0xz  T_2.2, 8;
    %load/vec4 v000001f06f274da0_0;
    %load/vec4 v000001f06f277340_0;
    %add;
    %assign/vec4 v000001f06f277200_0, 0;
    %load/vec4 v000001f06f274da0_0;
    %load/vec4 v000001f06f277340_0;
    %add;
    %addi 1073741824, 0, 32;
    %assign/vec4 v000001f06f2772a0_0, 0;
T_2.2 ;
T_2.1 ;
    %jmp T_2;
    .thread T_2;
    .scope S_000001f06f27e660;
T_3 ;
    %wait E_000001f06f269690;
    %load/vec4 v000001f06f274e40_0;
    %flag_set/vec4 8;
    %jmp/0xz  T_3.0, 8;
    %pushi/vec4 0, 0, 10;
    %assign/vec4 v000001f06f274ee0_0, 0;
    %jmp T_3.1;
T_3.0 ;
    %load/vec4 v000001f06f27ea20_0;
    %flag_set/vec4 8;
    %jmp/0xz  T_3.2, 8;
    %load/vec4 v000001f06f277200_0;
    %parti/s 13, 19, 6;
    %pad/u 15;
    %ix/vec4 4;
    %load/vec4a v000001f06f2de040, 4;
    %assign/vec4 v000001f06f274ee0_0, 0;
T_3.2 ;
T_3.1 ;
    %jmp T_3;
    .thread T_3;
    .scope S_000001f06f27e660;
T_4 ;
    %wait E_000001f06f269690;
    %load/vec4 v000001f06f274e40_0;
    %flag_set/vec4 8;
    %jmp/0xz  T_4.0, 8;
    %pushi/vec4 0, 0, 10;
    %assign/vec4 v000001f06f27e980_0, 0;
    %jmp T_4.1;
T_4.0 ;
    %load/vec4 v000001f06f27ea20_0;
    %flag_set/vec4 8;
    %jmp/0xz  T_4.2, 8;
    %load/vec4 v000001f06f2772a0_0;
    %parti/s 13, 19, 6;
    %pad/u 15;
    %ix/vec4 4;
    %load/vec4a v000001f06f2de040, 4;
    %assign/vec4 v000001f06f27e980_0, 0;
T_4.2 ;
T_4.1 ;
    %jmp T_4;
    .thread T_4;
    .scope S_000001f06f2de0e0;
T_5 ;
    %fork t_3, S_000001f06f2e0280;
    %jmp t_2;
    .scope S_000001f06f2e0280;
t_3 ;
    %pushi/vec4 0, 0, 32;
    %store/vec4 v000001f06f2e0410_0, 0, 32;
T_5.0 ;
    %load/vec4 v000001f06f2e0410_0;
    %cmpi/s 8192, 0, 32;
    %jmp/0xz T_5.1, 5;
    %pushi/real 1686629713, 4068; load=6.28319
    %pushi/real 273688, 4046; load=6.28319
    %add/wr;
    %load/vec4 v000001f06f2e0410_0;
    %cvt/rv/s;
    %mul/wr;
    %pushi/vec4 8192, 0, 32;
    %cvt/rv/s;
    %div/wr;
    %vpi_func/r 3 15 "$sin", W<0,r> {0 1 0};
    %pushi/real 2143289344, 4074; load=511.000
    %mul/wr;
    %cvt/vr 10;
    %ix/getv/s 4, v000001f06f2e0410_0;
    %store/vec4a v000001f06f2e08c0, 4, 0;
    ; show_stmt_assign_vector: Get l-value for compressed += operand
    %load/vec4 v000001f06f2e0410_0;
    %pushi/vec4 1, 0, 32;
    %add;
    %cast2;
    %store/vec4 v000001f06f2e0410_0, 0, 32;
    %jmp T_5.0;
T_5.1 ;
    %end;
    .scope S_000001f06f2de0e0;
t_2 %join;
    %end;
    .thread T_5;
    .scope S_000001f06f2de0e0;
T_6 ;
    %wait E_000001f06f269110;
    %load/vec4 v000001f06f2e0d20_0;
    %flag_set/vec4 8;
    %jmp/0xz  T_6.0, 8;
    %pushi/vec4 0, 0, 32;
    %assign/vec4 v000001f06f2e0aa0_0, 0;
    %jmp T_6.1;
T_6.0 ;
    %load/vec4 v000001f06f2e05a0_0;
    %flag_set/vec4 8;
    %jmp/0xz  T_6.2, 8;
    %load/vec4 v000001f06f2e0aa0_0;
    %load/vec4 v000001f06f2e1220_0;
    %add;
    %assign/vec4 v000001f06f2e0aa0_0, 0;
T_6.2 ;
T_6.1 ;
    %jmp T_6;
    .thread T_6;
    .scope S_000001f06f2de0e0;
T_7 ;
    %wait E_000001f06f269110;
    %load/vec4 v000001f06f2e0d20_0;
    %flag_set/vec4 8;
    %jmp/0xz  T_7.0, 8;
    %pushi/vec4 0, 0, 10;
    %assign/vec4 v000001f06f2e0e60_0, 0;
    %jmp T_7.1;
T_7.0 ;
    %load/vec4 v000001f06f2e05a0_0;
    %flag_set/vec4 8;
    %jmp/0xz  T_7.2, 8;
    %load/vec4 v000001f06f2e0b40_0;
    %parti/s 13, 19, 6;
    %pad/u 15;
    %ix/vec4 4;
    %load/vec4a v000001f06f2e08c0, 4;
    %assign/vec4 v000001f06f2e0e60_0, 0;
T_7.2 ;
T_7.1 ;
    %jmp T_7;
    .thread T_7;
    .scope S_000001f06f27e7f0;
T_8 ;
    %pushi/real 2048000000, 4085; load=1.00000e+06
    %store/real v000001f06f2e0960_0;
    %pushi/real 2055208960, 4074; load=490.000
    %store/real v000001f06f2e0640_0;
    %pushi/vec4 0, 0, 32;
    %store/vec4 v000001f06f2e0a00_0, 0, 32;
    %end;
    .thread T_8, $init;
    .scope S_000001f06f27e7f0;
T_9 ;
    %delay 0, 0;
    %pushi/vec4 0, 0, 1;
    %store/vec4 v000001f06f2e1360_0, 0, 1;
T_9.0 ;
    %delay 50, 0;
    %load/vec4 v000001f06f2e1360_0;
    %inv;
    %store/vec4 v000001f06f2e1360_0, 0, 1;
    %jmp T_9.0;
    %end;
    .thread T_9;
    .scope S_000001f06f27e7f0;
T_10 ;
    %pushi/vec4 1, 0, 1;
    %store/vec4 v000001f06f2e0f00_0, 0, 1;
    %delay 60, 0;
    %pushi/vec4 0, 0, 1;
    %store/vec4 v000001f06f2e0f00_0, 0, 1;
    %end;
    .thread T_10;
    .scope S_000001f06f27e7f0;
T_11 ;
    %vpi_call/w 4 15 "$dumpfile", "wave.vcd" {0 0 0};
    %vpi_call/w 4 16 "$dumpvars", 32'sb00000000000000000000000000000000, S_000001f06f27e7f0 {0 0 0};
    %delay 1000000, 0;
    %vpi_call/w 4 17 "$finish" {0 0 0};
    %end;
    .thread T_11;
    .scope S_000001f06f27e7f0;
T_12 ;
    %wait E_000001f06f269110;
    %load/vec4 v000001f06f2e0f00_0;
    %flag_set/vec4 8;
    %jmp/0xz  T_12.0, 8;
    %pushi/real 2048000000, 4085; load=1.00000e+06
    %store/real v000001f06f2e0960_0;
    %jmp T_12.1;
T_12.0 ;
    ; show_stmt_assign_real: Get l-value for compressed += operand
    %load/real v000001f06f2e0960_0;
    %load/real v000001f06f2e0640_0;
    %add/wr;
    %store/real v000001f06f2e0960_0;
T_12.1 ;
    %jmp T_12;
    .thread T_12;
    .scope S_000001f06f27e7f0;
T_13 ;
    %wait E_000001f06f269110;
    %pushi/real 1073741824, 4098; load=4.29497e+09
    %load/real v000001f06f2e0960_0;
    %mul/wr;
    %pushi/real 1600000000, 4092; load=1.00000e+08
    %div/wr;
    %cvt/vr 32;
    %assign/vec4 v000001f06f2e0dc0_0, 0;
    %jmp T_13;
    .thread T_13;
# The file index is used to find the file name in the following table.
:file_names 5;
    "N/A";
    "<interactive>";
    "-";
    "dds.sv";
    "tb_dds.sv";
