#! /c/Source/iverilog-install/bin/vvp
:ivl_version "12.0 (devel)" "(s20150603-1539-g2693dd32b)";
:ivl_delay_selection "TYPICAL";
:vpi_time_precision - 9;
:vpi_module "C:\iverilog\lib\ivl\system.vpi";
:vpi_module "C:\iverilog\lib\ivl\vhdl_sys.vpi";
:vpi_module "C:\iverilog\lib\ivl\vhdl_textio.vpi";
:vpi_module "C:\iverilog\lib\ivl\v2005_math.vpi";
:vpi_module "C:\iverilog\lib\ivl\va_math.vpi";
:vpi_module "C:\iverilog\lib\ivl\v2009.vpi";
S_00000115d610c720 .scope package, "$unit" "$unit" 2 1;
 .timescale 0 0;
S_00000115d61143f0 .scope module, "uart_loop_tb" "uart_loop_tb" 3 3;
 .timescale -9 -9;
P_00000115d6112ff0 .param/l "ELEMENT_TIME" 1 3 27, +C4<00000000000000011001011011100000>;
v00000115d61a4170_0 .var "DATA", 7 0;
v00000115d61a40d0_0 .var "clk_sys", 0 0;
v00000115d61a3630_0 .net "parity", 0 0, v00000115d6146090_0;  1 drivers
v00000115d61a4490_0 .var "rst_n", 0 0;
v00000115d61a3450_0 .var "uart_in", 0 0;
v00000115d61a36d0_0 .net "uart_out", 0 0, v00000115d6146590_0;  1 drivers
S_00000115d610bc90 .scope module, "u_uart_loop" "uart_loop" 3 10, 4 1 0, S_00000115d61143f0;
 .timescale -9 -9;
    .port_info 0 /INPUT 1 "i_clk_sys";
    .port_info 1 /INPUT 1 "i_rst_n";
    .port_info 2 /INPUT 1 "i_uart_rx";
    .port_info 3 /OUTPUT 1 "o_uart_tx";
    .port_info 4 /OUTPUT 1 "o_ld_parity";
P_00000115d610be20 .param/l "BAUD_RATE" 1 4 10, +C4<00000000000000000010010110000000>;
P_00000115d610be58 .param/l "DATA_WIDTH" 1 4 9, +C4<00000000000000000000000000001000>;
P_00000115d610be90 .param/l "PARITY_ON" 1 4 11, +C4<00000000000000000000000000000001>;
P_00000115d610bec8 .param/l "PARITY_TYPE" 1 4 12, +C4<00000000000000000000000000000001>;
v00000115d61a34f0_0 .net "i_clk_sys", 0 0, v00000115d61a40d0_0;  1 drivers
v00000115d61a3f90_0 .net "i_rst_n", 0 0, v00000115d61a4490_0;  1 drivers
v00000115d61a4530_0 .net "i_uart_rx", 0 0, v00000115d61a3450_0;  1 drivers
v00000115d61a3590_0 .net "o_ld_parity", 0 0, v00000115d6146090_0;  alias, 1 drivers
v00000115d61a4df0_0 .net "o_uart_tx", 0 0, v00000115d6146590_0;  alias, 1 drivers
v00000115d61a3810_0 .net "w_data", 7 0, v00000115d6146770_0;  1 drivers
v00000115d61a4e90_0 .net "w_rx_done", 0 0, v00000115d6146d10_0;  1 drivers
S_00000115d6114a70 .scope module, "u_uart_rx" "uart_rx" 4 24, 5 1 0, S_00000115d610bc90;
 .timescale -9 -9;
    .port_info 0 /INPUT 1 "i_clk_sys";
    .port_info 1 /INPUT 1 "i_rst_n";
    .port_info 2 /INPUT 1 "i_uart_rx";
    .port_info 3 /OUTPUT 8 "o_uart_data";
    .port_info 4 /OUTPUT 1 "o_ld_parity";
    .port_info 5 /OUTPUT 1 "o_rx_done";
P_00000115d611c680 .param/l "BAUD_RATE" 0 5 6, +C4<00000000000000000010010110000000>;
P_00000115d611c6b8 .param/l "CLK_FRE" 0 5 2, +C4<00000000000000000000000000110010>;
P_00000115d611c6f0 .param/l "CYCLE" 1 5 49, +C4<0000000000000000000000000000000000000000000000000001010001011000>;
P_00000115d611c728 .param/l "DATA_WIDTH" 0 5 3, +C4<00000000000000000000000000001000>;
P_00000115d611c760 .param/l "PARITY_ON" 0 5 4, +C4<00000000000000000000000000000001>;
P_00000115d611c798 .param/l "PARITY_TYPE" 0 5 5, +C4<00000000000000000000000000000001>;
P_00000115d611c7d0 .param/l "STATE_DATA" 1 5 44, C4<011>;
P_00000115d611c808 .param/l "STATE_END" 1 5 46, C4<101>;
P_00000115d611c840 .param/l "STATE_IDLE" 1 5 42, C4<000>;
P_00000115d611c878 .param/l "STATE_PARITY" 1 5 45, C4<100>;
P_00000115d611c8b0 .param/l "STATE_START" 1 5 43, C4<001>;
v00000115d6146450_0 .var "baud_cnt", 15 0;
v00000115d61468b0_0 .var "baud_pulse", 0 0;
v00000115d6146810_0 .var "baud_valid", 0 0;
v00000115d6145ff0_0 .net "i_clk_sys", 0 0, v00000115d61a40d0_0;  alias, 1 drivers
v00000115d61464f0_0 .net "i_rst_n", 0 0, v00000115d61a4490_0;  alias, 1 drivers
v00000115d6146a90_0 .net "i_uart_rx", 0 0, v00000115d61a3450_0;  alias, 1 drivers
v00000115d6146090_0 .var "o_ld_parity", 0 0;
v00000115d6146d10_0 .var "o_rx_done", 0 0;
v00000115d6146770_0 .var "o_uart_data", 7 0;
v00000115d6146130_0 .var "r_current_state", 2 0;
v00000115d6146b30_0 .var "r_data_rcv", 7 0;
v00000115d6146630_0 .var "r_flag_rcv_start", 4 0;
v00000115d61466d0_0 .var "r_next_state", 2 0;
v00000115d6146bd0_0 .var "r_parity_check", 0 0;
v00000115d6146950_0 .var "r_rcv_cnt", 3 0;
v00000115d61469f0_0 .var "sync_uart_rx", 0 0;
E_00000115d6112330/0 .event negedge, v00000115d61464f0_0;
E_00000115d6112330/1 .event posedge, v00000115d6145ff0_0;
E_00000115d6112330 .event/or E_00000115d6112330/0, E_00000115d6112330/1;
E_00000115d6112c70 .event anyedge, v00000115d6146130_0, v00000115d6146950_0;
S_00000115d611c8f0 .scope module, "u_uart_tx" "uart_tx" 4 39, 6 1 0, S_00000115d610bc90;
 .timescale -9 -9;
    .port_info 0 /INPUT 1 "i_clk_sys";
    .port_info 1 /INPUT 1 "i_rst_n";
    .port_info 2 /INPUT 8 "i_data_tx";
    .port_info 3 /INPUT 1 "i_data_valid";
    .port_info 4 /OUTPUT 1 "o_uart_tx";
P_00000115d612f4d0 .param/l "BAUD_RATE" 0 6 6, +C4<00000000000000000010010110000000>;
P_00000115d612f508 .param/l "CLK_FRE" 0 6 2, +C4<00000000000000000000000000110010>;
P_00000115d612f540 .param/l "CYCLE" 1 6 27, +C4<0000000000000000000000000000000000000000000000000001010001011000>;
P_00000115d612f578 .param/l "DATA_WIDTH" 0 6 3, +C4<00000000000000000000000000001000>;
P_00000115d612f5b0 .param/l "PARITY_ON" 0 6 4, +C4<00000000000000000000000000000001>;
P_00000115d612f5e8 .param/l "PARITY_TYPE" 0 6 5, +C4<00000000000000000000000000000001>;
P_00000115d612f620 .param/l "STATE_DATA" 1 6 22, C4<011>;
P_00000115d612f658 .param/l "STATE_END" 1 6 24, C4<101>;
P_00000115d612f690 .param/l "STATE_IDLE" 1 6 20, C4<000>;
P_00000115d612f6c8 .param/l "STATE_PARITY" 1 6 23, C4<100>;
P_00000115d612f700 .param/l "STATE_START" 1 6 21, C4<001>;
v00000115d6146c70_0 .var "baud_cnt", 15 0;
v00000115d6146db0_0 .var "baud_pulse", 0 0;
v00000115d6146e50_0 .var "baud_valid", 0 0;
v00000115d6146270_0 .net "i_clk_sys", 0 0, v00000115d61a40d0_0;  alias, 1 drivers
v00000115d61461d0_0 .net "i_data_tx", 7 0, v00000115d6146770_0;  alias, 1 drivers
v00000115d6146310_0 .net "i_data_valid", 0 0, v00000115d6146d10_0;  alias, 1 drivers
v00000115d61463b0_0 .net "i_rst_n", 0 0, v00000115d61a4490_0;  alias, 1 drivers
v00000115d6146590_0 .var "o_uart_tx", 0 0;
v00000115d61a3c70_0 .var "r_current_state", 2 0;
v00000115d61a4350_0 .var "r_data_tx", 7 0;
v00000115d61a4710_0 .var "r_next_state", 2 0;
v00000115d61a4d50_0 .var "r_parity_check", 0 0;
v00000115d61a3db0_0 .var "r_tx_cnt", 3 0;
E_00000115d6112db0 .event anyedge, v00000115d61a3c70_0, v00000115d61a3db0_0;
    .scope S_00000115d6114a70;
T_0 ;
    %wait E_00000115d6112330;
    %load/vec4 v00000115d61464f0_0;
    %nor/r;
    %flag_set/vec4 8;
    %jmp/0xz  T_0.0, 8;
    %pushi/vec4 1, 0, 1;
    %assign/vec4 v00000115d61469f0_0, 0;
    %jmp T_0.1;
T_0.0 ;
    %load/vec4 v00000115d6146a90_0;
    %assign/vec4 v00000115d61469f0_0, 0;
T_0.1 ;
    %jmp T_0;
    .thread T_0;
    .scope S_00000115d6114a70;
T_1 ;
    %wait E_00000115d6112330;
    %load/vec4 v00000115d61464f0_0;
    %nor/r;
    %flag_set/vec4 8;
    %jmp/0xz  T_1.0, 8;
    %pushi/vec4 31, 0, 5;
    %assign/vec4 v00000115d6146630_0, 0;
    %jmp T_1.1;
T_1.0 ;
    %load/vec4 v00000115d6146630_0;
    %parti/s 4, 0, 2;
    %load/vec4 v00000115d61469f0_0;
    %concat/vec4; draw_concat_vec4
    %assign/vec4 v00000115d6146630_0, 0;
T_1.1 ;
    %jmp T_1;
    .thread T_1;
    .scope S_00000115d6114a70;
T_2 ;
    %wait E_00000115d6112330;
    %load/vec4 v00000115d61464f0_0;
    %nor/r;
    %flag_set/vec4 8;
    %jmp/0xz  T_2.0, 8;
    %pushi/vec4 0, 0, 16;
    %assign/vec4 v00000115d6146450_0, 0;
    %jmp T_2.1;
T_2.0 ;
    %load/vec4 v00000115d6146810_0;
    %nor/r;
    %flag_set/vec4 8;
    %jmp/0xz  T_2.2, 8;
    %pushi/vec4 0, 0, 16;
    %assign/vec4 v00000115d6146450_0, 0;
    %jmp T_2.3;
T_2.2 ;
    %load/vec4 v00000115d6146450_0;
    %pad/u 64;
    %cmpi/e 5207, 0, 64;
    %jmp/0xz  T_2.4, 4;
    %pushi/vec4 0, 0, 16;
    %assign/vec4 v00000115d6146450_0, 0;
    %jmp T_2.5;
T_2.4 ;
    %load/vec4 v00000115d6146450_0;
    %addi 1, 0, 16;
    %assign/vec4 v00000115d6146450_0, 0;
T_2.5 ;
T_2.3 ;
T_2.1 ;
    %jmp T_2;
    .thread T_2;
    .scope S_00000115d6114a70;
T_3 ;
    %wait E_00000115d6112330;
    %load/vec4 v00000115d61464f0_0;
    %nor/r;
    %flag_set/vec4 8;
    %jmp/0xz  T_3.0, 8;
    %pushi/vec4 0, 0, 1;
    %assign/vec4 v00000115d61468b0_0, 0;
    %jmp T_3.1;
T_3.0 ;
    %load/vec4 v00000115d6146450_0;
    %pad/u 64;
    %cmpi/e 2603, 0, 64;
    %jmp/0xz  T_3.2, 4;
    %pushi/vec4 1, 0, 1;
    %assign/vec4 v00000115d61468b0_0, 0;
    %jmp T_3.3;
T_3.2 ;
    %pushi/vec4 0, 0, 1;
    %assign/vec4 v00000115d61468b0_0, 0;
T_3.3 ;
T_3.1 ;
    %jmp T_3;
    .thread T_3;
    .scope S_00000115d6114a70;
T_4 ;
    %wait E_00000115d6112330;
    %load/vec4 v00000115d61464f0_0;
    %nor/r;
    %flag_set/vec4 8;
    %jmp/0xz  T_4.0, 8;
    %pushi/vec4 0, 0, 3;
    %assign/vec4 v00000115d6146130_0, 0;
    %jmp T_4.1;
T_4.0 ;
    %load/vec4 v00000115d6146810_0;
    %nor/r;
    %flag_set/vec4 8;
    %jmp/0xz  T_4.2, 8;
    %pushi/vec4 0, 0, 3;
    %assign/vec4 v00000115d6146130_0, 0;
    %jmp T_4.3;
T_4.2 ;
    %load/vec4 v00000115d6146810_0;
    %flag_set/vec4 9;
    %flag_get/vec4 9;
    %jmp/0 T_4.6, 9;
    %load/vec4 v00000115d6146450_0;
    %pushi/vec4 0, 0, 16;
    %cmp/e;
    %flag_get/vec4 4;
    %and;
T_4.6;
    %flag_set/vec4 8;
    %jmp/0xz  T_4.4, 8;
    %load/vec4 v00000115d61466d0_0;
    %assign/vec4 v00000115d6146130_0, 0;
T_4.4 ;
T_4.3 ;
T_4.1 ;
    %jmp T_4;
    .thread T_4;
    .scope S_00000115d6114a70;
T_5 ;
    %wait E_00000115d6112c70;
    %load/vec4 v00000115d6146130_0;
    %dup/vec4;
    %pushi/vec4 0, 0, 3;
    %cmp/u;
    %jmp/1 T_5.0, 6;
    %dup/vec4;
    %pushi/vec4 1, 0, 3;
    %cmp/u;
    %jmp/1 T_5.1, 6;
    %dup/vec4;
    %pushi/vec4 3, 0, 3;
    %cmp/u;
    %jmp/1 T_5.2, 6;
    %dup/vec4;
    %pushi/vec4 4, 0, 3;
    %cmp/u;
    %jmp/1 T_5.3, 6;
    %dup/vec4;
    %pushi/vec4 5, 0, 3;
    %cmp/u;
    %jmp/1 T_5.4, 6;
    %jmp T_5.6;
T_5.0 ;
    %pushi/vec4 1, 0, 3;
    %assign/vec4 v00000115d61466d0_0, 0;
    %jmp T_5.6;
T_5.1 ;
    %pushi/vec4 3, 0, 3;
    %assign/vec4 v00000115d61466d0_0, 0;
    %jmp T_5.6;
T_5.2 ;
    %load/vec4 v00000115d6146950_0;
    %pad/u 32;
    %cmpi/e 8, 0, 32;
    %jmp/0xz  T_5.7, 4;
    %pushi/vec4 4, 0, 3;
    %assign/vec4 v00000115d61466d0_0, 0;
    %jmp T_5.8;
T_5.7 ;
    %pushi/vec4 3, 0, 3;
    %assign/vec4 v00000115d61466d0_0, 0;
T_5.8 ;
    %jmp T_5.6;
T_5.3 ;
    %pushi/vec4 5, 0, 3;
    %assign/vec4 v00000115d61466d0_0, 0;
    %jmp T_5.6;
T_5.4 ;
    %pushi/vec4 0, 0, 3;
    %assign/vec4 v00000115d61466d0_0, 0;
    %jmp T_5.6;
T_5.6 ;
    %pop/vec4 1;
    %jmp T_5;
    .thread T_5, $push;
    .scope S_00000115d6114a70;
T_6 ;
    %wait E_00000115d6112330;
    %load/vec4 v00000115d61464f0_0;
    %nor/r;
    %flag_set/vec4 8;
    %jmp/0xz  T_6.0, 8;
    %pushi/vec4 0, 0, 1;
    %assign/vec4 v00000115d6146810_0, 0;
    %pushi/vec4 0, 0, 8;
    %assign/vec4 v00000115d6146b30_0, 0;
    %pushi/vec4 0, 0, 4;
    %assign/vec4 v00000115d6146950_0, 0;
    %pushi/vec4 0, 0, 1;
    %assign/vec4 v00000115d6146bd0_0, 0;
    %pushi/vec4 0, 0, 8;
    %assign/vec4 v00000115d6146770_0, 0;
    %pushi/vec4 0, 0, 1;
    %assign/vec4 v00000115d6146090_0, 0;
    %pushi/vec4 0, 0, 1;
    %assign/vec4 v00000115d6146d10_0, 0;
    %jmp T_6.1;
T_6.0 ;
    %load/vec4 v00000115d6146130_0;
    %dup/vec4;
    %pushi/vec4 0, 0, 3;
    %cmp/u;
    %jmp/1 T_6.2, 6;
    %dup/vec4;
    %pushi/vec4 1, 0, 3;
    %cmp/u;
    %jmp/1 T_6.3, 6;
    %dup/vec4;
    %pushi/vec4 3, 0, 3;
    %cmp/u;
    %jmp/1 T_6.4, 6;
    %dup/vec4;
    %pushi/vec4 4, 0, 3;
    %cmp/u;
    %jmp/1 T_6.5, 6;
    %dup/vec4;
    %pushi/vec4 5, 0, 3;
    %cmp/u;
    %jmp/1 T_6.6, 6;
    %jmp T_6.8;
T_6.2 ;
    %pushi/vec4 0, 0, 4;
    %assign/vec4 v00000115d6146950_0, 0;
    %pushi/vec4 0, 0, 8;
    %assign/vec4 v00000115d6146b30_0, 0;
    %pushi/vec4 0, 0, 1;
    %assign/vec4 v00000115d6146bd0_0, 0;
    %pushi/vec4 0, 0, 1;
    %assign/vec4 v00000115d6146d10_0, 0;
    %load/vec4 v00000115d6146630_0;
    %cmpi/e 0, 0, 5;
    %jmp/0xz  T_6.9, 4;
    %pushi/vec4 1, 0, 1;
    %assign/vec4 v00000115d6146810_0, 0;
T_6.9 ;
    %jmp T_6.8;
T_6.3 ;
    %load/vec4 v00000115d61468b0_0;
    %flag_set/vec4 9;
    %flag_get/vec4 9;
    %jmp/0 T_6.13, 9;
    %load/vec4 v00000115d61469f0_0;
    %and;
T_6.13;
    %flag_set/vec4 8;
    %jmp/0xz  T_6.11, 8;
    %pushi/vec4 0, 0, 1;
    %assign/vec4 v00000115d6146810_0, 0;
T_6.11 ;
    %jmp T_6.8;
T_6.4 ;
    %load/vec4 v00000115d61468b0_0;
    %flag_set/vec4 8;
    %jmp/0xz  T_6.14, 8;
    %load/vec4 v00000115d61469f0_0;
    %load/vec4 v00000115d6146b30_0;
    %parti/s 7, 1, 2;
    %concat/vec4; draw_concat_vec4
    %assign/vec4 v00000115d6146b30_0, 0;
    %load/vec4 v00000115d6146950_0;
    %addi 1, 0, 4;
    %assign/vec4 v00000115d6146950_0, 0;
    %load/vec4 v00000115d6146bd0_0;
    %load/vec4 v00000115d61469f0_0;
    %add;
    %assign/vec4 v00000115d6146bd0_0, 0;
T_6.14 ;
    %jmp T_6.8;
T_6.5 ;
    %load/vec4 v00000115d61468b0_0;
    %flag_set/vec4 8;
    %jmp/0xz  T_6.16, 8;
    %load/vec4 v00000115d6146bd0_0;
    %pad/u 32;
    %load/vec4 v00000115d61469f0_0;
    %pad/u 32;
    %add;
    %cmpi/e 1, 0, 32;
    %jmp/0xz  T_6.18, 4;
    %pushi/vec4 1, 0, 1;
    %assign/vec4 v00000115d6146090_0, 0;
    %jmp T_6.19;
T_6.18 ;
    %pushi/vec4 0, 0, 1;
    %assign/vec4 v00000115d6146090_0, 0;
T_6.19 ;
    %jmp T_6.17;
T_6.16 ;
    %load/vec4 v00000115d6146090_0;
    %assign/vec4 v00000115d6146090_0, 0;
T_6.17 ;
    %jmp T_6.8;
T_6.6 ;
    %load/vec4 v00000115d61468b0_0;
    %flag_set/vec4 8;
    %jmp/0xz  T_6.20, 8;
    %pushi/vec4 0, 0, 1;
    %flag_set/vec4 8;
    %jmp/1 T_6.24, 8;
    %load/vec4 v00000115d6146090_0;
    %flag_set/vec4 9;
    %flag_or 8, 9;
T_6.24;
    %jmp/0xz  T_6.22, 8;
    %load/vec4 v00000115d6146b30_0;
    %assign/vec4 v00000115d6146770_0, 0;
    %pushi/vec4 1, 0, 1;
    %assign/vec4 v00000115d6146d10_0, 0;
T_6.22 ;
    %jmp T_6.21;
T_6.20 ;
    %pushi/vec4 0, 0, 1;
    %assign/vec4 v00000115d6146d10_0, 0;
T_6.21 ;
    %load/vec4 v00000115d6146450_0;
    %cmpi/e 0, 0, 16;
    %jmp/0xz  T_6.25, 4;
    %pushi/vec4 0, 0, 1;
    %assign/vec4 v00000115d6146810_0, 0;
T_6.25 ;
    %jmp T_6.8;
T_6.8 ;
    %pop/vec4 1;
T_6.1 ;
    %jmp T_6;
    .thread T_6;
    .scope S_00000115d611c8f0;
T_7 ;
    %wait E_00000115d6112330;
    %load/vec4 v00000115d61463b0_0;
    %nor/r;
    %flag_set/vec4 8;
    %jmp/0xz  T_7.0, 8;
    %pushi/vec4 0, 0, 16;
    %assign/vec4 v00000115d6146c70_0, 0;
    %jmp T_7.1;
T_7.0 ;
    %load/vec4 v00000115d6146e50_0;
    %nor/r;
    %flag_set/vec4 8;
    %jmp/0xz  T_7.2, 8;
    %pushi/vec4 0, 0, 16;
    %assign/vec4 v00000115d6146c70_0, 0;
    %jmp T_7.3;
T_7.2 ;
    %load/vec4 v00000115d6146c70_0;
    %pad/u 64;
    %cmpi/e 5207, 0, 64;
    %jmp/0xz  T_7.4, 4;
    %pushi/vec4 0, 0, 16;
    %assign/vec4 v00000115d6146c70_0, 0;
    %jmp T_7.5;
T_7.4 ;
    %load/vec4 v00000115d6146c70_0;
    %addi 1, 0, 16;
    %assign/vec4 v00000115d6146c70_0, 0;
T_7.5 ;
T_7.3 ;
T_7.1 ;
    %jmp T_7;
    .thread T_7;
    .scope S_00000115d611c8f0;
T_8 ;
    %wait E_00000115d6112330;
    %load/vec4 v00000115d61463b0_0;
    %nor/r;
    %flag_set/vec4 8;
    %jmp/0xz  T_8.0, 8;
    %pushi/vec4 0, 0, 1;
    %assign/vec4 v00000115d6146db0_0, 0;
    %jmp T_8.1;
T_8.0 ;
    %load/vec4 v00000115d6146c70_0;
    %pad/u 64;
    %cmpi/e 2603, 0, 64;
    %jmp/0xz  T_8.2, 4;
    %pushi/vec4 1, 0, 1;
    %assign/vec4 v00000115d6146db0_0, 0;
    %jmp T_8.3;
T_8.2 ;
    %pushi/vec4 0, 0, 1;
    %assign/vec4 v00000115d6146db0_0, 0;
T_8.3 ;
T_8.1 ;
    %jmp T_8;
    .thread T_8;
    .scope S_00000115d611c8f0;
T_9 ;
    %wait E_00000115d6112330;
    %load/vec4 v00000115d61463b0_0;
    %nor/r;
    %flag_set/vec4 8;
    %jmp/0xz  T_9.0, 8;
    %pushi/vec4 0, 0, 3;
    %assign/vec4 v00000115d61a3c70_0, 0;
    %jmp T_9.1;
T_9.0 ;
    %load/vec4 v00000115d6146e50_0;
    %nor/r;
    %flag_set/vec4 8;
    %jmp/0xz  T_9.2, 8;
    %pushi/vec4 0, 0, 3;
    %assign/vec4 v00000115d61a3c70_0, 0;
    %jmp T_9.3;
T_9.2 ;
    %load/vec4 v00000115d6146e50_0;
    %flag_set/vec4 9;
    %flag_get/vec4 9;
    %jmp/0 T_9.6, 9;
    %load/vec4 v00000115d6146c70_0;
    %pushi/vec4 0, 0, 16;
    %cmp/e;
    %flag_get/vec4 4;
    %and;
T_9.6;
    %flag_set/vec4 8;
    %jmp/0xz  T_9.4, 8;
    %load/vec4 v00000115d61a4710_0;
    %assign/vec4 v00000115d61a3c70_0, 0;
T_9.4 ;
T_9.3 ;
T_9.1 ;
    %jmp T_9;
    .thread T_9;
    .scope S_00000115d611c8f0;
T_10 ;
    %wait E_00000115d6112db0;
    %load/vec4 v00000115d61a3c70_0;
    %dup/vec4;
    %pushi/vec4 0, 0, 3;
    %cmp/u;
    %jmp/1 T_10.0, 6;
    %dup/vec4;
    %pushi/vec4 1, 0, 3;
    %cmp/u;
    %jmp/1 T_10.1, 6;
    %dup/vec4;
    %pushi/vec4 3, 0, 3;
    %cmp/u;
    %jmp/1 T_10.2, 6;
    %dup/vec4;
    %pushi/vec4 4, 0, 3;
    %cmp/u;
    %jmp/1 T_10.3, 6;
    %dup/vec4;
    %pushi/vec4 5, 0, 3;
    %cmp/u;
    %jmp/1 T_10.4, 6;
    %jmp T_10.6;
T_10.0 ;
    %pushi/vec4 1, 0, 3;
    %assign/vec4 v00000115d61a4710_0, 0;
    %jmp T_10.6;
T_10.1 ;
    %pushi/vec4 3, 0, 3;
    %assign/vec4 v00000115d61a4710_0, 0;
    %jmp T_10.6;
T_10.2 ;
    %load/vec4 v00000115d61a3db0_0;
    %pad/u 32;
    %cmpi/e 8, 0, 32;
    %jmp/0xz  T_10.7, 4;
    %pushi/vec4 4, 0, 3;
    %assign/vec4 v00000115d61a4710_0, 0;
    %jmp T_10.8;
T_10.7 ;
    %pushi/vec4 3, 0, 3;
    %assign/vec4 v00000115d61a4710_0, 0;
T_10.8 ;
    %jmp T_10.6;
T_10.3 ;
    %pushi/vec4 5, 0, 3;
    %assign/vec4 v00000115d61a4710_0, 0;
    %jmp T_10.6;
T_10.4 ;
    %pushi/vec4 0, 0, 3;
    %assign/vec4 v00000115d61a4710_0, 0;
    %jmp T_10.6;
T_10.6 ;
    %pop/vec4 1;
    %jmp T_10;
    .thread T_10, $push;
    .scope S_00000115d611c8f0;
T_11 ;
    %wait E_00000115d6112330;
    %load/vec4 v00000115d61463b0_0;
    %nor/r;
    %flag_set/vec4 8;
    %jmp/0xz  T_11.0, 8;
    %pushi/vec4 0, 0, 1;
    %assign/vec4 v00000115d6146e50_0, 0;
    %pushi/vec4 0, 0, 8;
    %assign/vec4 v00000115d61a4350_0, 0;
    %pushi/vec4 1, 0, 1;
    %assign/vec4 v00000115d6146590_0, 0;
    %pushi/vec4 0, 0, 4;
    %assign/vec4 v00000115d61a3db0_0, 0;
    %pushi/vec4 0, 0, 1;
    %assign/vec4 v00000115d61a4d50_0, 0;
    %jmp T_11.1;
T_11.0 ;
    %load/vec4 v00000115d61a3c70_0;
    %dup/vec4;
    %pushi/vec4 0, 0, 3;
    %cmp/u;
    %jmp/1 T_11.2, 6;
    %dup/vec4;
    %pushi/vec4 1, 0, 3;
    %cmp/u;
    %jmp/1 T_11.3, 6;
    %dup/vec4;
    %pushi/vec4 3, 0, 3;
    %cmp/u;
    %jmp/1 T_11.4, 6;
    %dup/vec4;
    %pushi/vec4 4, 0, 3;
    %cmp/u;
    %jmp/1 T_11.5, 6;
    %dup/vec4;
    %pushi/vec4 5, 0, 3;
    %cmp/u;
    %jmp/1 T_11.6, 6;
    %jmp T_11.8;
T_11.2 ;
    %pushi/vec4 1, 0, 1;
    %assign/vec4 v00000115d6146590_0, 0;
    %pushi/vec4 0, 0, 4;
    %assign/vec4 v00000115d61a3db0_0, 0;
    %pushi/vec4 0, 0, 1;
    %assign/vec4 v00000115d61a4d50_0, 0;
    %load/vec4 v00000115d6146310_0;
    %flag_set/vec4 8;
    %jmp/0xz  T_11.9, 8;
    %pushi/vec4 1, 0, 1;
    %assign/vec4 v00000115d6146e50_0, 0;
    %load/vec4 v00000115d61461d0_0;
    %assign/vec4 v00000115d61a4350_0, 0;
T_11.9 ;
    %jmp T_11.8;
T_11.3 ;
    %load/vec4 v00000115d6146db0_0;
    %flag_set/vec4 8;
    %jmp/0xz  T_11.11, 8;
    %pushi/vec4 0, 0, 1;
    %assign/vec4 v00000115d6146590_0, 0;
T_11.11 ;
    %jmp T_11.8;
T_11.4 ;
    %load/vec4 v00000115d6146db0_0;
    %flag_set/vec4 8;
    %jmp/0xz  T_11.13, 8;
    %load/vec4 v00000115d61a3db0_0;
    %addi 1, 0, 4;
    %assign/vec4 v00000115d61a3db0_0, 0;
    %load/vec4 v00000115d61a4350_0;
    %parti/s 1, 0, 2;
    %assign/vec4 v00000115d6146590_0, 0;
    %load/vec4 v00000115d61a4d50_0;
    %load/vec4 v00000115d61a4350_0;
    %parti/s 1, 0, 2;
    %add;
    %assign/vec4 v00000115d61a4d50_0, 0;
    %pushi/vec4 0, 0, 1;
    %load/vec4 v00000115d61a4350_0;
    %parti/s 7, 1, 2;
    %concat/vec4; draw_concat_vec4
    %assign/vec4 v00000115d61a4350_0, 0;
T_11.13 ;
    %jmp T_11.8;
T_11.5 ;
    %load/vec4 v00000115d6146db0_0;
    %flag_set/vec4 8;
    %jmp/0xz  T_11.15, 8;
    %load/vec4 v00000115d61a4d50_0;
    %assign/vec4 v00000115d6146590_0, 0;
T_11.15 ;
    %jmp T_11.8;
T_11.6 ;
    %load/vec4 v00000115d6146db0_0;
    %flag_set/vec4 8;
    %jmp/0xz  T_11.17, 8;
    %pushi/vec4 1, 0, 1;
    %assign/vec4 v00000115d6146590_0, 0;
    %pushi/vec4 0, 0, 1;
    %assign/vec4 v00000115d6146e50_0, 0;
T_11.17 ;
    %jmp T_11.8;
T_11.8 ;
    %pop/vec4 1;
T_11.1 ;
    %jmp T_11;
    .thread T_11;
    .scope S_00000115d61143f0;
T_12 ;
    %pushi/vec4 172, 0, 8;
    %store/vec4 v00000115d61a4170_0, 0, 8;
    %end;
    .thread T_12, $init;
    .scope S_00000115d61143f0;
T_13 ;
    %pushi/vec4 0, 0, 1;
    %store/vec4 v00000115d61a40d0_0, 0, 1;
    %pushi/vec4 0, 0, 1;
    %store/vec4 v00000115d61a4490_0, 0, 1;
    %pushi/vec4 1, 0, 1;
    %store/vec4 v00000115d61a3450_0, 0, 1;
    %end;
    .thread T_13;
    .scope S_00000115d61143f0;
T_14 ;
    %delay 10, 0;
    %load/vec4 v00000115d61a40d0_0;
    %inv;
    %store/vec4 v00000115d61a40d0_0, 0, 1;
    %jmp T_14;
    .thread T_14;
    .scope S_00000115d61143f0;
T_15 ;
    %delay 100, 0;
    %pushi/vec4 1, 0, 1;
    %store/vec4 v00000115d61a4490_0, 0, 1;
    %delay 20000, 0;
    %pushi/vec4 0, 0, 1;
    %store/vec4 v00000115d61a3450_0, 0, 1;
    %delay 104160, 0;
    %load/vec4 v00000115d61a4170_0;
    %parti/s 1, 0, 2;
    %store/vec4 v00000115d61a3450_0, 0, 1;
    %delay 104160, 0;
    %load/vec4 v00000115d61a4170_0;
    %parti/s 1, 1, 2;
    %store/vec4 v00000115d61a3450_0, 0, 1;
    %delay 104160, 0;
    %load/vec4 v00000115d61a4170_0;
    %parti/s 1, 2, 3;
    %store/vec4 v00000115d61a3450_0, 0, 1;
    %delay 104160, 0;
    %load/vec4 v00000115d61a4170_0;
    %parti/s 1, 3, 3;
    %store/vec4 v00000115d61a3450_0, 0, 1;
    %delay 104160, 0;
    %load/vec4 v00000115d61a4170_0;
    %parti/s 1, 4, 4;
    %store/vec4 v00000115d61a3450_0, 0, 1;
    %delay 104160, 0;
    %load/vec4 v00000115d61a4170_0;
    %parti/s 1, 5, 4;
    %store/vec4 v00000115d61a3450_0, 0, 1;
    %delay 104160, 0;
    %load/vec4 v00000115d61a4170_0;
    %parti/s 1, 6, 4;
    %store/vec4 v00000115d61a3450_0, 0, 1;
    %delay 104160, 0;
    %load/vec4 v00000115d61a4170_0;
    %parti/s 1, 7, 4;
    %store/vec4 v00000115d61a3450_0, 0, 1;
    %delay 104160, 0;
    %pushi/vec4 1, 0, 1;
    %store/vec4 v00000115d61a3450_0, 0, 1;
    %delay 104160, 0;
    %pushi/vec4 1, 0, 1;
    %store/vec4 v00000115d61a3450_0, 0, 1;
    %end;
    .thread T_15;
    .scope S_00000115d61143f0;
T_16 ;
    %vpi_call/w 3 58 "$dumpfile", "wave.vcd" {0 0 0};
    %vpi_call/w 3 59 "$dumpvars", 32'sb00000000000000000000000000000000, S_00000115d61143f0 {0 0 0};
    %delay 3000000, 0;
    %vpi_call/w 3 60 "$finish" {0 0 0};
    %end;
    .thread T_16;
# The file index is used to find the file name in the following table.
:file_names 7;
    "N/A";
    "<interactive>";
    "-";
    "tb_uart_loop.sv";
    "uart_loop.sv";
    "uart_rx.sv";
    "uart_tx.sv";
