#! /c/Source/iverilog-install/bin/vvp
:ivl_version "12.0 (devel)" "(s20150603-1539-g2693dd32b)";
:ivl_delay_selection "TYPICAL";
:vpi_time_precision - 9;
:vpi_module "C:\iverilog\lib\ivl\system.vpi";
:vpi_module "C:\iverilog\lib\ivl\vhdl_sys.vpi";
:vpi_module "C:\iverilog\lib\ivl\vhdl_textio.vpi";
:vpi_module "C:\iverilog\lib\ivl\v2005_math.vpi";
:vpi_module "C:\iverilog\lib\ivl\va_math.vpi";
:vpi_module "C:\iverilog\lib\ivl\v2009.vpi";
S_00000191b8db9140 .scope package, "$unit" "$unit" 2 1;
 .timescale 0 0;
S_00000191b9023670 .scope module, "TestCordic" "TestCordic" 3 14;
 .timescale -9 -9;
v00000191b90dc880_0 .var/real "a_e", 0 0;
v00000191b90dd500_0 .var/real "a_i", 0 0;
v00000191b90dcb00_0 .var/real "a_o", 0 0;
v00000191b90dc380_0 .var "clock", 0 0;
v00000191b90dddc0_0 .var/s "ex", 16 0;
v00000191b90dd5a0_0 .var/s "ey", 16 0;
v00000191b90dd1e0_0 .var/i "i", 31 0;
v00000191b90dc240_0 .var "init", 0 0;
v00000191b90dd960_0 .var/i "j", 31 0;
v00000191b90dcec0_0 .var "reset", 0 0;
v00000191b90dcf60_0 .var/real "rx", 0 0;
v00000191b90dc420_0 .var/real "ry", 0 0;
v00000191b90dcd80_0 .var "theta_i", 16 0;
v00000191b90dd320_0 .net "theta_o", 16 0, v00000191b9450220_0;  1 drivers
v00000191b90dc920 .array/s "x", 0 90, 16 0;
v00000191b90dde60_0 .var "x_i", 16 0;
v00000191b90ddf00_0 .net "x_o", 16 0, v00000191b9450f40_0;  1 drivers
v00000191b90dc4c0 .array/s "y", 0 90, 16 0;
v00000191b90ddbe0_0 .var "y_i", 16 0;
v00000191b90dc560_0 .net "y_o", 16 0, v00000191b9450cc0_0;  1 drivers
v00000191b90dd460 .array/s "z", 0 90, 16 0;
S_00000191b9026170 .scope module, "UUT" "cordic" 3 23, 4 258 0, S_00000191b9023670;
 .timescale -9 -9;
    .port_info 0 /INPUT 1 "clk";
    .port_info 1 /INPUT 1 "rst";
    .port_info 2 /INPUT 1 "init";
    .port_info 3 /INPUT 17 "x_i";
    .port_info 4 /INPUT 17 "y_i";
    .port_info 5 /INPUT 17 "theta_i";
    .port_info 6 /OUTPUT 17 "x_o";
    .port_info 7 /OUTPUT 17 "y_o";
    .port_info 8 /OUTPUT 17 "theta_o";
v00000191b9450540_0 .net *"_ivl_9", 3 0, L_00000191b90dda00;  1 drivers
v00000191b90dc060_0 .net "clk", 0 0, v00000191b90dc380_0;  1 drivers
v00000191b90dc1a0_0 .net "init", 0 0, v00000191b90dc240_0;  1 drivers
v00000191b90dce20_0 .var "iteration", 4 0;
v00000191b90dd140_0 .net "rst", 0 0, v00000191b90dcec0_0;  1 drivers
v00000191b90ddaa0_0 .net/s "theta_i", 16 0, v00000191b90dcd80_0;  1 drivers
v00000191b90dd780_0 .net/s "theta_o", 16 0, v00000191b9450220_0;  alias, 1 drivers
v00000191b90dd3c0_0 .net/s "x", 16 0, L_00000191b90ddb40;  1 drivers
v00000191b90dc100_0 .net/s "x_i", 16 0, v00000191b90dde60_0;  1 drivers
v00000191b90dcce0_0 .net/s "x_o", 16 0, v00000191b9450f40_0;  alias, 1 drivers
v00000191b90ddd20_0 .net/s "y", 16 0, L_00000191b90dc7e0;  1 drivers
v00000191b90dd8c0_0 .net/s "y_i", 16 0, v00000191b90ddbe0_0;  1 drivers
v00000191b90dc9c0_0 .net/s "y_o", 16 0, v00000191b9450cc0_0;  alias, 1 drivers
v00000191b90dcc40_0 .net/s "z", 16 0, L_00000191b90dcba0;  1 drivers
E_00000191b909d1c0 .event posedge, v00000191b94500e0_0, v00000191b9450180_0;
L_00000191b90ddb40 .functor MUXZ 17, v00000191b9450f40_0, v00000191b90dde60_0, v00000191b90dc240_0, C4<>;
L_00000191b90dc7e0 .functor MUXZ 17, v00000191b9450cc0_0, v00000191b90ddbe0_0, v00000191b90dc240_0, C4<>;
L_00000191b90dcba0 .functor MUXZ 17, v00000191b9450220_0, v00000191b90dcd80_0, v00000191b90dc240_0, C4<>;
L_00000191b90dd820 .ufunc/vec4 TD_TestCordic.UUT.tanangle, 17, L_00000191b90dda00 (v00000191b9450360_0) S_00000191b8ff2870;
L_00000191b90dda00 .part v00000191b90dce20_0, 0, 4;
S_00000191b9026300 .scope module, "U" "rotator" 4 375, 4 187 0, S_00000191b9026170;
 .timescale -9 -9;
    .port_info 0 /INPUT 1 "clk";
    .port_info 1 /INPUT 1 "rst";
    .port_info 2 /INPUT 1 "init";
    .port_info 3 /INPUT 5 "iteration";
    .port_info 4 /INPUT 17 "tangle";
    .port_info 5 /INPUT 17 "x_i";
    .port_info 6 /INPUT 17 "y_i";
    .port_info 7 /INPUT 17 "z_i";
    .port_info 8 /OUTPUT 17 "x_o";
    .port_info 9 /OUTPUT 17 "y_o";
    .port_info 10 /OUTPUT 17 "z_o";
v00000191b9450180_0 .net "clk", 0 0, v00000191b90dc380_0;  alias, 1 drivers
v00000191b94500e0_0 .net "init", 0 0, v00000191b90dc240_0;  alias, 1 drivers
v00000191b9450680_0 .net "iteration", 4 0, v00000191b90dce20_0;  1 drivers
v00000191b9450b80_0 .net "rst", 0 0, v00000191b90dcec0_0;  alias, 1 drivers
v00000191b94507c0_0 .net/s "tangle", 16 0, L_00000191b90dd820;  1 drivers
v00000191b9450f40_0 .var/s "x_1", 16 0;
v00000191b9450860_0 .net/s "x_i", 16 0, L_00000191b90ddb40;  alias, 1 drivers
v00000191b9450fe0_0 .net/s "x_i_shifted", 16 0, v00000191b8db8f00_0;  1 drivers
v00000191b9450c20_0 .net/s "x_o", 16 0, v00000191b9450f40_0;  alias, 1 drivers
v00000191b9450cc0_0 .var/s "y_1", 16 0;
v00000191b94504a0_0 .net/s "y_i", 16 0, L_00000191b90dc7e0;  alias, 1 drivers
v00000191b94509a0_0 .net/s "y_i_shifted", 16 0, v00000191b94505e0_0;  1 drivers
v00000191b9450d60_0 .net/s "y_o", 16 0, v00000191b9450cc0_0;  alias, 1 drivers
v00000191b9450220_0 .var/s "z_1", 16 0;
v00000191b9450ea0_0 .net/s "z_i", 16 0, L_00000191b90dcba0;  alias, 1 drivers
v00000191b94502c0_0 .net/s "z_o", 16 0, v00000191b9450220_0;  alias, 1 drivers
E_00000191b909d200 .event posedge, v00000191b9450180_0;
L_00000191b90dd640 .part v00000191b90dce20_0, 0, 4;
L_00000191b90dd6e0 .part v00000191b90dce20_0, 0, 4;
S_00000191b9036830 .scope module, "x_shifter" "signed_shifter" 4 212, 4 171 0, S_00000191b9026300;
 .timescale -9 -9;
    .port_info 0 /INPUT 4 "i";
    .port_info 1 /INPUT 17 "D";
    .port_info 2 /OUTPUT 17 "Q";
v00000191b8db92d0_0 .net/s "D", 16 0, L_00000191b90ddb40;  alias, 1 drivers
v00000191b8db8f00_0 .var/s "Q", 16 0;
v00000191b9450900_0 .net "i", 3 0, L_00000191b90dd640;  1 drivers
v00000191b9450720_0 .var/i "j", 31 0;
E_00000191b9096a80 .event anyedge, v00000191b8db92d0_0, v00000191b9450900_0, v00000191b8db8f00_0;
S_00000191b90369c0 .scope module, "y_shifter" "signed_shifter" 4 213, 4 171 0, S_00000191b9026300;
 .timescale -9 -9;
    .port_info 0 /INPUT 4 "i";
    .port_info 1 /INPUT 17 "D";
    .port_info 2 /OUTPUT 17 "Q";
v00000191b9450a40_0 .net/s "D", 16 0, L_00000191b90dc7e0;  alias, 1 drivers
v00000191b94505e0_0 .var/s "Q", 16 0;
v00000191b9450ae0_0 .net "i", 3 0, L_00000191b90dd6e0;  1 drivers
v00000191b9450e00_0 .var/i "j", 31 0;
E_00000191b9097040 .event anyedge, v00000191b9450a40_0, v00000191b9450ae0_0, v00000191b94505e0_0;
S_00000191b8ff2870 .scope function.vec4.s17, "tanangle" "tanangle" 4 280, 4 280 0, S_00000191b9026170;
 .timescale -9 -9;
v00000191b9450360_0 .var "i", 3 0;
; Variable tanangle is vec4 return value of scope S_00000191b8ff2870
TD_TestCordic.UUT.tanangle ;
    %load/vec4 v00000191b9450360_0;
    %dup/vec4;
    %pushi/vec4 0, 0, 4;
    %cmp/u;
    %jmp/1 T_0.0, 6;
    %dup/vec4;
    %pushi/vec4 1, 0, 4;
    %cmp/u;
    %jmp/1 T_0.1, 6;
    %dup/vec4;
    %pushi/vec4 2, 0, 4;
    %cmp/u;
    %jmp/1 T_0.2, 6;
    %dup/vec4;
    %pushi/vec4 3, 0, 4;
    %cmp/u;
    %jmp/1 T_0.3, 6;
    %dup/vec4;
    %pushi/vec4 4, 0, 4;
    %cmp/u;
    %jmp/1 T_0.4, 6;
    %dup/vec4;
    %pushi/vec4 5, 0, 4;
    %cmp/u;
    %jmp/1 T_0.5, 6;
    %dup/vec4;
    %pushi/vec4 6, 0, 4;
    %cmp/u;
    %jmp/1 T_0.6, 6;
    %dup/vec4;
    %pushi/vec4 7, 0, 4;
    %cmp/u;
    %jmp/1 T_0.7, 6;
    %dup/vec4;
    %pushi/vec4 8, 0, 4;
    %cmp/u;
    %jmp/1 T_0.8, 6;
    %dup/vec4;
    %pushi/vec4 9, 0, 4;
    %cmp/u;
    %jmp/1 T_0.9, 6;
    %dup/vec4;
    %pushi/vec4 10, 0, 4;
    %cmp/u;
    %jmp/1 T_0.10, 6;
    %dup/vec4;
    %pushi/vec4 11, 0, 4;
    %cmp/u;
    %jmp/1 T_0.11, 6;
    %dup/vec4;
    %pushi/vec4 12, 0, 4;
    %cmp/u;
    %jmp/1 T_0.12, 6;
    %dup/vec4;
    %pushi/vec4 13, 0, 4;
    %cmp/u;
    %jmp/1 T_0.13, 6;
    %dup/vec4;
    %pushi/vec4 14, 0, 4;
    %cmp/u;
    %jmp/1 T_0.14, 6;
    %dup/vec4;
    %pushi/vec4 15, 0, 4;
    %cmp/u;
    %jmp/1 T_0.15, 6;
    %jmp T_0.16;
T_0.0 ;
    %pushi/vec4 25735, 0, 17;
    %ret/vec4 0, 0, 17;  Assign to tanangle (store_vec4_to_lval)
    %jmp T_0.16;
T_0.1 ;
    %pushi/vec4 15192, 0, 17;
    %ret/vec4 0, 0, 17;  Assign to tanangle (store_vec4_to_lval)
    %jmp T_0.16;
T_0.2 ;
    %pushi/vec4 8027, 0, 17;
    %ret/vec4 0, 0, 17;  Assign to tanangle (store_vec4_to_lval)
    %jmp T_0.16;
T_0.3 ;
    %pushi/vec4 4075, 0, 17;
    %ret/vec4 0, 0, 17;  Assign to tanangle (store_vec4_to_lval)
    %jmp T_0.16;
T_0.4 ;
    %pushi/vec4 2045, 0, 17;
    %ret/vec4 0, 0, 17;  Assign to tanangle (store_vec4_to_lval)
    %jmp T_0.16;
T_0.5 ;
    %pushi/vec4 1024, 0, 17;
    %ret/vec4 0, 0, 17;  Assign to tanangle (store_vec4_to_lval)
    %jmp T_0.16;
T_0.6 ;
    %pushi/vec4 512, 0, 17;
    %ret/vec4 0, 0, 17;  Assign to tanangle (store_vec4_to_lval)
    %jmp T_0.16;
T_0.7 ;
    %pushi/vec4 256, 0, 17;
    %ret/vec4 0, 0, 17;  Assign to tanangle (store_vec4_to_lval)
    %jmp T_0.16;
T_0.8 ;
    %pushi/vec4 128, 0, 17;
    %ret/vec4 0, 0, 17;  Assign to tanangle (store_vec4_to_lval)
    %jmp T_0.16;
T_0.9 ;
    %pushi/vec4 64, 0, 17;
    %ret/vec4 0, 0, 17;  Assign to tanangle (store_vec4_to_lval)
    %jmp T_0.16;
T_0.10 ;
    %pushi/vec4 32, 0, 17;
    %ret/vec4 0, 0, 17;  Assign to tanangle (store_vec4_to_lval)
    %jmp T_0.16;
T_0.11 ;
    %pushi/vec4 16, 0, 17;
    %ret/vec4 0, 0, 17;  Assign to tanangle (store_vec4_to_lval)
    %jmp T_0.16;
T_0.12 ;
    %pushi/vec4 8, 0, 17;
    %ret/vec4 0, 0, 17;  Assign to tanangle (store_vec4_to_lval)
    %jmp T_0.16;
T_0.13 ;
    %pushi/vec4 4, 0, 17;
    %ret/vec4 0, 0, 17;  Assign to tanangle (store_vec4_to_lval)
    %jmp T_0.16;
T_0.14 ;
    %pushi/vec4 2, 0, 17;
    %ret/vec4 0, 0, 17;  Assign to tanangle (store_vec4_to_lval)
    %jmp T_0.16;
T_0.15 ;
    %pushi/vec4 1, 0, 17;
    %ret/vec4 0, 0, 17;  Assign to tanangle (store_vec4_to_lval)
    %jmp T_0.16;
T_0.16 ;
    %pop/vec4 1;
    %end;
S_00000191b8ff2a00 .scope task, "show_results" "show_results" 3 73, 3 73 0, S_00000191b9023670;
 .timescale -9 -9;
v00000191b90dd280_0 .var/i "j", 31 0;
v00000191b90dd0a0_0 .var "ltheta", 16 0;
v00000191b90dc2e0_0 .var "lx", 16 0;
v00000191b90dc740_0 .var "ly", 16 0;
TD_TestCordic.show_results ;
    %load/vec4 v00000191b90dd280_0;
    %store/vec4 v00000191b90ddc80_0, 0, 32;
    %load/vec4 v00000191b90dc2e0_0;
    %store/vec4 v00000191b90dc6a0_0, 0, 17;
    %load/vec4 v00000191b90dc740_0;
    %store/vec4 v00000191b90dca60_0, 0, 17;
    %fork TD_TestCordic.show_rotate_results, S_00000191b8ff2b90;
    %join;
    %end;
S_00000191b8ff2b90 .scope task, "show_rotate_results" "show_rotate_results" 3 55, 3 55 0, S_00000191b9023670;
 .timescale -9 -9;
v00000191b90ddc80_0 .var/i "j", 31 0;
v00000191b90dc6a0_0 .var "lx", 16 0;
v00000191b90dca60_0 .var "ly", 16 0;
TD_TestCordic.show_rotate_results ;
    %load/vec4 v00000191b90dc6a0_0;
    %cvt/rv;
    %store/real v00000191b90dcf60_0;
    %load/vec4 v00000191b90dca60_0;
    %cvt/rv;
    %store/real v00000191b90dc420_0;
    %load/real v00000191b90dcf60_0;
    %pushi/vec4 32768, 0, 32;
    %cvt/rv/s;
    %div/wr;
    %store/real v00000191b90dcf60_0;
    %load/real v00000191b90dc420_0;
    %pushi/vec4 32768, 0, 32;
    %cvt/rv/s;
    %div/wr;
    %store/real v00000191b90dc420_0;
    %ix/getv/s 4, v00000191b90ddc80_0;
    %load/vec4a v00000191b90dc920, 4;
    %load/vec4 v00000191b90dc6a0_0;
    %cmp/u;
    %jmp/0xz  T_2.17, 5;
    %load/vec4 v00000191b90dc6a0_0;
    %ix/getv/s 4, v00000191b90ddc80_0;
    %load/vec4a v00000191b90dc920, 4;
    %sub;
    %store/vec4 v00000191b90dddc0_0, 0, 17;
    %jmp T_2.18;
T_2.17 ;
    %ix/getv/s 4, v00000191b90ddc80_0;
    %load/vec4a v00000191b90dc920, 4;
    %load/vec4 v00000191b90dc6a0_0;
    %sub;
    %store/vec4 v00000191b90dddc0_0, 0, 17;
T_2.18 ;
    %ix/getv/s 4, v00000191b90ddc80_0;
    %load/vec4a v00000191b90dc4c0, 4;
    %load/vec4 v00000191b90dca60_0;
    %cmp/u;
    %jmp/0xz  T_2.19, 5;
    %load/vec4 v00000191b90dca60_0;
    %ix/getv/s 4, v00000191b90ddc80_0;
    %load/vec4a v00000191b90dc4c0, 4;
    %sub;
    %store/vec4 v00000191b90dd5a0_0, 0, 17;
    %jmp T_2.20;
T_2.19 ;
    %ix/getv/s 4, v00000191b90ddc80_0;
    %load/vec4a v00000191b90dc4c0, 4;
    %load/vec4 v00000191b90dca60_0;
    %sub;
    %store/vec4 v00000191b90dd5a0_0, 0, 17;
T_2.20 ;
    %load/vec4 v00000191b90dddc0_0;
    %pad/s 32;
    %cmpi/s 10, 0, 32;
    %flag_or 5, 4; GT is !LE
    %flag_inv 5;
    %jmp/1 T_2.23, 5;
    %flag_mov 8, 5;
    %load/vec4 v00000191b90dd5a0_0;
    %pad/s 32;
    %cmpi/s 10, 0, 32;
    %flag_or 5, 4; GT is !LE
    %flag_inv 5;
    %flag_or 5, 8;
T_2.23;
    %jmp/0xz  T_2.21, 5;
    %vpi_call/w 3 67 "$display", "Angle: %d  sin = %f  cos = %f        errors %d %d", v00000191b90ddc80_0, v00000191b90dc420_0, v00000191b90dcf60_0, v00000191b90dd5a0_0, v00000191b90dddc0_0 {0 0 0};
    %jmp T_2.22;
T_2.21 ;
    %vpi_call/w 3 69 "$display", "Angle: %d  sin = %f  cos = %f", v00000191b90ddc80_0, v00000191b90dc420_0, v00000191b90dcf60_0 {0 0 0};
T_2.22 ;
    %end;
S_00000191b9023fd0 .scope task, "show_vector_results" "show_vector_results" 3 40, 3 40 0, S_00000191b9023670;
 .timescale -9 -9;
v00000191b90dd000_0 .var/i "j", 31 0;
v00000191b90dc600_0 .var "theta", 16 0;
TD_TestCordic.show_vector_results ;
    %load/vec4 v00000191b90dd000_0;
    %cvt/rv/s;
    %pushi/real 1685774663, 4067; load=3.14000
    %pushi/real 2852127, 4045; load=3.14000
    %add/wr;
    %mul/wr;
    %pushi/vec4 180, 0, 32;
    %cvt/rv/s;
    %div/wr;
    %store/real v00000191b90dd500_0;
    %load/vec4 v00000191b90dc600_0;
    %cvt/rv;
    %store/real v00000191b90dcb00_0;
    %load/real v00000191b90dcb00_0;
    %pushi/vec4 32768, 0, 32;
    %cvt/rv/s;
    %div/wr;
    %store/real v00000191b90dcb00_0;
    %load/real v00000191b90dd500_0;
    %load/real v00000191b90dcb00_0;
    %cmp/wr;
    %jmp/0xz  T_3.24, 5;
    %load/real v00000191b90dcb00_0;
    %load/real v00000191b90dd500_0;
    %sub/wr;
    %store/real v00000191b90dc880_0;
    %jmp T_3.25;
T_3.24 ;
    %load/real v00000191b90dd500_0;
    %load/real v00000191b90dcb00_0;
    %sub/wr;
    %store/real v00000191b90dc880_0;
T_3.25 ;
    %pushi/real 1099511627, 4056; load=0.00100000
    %pushi/real 3254780, 4034; load=0.00100000
    %add/wr;
    %load/real v00000191b90dc880_0;
    %cmp/wr;
    %jmp/0xz  T_3.26, 5;
    %load/real v00000191b90dcb00_0;
    %load/real v00000191b90dd500_0;
    %sub/wr;
    %vpi_call/w 3 49 "$display", "angle %f computed %f  error %f", v00000191b90dd500_0, v00000191b90dcb00_0, W<0,r> {0 1 0};
    %jmp T_3.27;
T_3.26 ;
    %vpi_call/w 3 51 "$display", "angle %f computed %f", v00000191b90dd500_0, v00000191b90dcb00_0 {0 0 0};
T_3.27 ;
    %end;
    .scope S_00000191b9036830;
T_4 ;
    %wait E_00000191b9096a80;
    %load/vec4 v00000191b8db92d0_0;
    %store/vec4 v00000191b8db8f00_0, 0, 17;
    %pushi/vec4 0, 0, 32;
    %store/vec4 v00000191b9450720_0, 0, 32;
T_4.0 ;
    %load/vec4 v00000191b9450720_0;
    %load/vec4 v00000191b9450900_0;
    %pad/u 32;
    %cmp/u;
    %jmp/0xz T_4.1, 5;
    %load/vec4 v00000191b8db8f00_0;
    %ix/load 4, 1, 0;
    %flag_set/imm 4, 0;
    %shiftr 4;
    %load/vec4 v00000191b8db92d0_0;
    %parti/s 1, 16, 6;
    %pad/u 17;
    %ix/load 4, 16, 0;
    %flag_set/imm 4, 0;
    %shiftl 4;
    %or;
    %store/vec4 v00000191b8db8f00_0, 0, 17;
    %load/vec4 v00000191b9450720_0;
    %addi 1, 0, 32;
    %store/vec4 v00000191b9450720_0, 0, 32;
    %jmp T_4.0;
T_4.1 ;
    %jmp T_4;
    .thread T_4, $push;
    .scope S_00000191b90369c0;
T_5 ;
    %wait E_00000191b9097040;
    %load/vec4 v00000191b9450a40_0;
    %store/vec4 v00000191b94505e0_0, 0, 17;
    %pushi/vec4 0, 0, 32;
    %store/vec4 v00000191b9450e00_0, 0, 32;
T_5.0 ;
    %load/vec4 v00000191b9450e00_0;
    %load/vec4 v00000191b9450ae0_0;
    %pad/u 32;
    %cmp/u;
    %jmp/0xz T_5.1, 5;
    %load/vec4 v00000191b94505e0_0;
    %ix/load 4, 1, 0;
    %flag_set/imm 4, 0;
    %shiftr 4;
    %load/vec4 v00000191b9450a40_0;
    %parti/s 1, 16, 6;
    %pad/u 17;
    %ix/load 4, 16, 0;
    %flag_set/imm 4, 0;
    %shiftl 4;
    %or;
    %store/vec4 v00000191b94505e0_0, 0, 17;
    %load/vec4 v00000191b9450e00_0;
    %addi 1, 0, 32;
    %store/vec4 v00000191b9450e00_0, 0, 32;
    %jmp T_5.0;
T_5.1 ;
    %jmp T_5;
    .thread T_5, $push;
    .scope S_00000191b9026300;
T_6 ;
    %wait E_00000191b909d200;
    %load/vec4 v00000191b9450b80_0;
    %flag_set/vec4 8;
    %jmp/0xz  T_6.0, 8;
    %pushi/vec4 0, 0, 17;
    %assign/vec4 v00000191b9450f40_0, 0;
    %pushi/vec4 0, 0, 17;
    %assign/vec4 v00000191b9450cc0_0, 0;
    %pushi/vec4 0, 0, 17;
    %assign/vec4 v00000191b9450220_0, 0;
    %jmp T_6.1;
T_6.0 ;
    %load/vec4 v00000191b94500e0_0;
    %flag_set/vec4 8;
    %jmp/0xz  T_6.2, 8;
    %load/vec4 v00000191b9450860_0;
    %assign/vec4 v00000191b9450f40_0, 0;
    %load/vec4 v00000191b94504a0_0;
    %assign/vec4 v00000191b9450cc0_0, 0;
    %load/vec4 v00000191b9450ea0_0;
    %assign/vec4 v00000191b9450220_0, 0;
    %jmp T_6.3;
T_6.2 ;
    %load/vec4 v00000191b9450ea0_0;
    %pad/s 32;
    %cmpi/s 0, 0, 32;
    %jmp/0xz  T_6.4, 5;
    %load/vec4 v00000191b9450860_0;
    %load/vec4 v00000191b94509a0_0;
    %add;
    %assign/vec4 v00000191b9450f40_0, 0;
    %load/vec4 v00000191b94504a0_0;
    %load/vec4 v00000191b9450fe0_0;
    %sub;
    %assign/vec4 v00000191b9450cc0_0, 0;
    %load/vec4 v00000191b9450ea0_0;
    %load/vec4 v00000191b94507c0_0;
    %add;
    %assign/vec4 v00000191b9450220_0, 0;
    %jmp T_6.5;
T_6.4 ;
    %load/vec4 v00000191b9450860_0;
    %load/vec4 v00000191b94509a0_0;
    %sub;
    %assign/vec4 v00000191b9450f40_0, 0;
    %load/vec4 v00000191b94504a0_0;
    %load/vec4 v00000191b9450fe0_0;
    %add;
    %assign/vec4 v00000191b9450cc0_0, 0;
    %load/vec4 v00000191b9450ea0_0;
    %load/vec4 v00000191b94507c0_0;
    %sub;
    %assign/vec4 v00000191b9450220_0, 0;
T_6.5 ;
T_6.3 ;
T_6.1 ;
    %jmp T_6;
    .thread T_6;
    .scope S_00000191b9026170;
T_7 ;
    %wait E_00000191b909d1c0;
    %load/vec4 v00000191b90dc1a0_0;
    %flag_set/vec4 8;
    %jmp/0xz  T_7.0, 8;
    %pushi/vec4 0, 0, 5;
    %assign/vec4 v00000191b90dce20_0, 0;
    %jmp T_7.1;
T_7.0 ;
    %load/vec4 v00000191b90dce20_0;
    %addi 1, 0, 5;
    %assign/vec4 v00000191b90dce20_0, 0;
T_7.1 ;
    %jmp T_7;
    .thread T_7;
    .scope S_00000191b9023670;
T_8 ;
    %vpi_call/w 3 88 "$display", "starting simulation" {0 0 0};
    %vpi_call/w 3 93 "$display", "ITERATE configuration" {0 0 0};
    %pushi/vec4 32768, 0, 17;
    %ix/load 3, 0, 0;
    %flag_set/imm 4, 0;
    %ix/load 4, 0, 0; Constant delay
    %assign/vec4/a/d v00000191b90dc920, 0, 4;
    %pushi/vec4 0, 0, 17;
    %ix/load 3, 0, 0;
    %flag_set/imm 4, 0;
    %ix/load 4, 0, 0; Constant delay
    %assign/vec4/a/d v00000191b90dc4c0, 0, 4;
    %pushi/vec4 0, 0, 17;
    %ix/load 3, 0, 0;
    %flag_set/imm 4, 0;
    %ix/load 4, 0, 0; Constant delay
    %assign/vec4/a/d v00000191b90dd460, 0, 4;
    %pushi/vec4 32763, 0, 17;
    %ix/load 3, 1, 0;
    %flag_set/imm 4, 0;
    %ix/load 4, 0, 0; Constant delay
    %assign/vec4/a/d v00000191b90dc920, 0, 4;
    %pushi/vec4 571, 0, 17;
    %ix/load 3, 1, 0;
    %flag_set/imm 4, 0;
    %ix/load 4, 0, 0; Constant delay
    %assign/vec4/a/d v00000191b90dc4c0, 0, 4;
    %pushi/vec4 571, 0, 17;
    %ix/load 3, 1, 0;
    %flag_set/imm 4, 0;
    %ix/load 4, 0, 0; Constant delay
    %assign/vec4/a/d v00000191b90dd460, 0, 4;
    %pushi/vec4 32748, 0, 17;
    %ix/load 3, 2, 0;
    %flag_set/imm 4, 0;
    %ix/load 4, 0, 0; Constant delay
    %assign/vec4/a/d v00000191b90dc920, 0, 4;
    %pushi/vec4 1143, 0, 17;
    %ix/load 3, 2, 0;
    %flag_set/imm 4, 0;
    %ix/load 4, 0, 0; Constant delay
    %assign/vec4/a/d v00000191b90dc4c0, 0, 4;
    %pushi/vec4 1143, 0, 17;
    %ix/load 3, 2, 0;
    %flag_set/imm 4, 0;
    %ix/load 4, 0, 0; Constant delay
    %assign/vec4/a/d v00000191b90dd460, 0, 4;
    %pushi/vec4 32723, 0, 17;
    %ix/load 3, 3, 0;
    %flag_set/imm 4, 0;
    %ix/load 4, 0, 0; Constant delay
    %assign/vec4/a/d v00000191b90dc920, 0, 4;
    %pushi/vec4 1714, 0, 17;
    %ix/load 3, 3, 0;
    %flag_set/imm 4, 0;
    %ix/load 4, 0, 0; Constant delay
    %assign/vec4/a/d v00000191b90dc4c0, 0, 4;
    %pushi/vec4 1715, 0, 17;
    %ix/load 3, 3, 0;
    %flag_set/imm 4, 0;
    %ix/load 4, 0, 0; Constant delay
    %assign/vec4/a/d v00000191b90dd460, 0, 4;
    %pushi/vec4 32688, 0, 17;
    %ix/load 3, 4, 0;
    %flag_set/imm 4, 0;
    %ix/load 4, 0, 0; Constant delay
    %assign/vec4/a/d v00000191b90dc920, 0, 4;
    %pushi/vec4 2285, 0, 17;
    %ix/load 3, 4, 0;
    %flag_set/imm 4, 0;
    %ix/load 4, 0, 0; Constant delay
    %assign/vec4/a/d v00000191b90dc4c0, 0, 4;
    %pushi/vec4 2287, 0, 17;
    %ix/load 3, 4, 0;
    %flag_set/imm 4, 0;
    %ix/load 4, 0, 0; Constant delay
    %assign/vec4/a/d v00000191b90dd460, 0, 4;
    %pushi/vec4 32643, 0, 17;
    %ix/load 3, 5, 0;
    %flag_set/imm 4, 0;
    %ix/load 4, 0, 0; Constant delay
    %assign/vec4/a/d v00000191b90dc920, 0, 4;
    %pushi/vec4 2855, 0, 17;
    %ix/load 3, 5, 0;
    %flag_set/imm 4, 0;
    %ix/load 4, 0, 0; Constant delay
    %assign/vec4/a/d v00000191b90dc4c0, 0, 4;
    %pushi/vec4 2859, 0, 17;
    %ix/load 3, 5, 0;
    %flag_set/imm 4, 0;
    %ix/load 4, 0, 0; Constant delay
    %assign/vec4/a/d v00000191b90dd460, 0, 4;
    %pushi/vec4 32588, 0, 17;
    %ix/load 3, 6, 0;
    %flag_set/imm 4, 0;
    %ix/load 4, 0, 0; Constant delay
    %assign/vec4/a/d v00000191b90dc920, 0, 4;
    %pushi/vec4 3425, 0, 17;
    %ix/load 3, 6, 0;
    %flag_set/imm 4, 0;
    %ix/load 4, 0, 0; Constant delay
    %assign/vec4/a/d v00000191b90dc4c0, 0, 4;
    %pushi/vec4 3431, 0, 17;
    %ix/load 3, 6, 0;
    %flag_set/imm 4, 0;
    %ix/load 4, 0, 0; Constant delay
    %assign/vec4/a/d v00000191b90dd460, 0, 4;
    %pushi/vec4 32523, 0, 17;
    %ix/load 3, 7, 0;
    %flag_set/imm 4, 0;
    %ix/load 4, 0, 0; Constant delay
    %assign/vec4/a/d v00000191b90dc920, 0, 4;
    %pushi/vec4 3993, 0, 17;
    %ix/load 3, 7, 0;
    %flag_set/imm 4, 0;
    %ix/load 4, 0, 0; Constant delay
    %assign/vec4/a/d v00000191b90dc4c0, 0, 4;
    %pushi/vec4 4003, 0, 17;
    %ix/load 3, 7, 0;
    %flag_set/imm 4, 0;
    %ix/load 4, 0, 0; Constant delay
    %assign/vec4/a/d v00000191b90dd460, 0, 4;
    %pushi/vec4 32449, 0, 17;
    %ix/load 3, 8, 0;
    %flag_set/imm 4, 0;
    %ix/load 4, 0, 0; Constant delay
    %assign/vec4/a/d v00000191b90dc920, 0, 4;
    %pushi/vec4 4560, 0, 17;
    %ix/load 3, 8, 0;
    %flag_set/imm 4, 0;
    %ix/load 4, 0, 0; Constant delay
    %assign/vec4/a/d v00000191b90dc4c0, 0, 4;
    %pushi/vec4 4575, 0, 17;
    %ix/load 3, 8, 0;
    %flag_set/imm 4, 0;
    %ix/load 4, 0, 0; Constant delay
    %assign/vec4/a/d v00000191b90dd460, 0, 4;
    %pushi/vec4 32364, 0, 17;
    %ix/load 3, 9, 0;
    %flag_set/imm 4, 0;
    %ix/load 4, 0, 0; Constant delay
    %assign/vec4/a/d v00000191b90dc920, 0, 4;
    %pushi/vec4 5126, 0, 17;
    %ix/load 3, 9, 0;
    %flag_set/imm 4, 0;
    %ix/load 4, 0, 0; Constant delay
    %assign/vec4/a/d v00000191b90dc4c0, 0, 4;
    %pushi/vec4 5147, 0, 17;
    %ix/load 3, 9, 0;
    %flag_set/imm 4, 0;
    %ix/load 4, 0, 0; Constant delay
    %assign/vec4/a/d v00000191b90dd460, 0, 4;
    %pushi/vec4 32270, 0, 17;
    %ix/load 3, 10, 0;
    %flag_set/imm 4, 0;
    %ix/load 4, 0, 0; Constant delay
    %assign/vec4/a/d v00000191b90dc920, 0, 4;
    %pushi/vec4 5690, 0, 17;
    %ix/load 3, 10, 0;
    %flag_set/imm 4, 0;
    %ix/load 4, 0, 0; Constant delay
    %assign/vec4/a/d v00000191b90dc4c0, 0, 4;
    %pushi/vec4 5719, 0, 17;
    %ix/load 3, 10, 0;
    %flag_set/imm 4, 0;
    %ix/load 4, 0, 0; Constant delay
    %assign/vec4/a/d v00000191b90dd460, 0, 4;
    %pushi/vec4 32165, 0, 17;
    %ix/load 3, 11, 0;
    %flag_set/imm 4, 0;
    %ix/load 4, 0, 0; Constant delay
    %assign/vec4/a/d v00000191b90dc920, 0, 4;
    %pushi/vec4 6252, 0, 17;
    %ix/load 3, 11, 0;
    %flag_set/imm 4, 0;
    %ix/load 4, 0, 0; Constant delay
    %assign/vec4/a/d v00000191b90dc4c0, 0, 4;
    %pushi/vec4 6291, 0, 17;
    %ix/load 3, 11, 0;
    %flag_set/imm 4, 0;
    %ix/load 4, 0, 0; Constant delay
    %assign/vec4/a/d v00000191b90dd460, 0, 4;
    %pushi/vec4 32051, 0, 17;
    %ix/load 3, 12, 0;
    %flag_set/imm 4, 0;
    %ix/load 4, 0, 0; Constant delay
    %assign/vec4/a/d v00000191b90dc920, 0, 4;
    %pushi/vec4 6812, 0, 17;
    %ix/load 3, 12, 0;
    %flag_set/imm 4, 0;
    %ix/load 4, 0, 0; Constant delay
    %assign/vec4/a/d v00000191b90dc4c0, 0, 4;
    %pushi/vec4 6862, 0, 17;
    %ix/load 3, 12, 0;
    %flag_set/imm 4, 0;
    %ix/load 4, 0, 0; Constant delay
    %assign/vec4/a/d v00000191b90dd460, 0, 4;
    %pushi/vec4 31928, 0, 17;
    %ix/load 3, 13, 0;
    %flag_set/imm 4, 0;
    %ix/load 4, 0, 0; Constant delay
    %assign/vec4/a/d v00000191b90dc920, 0, 4;
    %pushi/vec4 7371, 0, 17;
    %ix/load 3, 13, 0;
    %flag_set/imm 4, 0;
    %ix/load 4, 0, 0; Constant delay
    %assign/vec4/a/d v00000191b90dc4c0, 0, 4;
    %pushi/vec4 7434, 0, 17;
    %ix/load 3, 13, 0;
    %flag_set/imm 4, 0;
    %ix/load 4, 0, 0; Constant delay
    %assign/vec4/a/d v00000191b90dd460, 0, 4;
    %pushi/vec4 31794, 0, 17;
    %ix/load 3, 14, 0;
    %flag_set/imm 4, 0;
    %ix/load 4, 0, 0; Constant delay
    %assign/vec4/a/d v00000191b90dc920, 0, 4;
    %pushi/vec4 7927, 0, 17;
    %ix/load 3, 14, 0;
    %flag_set/imm 4, 0;
    %ix/load 4, 0, 0; Constant delay
    %assign/vec4/a/d v00000191b90dc4c0, 0, 4;
    %pushi/vec4 8006, 0, 17;
    %ix/load 3, 14, 0;
    %flag_set/imm 4, 0;
    %ix/load 4, 0, 0; Constant delay
    %assign/vec4/a/d v00000191b90dd460, 0, 4;
    %pushi/vec4 31651, 0, 17;
    %ix/load 3, 15, 0;
    %flag_set/imm 4, 0;
    %ix/load 4, 0, 0; Constant delay
    %assign/vec4/a/d v00000191b90dc920, 0, 4;
    %pushi/vec4 8480, 0, 17;
    %ix/load 3, 15, 0;
    %flag_set/imm 4, 0;
    %ix/load 4, 0, 0; Constant delay
    %assign/vec4/a/d v00000191b90dc4c0, 0, 4;
    %pushi/vec4 8578, 0, 17;
    %ix/load 3, 15, 0;
    %flag_set/imm 4, 0;
    %ix/load 4, 0, 0; Constant delay
    %assign/vec4/a/d v00000191b90dd460, 0, 4;
    %pushi/vec4 31498, 0, 17;
    %ix/load 3, 16, 0;
    %flag_set/imm 4, 0;
    %ix/load 4, 0, 0; Constant delay
    %assign/vec4/a/d v00000191b90dc920, 0, 4;
    %pushi/vec4 9032, 0, 17;
    %ix/load 3, 16, 0;
    %flag_set/imm 4, 0;
    %ix/load 4, 0, 0; Constant delay
    %assign/vec4/a/d v00000191b90dc4c0, 0, 4;
    %pushi/vec4 9150, 0, 17;
    %ix/load 3, 16, 0;
    %flag_set/imm 4, 0;
    %ix/load 4, 0, 0; Constant delay
    %assign/vec4/a/d v00000191b90dd460, 0, 4;
    %pushi/vec4 31336, 0, 17;
    %ix/load 3, 17, 0;
    %flag_set/imm 4, 0;
    %ix/load 4, 0, 0; Constant delay
    %assign/vec4/a/d v00000191b90dc920, 0, 4;
    %pushi/vec4 9580, 0, 17;
    %ix/load 3, 17, 0;
    %flag_set/imm 4, 0;
    %ix/load 4, 0, 0; Constant delay
    %assign/vec4/a/d v00000191b90dc4c0, 0, 4;
    %pushi/vec4 9722, 0, 17;
    %ix/load 3, 17, 0;
    %flag_set/imm 4, 0;
    %ix/load 4, 0, 0; Constant delay
    %assign/vec4/a/d v00000191b90dd460, 0, 4;
    %pushi/vec4 31164, 0, 17;
    %ix/load 3, 18, 0;
    %flag_set/imm 4, 0;
    %ix/load 4, 0, 0; Constant delay
    %assign/vec4/a/d v00000191b90dc920, 0, 4;
    %pushi/vec4 10125, 0, 17;
    %ix/load 3, 18, 0;
    %flag_set/imm 4, 0;
    %ix/load 4, 0, 0; Constant delay
    %assign/vec4/a/d v00000191b90dc4c0, 0, 4;
    %pushi/vec4 10294, 0, 17;
    %ix/load 3, 18, 0;
    %flag_set/imm 4, 0;
    %ix/load 4, 0, 0; Constant delay
    %assign/vec4/a/d v00000191b90dd460, 0, 4;
    %pushi/vec4 30982, 0, 17;
    %ix/load 3, 19, 0;
    %flag_set/imm 4, 0;
    %ix/load 4, 0, 0; Constant delay
    %assign/vec4/a/d v00000191b90dc920, 0, 4;
    %pushi/vec4 10668, 0, 17;
    %ix/load 3, 19, 0;
    %flag_set/imm 4, 0;
    %ix/load 4, 0, 0; Constant delay
    %assign/vec4/a/d v00000191b90dc4c0, 0, 4;
    %pushi/vec4 10866, 0, 17;
    %ix/load 3, 19, 0;
    %flag_set/imm 4, 0;
    %ix/load 4, 0, 0; Constant delay
    %assign/vec4/a/d v00000191b90dd460, 0, 4;
    %pushi/vec4 30791, 0, 17;
    %ix/load 3, 20, 0;
    %flag_set/imm 4, 0;
    %ix/load 4, 0, 0; Constant delay
    %assign/vec4/a/d v00000191b90dc920, 0, 4;
    %pushi/vec4 11207, 0, 17;
    %ix/load 3, 20, 0;
    %flag_set/imm 4, 0;
    %ix/load 4, 0, 0; Constant delay
    %assign/vec4/a/d v00000191b90dc4c0, 0, 4;
    %pushi/vec4 11438, 0, 17;
    %ix/load 3, 20, 0;
    %flag_set/imm 4, 0;
    %ix/load 4, 0, 0; Constant delay
    %assign/vec4/a/d v00000191b90dd460, 0, 4;
    %pushi/vec4 30591, 0, 17;
    %ix/load 3, 21, 0;
    %flag_set/imm 4, 0;
    %ix/load 4, 0, 0; Constant delay
    %assign/vec4/a/d v00000191b90dc920, 0, 4;
    %pushi/vec4 11743, 0, 17;
    %ix/load 3, 21, 0;
    %flag_set/imm 4, 0;
    %ix/load 4, 0, 0; Constant delay
    %assign/vec4/a/d v00000191b90dc4c0, 0, 4;
    %pushi/vec4 12010, 0, 17;
    %ix/load 3, 21, 0;
    %flag_set/imm 4, 0;
    %ix/load 4, 0, 0; Constant delay
    %assign/vec4/a/d v00000191b90dd460, 0, 4;
    %pushi/vec4 30381, 0, 17;
    %ix/load 3, 22, 0;
    %flag_set/imm 4, 0;
    %ix/load 4, 0, 0; Constant delay
    %assign/vec4/a/d v00000191b90dc920, 0, 4;
    %pushi/vec4 12275, 0, 17;
    %ix/load 3, 22, 0;
    %flag_set/imm 4, 0;
    %ix/load 4, 0, 0; Constant delay
    %assign/vec4/a/d v00000191b90dc4c0, 0, 4;
    %pushi/vec4 12582, 0, 17;
    %ix/load 3, 22, 0;
    %flag_set/imm 4, 0;
    %ix/load 4, 0, 0; Constant delay
    %assign/vec4/a/d v00000191b90dd460, 0, 4;
    %pushi/vec4 30163, 0, 17;
    %ix/load 3, 23, 0;
    %flag_set/imm 4, 0;
    %ix/load 4, 0, 0; Constant delay
    %assign/vec4/a/d v00000191b90dc920, 0, 4;
    %pushi/vec4 12803, 0, 17;
    %ix/load 3, 23, 0;
    %flag_set/imm 4, 0;
    %ix/load 4, 0, 0; Constant delay
    %assign/vec4/a/d v00000191b90dc4c0, 0, 4;
    %pushi/vec4 13153, 0, 17;
    %ix/load 3, 23, 0;
    %flag_set/imm 4, 0;
    %ix/load 4, 0, 0; Constant delay
    %assign/vec4/a/d v00000191b90dd460, 0, 4;
    %pushi/vec4 29935, 0, 17;
    %ix/load 3, 24, 0;
    %flag_set/imm 4, 0;
    %ix/load 4, 0, 0; Constant delay
    %assign/vec4/a/d v00000191b90dc920, 0, 4;
    %pushi/vec4 13327, 0, 17;
    %ix/load 3, 24, 0;
    %flag_set/imm 4, 0;
    %ix/load 4, 0, 0; Constant delay
    %assign/vec4/a/d v00000191b90dc4c0, 0, 4;
    %pushi/vec4 13725, 0, 17;
    %ix/load 3, 24, 0;
    %flag_set/imm 4, 0;
    %ix/load 4, 0, 0; Constant delay
    %assign/vec4/a/d v00000191b90dd460, 0, 4;
    %pushi/vec4 29697, 0, 17;
    %ix/load 3, 25, 0;
    %flag_set/imm 4, 0;
    %ix/load 4, 0, 0; Constant delay
    %assign/vec4/a/d v00000191b90dc920, 0, 4;
    %pushi/vec4 13848, 0, 17;
    %ix/load 3, 25, 0;
    %flag_set/imm 4, 0;
    %ix/load 4, 0, 0; Constant delay
    %assign/vec4/a/d v00000191b90dc4c0, 0, 4;
    %pushi/vec4 14297, 0, 17;
    %ix/load 3, 25, 0;
    %flag_set/imm 4, 0;
    %ix/load 4, 0, 0; Constant delay
    %assign/vec4/a/d v00000191b90dd460, 0, 4;
    %pushi/vec4 29451, 0, 17;
    %ix/load 3, 26, 0;
    %flag_set/imm 4, 0;
    %ix/load 4, 0, 0; Constant delay
    %assign/vec4/a/d v00000191b90dc920, 0, 4;
    %pushi/vec4 14364, 0, 17;
    %ix/load 3, 26, 0;
    %flag_set/imm 4, 0;
    %ix/load 4, 0, 0; Constant delay
    %assign/vec4/a/d v00000191b90dc4c0, 0, 4;
    %pushi/vec4 14869, 0, 17;
    %ix/load 3, 26, 0;
    %flag_set/imm 4, 0;
    %ix/load 4, 0, 0; Constant delay
    %assign/vec4/a/d v00000191b90dd460, 0, 4;
    %pushi/vec4 29196, 0, 17;
    %ix/load 3, 27, 0;
    %flag_set/imm 4, 0;
    %ix/load 4, 0, 0; Constant delay
    %assign/vec4/a/d v00000191b90dc920, 0, 4;
    %pushi/vec4 14876, 0, 17;
    %ix/load 3, 27, 0;
    %flag_set/imm 4, 0;
    %ix/load 4, 0, 0; Constant delay
    %assign/vec4/a/d v00000191b90dc4c0, 0, 4;
    %pushi/vec4 15441, 0, 17;
    %ix/load 3, 27, 0;
    %flag_set/imm 4, 0;
    %ix/load 4, 0, 0; Constant delay
    %assign/vec4/a/d v00000191b90dd460, 0, 4;
    %pushi/vec4 28932, 0, 17;
    %ix/load 3, 28, 0;
    %flag_set/imm 4, 0;
    %ix/load 4, 0, 0; Constant delay
    %assign/vec4/a/d v00000191b90dc920, 0, 4;
    %pushi/vec4 15383, 0, 17;
    %ix/load 3, 28, 0;
    %flag_set/imm 4, 0;
    %ix/load 4, 0, 0; Constant delay
    %assign/vec4/a/d v00000191b90dc4c0, 0, 4;
    %pushi/vec4 16013, 0, 17;
    %ix/load 3, 28, 0;
    %flag_set/imm 4, 0;
    %ix/load 4, 0, 0; Constant delay
    %assign/vec4/a/d v00000191b90dd460, 0, 4;
    %pushi/vec4 28659, 0, 17;
    %ix/load 3, 29, 0;
    %flag_set/imm 4, 0;
    %ix/load 4, 0, 0; Constant delay
    %assign/vec4/a/d v00000191b90dc920, 0, 4;
    %pushi/vec4 15886, 0, 17;
    %ix/load 3, 29, 0;
    %flag_set/imm 4, 0;
    %ix/load 4, 0, 0; Constant delay
    %assign/vec4/a/d v00000191b90dc4c0, 0, 4;
    %pushi/vec4 16585, 0, 17;
    %ix/load 3, 29, 0;
    %flag_set/imm 4, 0;
    %ix/load 4, 0, 0; Constant delay
    %assign/vec4/a/d v00000191b90dd460, 0, 4;
    %pushi/vec4 28377, 0, 17;
    %ix/load 3, 30, 0;
    %flag_set/imm 4, 0;
    %ix/load 4, 0, 0; Constant delay
    %assign/vec4/a/d v00000191b90dc920, 0, 4;
    %pushi/vec4 16383, 0, 17;
    %ix/load 3, 30, 0;
    %flag_set/imm 4, 0;
    %ix/load 4, 0, 0; Constant delay
    %assign/vec4/a/d v00000191b90dc4c0, 0, 4;
    %pushi/vec4 17157, 0, 17;
    %ix/load 3, 30, 0;
    %flag_set/imm 4, 0;
    %ix/load 4, 0, 0; Constant delay
    %assign/vec4/a/d v00000191b90dd460, 0, 4;
    %pushi/vec4 28087, 0, 17;
    %ix/load 3, 31, 0;
    %flag_set/imm 4, 0;
    %ix/load 4, 0, 0; Constant delay
    %assign/vec4/a/d v00000191b90dc920, 0, 4;
    %pushi/vec4 16876, 0, 17;
    %ix/load 3, 31, 0;
    %flag_set/imm 4, 0;
    %ix/load 4, 0, 0; Constant delay
    %assign/vec4/a/d v00000191b90dc4c0, 0, 4;
    %pushi/vec4 17729, 0, 17;
    %ix/load 3, 31, 0;
    %flag_set/imm 4, 0;
    %ix/load 4, 0, 0; Constant delay
    %assign/vec4/a/d v00000191b90dd460, 0, 4;
    %pushi/vec4 27788, 0, 17;
    %ix/load 3, 32, 0;
    %flag_set/imm 4, 0;
    %ix/load 4, 0, 0; Constant delay
    %assign/vec4/a/d v00000191b90dc920, 0, 4;
    %pushi/vec4 17364, 0, 17;
    %ix/load 3, 32, 0;
    %flag_set/imm 4, 0;
    %ix/load 4, 0, 0; Constant delay
    %assign/vec4/a/d v00000191b90dc4c0, 0, 4;
    %pushi/vec4 18301, 0, 17;
    %ix/load 3, 32, 0;
    %flag_set/imm 4, 0;
    %ix/load 4, 0, 0; Constant delay
    %assign/vec4/a/d v00000191b90dd460, 0, 4;
    %pushi/vec4 27481, 0, 17;
    %ix/load 3, 33, 0;
    %flag_set/imm 4, 0;
    %ix/load 4, 0, 0; Constant delay
    %assign/vec4/a/d v00000191b90dc920, 0, 4;
    %pushi/vec4 17846, 0, 17;
    %ix/load 3, 33, 0;
    %flag_set/imm 4, 0;
    %ix/load 4, 0, 0; Constant delay
    %assign/vec4/a/d v00000191b90dc4c0, 0, 4;
    %pushi/vec4 18873, 0, 17;
    %ix/load 3, 33, 0;
    %flag_set/imm 4, 0;
    %ix/load 4, 0, 0; Constant delay
    %assign/vec4/a/d v00000191b90dd460, 0, 4;
    %pushi/vec4 27165, 0, 17;
    %ix/load 3, 34, 0;
    %flag_set/imm 4, 0;
    %ix/load 4, 0, 0; Constant delay
    %assign/vec4/a/d v00000191b90dc920, 0, 4;
    %pushi/vec4 18323, 0, 17;
    %ix/load 3, 34, 0;
    %flag_set/imm 4, 0;
    %ix/load 4, 0, 0; Constant delay
    %assign/vec4/a/d v00000191b90dc4c0, 0, 4;
    %pushi/vec4 19444, 0, 17;
    %ix/load 3, 34, 0;
    %flag_set/imm 4, 0;
    %ix/load 4, 0, 0; Constant delay
    %assign/vec4/a/d v00000191b90dd460, 0, 4;
    %pushi/vec4 26841, 0, 17;
    %ix/load 3, 35, 0;
    %flag_set/imm 4, 0;
    %ix/load 4, 0, 0; Constant delay
    %assign/vec4/a/d v00000191b90dc920, 0, 4;
    %pushi/vec4 18794, 0, 17;
    %ix/load 3, 35, 0;
    %flag_set/imm 4, 0;
    %ix/load 4, 0, 0; Constant delay
    %assign/vec4/a/d v00000191b90dc4c0, 0, 4;
    %pushi/vec4 20016, 0, 17;
    %ix/load 3, 35, 0;
    %flag_set/imm 4, 0;
    %ix/load 4, 0, 0; Constant delay
    %assign/vec4/a/d v00000191b90dd460, 0, 4;
    %pushi/vec4 26509, 0, 17;
    %ix/load 3, 36, 0;
    %flag_set/imm 4, 0;
    %ix/load 4, 0, 0; Constant delay
    %assign/vec4/a/d v00000191b90dc920, 0, 4;
    %pushi/vec4 19260, 0, 17;
    %ix/load 3, 36, 0;
    %flag_set/imm 4, 0;
    %ix/load 4, 0, 0; Constant delay
    %assign/vec4/a/d v00000191b90dc4c0, 0, 4;
    %pushi/vec4 20588, 0, 17;
    %ix/load 3, 36, 0;
    %flag_set/imm 4, 0;
    %ix/load 4, 0, 0; Constant delay
    %assign/vec4/a/d v00000191b90dd460, 0, 4;
    %pushi/vec4 26169, 0, 17;
    %ix/load 3, 37, 0;
    %flag_set/imm 4, 0;
    %ix/load 4, 0, 0; Constant delay
    %assign/vec4/a/d v00000191b90dc920, 0, 4;
    %pushi/vec4 19720, 0, 17;
    %ix/load 3, 37, 0;
    %flag_set/imm 4, 0;
    %ix/load 4, 0, 0; Constant delay
    %assign/vec4/a/d v00000191b90dc4c0, 0, 4;
    %pushi/vec4 21160, 0, 17;
    %ix/load 3, 37, 0;
    %flag_set/imm 4, 0;
    %ix/load 4, 0, 0; Constant delay
    %assign/vec4/a/d v00000191b90dd460, 0, 4;
    %pushi/vec4 25821, 0, 17;
    %ix/load 3, 38, 0;
    %flag_set/imm 4, 0;
    %ix/load 4, 0, 0; Constant delay
    %assign/vec4/a/d v00000191b90dc920, 0, 4;
    %pushi/vec4 20173, 0, 17;
    %ix/load 3, 38, 0;
    %flag_set/imm 4, 0;
    %ix/load 4, 0, 0; Constant delay
    %assign/vec4/a/d v00000191b90dc4c0, 0, 4;
    %pushi/vec4 21732, 0, 17;
    %ix/load 3, 38, 0;
    %flag_set/imm 4, 0;
    %ix/load 4, 0, 0; Constant delay
    %assign/vec4/a/d v00000191b90dd460, 0, 4;
    %pushi/vec4 25465, 0, 17;
    %ix/load 3, 39, 0;
    %flag_set/imm 4, 0;
    %ix/load 4, 0, 0; Constant delay
    %assign/vec4/a/d v00000191b90dc920, 0, 4;
    %pushi/vec4 20621, 0, 17;
    %ix/load 3, 39, 0;
    %flag_set/imm 4, 0;
    %ix/load 4, 0, 0; Constant delay
    %assign/vec4/a/d v00000191b90dc4c0, 0, 4;
    %pushi/vec4 22304, 0, 17;
    %ix/load 3, 39, 0;
    %flag_set/imm 4, 0;
    %ix/load 4, 0, 0; Constant delay
    %assign/vec4/a/d v00000191b90dd460, 0, 4;
    %pushi/vec4 25101, 0, 17;
    %ix/load 3, 40, 0;
    %flag_set/imm 4, 0;
    %ix/load 4, 0, 0; Constant delay
    %assign/vec4/a/d v00000191b90dc920, 0, 4;
    %pushi/vec4 21062, 0, 17;
    %ix/load 3, 40, 0;
    %flag_set/imm 4, 0;
    %ix/load 4, 0, 0; Constant delay
    %assign/vec4/a/d v00000191b90dc4c0, 0, 4;
    %pushi/vec4 22876, 0, 17;
    %ix/load 3, 40, 0;
    %flag_set/imm 4, 0;
    %ix/load 4, 0, 0; Constant delay
    %assign/vec4/a/d v00000191b90dd460, 0, 4;
    %pushi/vec4 24730, 0, 17;
    %ix/load 3, 41, 0;
    %flag_set/imm 4, 0;
    %ix/load 4, 0, 0; Constant delay
    %assign/vec4/a/d v00000191b90dc920, 0, 4;
    %pushi/vec4 21497, 0, 17;
    %ix/load 3, 41, 0;
    %flag_set/imm 4, 0;
    %ix/load 4, 0, 0; Constant delay
    %assign/vec4/a/d v00000191b90dc4c0, 0, 4;
    %pushi/vec4 23448, 0, 17;
    %ix/load 3, 41, 0;
    %flag_set/imm 4, 0;
    %ix/load 4, 0, 0; Constant delay
    %assign/vec4/a/d v00000191b90dd460, 0, 4;
    %pushi/vec4 24351, 0, 17;
    %ix/load 3, 42, 0;
    %flag_set/imm 4, 0;
    %ix/load 4, 0, 0; Constant delay
    %assign/vec4/a/d v00000191b90dc920, 0, 4;
    %pushi/vec4 21926, 0, 17;
    %ix/load 3, 42, 0;
    %flag_set/imm 4, 0;
    %ix/load 4, 0, 0; Constant delay
    %assign/vec4/a/d v00000191b90dc4c0, 0, 4;
    %pushi/vec4 24020, 0, 17;
    %ix/load 3, 42, 0;
    %flag_set/imm 4, 0;
    %ix/load 4, 0, 0; Constant delay
    %assign/vec4/a/d v00000191b90dd460, 0, 4;
    %pushi/vec4 23964, 0, 17;
    %ix/load 3, 43, 0;
    %flag_set/imm 4, 0;
    %ix/load 4, 0, 0; Constant delay
    %assign/vec4/a/d v00000191b90dc920, 0, 4;
    %pushi/vec4 22347, 0, 17;
    %ix/load 3, 43, 0;
    %flag_set/imm 4, 0;
    %ix/load 4, 0, 0; Constant delay
    %assign/vec4/a/d v00000191b90dc4c0, 0, 4;
    %pushi/vec4 24592, 0, 17;
    %ix/load 3, 43, 0;
    %flag_set/imm 4, 0;
    %ix/load 4, 0, 0; Constant delay
    %assign/vec4/a/d v00000191b90dd460, 0, 4;
    %pushi/vec4 23571, 0, 17;
    %ix/load 3, 44, 0;
    %flag_set/imm 4, 0;
    %ix/load 4, 0, 0; Constant delay
    %assign/vec4/a/d v00000191b90dc920, 0, 4;
    %pushi/vec4 22762, 0, 17;
    %ix/load 3, 44, 0;
    %flag_set/imm 4, 0;
    %ix/load 4, 0, 0; Constant delay
    %assign/vec4/a/d v00000191b90dc4c0, 0, 4;
    %pushi/vec4 25164, 0, 17;
    %ix/load 3, 44, 0;
    %flag_set/imm 4, 0;
    %ix/load 4, 0, 0; Constant delay
    %assign/vec4/a/d v00000191b90dd460, 0, 4;
    %pushi/vec4 23170, 0, 17;
    %ix/load 3, 45, 0;
    %flag_set/imm 4, 0;
    %ix/load 4, 0, 0; Constant delay
    %assign/vec4/a/d v00000191b90dc920, 0, 4;
    %pushi/vec4 23170, 0, 17;
    %ix/load 3, 45, 0;
    %flag_set/imm 4, 0;
    %ix/load 4, 0, 0; Constant delay
    %assign/vec4/a/d v00000191b90dc4c0, 0, 4;
    %pushi/vec4 25735, 0, 17;
    %ix/load 3, 45, 0;
    %flag_set/imm 4, 0;
    %ix/load 4, 0, 0; Constant delay
    %assign/vec4/a/d v00000191b90dd460, 0, 4;
    %pushi/vec4 22762, 0, 17;
    %ix/load 3, 46, 0;
    %flag_set/imm 4, 0;
    %ix/load 4, 0, 0; Constant delay
    %assign/vec4/a/d v00000191b90dc920, 0, 4;
    %pushi/vec4 23571, 0, 17;
    %ix/load 3, 46, 0;
    %flag_set/imm 4, 0;
    %ix/load 4, 0, 0; Constant delay
    %assign/vec4/a/d v00000191b90dc4c0, 0, 4;
    %pushi/vec4 26307, 0, 17;
    %ix/load 3, 46, 0;
    %flag_set/imm 4, 0;
    %ix/load 4, 0, 0; Constant delay
    %assign/vec4/a/d v00000191b90dd460, 0, 4;
    %pushi/vec4 22347, 0, 17;
    %ix/load 3, 47, 0;
    %flag_set/imm 4, 0;
    %ix/load 4, 0, 0; Constant delay
    %assign/vec4/a/d v00000191b90dc920, 0, 4;
    %pushi/vec4 23964, 0, 17;
    %ix/load 3, 47, 0;
    %flag_set/imm 4, 0;
    %ix/load 4, 0, 0; Constant delay
    %assign/vec4/a/d v00000191b90dc4c0, 0, 4;
    %pushi/vec4 26879, 0, 17;
    %ix/load 3, 47, 0;
    %flag_set/imm 4, 0;
    %ix/load 4, 0, 0; Constant delay
    %assign/vec4/a/d v00000191b90dd460, 0, 4;
    %pushi/vec4 21926, 0, 17;
    %ix/load 3, 48, 0;
    %flag_set/imm 4, 0;
    %ix/load 4, 0, 0; Constant delay
    %assign/vec4/a/d v00000191b90dc920, 0, 4;
    %pushi/vec4 24351, 0, 17;
    %ix/load 3, 48, 0;
    %flag_set/imm 4, 0;
    %ix/load 4, 0, 0; Constant delay
    %assign/vec4/a/d v00000191b90dc4c0, 0, 4;
    %pushi/vec4 27451, 0, 17;
    %ix/load 3, 48, 0;
    %flag_set/imm 4, 0;
    %ix/load 4, 0, 0; Constant delay
    %assign/vec4/a/d v00000191b90dd460, 0, 4;
    %pushi/vec4 21497, 0, 17;
    %ix/load 3, 49, 0;
    %flag_set/imm 4, 0;
    %ix/load 4, 0, 0; Constant delay
    %assign/vec4/a/d v00000191b90dc920, 0, 4;
    %pushi/vec4 24730, 0, 17;
    %ix/load 3, 49, 0;
    %flag_set/imm 4, 0;
    %ix/load 4, 0, 0; Constant delay
    %assign/vec4/a/d v00000191b90dc4c0, 0, 4;
    %pushi/vec4 28023, 0, 17;
    %ix/load 3, 49, 0;
    %flag_set/imm 4, 0;
    %ix/load 4, 0, 0; Constant delay
    %assign/vec4/a/d v00000191b90dd460, 0, 4;
    %pushi/vec4 21062, 0, 17;
    %ix/load 3, 50, 0;
    %flag_set/imm 4, 0;
    %ix/load 4, 0, 0; Constant delay
    %assign/vec4/a/d v00000191b90dc920, 0, 4;
    %pushi/vec4 25101, 0, 17;
    %ix/load 3, 50, 0;
    %flag_set/imm 4, 0;
    %ix/load 4, 0, 0; Constant delay
    %assign/vec4/a/d v00000191b90dc4c0, 0, 4;
    %pushi/vec4 28595, 0, 17;
    %ix/load 3, 50, 0;
    %flag_set/imm 4, 0;
    %ix/load 4, 0, 0; Constant delay
    %assign/vec4/a/d v00000191b90dd460, 0, 4;
    %pushi/vec4 20621, 0, 17;
    %ix/load 3, 51, 0;
    %flag_set/imm 4, 0;
    %ix/load 4, 0, 0; Constant delay
    %assign/vec4/a/d v00000191b90dc920, 0, 4;
    %pushi/vec4 25465, 0, 17;
    %ix/load 3, 51, 0;
    %flag_set/imm 4, 0;
    %ix/load 4, 0, 0; Constant delay
    %assign/vec4/a/d v00000191b90dc4c0, 0, 4;
    %pushi/vec4 29167, 0, 17;
    %ix/load 3, 51, 0;
    %flag_set/imm 4, 0;
    %ix/load 4, 0, 0; Constant delay
    %assign/vec4/a/d v00000191b90dd460, 0, 4;
    %pushi/vec4 20173, 0, 17;
    %ix/load 3, 52, 0;
    %flag_set/imm 4, 0;
    %ix/load 4, 0, 0; Constant delay
    %assign/vec4/a/d v00000191b90dc920, 0, 4;
    %pushi/vec4 25821, 0, 17;
    %ix/load 3, 52, 0;
    %flag_set/imm 4, 0;
    %ix/load 4, 0, 0; Constant delay
    %assign/vec4/a/d v00000191b90dc4c0, 0, 4;
    %pushi/vec4 29739, 0, 17;
    %ix/load 3, 52, 0;
    %flag_set/imm 4, 0;
    %ix/load 4, 0, 0; Constant delay
    %assign/vec4/a/d v00000191b90dd460, 0, 4;
    %pushi/vec4 19720, 0, 17;
    %ix/load 3, 53, 0;
    %flag_set/imm 4, 0;
    %ix/load 4, 0, 0; Constant delay
    %assign/vec4/a/d v00000191b90dc920, 0, 4;
    %pushi/vec4 26169, 0, 17;
    %ix/load 3, 53, 0;
    %flag_set/imm 4, 0;
    %ix/load 4, 0, 0; Constant delay
    %assign/vec4/a/d v00000191b90dc4c0, 0, 4;
    %pushi/vec4 30311, 0, 17;
    %ix/load 3, 53, 0;
    %flag_set/imm 4, 0;
    %ix/load 4, 0, 0; Constant delay
    %assign/vec4/a/d v00000191b90dd460, 0, 4;
    %pushi/vec4 19260, 0, 17;
    %ix/load 3, 54, 0;
    %flag_set/imm 4, 0;
    %ix/load 4, 0, 0; Constant delay
    %assign/vec4/a/d v00000191b90dc920, 0, 4;
    %pushi/vec4 26509, 0, 17;
    %ix/load 3, 54, 0;
    %flag_set/imm 4, 0;
    %ix/load 4, 0, 0; Constant delay
    %assign/vec4/a/d v00000191b90dc4c0, 0, 4;
    %pushi/vec4 30883, 0, 17;
    %ix/load 3, 54, 0;
    %flag_set/imm 4, 0;
    %ix/load 4, 0, 0; Constant delay
    %assign/vec4/a/d v00000191b90dd460, 0, 4;
    %pushi/vec4 18794, 0, 17;
    %ix/load 3, 55, 0;
    %flag_set/imm 4, 0;
    %ix/load 4, 0, 0; Constant delay
    %assign/vec4/a/d v00000191b90dc920, 0, 4;
    %pushi/vec4 26841, 0, 17;
    %ix/load 3, 55, 0;
    %flag_set/imm 4, 0;
    %ix/load 4, 0, 0; Constant delay
    %assign/vec4/a/d v00000191b90dc4c0, 0, 4;
    %pushi/vec4 31455, 0, 17;
    %ix/load 3, 55, 0;
    %flag_set/imm 4, 0;
    %ix/load 4, 0, 0; Constant delay
    %assign/vec4/a/d v00000191b90dd460, 0, 4;
    %pushi/vec4 18323, 0, 17;
    %ix/load 3, 56, 0;
    %flag_set/imm 4, 0;
    %ix/load 4, 0, 0; Constant delay
    %assign/vec4/a/d v00000191b90dc920, 0, 4;
    %pushi/vec4 27165, 0, 17;
    %ix/load 3, 56, 0;
    %flag_set/imm 4, 0;
    %ix/load 4, 0, 0; Constant delay
    %assign/vec4/a/d v00000191b90dc4c0, 0, 4;
    %pushi/vec4 32026, 0, 17;
    %ix/load 3, 56, 0;
    %flag_set/imm 4, 0;
    %ix/load 4, 0, 0; Constant delay
    %assign/vec4/a/d v00000191b90dd460, 0, 4;
    %pushi/vec4 17846, 0, 17;
    %ix/load 3, 57, 0;
    %flag_set/imm 4, 0;
    %ix/load 4, 0, 0; Constant delay
    %assign/vec4/a/d v00000191b90dc920, 0, 4;
    %pushi/vec4 27481, 0, 17;
    %ix/load 3, 57, 0;
    %flag_set/imm 4, 0;
    %ix/load 4, 0, 0; Constant delay
    %assign/vec4/a/d v00000191b90dc4c0, 0, 4;
    %pushi/vec4 32598, 0, 17;
    %ix/load 3, 57, 0;
    %flag_set/imm 4, 0;
    %ix/load 4, 0, 0; Constant delay
    %assign/vec4/a/d v00000191b90dd460, 0, 4;
    %pushi/vec4 17364, 0, 17;
    %ix/load 3, 58, 0;
    %flag_set/imm 4, 0;
    %ix/load 4, 0, 0; Constant delay
    %assign/vec4/a/d v00000191b90dc920, 0, 4;
    %pushi/vec4 27788, 0, 17;
    %ix/load 3, 58, 0;
    %flag_set/imm 4, 0;
    %ix/load 4, 0, 0; Constant delay
    %assign/vec4/a/d v00000191b90dc4c0, 0, 4;
    %pushi/vec4 33170, 0, 17;
    %ix/load 3, 58, 0;
    %flag_set/imm 4, 0;
    %ix/load 4, 0, 0; Constant delay
    %assign/vec4/a/d v00000191b90dd460, 0, 4;
    %pushi/vec4 16876, 0, 17;
    %ix/load 3, 59, 0;
    %flag_set/imm 4, 0;
    %ix/load 4, 0, 0; Constant delay
    %assign/vec4/a/d v00000191b90dc920, 0, 4;
    %pushi/vec4 28087, 0, 17;
    %ix/load 3, 59, 0;
    %flag_set/imm 4, 0;
    %ix/load 4, 0, 0; Constant delay
    %assign/vec4/a/d v00000191b90dc4c0, 0, 4;
    %pushi/vec4 33742, 0, 17;
    %ix/load 3, 59, 0;
    %flag_set/imm 4, 0;
    %ix/load 4, 0, 0; Constant delay
    %assign/vec4/a/d v00000191b90dd460, 0, 4;
    %pushi/vec4 16384, 0, 17;
    %ix/load 3, 60, 0;
    %flag_set/imm 4, 0;
    %ix/load 4, 0, 0; Constant delay
    %assign/vec4/a/d v00000191b90dc920, 0, 4;
    %pushi/vec4 28377, 0, 17;
    %ix/load 3, 60, 0;
    %flag_set/imm 4, 0;
    %ix/load 4, 0, 0; Constant delay
    %assign/vec4/a/d v00000191b90dc4c0, 0, 4;
    %pushi/vec4 34314, 0, 17;
    %ix/load 3, 60, 0;
    %flag_set/imm 4, 0;
    %ix/load 4, 0, 0; Constant delay
    %assign/vec4/a/d v00000191b90dd460, 0, 4;
    %pushi/vec4 15886, 0, 17;
    %ix/load 3, 61, 0;
    %flag_set/imm 4, 0;
    %ix/load 4, 0, 0; Constant delay
    %assign/vec4/a/d v00000191b90dc920, 0, 4;
    %pushi/vec4 28659, 0, 17;
    %ix/load 3, 61, 0;
    %flag_set/imm 4, 0;
    %ix/load 4, 0, 0; Constant delay
    %assign/vec4/a/d v00000191b90dc4c0, 0, 4;
    %pushi/vec4 34886, 0, 17;
    %ix/load 3, 61, 0;
    %flag_set/imm 4, 0;
    %ix/load 4, 0, 0; Constant delay
    %assign/vec4/a/d v00000191b90dd460, 0, 4;
    %pushi/vec4 15383, 0, 17;
    %ix/load 3, 62, 0;
    %flag_set/imm 4, 0;
    %ix/load 4, 0, 0; Constant delay
    %assign/vec4/a/d v00000191b90dc920, 0, 4;
    %pushi/vec4 28932, 0, 17;
    %ix/load 3, 62, 0;
    %flag_set/imm 4, 0;
    %ix/load 4, 0, 0; Constant delay
    %assign/vec4/a/d v00000191b90dc4c0, 0, 4;
    %pushi/vec4 35458, 0, 17;
    %ix/load 3, 62, 0;
    %flag_set/imm 4, 0;
    %ix/load 4, 0, 0; Constant delay
    %assign/vec4/a/d v00000191b90dd460, 0, 4;
    %pushi/vec4 14876, 0, 17;
    %ix/load 3, 63, 0;
    %flag_set/imm 4, 0;
    %ix/load 4, 0, 0; Constant delay
    %assign/vec4/a/d v00000191b90dc920, 0, 4;
    %pushi/vec4 29196, 0, 17;
    %ix/load 3, 63, 0;
    %flag_set/imm 4, 0;
    %ix/load 4, 0, 0; Constant delay
    %assign/vec4/a/d v00000191b90dc4c0, 0, 4;
    %pushi/vec4 36030, 0, 17;
    %ix/load 3, 63, 0;
    %flag_set/imm 4, 0;
    %ix/load 4, 0, 0; Constant delay
    %assign/vec4/a/d v00000191b90dd460, 0, 4;
    %pushi/vec4 14364, 0, 17;
    %ix/load 3, 64, 0;
    %flag_set/imm 4, 0;
    %ix/load 4, 0, 0; Constant delay
    %assign/vec4/a/d v00000191b90dc920, 0, 4;
    %pushi/vec4 29451, 0, 17;
    %ix/load 3, 64, 0;
    %flag_set/imm 4, 0;
    %ix/load 4, 0, 0; Constant delay
    %assign/vec4/a/d v00000191b90dc4c0, 0, 4;
    %pushi/vec4 36602, 0, 17;
    %ix/load 3, 64, 0;
    %flag_set/imm 4, 0;
    %ix/load 4, 0, 0; Constant delay
    %assign/vec4/a/d v00000191b90dd460, 0, 4;
    %pushi/vec4 13848, 0, 17;
    %ix/load 3, 65, 0;
    %flag_set/imm 4, 0;
    %ix/load 4, 0, 0; Constant delay
    %assign/vec4/a/d v00000191b90dc920, 0, 4;
    %pushi/vec4 29697, 0, 17;
    %ix/load 3, 65, 0;
    %flag_set/imm 4, 0;
    %ix/load 4, 0, 0; Constant delay
    %assign/vec4/a/d v00000191b90dc4c0, 0, 4;
    %pushi/vec4 37174, 0, 17;
    %ix/load 3, 65, 0;
    %flag_set/imm 4, 0;
    %ix/load 4, 0, 0; Constant delay
    %assign/vec4/a/d v00000191b90dd460, 0, 4;
    %pushi/vec4 13327, 0, 17;
    %ix/load 3, 66, 0;
    %flag_set/imm 4, 0;
    %ix/load 4, 0, 0; Constant delay
    %assign/vec4/a/d v00000191b90dc920, 0, 4;
    %pushi/vec4 29935, 0, 17;
    %ix/load 3, 66, 0;
    %flag_set/imm 4, 0;
    %ix/load 4, 0, 0; Constant delay
    %assign/vec4/a/d v00000191b90dc4c0, 0, 4;
    %pushi/vec4 37746, 0, 17;
    %ix/load 3, 66, 0;
    %flag_set/imm 4, 0;
    %ix/load 4, 0, 0; Constant delay
    %assign/vec4/a/d v00000191b90dd460, 0, 4;
    %pushi/vec4 12803, 0, 17;
    %ix/load 3, 67, 0;
    %flag_set/imm 4, 0;
    %ix/load 4, 0, 0; Constant delay
    %assign/vec4/a/d v00000191b90dc920, 0, 4;
    %pushi/vec4 30163, 0, 17;
    %ix/load 3, 67, 0;
    %flag_set/imm 4, 0;
    %ix/load 4, 0, 0; Constant delay
    %assign/vec4/a/d v00000191b90dc4c0, 0, 4;
    %pushi/vec4 38317, 0, 17;
    %ix/load 3, 67, 0;
    %flag_set/imm 4, 0;
    %ix/load 4, 0, 0; Constant delay
    %assign/vec4/a/d v00000191b90dd460, 0, 4;
    %pushi/vec4 12275, 0, 17;
    %ix/load 3, 68, 0;
    %flag_set/imm 4, 0;
    %ix/load 4, 0, 0; Constant delay
    %assign/vec4/a/d v00000191b90dc920, 0, 4;
    %pushi/vec4 30381, 0, 17;
    %ix/load 3, 68, 0;
    %flag_set/imm 4, 0;
    %ix/load 4, 0, 0; Constant delay
    %assign/vec4/a/d v00000191b90dc4c0, 0, 4;
    %pushi/vec4 38889, 0, 17;
    %ix/load 3, 68, 0;
    %flag_set/imm 4, 0;
    %ix/load 4, 0, 0; Constant delay
    %assign/vec4/a/d v00000191b90dd460, 0, 4;
    %pushi/vec4 11743, 0, 17;
    %ix/load 3, 69, 0;
    %flag_set/imm 4, 0;
    %ix/load 4, 0, 0; Constant delay
    %assign/vec4/a/d v00000191b90dc920, 0, 4;
    %pushi/vec4 30591, 0, 17;
    %ix/load 3, 69, 0;
    %flag_set/imm 4, 0;
    %ix/load 4, 0, 0; Constant delay
    %assign/vec4/a/d v00000191b90dc4c0, 0, 4;
    %pushi/vec4 39461, 0, 17;
    %ix/load 3, 69, 0;
    %flag_set/imm 4, 0;
    %ix/load 4, 0, 0; Constant delay
    %assign/vec4/a/d v00000191b90dd460, 0, 4;
    %pushi/vec4 11207, 0, 17;
    %ix/load 3, 70, 0;
    %flag_set/imm 4, 0;
    %ix/load 4, 0, 0; Constant delay
    %assign/vec4/a/d v00000191b90dc920, 0, 4;
    %pushi/vec4 30791, 0, 17;
    %ix/load 3, 70, 0;
    %flag_set/imm 4, 0;
    %ix/load 4, 0, 0; Constant delay
    %assign/vec4/a/d v00000191b90dc4c0, 0, 4;
    %pushi/vec4 40033, 0, 17;
    %ix/load 3, 70, 0;
    %flag_set/imm 4, 0;
    %ix/load 4, 0, 0; Constant delay
    %assign/vec4/a/d v00000191b90dd460, 0, 4;
    %pushi/vec4 10668, 0, 17;
    %ix/load 3, 71, 0;
    %flag_set/imm 4, 0;
    %ix/load 4, 0, 0; Constant delay
    %assign/vec4/a/d v00000191b90dc920, 0, 4;
    %pushi/vec4 30982, 0, 17;
    %ix/load 3, 71, 0;
    %flag_set/imm 4, 0;
    %ix/load 4, 0, 0; Constant delay
    %assign/vec4/a/d v00000191b90dc4c0, 0, 4;
    %pushi/vec4 40605, 0, 17;
    %ix/load 3, 71, 0;
    %flag_set/imm 4, 0;
    %ix/load 4, 0, 0; Constant delay
    %assign/vec4/a/d v00000191b90dd460, 0, 4;
    %pushi/vec4 10125, 0, 17;
    %ix/load 3, 72, 0;
    %flag_set/imm 4, 0;
    %ix/load 4, 0, 0; Constant delay
    %assign/vec4/a/d v00000191b90dc920, 0, 4;
    %pushi/vec4 31164, 0, 17;
    %ix/load 3, 72, 0;
    %flag_set/imm 4, 0;
    %ix/load 4, 0, 0; Constant delay
    %assign/vec4/a/d v00000191b90dc4c0, 0, 4;
    %pushi/vec4 41177, 0, 17;
    %ix/load 3, 72, 0;
    %flag_set/imm 4, 0;
    %ix/load 4, 0, 0; Constant delay
    %assign/vec4/a/d v00000191b90dd460, 0, 4;
    %pushi/vec4 9580, 0, 17;
    %ix/load 3, 73, 0;
    %flag_set/imm 4, 0;
    %ix/load 4, 0, 0; Constant delay
    %assign/vec4/a/d v00000191b90dc920, 0, 4;
    %pushi/vec4 31336, 0, 17;
    %ix/load 3, 73, 0;
    %flag_set/imm 4, 0;
    %ix/load 4, 0, 0; Constant delay
    %assign/vec4/a/d v00000191b90dc4c0, 0, 4;
    %pushi/vec4 41749, 0, 17;
    %ix/load 3, 73, 0;
    %flag_set/imm 4, 0;
    %ix/load 4, 0, 0; Constant delay
    %assign/vec4/a/d v00000191b90dd460, 0, 4;
    %pushi/vec4 9032, 0, 17;
    %ix/load 3, 74, 0;
    %flag_set/imm 4, 0;
    %ix/load 4, 0, 0; Constant delay
    %assign/vec4/a/d v00000191b90dc920, 0, 4;
    %pushi/vec4 31498, 0, 17;
    %ix/load 3, 74, 0;
    %flag_set/imm 4, 0;
    %ix/load 4, 0, 0; Constant delay
    %assign/vec4/a/d v00000191b90dc4c0, 0, 4;
    %pushi/vec4 42321, 0, 17;
    %ix/load 3, 74, 0;
    %flag_set/imm 4, 0;
    %ix/load 4, 0, 0; Constant delay
    %assign/vec4/a/d v00000191b90dd460, 0, 4;
    %pushi/vec4 8480, 0, 17;
    %ix/load 3, 75, 0;
    %flag_set/imm 4, 0;
    %ix/load 4, 0, 0; Constant delay
    %assign/vec4/a/d v00000191b90dc920, 0, 4;
    %pushi/vec4 31651, 0, 17;
    %ix/load 3, 75, 0;
    %flag_set/imm 4, 0;
    %ix/load 4, 0, 0; Constant delay
    %assign/vec4/a/d v00000191b90dc4c0, 0, 4;
    %pushi/vec4 42893, 0, 17;
    %ix/load 3, 75, 0;
    %flag_set/imm 4, 0;
    %ix/load 4, 0, 0; Constant delay
    %assign/vec4/a/d v00000191b90dd460, 0, 4;
    %pushi/vec4 7927, 0, 17;
    %ix/load 3, 76, 0;
    %flag_set/imm 4, 0;
    %ix/load 4, 0, 0; Constant delay
    %assign/vec4/a/d v00000191b90dc920, 0, 4;
    %pushi/vec4 31794, 0, 17;
    %ix/load 3, 76, 0;
    %flag_set/imm 4, 0;
    %ix/load 4, 0, 0; Constant delay
    %assign/vec4/a/d v00000191b90dc4c0, 0, 4;
    %pushi/vec4 43465, 0, 17;
    %ix/load 3, 76, 0;
    %flag_set/imm 4, 0;
    %ix/load 4, 0, 0; Constant delay
    %assign/vec4/a/d v00000191b90dd460, 0, 4;
    %pushi/vec4 7371, 0, 17;
    %ix/load 3, 77, 0;
    %flag_set/imm 4, 0;
    %ix/load 4, 0, 0; Constant delay
    %assign/vec4/a/d v00000191b90dc920, 0, 4;
    %pushi/vec4 31928, 0, 17;
    %ix/load 3, 77, 0;
    %flag_set/imm 4, 0;
    %ix/load 4, 0, 0; Constant delay
    %assign/vec4/a/d v00000191b90dc4c0, 0, 4;
    %pushi/vec4 44037, 0, 17;
    %ix/load 3, 77, 0;
    %flag_set/imm 4, 0;
    %ix/load 4, 0, 0; Constant delay
    %assign/vec4/a/d v00000191b90dd460, 0, 4;
    %pushi/vec4 6812, 0, 17;
    %ix/load 3, 78, 0;
    %flag_set/imm 4, 0;
    %ix/load 4, 0, 0; Constant delay
    %assign/vec4/a/d v00000191b90dc920, 0, 4;
    %pushi/vec4 32051, 0, 17;
    %ix/load 3, 78, 0;
    %flag_set/imm 4, 0;
    %ix/load 4, 0, 0; Constant delay
    %assign/vec4/a/d v00000191b90dc4c0, 0, 4;
    %pushi/vec4 44608, 0, 17;
    %ix/load 3, 78, 0;
    %flag_set/imm 4, 0;
    %ix/load 4, 0, 0; Constant delay
    %assign/vec4/a/d v00000191b90dd460, 0, 4;
    %pushi/vec4 6252, 0, 17;
    %ix/load 3, 79, 0;
    %flag_set/imm 4, 0;
    %ix/load 4, 0, 0; Constant delay
    %assign/vec4/a/d v00000191b90dc920, 0, 4;
    %pushi/vec4 32165, 0, 17;
    %ix/load 3, 79, 0;
    %flag_set/imm 4, 0;
    %ix/load 4, 0, 0; Constant delay
    %assign/vec4/a/d v00000191b90dc4c0, 0, 4;
    %pushi/vec4 45180, 0, 17;
    %ix/load 3, 79, 0;
    %flag_set/imm 4, 0;
    %ix/load 4, 0, 0; Constant delay
    %assign/vec4/a/d v00000191b90dd460, 0, 4;
    %pushi/vec4 5690, 0, 17;
    %ix/load 3, 80, 0;
    %flag_set/imm 4, 0;
    %ix/load 4, 0, 0; Constant delay
    %assign/vec4/a/d v00000191b90dc920, 0, 4;
    %pushi/vec4 32270, 0, 17;
    %ix/load 3, 80, 0;
    %flag_set/imm 4, 0;
    %ix/load 4, 0, 0; Constant delay
    %assign/vec4/a/d v00000191b90dc4c0, 0, 4;
    %pushi/vec4 45752, 0, 17;
    %ix/load 3, 80, 0;
    %flag_set/imm 4, 0;
    %ix/load 4, 0, 0; Constant delay
    %assign/vec4/a/d v00000191b90dd460, 0, 4;
    %pushi/vec4 5126, 0, 17;
    %ix/load 3, 81, 0;
    %flag_set/imm 4, 0;
    %ix/load 4, 0, 0; Constant delay
    %assign/vec4/a/d v00000191b90dc920, 0, 4;
    %pushi/vec4 32364, 0, 17;
    %ix/load 3, 81, 0;
    %flag_set/imm 4, 0;
    %ix/load 4, 0, 0; Constant delay
    %assign/vec4/a/d v00000191b90dc4c0, 0, 4;
    %pushi/vec4 46324, 0, 17;
    %ix/load 3, 81, 0;
    %flag_set/imm 4, 0;
    %ix/load 4, 0, 0; Constant delay
    %assign/vec4/a/d v00000191b90dd460, 0, 4;
    %pushi/vec4 4560, 0, 17;
    %ix/load 3, 82, 0;
    %flag_set/imm 4, 0;
    %ix/load 4, 0, 0; Constant delay
    %assign/vec4/a/d v00000191b90dc920, 0, 4;
    %pushi/vec4 32449, 0, 17;
    %ix/load 3, 82, 0;
    %flag_set/imm 4, 0;
    %ix/load 4, 0, 0; Constant delay
    %assign/vec4/a/d v00000191b90dc4c0, 0, 4;
    %pushi/vec4 46896, 0, 17;
    %ix/load 3, 82, 0;
    %flag_set/imm 4, 0;
    %ix/load 4, 0, 0; Constant delay
    %assign/vec4/a/d v00000191b90dd460, 0, 4;
    %pushi/vec4 3993, 0, 17;
    %ix/load 3, 83, 0;
    %flag_set/imm 4, 0;
    %ix/load 4, 0, 0; Constant delay
    %assign/vec4/a/d v00000191b90dc920, 0, 4;
    %pushi/vec4 32523, 0, 17;
    %ix/load 3, 83, 0;
    %flag_set/imm 4, 0;
    %ix/load 4, 0, 0; Constant delay
    %assign/vec4/a/d v00000191b90dc4c0, 0, 4;
    %pushi/vec4 47468, 0, 17;
    %ix/load 3, 83, 0;
    %flag_set/imm 4, 0;
    %ix/load 4, 0, 0; Constant delay
    %assign/vec4/a/d v00000191b90dd460, 0, 4;
    %pushi/vec4 3425, 0, 17;
    %ix/load 3, 84, 0;
    %flag_set/imm 4, 0;
    %ix/load 4, 0, 0; Constant delay
    %assign/vec4/a/d v00000191b90dc920, 0, 4;
    %pushi/vec4 32588, 0, 17;
    %ix/load 3, 84, 0;
    %flag_set/imm 4, 0;
    %ix/load 4, 0, 0; Constant delay
    %assign/vec4/a/d v00000191b90dc4c0, 0, 4;
    %pushi/vec4 48040, 0, 17;
    %ix/load 3, 84, 0;
    %flag_set/imm 4, 0;
    %ix/load 4, 0, 0; Constant delay
    %assign/vec4/a/d v00000191b90dd460, 0, 4;
    %pushi/vec4 2855, 0, 17;
    %ix/load 3, 85, 0;
    %flag_set/imm 4, 0;
    %ix/load 4, 0, 0; Constant delay
    %assign/vec4/a/d v00000191b90dc920, 0, 4;
    %pushi/vec4 32643, 0, 17;
    %ix/load 3, 85, 0;
    %flag_set/imm 4, 0;
    %ix/load 4, 0, 0; Constant delay
    %assign/vec4/a/d v00000191b90dc4c0, 0, 4;
    %pushi/vec4 48612, 0, 17;
    %ix/load 3, 85, 0;
    %flag_set/imm 4, 0;
    %ix/load 4, 0, 0; Constant delay
    %assign/vec4/a/d v00000191b90dd460, 0, 4;
    %pushi/vec4 2285, 0, 17;
    %ix/load 3, 86, 0;
    %flag_set/imm 4, 0;
    %ix/load 4, 0, 0; Constant delay
    %assign/vec4/a/d v00000191b90dc920, 0, 4;
    %pushi/vec4 32688, 0, 17;
    %ix/load 3, 86, 0;
    %flag_set/imm 4, 0;
    %ix/load 4, 0, 0; Constant delay
    %assign/vec4/a/d v00000191b90dc4c0, 0, 4;
    %pushi/vec4 49184, 0, 17;
    %ix/load 3, 86, 0;
    %flag_set/imm 4, 0;
    %ix/load 4, 0, 0; Constant delay
    %assign/vec4/a/d v00000191b90dd460, 0, 4;
    %pushi/vec4 1714, 0, 17;
    %ix/load 3, 87, 0;
    %flag_set/imm 4, 0;
    %ix/load 4, 0, 0; Constant delay
    %assign/vec4/a/d v00000191b90dc920, 0, 4;
    %pushi/vec4 32723, 0, 17;
    %ix/load 3, 87, 0;
    %flag_set/imm 4, 0;
    %ix/load 4, 0, 0; Constant delay
    %assign/vec4/a/d v00000191b90dc4c0, 0, 4;
    %pushi/vec4 49756, 0, 17;
    %ix/load 3, 87, 0;
    %flag_set/imm 4, 0;
    %ix/load 4, 0, 0; Constant delay
    %assign/vec4/a/d v00000191b90dd460, 0, 4;
    %pushi/vec4 1143, 0, 17;
    %ix/load 3, 88, 0;
    %flag_set/imm 4, 0;
    %ix/load 4, 0, 0; Constant delay
    %assign/vec4/a/d v00000191b90dc920, 0, 4;
    %pushi/vec4 32748, 0, 17;
    %ix/load 3, 88, 0;
    %flag_set/imm 4, 0;
    %ix/load 4, 0, 0; Constant delay
    %assign/vec4/a/d v00000191b90dc4c0, 0, 4;
    %pushi/vec4 50328, 0, 17;
    %ix/load 3, 88, 0;
    %flag_set/imm 4, 0;
    %ix/load 4, 0, 0; Constant delay
    %assign/vec4/a/d v00000191b90dd460, 0, 4;
    %pushi/vec4 571, 0, 17;
    %ix/load 3, 89, 0;
    %flag_set/imm 4, 0;
    %ix/load 4, 0, 0; Constant delay
    %assign/vec4/a/d v00000191b90dc920, 0, 4;
    %pushi/vec4 32763, 0, 17;
    %ix/load 3, 89, 0;
    %flag_set/imm 4, 0;
    %ix/load 4, 0, 0; Constant delay
    %assign/vec4/a/d v00000191b90dc4c0, 0, 4;
    %pushi/vec4 50899, 0, 17;
    %ix/load 3, 89, 0;
    %flag_set/imm 4, 0;
    %ix/load 4, 0, 0; Constant delay
    %assign/vec4/a/d v00000191b90dd460, 0, 4;
    %pushi/vec4 0, 0, 17;
    %ix/load 3, 90, 0;
    %flag_set/imm 4, 0;
    %ix/load 4, 0, 0; Constant delay
    %assign/vec4/a/d v00000191b90dc920, 0, 4;
    %pushi/vec4 32768, 0, 17;
    %ix/load 3, 90, 0;
    %flag_set/imm 4, 0;
    %ix/load 4, 0, 0; Constant delay
    %assign/vec4/a/d v00000191b90dc4c0, 0, 4;
    %pushi/vec4 51471, 0, 17;
    %ix/load 3, 90, 0;
    %flag_set/imm 4, 0;
    %ix/load 4, 0, 0; Constant delay
    %assign/vec4/a/d v00000191b90dd460, 0, 4;
    %pushi/vec4 0, 0, 1;
    %assign/vec4 v00000191b90dc380_0, 0;
    %pushi/vec4 0, 0, 1;
    %assign/vec4 v00000191b90dc240_0, 0;
    %pushi/vec4 1, 0, 1;
    %assign/vec4 v00000191b90dcec0_0, 0;
    %pushi/vec4 0, 0, 17;
    %assign/vec4 v00000191b90dde60_0, 0;
    %pushi/vec4 0, 0, 17;
    %assign/vec4 v00000191b90ddbe0_0, 0;
    %pushi/vec4 0, 0, 17;
    %assign/vec4 v00000191b90dcd80_0, 0;
    %delay 1, 0;
    %pushi/vec4 1, 0, 1;
    %assign/vec4 v00000191b90dc380_0, 0;
    %delay 1, 0;
    %pushi/vec4 0, 0, 1;
    %assign/vec4 v00000191b90dc380_0, 0;
    %pushi/vec4 0, 0, 1;
    %assign/vec4 v00000191b90dcec0_0, 0;
    %pushi/vec4 0, 0, 32;
    %store/vec4 v00000191b90dd960_0, 0, 32;
T_8.0 ;
    %load/vec4 v00000191b90dd960_0;
    %cmpi/s 90, 0, 32;
    %flag_or 5, 4;
    %jmp/0xz T_8.1, 5;
    %pushi/vec4 19896, 0, 17;
    %assign/vec4 v00000191b90dde60_0, 0;
    %pushi/vec4 0, 0, 17;
    %assign/vec4 v00000191b90ddbe0_0, 0;
    %ix/getv/s 4, v00000191b90dd960_0;
    %load/vec4a v00000191b90dd460, 4;
    %assign/vec4 v00000191b90dcd80_0, 0;
    %pushi/vec4 1, 0, 1;
    %assign/vec4 v00000191b90dc240_0, 0;
    %delay 1, 0;
    %pushi/vec4 1, 0, 1;
    %assign/vec4 v00000191b90dc380_0, 0;
    %delay 1, 0;
    %pushi/vec4 0, 0, 1;
    %assign/vec4 v00000191b90dc380_0, 0;
    %pushi/vec4 0, 0, 1;
    %assign/vec4 v00000191b90dc240_0, 0;
    %pushi/vec4 0, 0, 32;
    %store/vec4 v00000191b90dd1e0_0, 0, 32;
T_8.2 ;
    %load/vec4 v00000191b90dd1e0_0;
    %cmpi/s 16, 0, 32;
    %jmp/0xz T_8.3, 5;
    %delay 1, 0;
    %pushi/vec4 1, 0, 1;
    %assign/vec4 v00000191b90dc380_0, 0;
    %delay 1, 0;
    %pushi/vec4 0, 0, 1;
    %assign/vec4 v00000191b90dc380_0, 0;
    %load/vec4 v00000191b90dd1e0_0;
    %addi 1, 0, 32;
    %store/vec4 v00000191b90dd1e0_0, 0, 32;
    %jmp T_8.2;
T_8.3 ;
    %load/vec4 v00000191b90dd960_0;
    %store/vec4 v00000191b90dd280_0, 0, 32;
    %load/vec4 v00000191b90ddf00_0;
    %store/vec4 v00000191b90dc2e0_0, 0, 17;
    %load/vec4 v00000191b90dc560_0;
    %store/vec4 v00000191b90dc740_0, 0, 17;
    %load/vec4 v00000191b90dd320_0;
    %store/vec4 v00000191b90dd0a0_0, 0, 17;
    %fork TD_TestCordic.show_results, S_00000191b8ff2a00;
    %join;
    %load/vec4 v00000191b90dd960_0;
    %addi 1, 0, 32;
    %store/vec4 v00000191b90dd960_0, 0, 32;
    %jmp T_8.0;
T_8.1 ;
    %pushi/vec4 0, 0, 32;
    %store/vec4 v00000191b90dd1e0_0, 0, 32;
T_8.4 ;
    %load/vec4 v00000191b90dd1e0_0;
    %cmpi/s 16, 0, 32;
    %jmp/0xz T_8.5, 5;
    %delay 1, 0;
    %load/vec4 v00000191b90dc380_0;
    %inv;
    %assign/vec4 v00000191b90dc380_0, 0;
    %load/vec4 v00000191b90dd1e0_0;
    %addi 1, 0, 32;
    %store/vec4 v00000191b90dd1e0_0, 0, 32;
    %jmp T_8.4;
T_8.5 ;
    %end;
    .thread T_8;
    .scope S_00000191b9023670;
T_9 ;
    %vpi_call/w 3 254 "$dumpfile", "wave.vcd" {0 0 0};
    %vpi_call/w 3 255 "$dumpvars", 32'sb00000000000000000000000000000000, S_00000191b9023670 {0 0 0};
    %delay 5000, 0;
    %vpi_call/w 3 256 "$finish" {0 0 0};
    %end;
    .thread T_9;
# The file index is used to find the file name in the following table.
:file_names 5;
    "N/A";
    "<interactive>";
    "-";
    "tb_cordic.v";
    "./cordic.v";
