#! /c/Source/iverilog-install/bin/vvp
:ivl_version "12.0 (devel)" "(s20150603-1539-g2693dd32b)";
:ivl_delay_selection "TYPICAL";
:vpi_time_precision - 9;
:vpi_module "C:\iverilog\lib\ivl\system.vpi";
:vpi_module "C:\iverilog\lib\ivl\vhdl_sys.vpi";
:vpi_module "C:\iverilog\lib\ivl\vhdl_textio.vpi";
:vpi_module "C:\iverilog\lib\ivl\v2005_math.vpi";
:vpi_module "C:\iverilog\lib\ivl\va_math.vpi";
:vpi_module "C:\iverilog\lib\ivl\v2009.vpi";
S_000001c6d3806080 .scope package, "$unit" "$unit" 2 1;
 .timescale 0 0;
S_000001c6d3806210 .scope module, "TestEncoder" "TestEncoder" 3 3;
 .timescale -9 -9;
v000001c6d37d30c0_0 .var "a", 7 0;
v000001c6d38dbc00_0 .net "y", 2 0, v000001c6d37d3020_0;  1 drivers
S_000001c6d37d2d00 .scope module, "theEnc" "Encoder" 3 12, 4 1 0, S_000001c6d3806210;
 .timescale -9 -9;
    .port_info 0 /INPUT 8 "in";
    .port_info 1 /OUTPUT 3 "out";
P_000001c6d38dc200 .param/l "OUTW" 0 4 2, +C4<00000000000000000000000000000011>;
v000001c6d3806440_0 .net "in", 7 0, v000001c6d37d30c0_0;  1 drivers
v000001c6d37d3020_0 .var "out", 2 0;
E_000001c6d38dc280 .event anyedge, v000001c6d3806440_0;
S_000001c6d37d2e90 .scope begin, "$ivl_for_loop0" "$ivl_for_loop0" 4 9, 4 9 0, S_000001c6d37d2d00;
 .timescale -9 -9;
v000001c6d38063a0_0 .var/i "i", 31 0;
    .scope S_000001c6d37d2d00;
T_0 ;
Ewait_0 .event/or E_000001c6d38dc280, E_0x0;
    %wait Ewait_0;
    %pushi/vec4 0, 0, 3;
    %store/vec4 v000001c6d37d3020_0, 0, 3;
    %fork t_1, S_000001c6d37d2e90;
    %jmp t_0;
    .scope S_000001c6d37d2e90;
t_1 ;
    %pushi/vec4 7, 0, 32;
    %store/vec4 v000001c6d38063a0_0, 0, 32;
T_0.0 ;
    %load/vec4 v000001c6d38063a0_0;
    %cmpi/s 0, 0, 32;
    %flag_inv 5; GE is !LT
    %jmp/0xz T_0.1, 5;
    %load/vec4 v000001c6d3806440_0;
    %load/vec4 v000001c6d38063a0_0;
    %part/s 1;
    %flag_set/vec4 8;
    %jmp/0xz  T_0.2, 8;
    %load/vec4 v000001c6d38063a0_0;
    %pad/s 3;
    %store/vec4 v000001c6d37d3020_0, 0, 3;
T_0.2 ;
    ; show_stmt_assign_vector: Get l-value for compressed -= operand
    %load/vec4 v000001c6d38063a0_0;
    %pushi/vec4 1, 0, 32;
    %sub;
    %store/vec4 v000001c6d38063a0_0, 0, 32;
    %jmp T_0.0;
T_0.1 ;
    %end;
    .scope S_000001c6d37d2d00;
t_0 %join;
    %jmp T_0;
    .thread T_0, $push;
    .scope S_000001c6d3806210;
T_1 ;
    %pushi/vec4 0, 0, 8;
    %store/vec4 v000001c6d37d30c0_0, 0, 8;
    %end;
    .thread T_1, $init;
    .scope S_000001c6d3806210;
T_2 ;
    %delay 10, 0;
    ; show_stmt_assign_vector: Get l-value for compressed += operand
    %load/vec4 v000001c6d37d30c0_0;
    %pushi/vec4 1, 0, 8;
    %add;
    %store/vec4 v000001c6d37d30c0_0, 0, 8;
    %jmp T_2;
    .thread T_2;
    .scope S_000001c6d3806210;
T_3 ;
    %vpi_call/w 3 8 "$dumpfile", "wave.vcd" {0 0 0};
    %vpi_call/w 3 9 "$dumpvars", 32'sb00000000000000000000000000000000, S_000001c6d3806210 {0 0 0};
    %delay 150, 0;
    %vpi_call/w 3 10 "$finish" {0 0 0};
    %end;
    .thread T_3;
# The file index is used to find the file name in the following table.
:file_names 5;
    "N/A";
    "<interactive>";
    "-";
    "tb_encoder.sv";
    "encoder.sv";
