#! /c/Source/iverilog-install/bin/vvp
:ivl_version "12.0 (devel)" "(s20150603-1539-g2693dd32b)";
:ivl_delay_selection "TYPICAL";
:vpi_time_precision - 9;
:vpi_module "C:\iverilog\lib\ivl\system.vpi";
:vpi_module "C:\iverilog\lib\ivl\vhdl_sys.vpi";
:vpi_module "C:\iverilog\lib\ivl\vhdl_textio.vpi";
:vpi_module "C:\iverilog\lib\ivl\v2005_math.vpi";
:vpi_module "C:\iverilog\lib\ivl\va_math.vpi";
:vpi_module "C:\iverilog\lib\ivl\v2009.vpi";
S_000002522d2f6080 .scope package, "$unit" "$unit" 2 1;
 .timescale 0 0;
S_000002522d2f6210 .scope module, "TestDecoder" "TestDecoder" 3 3;
 .timescale -9 -9;
v000002522d2c2e90_0 .var "a", 2 0;
v000002522d2c2f30_0 .net "y", 7 0, L_000002522d2c2fd0;  1 drivers
S_000002522d2c2d00 .scope module, "theDec" "Decoder" 3 12, 4 1 0, S_000002522d2f6210;
 .timescale -9 -9;
    .port_info 0 /INPUT 3 "in";
    .port_info 1 /OUTPUT 8 "out";
P_000002522d3bce00 .param/l "INW" 0 4 2, +C4<00000000000000000000000000000011>;
L_000002522d338018 .functor BUFT 1, C4<00000001>, C4<0>, C4<0>, C4<0>;
v000002522d3b7f70_0 .net/2s *"_ivl_0", 7 0, L_000002522d338018;  1 drivers
v000002522d2f63a0_0 .net "in", 2 0, v000002522d2c2e90_0;  1 drivers
v000002522d2f6440_0 .net "out", 7 0, L_000002522d2c2fd0;  alias, 1 drivers
L_000002522d2c2fd0 .shift/l 8, L_000002522d338018, v000002522d2c2e90_0;
    .scope S_000002522d2f6210;
T_0 ;
    %pushi/vec4 0, 0, 3;
    %store/vec4 v000002522d2c2e90_0, 0, 3;
    %end;
    .thread T_0, $init;
    .scope S_000002522d2f6210;
T_1 ;
    %delay 10, 0;
    ; show_stmt_assign_vector: Get l-value for compressed += operand
    %load/vec4 v000002522d2c2e90_0;
    %pushi/vec4 1, 0, 3;
    %add;
    %store/vec4 v000002522d2c2e90_0, 0, 3;
    %jmp T_1;
    .thread T_1;
    .scope S_000002522d2f6210;
T_2 ;
    %vpi_call/w 3 8 "$dumpfile", "wave.vcd" {0 0 0};
    %vpi_call/w 3 9 "$dumpvars", 32'sb00000000000000000000000000000000, S_000002522d2f6210 {0 0 0};
    %delay 200, 0;
    %vpi_call/w 3 10 "$finish" {0 0 0};
    %end;
    .thread T_2;
# The file index is used to find the file name in the following table.
:file_names 5;
    "N/A";
    "<interactive>";
    "-";
    "tb_decoder.sv";
    "decoder.sv";
