#! /c/Source/iverilog-install/bin/vvp
:ivl_version "12.0 (devel)" "(s20150603-1539-g2693dd32b)";
:ivl_delay_selection "TYPICAL";
:vpi_time_precision - 9;
:vpi_module "C:\iverilog\lib\ivl\system.vpi";
:vpi_module "C:\iverilog\lib\ivl\vhdl_sys.vpi";
:vpi_module "C:\iverilog\lib\ivl\vhdl_textio.vpi";
:vpi_module "C:\iverilog\lib\ivl\v2005_math.vpi";
:vpi_module "C:\iverilog\lib\ivl\va_math.vpi";
:vpi_module "C:\iverilog\lib\ivl\v2009.vpi";
S_0000024070a558f0 .scope package, "$unit" "$unit" 2 1;
 .timescale 0 0;
S_0000024070a55a80 .scope module, "tb_master_slave" "tb_master_slave" 3 4;
 .timescale -9 -9;
v0000024070ad9990_0 .var "clk", 0 0;
v0000024070ad9210_0 .var "data_i", 7 0;
v0000024070ada390_0 .net "data_o", 7 0, L_0000024070ad9350;  1 drivers
v0000024070ada4d0_0 .net "finish", 0 0, L_0000024070ad92b0;  1 drivers
v0000024070ada7f0_0 .var "miso", 0 0;
v0000024070ad93f0_0 .net "mosi", 0 0, L_0000024070ada110;  1 drivers
v0000024070adaf70_0 .net "r_finish", 0 0, L_0000024070e79080;  1 drivers
v0000024070adaa70_0 .var "rst_n", 0 0;
v0000024070ad9a30_0 .net "sclk", 0 0, v0000024070a6d260_0;  1 drivers
v0000024070ad9d50_0 .net "ss_n", 0 0, v0000024070a6e020_0;  1 drivers
v0000024070ad9df0_0 .var "start", 0 0;
E_0000024070a72900 .event posedge, v0000024070a802e0_0;
E_0000024070a724c0 .event negedge, v0000024070a80740_0;
S_0000024070a392e0 .scope module, "u_spi_master" "SPI_MASTER" 3 20, 4 3 0, S_0000024070a55a80;
 .timescale -9 -9;
    .port_info 0 /INPUT 1 "clk";
    .port_info 1 /INPUT 1 "rst_n";
    .port_info 2 /INPUT 1 "miso";
    .port_info 3 /INPUT 8 "data_i";
    .port_info 4 /INPUT 1 "start";
    .port_info 5 /OUTPUT 1 "mosi";
    .port_info 6 /OUTPUT 1 "sclk";
    .port_info 7 /OUTPUT 1 "ss_n";
    .port_info 8 /OUTPUT 1 "finish";
P_0000024070a79a60 .param/l "CNT_MAX" 0 4 21, +C4<000000000000000000000000000001001>;
P_0000024070a79a98 .param/l "DATA" 0 4 17, C4<00100>;
P_0000024070a79ad0 .param/l "EXTRA" 0 4 18, C4<01000>;
P_0000024070a79b08 .param/l "FINISH" 0 4 19, C4<10000>;
P_0000024070a79b40 .param/l "IDLE" 0 4 15, C4<00001>;
L_0000024070e301f0 .functor BUFT 1, C4<1>, C4<0>, C4<0>, C4<0>;
L_0000024070a6f530 .functor XNOR 1, v0000024070a6d260_0, L_0000024070e301f0, C4<0>, C4<0>;
L_0000024070e30238 .functor BUFT 1, C4<0>, C4<0>, C4<0>, C4<0>;
L_0000024070a6fd10 .functor XNOR 1, v0000024070a6ede0_0, L_0000024070e30238, C4<0>, C4<0>;
L_0000024070a6f680 .functor AND 1, L_0000024070a6f530, L_0000024070a6fd10, C4<1>, C4<1>;
L_0000024070e30310 .functor BUFT 1, C4<0>, C4<0>, C4<0>, C4<0>;
L_0000024070a6f8b0 .functor XNOR 1, v0000024070a6d260_0, L_0000024070e30310, C4<0>, C4<0>;
L_0000024070e30358 .functor BUFT 1, C4<1>, C4<0>, C4<0>, C4<0>;
L_0000024070a6f220 .functor XNOR 1, v0000024070a6ede0_0, L_0000024070e30358, C4<0>, C4<0>;
L_0000024070a6f3e0 .functor AND 1, L_0000024070a6f8b0, L_0000024070a6f220, C4<1>, C4<1>;
L_0000024070e30160 .functor BUFT 1, C4<1>, C4<0>, C4<0>, C4<0>;
v0000024070a7fa20_0 .net/2u *"_ivl_10", 0 0, L_0000024070e30160;  1 drivers
L_0000024070e301a8 .functor BUFT 1, C4<0>, C4<0>, C4<0>, C4<0>;
v0000024070a80100_0 .net/2u *"_ivl_12", 0 0, L_0000024070e301a8;  1 drivers
v0000024070a80e20_0 .net/2u *"_ivl_16", 0 0, L_0000024070e301f0;  1 drivers
v0000024070a81280_0 .net *"_ivl_18", 0 0, L_0000024070a6f530;  1 drivers
v0000024070a7f5c0_0 .net *"_ivl_2", 32 0, L_0000024070adab10;  1 drivers
v0000024070a80880_0 .net/2u *"_ivl_20", 0 0, L_0000024070e30238;  1 drivers
v0000024070a80920_0 .net *"_ivl_22", 0 0, L_0000024070a6fd10;  1 drivers
v0000024070a80d80_0 .net *"_ivl_25", 0 0, L_0000024070a6f680;  1 drivers
L_0000024070e30280 .functor BUFT 1, C4<1>, C4<0>, C4<0>, C4<0>;
v0000024070a80ec0_0 .net/2u *"_ivl_26", 0 0, L_0000024070e30280;  1 drivers
L_0000024070e302c8 .functor BUFT 1, C4<0>, C4<0>, C4<0>, C4<0>;
v0000024070a801a0_0 .net/2u *"_ivl_28", 0 0, L_0000024070e302c8;  1 drivers
v0000024070a7ff20_0 .net/2u *"_ivl_32", 0 0, L_0000024070e30310;  1 drivers
v0000024070a80f60_0 .net *"_ivl_34", 0 0, L_0000024070a6f8b0;  1 drivers
v0000024070a7fac0_0 .net/2u *"_ivl_36", 0 0, L_0000024070e30358;  1 drivers
v0000024070a80a60_0 .net *"_ivl_38", 0 0, L_0000024070a6f220;  1 drivers
v0000024070a81000_0 .net *"_ivl_41", 0 0, L_0000024070a6f3e0;  1 drivers
L_0000024070e303a0 .functor BUFT 1, C4<1>, C4<0>, C4<0>, C4<0>;
v0000024070a7fb60_0 .net/2u *"_ivl_42", 0 0, L_0000024070e303a0;  1 drivers
L_0000024070e303e8 .functor BUFT 1, C4<0>, C4<0>, C4<0>, C4<0>;
v0000024070a80380_0 .net/2u *"_ivl_44", 0 0, L_0000024070e303e8;  1 drivers
L_0000024070e300d0 .functor BUFT 1, C4<0>, C4<0>, C4<0>, C4<0>;
v0000024070a7fc00_0 .net *"_ivl_5", 0 0, L_0000024070e300d0;  1 drivers
L_0000024070e30430 .functor BUFT 1, C4<10000>, C4<0>, C4<0>, C4<0>;
v0000024070a7f840_0 .net/2u *"_ivl_50", 4 0, L_0000024070e30430;  1 drivers
v0000024070a810a0_0 .net *"_ivl_52", 0 0, L_0000024070ad9c10;  1 drivers
L_0000024070e30478 .functor BUFT 1, C4<1>, C4<0>, C4<0>, C4<0>;
v0000024070a80560_0 .net/2u *"_ivl_54", 0 0, L_0000024070e30478;  1 drivers
L_0000024070e304c0 .functor BUFT 1, C4<0>, C4<0>, C4<0>, C4<0>;
v0000024070a7fca0_0 .net/2u *"_ivl_56", 0 0, L_0000024070e304c0;  1 drivers
L_0000024070e30118 .functor BUFT 1, C4<000000000000000000000000000001001>, C4<0>, C4<0>, C4<0>;
v0000024070a7f700_0 .net/2u *"_ivl_6", 32 0, L_0000024070e30118;  1 drivers
L_0000024070e30508 .functor BUFT 1, C4<00100>, C4<0>, C4<0>, C4<0>;
v0000024070a7fde0_0 .net/2u *"_ivl_60", 4 0, L_0000024070e30508;  1 drivers
v0000024070a80c40_0 .net *"_ivl_62", 0 0, L_0000024070ad9cb0;  1 drivers
v0000024070a81140_0 .net *"_ivl_64", 31 0, L_0000024070ad9fd0;  1 drivers
L_0000024070e30550 .functor BUFT 1, C4<0000000000000000000000000000>, C4<0>, C4<0>, C4<0>;
v0000024070a807e0_0 .net *"_ivl_67", 27 0, L_0000024070e30550;  1 drivers
L_0000024070e30598 .functor BUFT 1, C4<00000000000000000000000000001000>, C4<0>, C4<0>, C4<0>;
v0000024070a7fd40_0 .net/2u *"_ivl_68", 31 0, L_0000024070e30598;  1 drivers
v0000024070a7f520_0 .net *"_ivl_70", 0 0, L_0000024070adabb0;  1 drivers
v0000024070a809c0_0 .net *"_ivl_73", 0 0, L_0000024070ada070;  1 drivers
v0000024070a811e0_0 .net *"_ivl_75", 0 0, L_0000024070ad9490;  1 drivers
v0000024070a7f3e0_0 .net *"_ivl_76", 0 0, L_0000024070ada1b0;  1 drivers
v0000024070a80060_0 .net *"_ivl_79", 0 0, L_0000024070ada250;  1 drivers
v0000024070a80240_0 .net *"_ivl_8", 0 0, L_0000024070ad9b70;  1 drivers
v0000024070a802e0_0 .net "clk", 0 0, v0000024070ad9990_0;  1 drivers
v0000024070a7f660_0 .var "cnt", 31 0;
v0000024070a80420_0 .net "cnt_data", 3 0, v0000024070a804c0_0;  1 drivers
v0000024070a7f480_0 .var "cnt_data_dly", 3 0;
v0000024070a7fe80_0 .net "cnt_max_flag", 0 0, L_0000024070adb010;  1 drivers
v0000024070a7ffc0_0 .var "cnt_sclk_neg", 3 0;
v0000024070a804c0_0 .var "cnt_sclk_pos", 3 0;
v0000024070a80600_0 .net "data_i", 7 0, v0000024070ad9210_0;  1 drivers
L_0000024070e30088 .functor BUFT 1, C4<1>, C4<0>, C4<0>, C4<0>;
v0000024070a806a0_0 .net "dec_pos_or_neg_sample", 0 0, L_0000024070e30088;  1 drivers
v0000024070a80740_0 .net "finish", 0 0, L_0000024070ad92b0;  alias, 1 drivers
v0000024070a80b00_0 .net "miso", 0 0, v0000024070ada7f0_0;  1 drivers
v0000024070a80ba0_0 .net "mosi", 0 0, L_0000024070ada110;  alias, 1 drivers
v0000024070a80ce0_0 .var "nx_state", 4 0;
v0000024070a6e3e0_0 .net "rst_n", 0 0, v0000024070adaa70_0;  1 drivers
v0000024070a6d260_0 .var "sclk", 0 0;
v0000024070a6ede0_0 .var "sclk_dly", 0 0;
v0000024070a6da80_0 .net "sclk_negedge", 0 0, L_0000024070ad9ad0;  1 drivers
v0000024070a6e160_0 .net "sclk_posedge", 0 0, L_0000024070ada930;  1 drivers
v0000024070a6e020_0 .var "ss_n", 0 0;
v0000024070a6e840_0 .net "start", 0 0, v0000024070ad9df0_0;  1 drivers
v0000024070a6e8e0_0 .var "start_dly", 0 0;
v0000024070a6e980_0 .var "state", 4 0;
E_0000024070a72e40/0 .event negedge, v0000024070a6e3e0_0;
E_0000024070a72e40/1 .event posedge, v0000024070a802e0_0;
E_0000024070a72e40 .event/or E_0000024070a72e40/0, E_0000024070a72e40/1;
E_0000024070a721c0 .event anyedge, v0000024070a6e980_0, v0000024070a6e8e0_0, v0000024070a80420_0, v0000024070a7fe80_0;
L_0000024070adab10 .concat [ 32 1 0 0], v0000024070a7f660_0, L_0000024070e300d0;
L_0000024070ad9b70 .cmp/eq 33, L_0000024070adab10, L_0000024070e30118;
L_0000024070adb010 .functor MUXZ 1, L_0000024070e301a8, L_0000024070e30160, L_0000024070ad9b70, C4<>;
L_0000024070ada930 .functor MUXZ 1, L_0000024070e302c8, L_0000024070e30280, L_0000024070a6f680, C4<>;
L_0000024070ad9ad0 .functor MUXZ 1, L_0000024070e303e8, L_0000024070e303a0, L_0000024070a6f3e0, C4<>;
L_0000024070ad9c10 .cmp/eq 5, v0000024070a6e980_0, L_0000024070e30430;
L_0000024070ad92b0 .functor MUXZ 1, L_0000024070e304c0, L_0000024070e30478, L_0000024070ad9c10, C4<>;
L_0000024070ad9cb0 .cmp/eq 5, v0000024070a6e980_0, L_0000024070e30508;
L_0000024070ad9fd0 .concat [ 4 28 0 0], v0000024070a7f480_0, L_0000024070e30550;
L_0000024070adabb0 .cmp/gt 32, L_0000024070e30598, L_0000024070ad9fd0;
L_0000024070ada070 .part/v v0000024070ad9210_0, v0000024070a7f480_0, 1;
L_0000024070ad9490 .part v0000024070ad9210_0, 7, 1;
L_0000024070ada1b0 .functor MUXZ 1, L_0000024070ad9490, L_0000024070ada070, L_0000024070adabb0, C4<>;
L_0000024070ada250 .part v0000024070ad9210_0, 0, 1;
L_0000024070ada110 .functor MUXZ 1, L_0000024070ada250, L_0000024070ada1b0, L_0000024070ad9cb0, C4<>;
S_0000024070ad9030 .scope module, "u_spi_slave" "SPI_SLAVE" 3 33, 4 183 0, S_0000024070a55a80;
 .timescale -9 -9;
    .port_info 0 /INPUT 1 "clk";
    .port_info 1 /INPUT 1 "rst_n";
    .port_info 2 /INPUT 1 "mosi";
    .port_info 3 /INPUT 1 "sclk";
    .port_info 4 /INPUT 1 "tx_finish";
    .port_info 5 /INPUT 1 "start";
    .port_info 6 /INPUT 1 "ss_n";
    .port_info 7 /OUTPUT 8 "data_o";
    .port_info 8 /OUTPUT 1 "r_finish";
P_0000024070a02c50 .param/l "FINISH" 0 4 198, C4<0100>;
P_0000024070a02c88 .param/l "IDLE" 0 4 196, C4<0001>;
P_0000024070a02cc0 .param/l "RV_DATA" 0 4 197, C4<0010>;
L_0000024070e305e0 .functor BUFT 1, C4<1>, C4<0>, C4<0>, C4<0>;
L_0000024070a6f990 .functor XNOR 1, v0000024070a6d260_0, L_0000024070e305e0, C4<0>, C4<0>;
L_0000024070e30628 .functor BUFT 1, C4<0>, C4<0>, C4<0>, C4<0>;
L_0000024070a6f760 .functor XNOR 1, v0000024070ada9d0_0, L_0000024070e30628, C4<0>, C4<0>;
L_0000024070a6fa00 .functor AND 1, L_0000024070a6f990, L_0000024070a6f760, C4<1>, C4<1>;
L_0000024070e30700 .functor BUFT 1, C4<0>, C4<0>, C4<0>, C4<0>;
L_0000024070a6f450 .functor XNOR 1, v0000024070a6d260_0, L_0000024070e30700, C4<0>, C4<0>;
L_0000024070e30748 .functor BUFT 1, C4<1>, C4<0>, C4<0>, C4<0>;
L_0000024070a6fb50 .functor XNOR 1, v0000024070ada9d0_0, L_0000024070e30748, C4<0>, C4<0>;
L_0000024070a6fa70 .functor AND 1, L_0000024070a6f450, L_0000024070a6fb50, C4<1>, C4<1>;
v0000024070a6e0c0_0 .net/2u *"_ivl_0", 0 0, L_0000024070e305e0;  1 drivers
L_0000024070e30670 .functor BUFT 1, C4<1>, C4<0>, C4<0>, C4<0>;
v0000024070a6dbc0_0 .net/2u *"_ivl_10", 0 0, L_0000024070e30670;  1 drivers
L_0000024070e306b8 .functor BUFT 1, C4<0>, C4<0>, C4<0>, C4<0>;
v0000024070a6d080_0 .net/2u *"_ivl_12", 0 0, L_0000024070e306b8;  1 drivers
v0000024070a6e200_0 .net/2u *"_ivl_16", 0 0, L_0000024070e30700;  1 drivers
v0000024070a6d120_0 .net *"_ivl_18", 0 0, L_0000024070a6f450;  1 drivers
v0000024070a6e2a0_0 .net *"_ivl_2", 0 0, L_0000024070a6f990;  1 drivers
v0000024070a6d3a0_0 .net/2u *"_ivl_20", 0 0, L_0000024070e30748;  1 drivers
v0000024070a6e520_0 .net *"_ivl_22", 0 0, L_0000024070a6fb50;  1 drivers
v0000024070a6d580_0 .net *"_ivl_25", 0 0, L_0000024070a6fa70;  1 drivers
L_0000024070e30790 .functor BUFT 1, C4<1>, C4<0>, C4<0>, C4<0>;
v0000024070a6d620_0 .net/2u *"_ivl_26", 0 0, L_0000024070e30790;  1 drivers
L_0000024070e307d8 .functor BUFT 1, C4<0>, C4<0>, C4<0>, C4<0>;
v0000024070a6dee0_0 .net/2u *"_ivl_28", 0 0, L_0000024070e307d8;  1 drivers
L_0000024070e30868 .functor BUFT 1, C4<0100>, C4<0>, C4<0>, C4<0>;
v0000024070a6e480_0 .net/2u *"_ivl_36", 3 0, L_0000024070e30868;  1 drivers
v0000024070a6e5c0_0 .net *"_ivl_38", 0 0, L_0000024070adb0b0;  1 drivers
v0000024070a2db40_0 .net/2u *"_ivl_4", 0 0, L_0000024070e30628;  1 drivers
v0000024070a2dc80_0 .net *"_ivl_40", 7 0, v0000024070ada750_0;  1 drivers
L_0000024070e308b0 .functor BUFT 1, C4<00000000>, C4<0>, C4<0>, C4<0>;
v0000024070a2e4a0_0 .net/2u *"_ivl_42", 7 0, L_0000024070e308b0;  1 drivers
L_0000024070e308f8 .functor BUFT 1, C4<0100>, C4<0>, C4<0>, C4<0>;
v0000024070a2ddc0_0 .net/2u *"_ivl_46", 3 0, L_0000024070e308f8;  1 drivers
v0000024070a2de60_0 .net *"_ivl_6", 0 0, L_0000024070a6f760;  1 drivers
v0000024070a2e220_0 .net *"_ivl_9", 0 0, L_0000024070a6fa00;  1 drivers
v0000024070adaed0_0 .net "clk", 0 0, v0000024070ad9990_0;  alias, 1 drivers
v0000024070ad9710_0 .var "cnt_sclk_neg", 3 0;
v0000024070ad97b0_0 .var "cnt_sclk_pos", 3 0;
v0000024070ad9670_0 .net "data_o", 7 0, L_0000024070ad9350;  alias, 1 drivers
v0000024070ada2f0_0 .var "data_shift_neg", 7 0;
v0000024070ada750_0 .var "data_shift_pos", 7 0;
L_0000024070e30820 .functor BUFT 1, C4<1>, C4<0>, C4<0>, C4<0>;
v0000024070ad9e90_0 .net "dec_pos_or_neg_sample", 0 0, L_0000024070e30820;  1 drivers
v0000024070ad9850_0 .net "mosi", 0 0, L_0000024070ada110;  alias, 1 drivers
v0000024070ada610_0 .net "num_sample_data", 3 0, v0000024070ad97b0_0;  1 drivers
v0000024070ada890_0 .var "nx_state", 3 0;
v0000024070ad98f0_0 .net "r_finish", 0 0, L_0000024070e79080;  alias, 1 drivers
v0000024070adad90_0 .net "rst_n", 0 0, v0000024070adaa70_0;  alias, 1 drivers
v0000024070ada570_0 .net "sclk", 0 0, v0000024070a6d260_0;  alias, 1 drivers
v0000024070ada9d0_0 .var "sclk_dly", 0 0;
v0000024070ad95d0_0 .net "sclk_negedge", 0 0, L_0000024070adacf0;  1 drivers
v0000024070adae30_0 .net "sclk_posedge", 0 0, L_0000024070adac50;  1 drivers
v0000024070ad9530_0 .net "ss_n", 0 0, v0000024070a6e020_0;  alias, 1 drivers
v0000024070ada6b0_0 .net "start", 0 0, v0000024070ad9df0_0;  alias, 1 drivers
v0000024070ada430_0 .var "state", 3 0;
v0000024070ad9f30_0 .net "tx_finish", 0 0, L_0000024070ad92b0;  alias, 1 drivers
E_0000024070a72780/0 .event anyedge, v0000024070ada430_0, v0000024070a6e840_0, v0000024070ada610_0, v0000024070ad9e90_0;
E_0000024070a72780/1 .event anyedge, v0000024070adae30_0, v0000024070a6e020_0, v0000024070ad95d0_0;
E_0000024070a72780 .event/or E_0000024070a72780/0, E_0000024070a72780/1;
L_0000024070adac50 .functor MUXZ 1, L_0000024070e306b8, L_0000024070e30670, L_0000024070a6fa00, C4<>;
L_0000024070adacf0 .functor MUXZ 1, L_0000024070e307d8, L_0000024070e30790, L_0000024070a6fa70, C4<>;
L_0000024070adb0b0 .cmp/eq 4, v0000024070ada430_0, L_0000024070e30868;
L_0000024070ad9350 .functor MUXZ 8, L_0000024070e308b0, v0000024070ada750_0, L_0000024070adb0b0, C4<>;
L_0000024070e79080 .cmp/eq 4, v0000024070ada430_0, L_0000024070e308f8;
    .scope S_0000024070a392e0;
T_0 ;
    %wait E_0000024070a72e40;
    %load/vec4 v0000024070a6d260_0;
    %assign/vec4 v0000024070a6ede0_0, 0;
    %load/vec4 v0000024070a6e840_0;
    %assign/vec4 v0000024070a6e8e0_0, 0;
    %jmp T_0;
    .thread T_0;
    .scope S_0000024070a392e0;
T_1 ;
    %wait E_0000024070a72e40;
    %load/vec4 v0000024070a6e3e0_0;
    %nor/r;
    %flag_set/vec4 8;
    %jmp/0xz  T_1.0, 8;
    %pushi/vec4 0, 0, 4;
    %assign/vec4 v0000024070a804c0_0, 0;
    %jmp T_1.1;
T_1.0 ;
    %load/vec4 v0000024070a6e980_0;
    %cmpi/e 16, 0, 5;
    %jmp/0xz  T_1.2, 4;
    %pushi/vec4 0, 0, 4;
    %assign/vec4 v0000024070a804c0_0, 0;
    %jmp T_1.3;
T_1.2 ;
    %load/vec4 v0000024070a6e160_0;
    %flag_set/vec4 8;
    %jmp/0xz  T_1.4, 8;
    %load/vec4 v0000024070a804c0_0;
    %addi 1, 0, 4;
    %assign/vec4 v0000024070a804c0_0, 0;
    %jmp T_1.5;
T_1.4 ;
    %load/vec4 v0000024070a804c0_0;
    %assign/vec4 v0000024070a804c0_0, 0;
T_1.5 ;
T_1.3 ;
T_1.1 ;
    %jmp T_1;
    .thread T_1;
    .scope S_0000024070a392e0;
T_2 ;
    %wait E_0000024070a72e40;
    %load/vec4 v0000024070a6e3e0_0;
    %nor/r;
    %flag_set/vec4 8;
    %jmp/0xz  T_2.0, 8;
    %pushi/vec4 0, 0, 4;
    %assign/vec4 v0000024070a7ffc0_0, 0;
    %jmp T_2.1;
T_2.0 ;
    %load/vec4 v0000024070a6e980_0;
    %cmpi/e 16, 0, 5;
    %jmp/0xz  T_2.2, 4;
    %pushi/vec4 0, 0, 4;
    %assign/vec4 v0000024070a7ffc0_0, 0;
    %jmp T_2.3;
T_2.2 ;
    %load/vec4 v0000024070a6da80_0;
    %flag_set/vec4 8;
    %jmp/0xz  T_2.4, 8;
    %load/vec4 v0000024070a7ffc0_0;
    %addi 1, 0, 4;
    %assign/vec4 v0000024070a7ffc0_0, 0;
    %jmp T_2.5;
T_2.4 ;
    %load/vec4 v0000024070a7ffc0_0;
    %assign/vec4 v0000024070a7ffc0_0, 0;
T_2.5 ;
T_2.3 ;
T_2.1 ;
    %jmp T_2;
    .thread T_2;
    .scope S_0000024070a392e0;
T_3 ;
    %wait E_0000024070a72e40;
    %load/vec4 v0000024070a6e3e0_0;
    %nor/r;
    %flag_set/vec4 8;
    %jmp/0xz  T_3.0, 8;
    %pushi/vec4 1, 0, 5;
    %assign/vec4 v0000024070a6e980_0, 0;
    %jmp T_3.1;
T_3.0 ;
    %load/vec4 v0000024070a80ce0_0;
    %assign/vec4 v0000024070a6e980_0, 0;
T_3.1 ;
    %jmp T_3;
    .thread T_3;
    .scope S_0000024070a392e0;
T_4 ;
    %wait E_0000024070a721c0;
    %pushi/vec4 1, 0, 5;
    %assign/vec4 v0000024070a80ce0_0, 0;
    %load/vec4 v0000024070a6e980_0;
    %dup/vec4;
    %pushi/vec4 1, 0, 5;
    %cmp/u;
    %jmp/1 T_4.0, 6;
    %dup/vec4;
    %pushi/vec4 4, 0, 5;
    %cmp/u;
    %jmp/1 T_4.1, 6;
    %dup/vec4;
    %pushi/vec4 8, 0, 5;
    %cmp/u;
    %jmp/1 T_4.2, 6;
    %dup/vec4;
    %pushi/vec4 16, 0, 5;
    %cmp/u;
    %jmp/1 T_4.3, 6;
    %pushi/vec4 1, 0, 5;
    %assign/vec4 v0000024070a80ce0_0, 0;
    %jmp T_4.5;
T_4.0 ;
    %load/vec4 v0000024070a6e8e0_0;
    %flag_set/vec4 8;
    %jmp/0 T_4.6, 8;
    %pushi/vec4 4, 0, 5;
    %jmp/1 T_4.7, 8;
T_4.6 ; End of true expr.
    %pushi/vec4 1, 0, 5;
    %jmp/0 T_4.7, 8;
 ; End of false expr.
    %blend;
T_4.7;
    %assign/vec4 v0000024070a80ce0_0, 0;
    %jmp T_4.5;
T_4.1 ;
    %load/vec4 v0000024070a80420_0;
    %pad/u 32;
    %cmpi/e 8, 0, 32;
    %flag_mov 8, 4;
    %jmp/0 T_4.8, 8;
    %pushi/vec4 8, 0, 5;
    %jmp/1 T_4.9, 8;
T_4.8 ; End of true expr.
    %pushi/vec4 4, 0, 5;
    %jmp/0 T_4.9, 8;
 ; End of false expr.
    %blend;
T_4.9;
    %assign/vec4 v0000024070a80ce0_0, 0;
    %jmp T_4.5;
T_4.2 ;
    %load/vec4 v0000024070a7fe80_0;
    %flag_set/vec4 8;
    %jmp/0 T_4.10, 8;
    %pushi/vec4 16, 0, 5;
    %jmp/1 T_4.11, 8;
T_4.10 ; End of true expr.
    %pushi/vec4 8, 0, 5;
    %jmp/0 T_4.11, 8;
 ; End of false expr.
    %blend;
T_4.11;
    %assign/vec4 v0000024070a80ce0_0, 0;
    %jmp T_4.5;
T_4.3 ;
    %pushi/vec4 1, 0, 5;
    %assign/vec4 v0000024070a80ce0_0, 0;
    %jmp T_4.5;
T_4.5 ;
    %pop/vec4 1;
    %jmp T_4;
    .thread T_4, $push;
    .scope S_0000024070a392e0;
T_5 ;
    %wait E_0000024070a72e40;
    %load/vec4 v0000024070a6e3e0_0;
    %nor/r;
    %flag_set/vec4 8;
    %jmp/0xz  T_5.0, 8;
    %pushi/vec4 0, 0, 32;
    %assign/vec4 v0000024070a7f660_0, 0;
    %jmp T_5.1;
T_5.0 ;
    %load/vec4 v0000024070a6e980_0;
    %cmpi/e 4, 0, 5;
    %flag_get/vec4 4;
    %jmp/0 T_5.5, 4;
    %load/vec4 v0000024070a80ce0_0;
    %pushi/vec4 16, 0, 5;
    %cmp/e;
    %flag_get/vec4 4;
    %and;
T_5.5;
    %flag_set/vec4 9;
    %flag_get/vec4 9;
    %jmp/0 T_5.4, 9;
    %load/vec4 v0000024070a7f660_0;
    %pad/u 33;
    %pushi/vec4 9, 0, 33;
    %cmp/e;
    %flag_get/vec4 4;
    %and;
T_5.4;
    %flag_set/vec4 8;
    %jmp/0xz  T_5.2, 8;
    %pushi/vec4 0, 0, 32;
    %assign/vec4 v0000024070a7f660_0, 0;
    %jmp T_5.3;
T_5.2 ;
    %load/vec4 v0000024070a6e980_0;
    %cmpi/e 4, 0, 5;
    %flag_get/vec4 4;
    %jmp/0 T_5.9, 4;
    %load/vec4 v0000024070a80ce0_0;
    %pushi/vec4 8, 0, 5;
    %cmp/e;
    %flag_get/vec4 4;
    %and;
T_5.9;
    %flag_set/vec4 9;
    %flag_get/vec4 9;
    %jmp/0 T_5.8, 9;
    %load/vec4 v0000024070a7f660_0;
    %pad/u 33;
    %pushi/vec4 9, 0, 33;
    %cmp/e;
    %flag_get/vec4 4;
    %and;
T_5.8;
    %flag_set/vec4 8;
    %jmp/0xz  T_5.6, 8;
    %pushi/vec4 0, 0, 32;
    %assign/vec4 v0000024070a7f660_0, 0;
    %jmp T_5.7;
T_5.6 ;
    %load/vec4 v0000024070a6e980_0;
    %cmpi/e 4, 0, 5;
    %flag_get/vec4 4;
    %jmp/0 T_5.12, 4;
    %load/vec4 v0000024070a7f660_0;
    %pad/u 33;
    %pushi/vec4 9, 0, 33;
    %cmp/e;
    %flag_get/vec4 4;
    %and;
T_5.12;
    %flag_set/vec4 8;
    %jmp/0xz  T_5.10, 8;
    %pushi/vec4 0, 0, 32;
    %assign/vec4 v0000024070a7f660_0, 0;
    %jmp T_5.11;
T_5.10 ;
    %load/vec4 v0000024070a6e980_0;
    %cmpi/e 8, 0, 5;
    %flag_get/vec4 4;
    %jmp/0 T_5.15, 4;
    %load/vec4 v0000024070a7f660_0;
    %pad/u 33;
    %pushi/vec4 9, 0, 33;
    %cmp/e;
    %flag_get/vec4 4;
    %and;
T_5.15;
    %flag_set/vec4 8;
    %jmp/0xz  T_5.13, 8;
    %pushi/vec4 0, 0, 32;
    %assign/vec4 v0000024070a7f660_0, 0;
    %jmp T_5.14;
T_5.13 ;
    %load/vec4 v0000024070a6e980_0;
    %cmpi/e 4, 0, 5;
    %jmp/0xz  T_5.16, 4;
    %load/vec4 v0000024070a7f660_0;
    %addi 1, 0, 32;
    %assign/vec4 v0000024070a7f660_0, 0;
    %jmp T_5.17;
T_5.16 ;
    %load/vec4 v0000024070a6e980_0;
    %cmpi/e 8, 0, 5;
    %jmp/0xz  T_5.18, 4;
    %load/vec4 v0000024070a7f660_0;
    %addi 1, 0, 32;
    %assign/vec4 v0000024070a7f660_0, 0;
    %jmp T_5.19;
T_5.18 ;
    %pushi/vec4 0, 0, 32;
    %assign/vec4 v0000024070a7f660_0, 0;
T_5.19 ;
T_5.17 ;
T_5.14 ;
T_5.11 ;
T_5.7 ;
T_5.3 ;
T_5.1 ;
    %jmp T_5;
    .thread T_5;
    .scope S_0000024070a392e0;
T_6 ;
    %wait E_0000024070a72e40;
    %load/vec4 v0000024070a6e3e0_0;
    %nor/r;
    %flag_set/vec4 8;
    %jmp/0xz  T_6.0, 8;
    %pushi/vec4 0, 0, 1;
    %assign/vec4 v0000024070a6d260_0, 0;
    %jmp T_6.1;
T_6.0 ;
    %load/vec4 v0000024070a6e8e0_0;
    %flag_set/vec4 8;
    %jmp/0xz  T_6.2, 8;
    %load/vec4 v0000024070a6d260_0;
    %inv;
    %assign/vec4 v0000024070a6d260_0, 0;
    %jmp T_6.3;
T_6.2 ;
    %load/vec4 v0000024070a6e980_0;
    %cmpi/e 4, 0, 5;
    %flag_get/vec4 4;
    %jmp/0 T_6.7, 4;
    %load/vec4 v0000024070a7fe80_0;
    %and;
T_6.7;
    %flag_set/vec4 9;
    %flag_get/vec4 9;
    %jmp/0 T_6.6, 9;
    %load/vec4 v0000024070a80420_0;
    %pad/u 32;
    %cmpi/u 8, 0, 32;
    %flag_get/vec4 5;
    %and;
T_6.6;
    %flag_set/vec4 8;
    %jmp/0xz  T_6.4, 8;
    %load/vec4 v0000024070a6d260_0;
    %inv;
    %assign/vec4 v0000024070a6d260_0, 0;
    %jmp T_6.5;
T_6.4 ;
    %load/vec4 v0000024070a6e980_0;
    %cmpi/e 4, 0, 5;
    %flag_get/vec4 4;
    %jmp/0 T_6.12, 4;
    %load/vec4 v0000024070a7fe80_0;
    %and;
T_6.12;
    %flag_set/vec4 10;
    %flag_get/vec4 10;
    %jmp/0 T_6.11, 10;
    %load/vec4 v0000024070a80420_0;
    %pad/u 32;
    %pushi/vec4 8, 0, 32;
    %cmp/e;
    %flag_get/vec4 4;
    %and;
T_6.11;
    %flag_set/vec4 9;
    %flag_get/vec4 9;
    %jmp/0 T_6.10, 9;
    %load/vec4 v0000024070a80ce0_0;
    %pushi/vec4 8, 0, 5;
    %cmp/e;
    %flag_get/vec4 4;
    %and;
T_6.10;
    %flag_set/vec4 8;
    %jmp/0xz  T_6.8, 8;
    %load/vec4 v0000024070a6d260_0;
    %inv;
    %assign/vec4 v0000024070a6d260_0, 0;
    %jmp T_6.9;
T_6.8 ;
    %load/vec4 v0000024070a6e980_0;
    %cmpi/e 8, 0, 5;
    %flag_get/vec4 4;
    %jmp/0 T_6.16, 4;
    %load/vec4 v0000024070a7fe80_0;
    %and;
T_6.16;
    %flag_set/vec4 9;
    %flag_get/vec4 9;
    %jmp/0 T_6.15, 9;
    %load/vec4 v0000024070a80ce0_0;
    %pushi/vec4 16, 0, 5;
    %cmp/e;
    %flag_get/vec4 4;
    %and;
T_6.15;
    %flag_set/vec4 8;
    %jmp/0xz  T_6.13, 8;
    %load/vec4 v0000024070a6d260_0;
    %inv;
    %assign/vec4 v0000024070a6d260_0, 0;
    %jmp T_6.14;
T_6.13 ;
    %load/vec4 v0000024070a6d260_0;
    %assign/vec4 v0000024070a6d260_0, 0;
T_6.14 ;
T_6.9 ;
T_6.5 ;
T_6.3 ;
T_6.1 ;
    %jmp T_6;
    .thread T_6;
    .scope S_0000024070a392e0;
T_7 ;
    %wait E_0000024070a72e40;
    %load/vec4 v0000024070a6e3e0_0;
    %nor/r;
    %flag_set/vec4 8;
    %jmp/0xz  T_7.0, 8;
    %pushi/vec4 1, 0, 1;
    %assign/vec4 v0000024070a6e020_0, 0;
    %jmp T_7.1;
T_7.0 ;
    %load/vec4 v0000024070a6e840_0;
    %flag_set/vec4 8;
    %jmp/0xz  T_7.2, 8;
    %pushi/vec4 0, 0, 1;
    %assign/vec4 v0000024070a6e020_0, 0;
    %jmp T_7.3;
T_7.2 ;
    %load/vec4 v0000024070a6e980_0;
    %cmpi/e 16, 0, 5;
    %jmp/0xz  T_7.4, 4;
    %pushi/vec4 1, 0, 1;
    %assign/vec4 v0000024070a6e020_0, 0;
    %jmp T_7.5;
T_7.4 ;
    %load/vec4 v0000024070a6e020_0;
    %assign/vec4 v0000024070a6e020_0, 0;
T_7.5 ;
T_7.3 ;
T_7.1 ;
    %jmp T_7;
    .thread T_7;
    .scope S_0000024070a392e0;
T_8 ;
    %wait E_0000024070a72e40;
    %load/vec4 v0000024070a6e3e0_0;
    %nor/r;
    %flag_set/vec4 8;
    %jmp/0xz  T_8.0, 8;
    %pushi/vec4 0, 0, 4;
    %assign/vec4 v0000024070a7f480_0, 0;
    %jmp T_8.1;
T_8.0 ;
    %load/vec4 v0000024070a80420_0;
    %assign/vec4 v0000024070a7f480_0, 0;
T_8.1 ;
    %jmp T_8;
    .thread T_8;
    .scope S_0000024070ad9030;
T_9 ;
    %wait E_0000024070a72e40;
    %load/vec4 v0000024070ada570_0;
    %assign/vec4 v0000024070ada9d0_0, 0;
    %jmp T_9;
    .thread T_9;
    .scope S_0000024070ad9030;
T_10 ;
    %wait E_0000024070a72e40;
    %load/vec4 v0000024070adad90_0;
    %nor/r;
    %flag_set/vec4 8;
    %jmp/0xz  T_10.0, 8;
    %pushi/vec4 1, 0, 4;
    %assign/vec4 v0000024070ada430_0, 0;
    %jmp T_10.1;
T_10.0 ;
    %load/vec4 v0000024070ada890_0;
    %assign/vec4 v0000024070ada430_0, 0;
T_10.1 ;
    %jmp T_10;
    .thread T_10;
    .scope S_0000024070ad9030;
T_11 ;
    %wait E_0000024070a72780;
    %pushi/vec4 1, 0, 4;
    %assign/vec4 v0000024070ada890_0, 0;
    %load/vec4 v0000024070ada430_0;
    %dup/vec4;
    %pushi/vec4 1, 0, 4;
    %cmp/u;
    %jmp/1 T_11.0, 6;
    %dup/vec4;
    %pushi/vec4 2, 0, 4;
    %cmp/u;
    %jmp/1 T_11.1, 6;
    %dup/vec4;
    %pushi/vec4 4, 0, 4;
    %cmp/u;
    %jmp/1 T_11.2, 6;
    %jmp T_11.3;
T_11.0 ;
    %load/vec4 v0000024070ada6b0_0;
    %flag_set/vec4 8;
    %jmp/0 T_11.4, 8;
    %pushi/vec4 2, 0, 4;
    %jmp/1 T_11.5, 8;
T_11.4 ; End of true expr.
    %pushi/vec4 1, 0, 4;
    %jmp/0 T_11.5, 8;
 ; End of false expr.
    %blend;
T_11.5;
    %assign/vec4 v0000024070ada890_0, 0;
    %jmp T_11.3;
T_11.1 ;
    %load/vec4 v0000024070ada610_0;
    %pad/u 32;
    %cmpi/e 7, 0, 32;
    %flag_get/vec4 4;
    %jmp/0 T_11.10, 4;
    %load/vec4 v0000024070ad9e90_0;
    %and;
T_11.10;
    %flag_set/vec4 10;
    %flag_get/vec4 10;
    %jmp/0 T_11.9, 10;
    %load/vec4 v0000024070adae30_0;
    %and;
T_11.9;
    %flag_set/vec4 9;
    %flag_get/vec4 9;
    %jmp/0 T_11.8, 9;
    %load/vec4 v0000024070ad9530_0;
    %nor/r;
    %and;
T_11.8;
    %flag_set/vec4 8;
    %jmp/0xz  T_11.6, 8;
    %pushi/vec4 4, 0, 4;
    %assign/vec4 v0000024070ada890_0, 0;
    %jmp T_11.7;
T_11.6 ;
    %load/vec4 v0000024070ada610_0;
    %pad/u 32;
    %cmpi/e 7, 0, 32;
    %flag_get/vec4 4;
    %jmp/0 T_11.15, 4;
    %load/vec4 v0000024070ad9e90_0;
    %inv;
    %and;
T_11.15;
    %flag_set/vec4 10;
    %flag_get/vec4 10;
    %jmp/0 T_11.14, 10;
    %load/vec4 v0000024070ad95d0_0;
    %and;
T_11.14;
    %flag_set/vec4 9;
    %flag_get/vec4 9;
    %jmp/0 T_11.13, 9;
    %load/vec4 v0000024070ad9530_0;
    %nor/r;
    %and;
T_11.13;
    %flag_set/vec4 8;
    %jmp/0xz  T_11.11, 8;
    %pushi/vec4 4, 0, 4;
    %assign/vec4 v0000024070ada890_0, 0;
    %jmp T_11.12;
T_11.11 ;
    %pushi/vec4 2, 0, 4;
    %assign/vec4 v0000024070ada890_0, 0;
T_11.12 ;
T_11.7 ;
    %jmp T_11.3;
T_11.2 ;
    %pushi/vec4 1, 0, 4;
    %assign/vec4 v0000024070ada890_0, 0;
    %jmp T_11.3;
T_11.3 ;
    %pop/vec4 1;
    %jmp T_11;
    .thread T_11, $push;
    .scope S_0000024070ad9030;
T_12 ;
    %wait E_0000024070a72e40;
    %load/vec4 v0000024070adad90_0;
    %nor/r;
    %flag_set/vec4 8;
    %jmp/0xz  T_12.0, 8;
    %pushi/vec4 0, 0, 4;
    %assign/vec4 v0000024070ad97b0_0, 0;
    %jmp T_12.1;
T_12.0 ;
    %load/vec4 v0000024070ada430_0;
    %cmpi/e 4, 0, 4;
    %jmp/0xz  T_12.2, 4;
    %pushi/vec4 0, 0, 4;
    %assign/vec4 v0000024070ad97b0_0, 0;
    %jmp T_12.3;
T_12.2 ;
    %load/vec4 v0000024070adae30_0;
    %flag_set/vec4 8;
    %jmp/0xz  T_12.4, 8;
    %load/vec4 v0000024070ad97b0_0;
    %addi 1, 0, 4;
    %assign/vec4 v0000024070ad97b0_0, 0;
    %jmp T_12.5;
T_12.4 ;
    %load/vec4 v0000024070ad97b0_0;
    %assign/vec4 v0000024070ad97b0_0, 0;
T_12.5 ;
T_12.3 ;
T_12.1 ;
    %jmp T_12;
    .thread T_12;
    .scope S_0000024070ad9030;
T_13 ;
    %wait E_0000024070a72e40;
    %load/vec4 v0000024070adad90_0;
    %nor/r;
    %flag_set/vec4 8;
    %jmp/0xz  T_13.0, 8;
    %pushi/vec4 0, 0, 4;
    %assign/vec4 v0000024070ad9710_0, 0;
    %jmp T_13.1;
T_13.0 ;
    %load/vec4 v0000024070ada430_0;
    %cmpi/e 4, 0, 4;
    %jmp/0xz  T_13.2, 4;
    %pushi/vec4 0, 0, 4;
    %assign/vec4 v0000024070ad9710_0, 0;
    %jmp T_13.3;
T_13.2 ;
    %load/vec4 v0000024070ad95d0_0;
    %flag_set/vec4 8;
    %jmp/0xz  T_13.4, 8;
    %load/vec4 v0000024070ad9710_0;
    %addi 1, 0, 4;
    %assign/vec4 v0000024070ad9710_0, 0;
    %jmp T_13.5;
T_13.4 ;
    %load/vec4 v0000024070ad9710_0;
    %assign/vec4 v0000024070ad9710_0, 0;
T_13.5 ;
T_13.3 ;
T_13.1 ;
    %jmp T_13;
    .thread T_13;
    .scope S_0000024070ad9030;
T_14 ;
    %wait E_0000024070a72e40;
    %load/vec4 v0000024070adad90_0;
    %nor/r;
    %flag_set/vec4 8;
    %jmp/0xz  T_14.0, 8;
    %pushi/vec4 0, 0, 8;
    %assign/vec4 v0000024070ada750_0, 0;
    %jmp T_14.1;
T_14.0 ;
    %load/vec4 v0000024070ada430_0;
    %cmpi/e 2, 0, 4;
    %flag_get/vec4 4;
    %jmp/0 T_14.4, 4;
    %load/vec4 v0000024070adae30_0;
    %and;
T_14.4;
    %flag_set/vec4 8;
    %jmp/0xz  T_14.2, 8;
    %load/vec4 v0000024070ad9850_0;
    %load/vec4 v0000024070ada750_0;
    %parti/s 7, 1, 2;
    %concat/vec4; draw_concat_vec4
    %assign/vec4 v0000024070ada750_0, 0;
    %jmp T_14.3;
T_14.2 ;
    %load/vec4 v0000024070ada430_0;
    %cmpi/e 4, 0, 4;
    %jmp/0xz  T_14.5, 4;
    %pushi/vec4 0, 0, 8;
    %assign/vec4 v0000024070ada750_0, 0;
    %jmp T_14.6;
T_14.5 ;
    %load/vec4 v0000024070ada750_0;
    %assign/vec4 v0000024070ada750_0, 0;
T_14.6 ;
T_14.3 ;
T_14.1 ;
    %jmp T_14;
    .thread T_14;
    .scope S_0000024070ad9030;
T_15 ;
    %wait E_0000024070a72e40;
    %load/vec4 v0000024070adad90_0;
    %nor/r;
    %flag_set/vec4 8;
    %jmp/0xz  T_15.0, 8;
    %pushi/vec4 0, 0, 8;
    %assign/vec4 v0000024070ada2f0_0, 0;
    %jmp T_15.1;
T_15.0 ;
    %load/vec4 v0000024070ada430_0;
    %cmpi/e 2, 0, 4;
    %flag_get/vec4 4;
    %jmp/0 T_15.4, 4;
    %load/vec4 v0000024070ad95d0_0;
    %and;
T_15.4;
    %flag_set/vec4 8;
    %jmp/0xz  T_15.2, 8;
    %load/vec4 v0000024070ad9850_0;
    %load/vec4 v0000024070ada2f0_0;
    %parti/s 7, 1, 2;
    %concat/vec4; draw_concat_vec4
    %assign/vec4 v0000024070ada2f0_0, 0;
    %jmp T_15.3;
T_15.2 ;
    %load/vec4 v0000024070ada430_0;
    %cmpi/e 4, 0, 4;
    %jmp/0xz  T_15.5, 4;
    %pushi/vec4 0, 0, 8;
    %assign/vec4 v0000024070ada2f0_0, 0;
    %jmp T_15.6;
T_15.5 ;
    %load/vec4 v0000024070ada2f0_0;
    %assign/vec4 v0000024070ada2f0_0, 0;
T_15.6 ;
T_15.3 ;
T_15.1 ;
    %jmp T_15;
    .thread T_15;
    .scope S_0000024070a55a80;
T_16 ;
    %pushi/vec4 0, 0, 1;
    %store/vec4 v0000024070ad9990_0, 0, 1;
    %pushi/vec4 0, 0, 1;
    %store/vec4 v0000024070adaa70_0, 0, 1;
    %pushi/vec4 0, 0, 1;
    %store/vec4 v0000024070ad9df0_0, 0, 1;
    %pushi/vec4 53, 0, 8;
    %store/vec4 v0000024070ad9210_0, 0, 8;
    %pushi/vec4 0, 0, 1;
    %store/vec4 v0000024070ada7f0_0, 0, 1;
    %delay 30, 0;
    %pushi/vec4 1, 0, 1;
    %store/vec4 v0000024070adaa70_0, 0, 1;
    %delay 10, 0;
    %wait E_0000024070a72900;
    %pushi/vec4 1, 0, 1;
    %assign/vec4 v0000024070ad9df0_0, 0;
    %wait E_0000024070a72900;
    %pushi/vec4 0, 0, 1;
    %assign/vec4 v0000024070ad9df0_0, 0;
    %wait E_0000024070a724c0;
    %pushi/vec4 68, 0, 8;
    %store/vec4 v0000024070ad9210_0, 0, 8;
    %pushi/vec4 2, 0, 32;
T_16.0 %dup/vec4;
    %pushi/vec4 0, 0, 32;
    %cmp/s;
    %jmp/1xz T_16.1, 5;
    %jmp/1 T_16.1, 4;
    %pushi/vec4 1, 0, 32;
    %sub;
    %wait E_0000024070a72900;
    %jmp T_16.0;
T_16.1 ;
    %pop/vec4 1;
    %pushi/vec4 1, 0, 1;
    %store/vec4 v0000024070ad9df0_0, 0, 1;
    %wait E_0000024070a72900;
    %pushi/vec4 0, 0, 1;
    %store/vec4 v0000024070ad9df0_0, 0, 1;
    %end;
    .thread T_16;
    .scope S_0000024070a55a80;
T_17 ;
    %delay 10, 0;
    %load/vec4 v0000024070ad9990_0;
    %inv;
    %store/vec4 v0000024070ad9990_0, 0, 1;
    %jmp T_17;
    .thread T_17;
    .scope S_0000024070a55a80;
T_18 ;
    %vpi_call/w 3 69 "$dumpfile", "wave.vcd" {0 0 0};
    %vpi_call/w 3 70 "$dumpvars", 32'sb00000000000000000000000000000000, S_0000024070a55a80 {0 0 0};
    %delay 10000, 0;
    %vpi_call/w 3 71 "$finish" {0 0 0};
    %end;
    .thread T_18;
# The file index is used to find the file name in the following table.
:file_names 5;
    "N/A";
    "<interactive>";
    "-";
    "tb_spi.sv";
    "spi.sv";
