#! /c/Source/iverilog-install/bin/vvp
:ivl_version "12.0 (devel)" "(s20150603-1539-g2693dd32b)";
:ivl_delay_selection "TYPICAL";
:vpi_time_precision - 9;
:vpi_module "C:\iverilog\lib\ivl\system.vpi";
:vpi_module "C:\iverilog\lib\ivl\vhdl_sys.vpi";
:vpi_module "C:\iverilog\lib\ivl\vhdl_textio.vpi";
:vpi_module "C:\iverilog\lib\ivl\v2005_math.vpi";
:vpi_module "C:\iverilog\lib\ivl\va_math.vpi";
:vpi_module "C:\iverilog\lib\ivl\v2009.vpi";
S_00000228f148ec10 .scope package, "$unit" "$unit" 2 1;
 .timescale 0 0;
S_00000228f148eda0 .scope module, "CntSecMinHr" "CntSecMinHr" 3 7;
 .timescale -9 -9;
    .port_info 0 /INPUT 1 "clk";
    .port_info 1 /INPUT 1 "rst";
    .port_info 2 /OUTPUT 6 "sec";
    .port_info 3 /OUTPUT 6 "min";
    .port_info 4 /OUTPUT 5 "hr";
o00000228f17e6358 .functor BUFZ 1, C4<z>; HiZ drive
v00000228f1479920_0 .net "clk", 0 0, o00000228f17e6358;  0 drivers
v00000228f1479d80_0 .net "en1hr", 0 0, L_00000228f17dafa0;  1 drivers
v00000228f14799c0_0 .net "en1min", 0 0, L_00000228f17da6e0;  1 drivers
v00000228f1479a60_0 .net "en1sec", 0 0, L_00000228f17da440;  1 drivers
v00000228f1479b00_0 .net "hr", 4 0, v00000228f17d9e90_0;  1 drivers
v00000228f147a5a0_0 .net "min", 5 0, v00000228f17d98f0_0;  1 drivers
o00000228f17e6418 .functor BUFZ 1, C4<z>; HiZ drive
v00000228f147a000_0 .net "rst", 0 0, o00000228f17e6418;  0 drivers
v00000228f147a500_0 .net "sec", 5 0, v00000228f1478d40_0;  1 drivers
S_00000228f1401b50 .scope module, "cnt1sec" "Counter" 3 14, 3 20 0, S_00000228f148eda0;
 .timescale -9 -9;
    .port_info 0 /INPUT 1 "clk";
    .port_info 1 /INPUT 1 "rst";
    .port_info 2 /INPUT 1 "en";
    .port_info 3 /OUTPUT 4 "cnt";
    .port_info 4 /OUTPUT 1 "co";
P_00000228f146dd40 .param/l "M" 0 3 21, +C4<00000000000000000000000000001010>;
L_00000228f184b128 .functor BUFT 1, C4<1>, C4<0>, C4<0>, C4<0>;
L_00000228f17da440 .functor AND 1, L_00000228f184b128, L_00000228f184a390, C4<1>, C4<1>;
v00000228f17d8ef0_0 .net *"_ivl_0", 31 0, L_00000228f1849cb0;  1 drivers
L_00000228f184b098 .functor BUFT 1, C4<0000000000000000000000000000>, C4<0>, C4<0>, C4<0>;
v00000228f17d8c70_0 .net *"_ivl_3", 27 0, L_00000228f184b098;  1 drivers
L_00000228f184b0e0 .functor BUFT 1, C4<00000000000000000000000000001001>, C4<0>, C4<0>, C4<0>;
v00000228f17d8950_0 .net/2u *"_ivl_4", 31 0, L_00000228f184b0e0;  1 drivers
v00000228f17d8f90_0 .net *"_ivl_6", 0 0, L_00000228f184a390;  1 drivers
v00000228f17d9a30_0 .net "clk", 0 0, o00000228f17e6358;  alias, 0 drivers
v00000228f17d8bd0_0 .var "cnt", 3 0;
v00000228f17d8770_0 .net "co", 0 0, L_00000228f17da440;  alias, 1 drivers
v00000228f17d8d10_0 .net "en", 0 0, L_00000228f184b128;  1 drivers
v00000228f17d9030_0 .net "rst", 0 0, o00000228f17e6418;  alias, 0 drivers
E_00000228f146e180 .event posedge, v00000228f17d9a30_0;
L_00000228f1849cb0 .concat [ 4 28 0 0], v00000228f17d8bd0_0, L_00000228f184b098;
L_00000228f184a390 .cmp/eq 32, L_00000228f1849cb0, L_00000228f184b0e0;
S_00000228f1411560 .scope module, "cnt24hr" "Counter" 3 17, 3 20 0, S_00000228f148eda0;
 .timescale -9 -9;
    .port_info 0 /INPUT 1 "clk";
    .port_info 1 /INPUT 1 "rst";
    .port_info 2 /INPUT 1 "en";
    .port_info 3 /OUTPUT 5 "cnt";
    .port_info 4 /OUTPUT 1 "co";
P_00000228f146e780 .param/l "M" 0 3 21, +C4<00000000000000000000000000011000>;
L_00000228f17dab40 .functor AND 1, L_00000228f17dafa0, L_00000228f1849170, C4<1>, C4<1>;
v00000228f17d92b0_0 .net *"_ivl_0", 31 0, L_00000228f184af70;  1 drivers
L_00000228f184b290 .functor BUFT 1, C4<000000000000000000000000000>, C4<0>, C4<0>, C4<0>;
v00000228f17d9490_0 .net *"_ivl_3", 26 0, L_00000228f184b290;  1 drivers
L_00000228f184b2d8 .functor BUFT 1, C4<00000000000000000000000000010111>, C4<0>, C4<0>, C4<0>;
v00000228f17d9350_0 .net/2u *"_ivl_4", 31 0, L_00000228f184b2d8;  1 drivers
v00000228f17d93f0_0 .net *"_ivl_6", 0 0, L_00000228f1849170;  1 drivers
v00000228f17d9c10_0 .net "clk", 0 0, o00000228f17e6358;  alias, 0 drivers
v00000228f17d9e90_0 .var "cnt", 4 0;
v00000228f17d8450_0 .net "co", 0 0, L_00000228f17dab40;  1 drivers
v00000228f17d9530_0 .net "en", 0 0, L_00000228f17dafa0;  alias, 1 drivers
v00000228f17d95d0_0 .net "rst", 0 0, o00000228f17e6418;  alias, 0 drivers
L_00000228f184af70 .concat [ 5 27 0 0], v00000228f17d9e90_0, L_00000228f184b290;
L_00000228f1849170 .cmp/eq 32, L_00000228f184af70, L_00000228f184b2d8;
S_00000228f183c9c0 .scope module, "cnt60min" "Counter" 3 16, 3 20 0, S_00000228f148eda0;
 .timescale -9 -9;
    .port_info 0 /INPUT 1 "clk";
    .port_info 1 /INPUT 1 "rst";
    .port_info 2 /INPUT 1 "en";
    .port_info 3 /OUTPUT 6 "cnt";
    .port_info 4 /OUTPUT 1 "co";
P_00000228f146f2c0 .param/l "M" 0 3 21, +C4<00000000000000000000000000111100>;
L_00000228f17dafa0 .functor AND 1, L_00000228f17da6e0, L_00000228f184a2f0, C4<1>, C4<1>;
v00000228f17d8270_0 .net *"_ivl_0", 31 0, L_00000228f184a890;  1 drivers
L_00000228f184b200 .functor BUFT 1, C4<00000000000000000000000000>, C4<0>, C4<0>, C4<0>;
v00000228f17d9670_0 .net *"_ivl_3", 25 0, L_00000228f184b200;  1 drivers
L_00000228f184b248 .functor BUFT 1, C4<00000000000000000000000000111011>, C4<0>, C4<0>, C4<0>;
v00000228f17d83b0_0 .net/2u *"_ivl_4", 31 0, L_00000228f184b248;  1 drivers
v00000228f17d97b0_0 .net *"_ivl_6", 0 0, L_00000228f184a2f0;  1 drivers
v00000228f17d9850_0 .net "clk", 0 0, o00000228f17e6358;  alias, 0 drivers
v00000228f17d98f0_0 .var "cnt", 5 0;
v00000228f17d9990_0 .net "co", 0 0, L_00000228f17dafa0;  alias, 1 drivers
v00000228f17d9ad0_0 .net "en", 0 0, L_00000228f17da6e0;  alias, 1 drivers
v00000228f17d8590_0 .net "rst", 0 0, o00000228f17e6418;  alias, 0 drivers
L_00000228f184a890 .concat [ 6 26 0 0], v00000228f17d98f0_0, L_00000228f184b200;
L_00000228f184a2f0 .cmp/eq 32, L_00000228f184a890, L_00000228f184b248;
S_00000228f183c510 .scope module, "cnt60sec" "Counter" 3 15, 3 20 0, S_00000228f148eda0;
 .timescale -9 -9;
    .port_info 0 /INPUT 1 "clk";
    .port_info 1 /INPUT 1 "rst";
    .port_info 2 /INPUT 1 "en";
    .port_info 3 /OUTPUT 6 "cnt";
    .port_info 4 /OUTPUT 1 "co";
P_00000228f146e7c0 .param/l "M" 0 3 21, +C4<00000000000000000000000000111100>;
L_00000228f17da6e0 .functor AND 1, L_00000228f17da440, L_00000228f184a750, C4<1>, C4<1>;
v00000228f17d8810_0 .net *"_ivl_0", 31 0, L_00000228f184a110;  1 drivers
L_00000228f184b170 .functor BUFT 1, C4<00000000000000000000000000>, C4<0>, C4<0>, C4<0>;
v00000228f17d9b70_0 .net *"_ivl_3", 25 0, L_00000228f184b170;  1 drivers
L_00000228f184b1b8 .functor BUFT 1, C4<00000000000000000000000000111011>, C4<0>, C4<0>, C4<0>;
v00000228f17d88b0_0 .net/2u *"_ivl_4", 31 0, L_00000228f184b1b8;  1 drivers
v00000228f17d9f30_0 .net *"_ivl_6", 0 0, L_00000228f184a750;  1 drivers
v00000228f1479f60_0 .net "clk", 0 0, o00000228f17e6358;  alias, 0 drivers
v00000228f1478d40_0 .var "cnt", 5 0;
v00000228f1479240_0 .net "co", 0 0, L_00000228f17da6e0;  alias, 1 drivers
v00000228f1479420_0 .net "en", 0 0, L_00000228f17da440;  alias, 1 drivers
v00000228f147a320_0 .net "rst", 0 0, o00000228f17e6418;  alias, 0 drivers
L_00000228f184a110 .concat [ 6 26 0 0], v00000228f1478d40_0, L_00000228f184b170;
L_00000228f184a750 .cmp/eq 32, L_00000228f184a110, L_00000228f184b1b8;
S_00000228f13ed320 .scope module, "CounterMax" "CounterMax" 3 37;
 .timescale -9 -9;
    .port_info 0 /INPUT 1 "clk";
    .port_info 1 /INPUT 1 "rst";
    .port_info 2 /INPUT 1 "en";
    .port_info 3 /INPUT 8 "max";
    .port_info 4 /OUTPUT 8 "cnt";
    .port_info 5 /OUTPUT 1 "co";
P_00000228f146d440 .param/l "DW" 0 3 38, +C4<00000000000000000000000000001000>;
o00000228f17e6d18 .functor BUFZ 1, C4<z>; HiZ drive
L_00000228f17da910 .functor AND 1, o00000228f17e6d18, L_00000228f1849530, C4<1>, C4<1>;
v00000228f147a640_0 .net *"_ivl_0", 0 0, L_00000228f1849530;  1 drivers
o00000228f17e6c88 .functor BUFZ 1, C4<z>; HiZ drive
v00000228f1478840_0 .net "clk", 0 0, o00000228f17e6c88;  0 drivers
v00000228f1474480_0 .var "cnt", 7 0;
v00000228f1473c60_0 .net "co", 0 0, L_00000228f17da910;  1 drivers
v00000228f1473d00_0 .net "en", 0 0, o00000228f17e6d18;  0 drivers
o00000228f17e6d48 .functor BUFZ 8, C4<zzzzzzzz>; HiZ drive
v00000228f183d610_0 .net "max", 7 0, o00000228f17e6d48;  0 drivers
o00000228f17e6d78 .functor BUFZ 1, C4<z>; HiZ drive
v00000228f183e010_0 .net "rst", 0 0, o00000228f17e6d78;  0 drivers
E_00000228f146f040 .event posedge, v00000228f1478840_0;
L_00000228f1849530 .cmp/eq 8, v00000228f1474480_0, o00000228f17e6d48;
S_00000228f13ed4b0 .scope module, "DcRam" "DcRam" 4 150;
 .timescale -9 -9;
    .port_info 0 /INPUT 1 "clk_a";
    .port_info 1 /INPUT 8 "addr_a";
    .port_info 2 /INPUT 1 "wr_a";
    .port_info 3 /INPUT 8 "din_a";
    .port_info 4 /OUTPUT 8 "qout_a";
    .port_info 5 /INPUT 1 "clk_b";
    .port_info 6 /INPUT 8 "addr_b";
    .port_info 7 /INPUT 1 "wr_b";
    .port_info 8 /INPUT 8 "din_b";
    .port_info 9 /OUTPUT 8 "qout_b";
P_00000228f13c51b0 .param/l "DW" 0 4 151, +C4<00000000000000000000000000001000>;
P_00000228f13c51e8 .param/l "WORDS" 0 4 151, +C4<00000000000000000000000100000000>;
o00000228f17e6ec8 .functor BUFZ 8, C4<zzzzzzzz>; HiZ drive
v00000228f183e650_0 .net "addr_a", 7 0, o00000228f17e6ec8;  0 drivers
o00000228f17e6ef8 .functor BUFZ 8, C4<zzzzzzzz>; HiZ drive
v00000228f183ec90_0 .net "addr_b", 7 0, o00000228f17e6ef8;  0 drivers
o00000228f17e6f28 .functor BUFZ 1, C4<z>; HiZ drive
v00000228f183d890_0 .net "clk_a", 0 0, o00000228f17e6f28;  0 drivers
o00000228f17e6f58 .functor BUFZ 1, C4<z>; HiZ drive
v00000228f183dc50_0 .net "clk_b", 0 0, o00000228f17e6f58;  0 drivers
o00000228f17e6f88 .functor BUFZ 8, C4<zzzzzzzz>; HiZ drive
v00000228f183e150_0 .net "din_a", 7 0, o00000228f17e6f88;  0 drivers
o00000228f17e6fb8 .functor BUFZ 8, C4<zzzzzzzz>; HiZ drive
v00000228f183ebf0_0 .net "din_b", 7 0, o00000228f17e6fb8;  0 drivers
v00000228f183e1f0_0 .var "qout_a", 7 0;
v00000228f183d750_0 .var "qout_b", 7 0;
v00000228f183d070 .array "ram", 0 255, 7 0;
o00000228f17e7048 .functor BUFZ 1, C4<z>; HiZ drive
v00000228f183de30_0 .net "wr_a", 0 0, o00000228f17e7048;  0 drivers
o00000228f17e7078 .functor BUFZ 1, C4<z>; HiZ drive
v00000228f183db10_0 .net "wr_b", 0 0, o00000228f17e7078;  0 drivers
E_00000228f146e100 .event posedge, v00000228f183dc50_0;
E_00000228f1470100 .event posedge, v00000228f183d890_0;
S_00000228f14090b0 .scope module, "DpRam" "DpRam" 4 100;
 .timescale -9 -9;
    .port_info 0 /INPUT 1 "clk";
    .port_info 1 /INPUT 8 "addr_a";
    .port_info 2 /INPUT 1 "wr_a";
    .port_info 3 /INPUT 8 "din_a";
    .port_info 4 /OUTPUT 8 "qout_a";
    .port_info 5 /INPUT 8 "addr_b";
    .port_info 6 /INPUT 1 "wr_b";
    .port_info 7 /INPUT 8 "din_b";
    .port_info 8 /OUTPUT 8 "qout_b";
P_00000228f13c59b0 .param/l "DW" 0 4 101, +C4<00000000000000000000000000001000>;
P_00000228f13c59e8 .param/l "WORDS" 0 4 101, +C4<00000000000000000000000100000000>;
o00000228f17e7288 .functor BUFZ 8, C4<zzzzzzzz>; HiZ drive
v00000228f183df70_0 .net "addr_a", 7 0, o00000228f17e7288;  0 drivers
o00000228f17e72b8 .functor BUFZ 8, C4<zzzzzzzz>; HiZ drive
v00000228f183d110_0 .net "addr_b", 7 0, o00000228f17e72b8;  0 drivers
o00000228f17e72e8 .functor BUFZ 1, C4<z>; HiZ drive
v00000228f183ef10_0 .net "clk", 0 0, o00000228f17e72e8;  0 drivers
o00000228f17e7318 .functor BUFZ 8, C4<zzzzzzzz>; HiZ drive
v00000228f183e290_0 .net "din_a", 7 0, o00000228f17e7318;  0 drivers
o00000228f17e7348 .functor BUFZ 8, C4<zzzzzzzz>; HiZ drive
v00000228f183e790_0 .net "din_b", 7 0, o00000228f17e7348;  0 drivers
v00000228f183d570_0 .var "qout_a", 7 0;
v00000228f183e330_0 .var "qout_b", 7 0;
v00000228f183ed30 .array "ram", 0 255, 7 0;
o00000228f17e73d8 .functor BUFZ 1, C4<z>; HiZ drive
v00000228f183d6b0_0 .net "wr_a", 0 0, o00000228f17e73d8;  0 drivers
o00000228f17e7408 .functor BUFZ 1, C4<z>; HiZ drive
v00000228f183ded0_0 .net "wr_b", 0 0, o00000228f17e7408;  0 drivers
E_00000228f1470200 .event posedge, v00000228f183ef10_0;
S_00000228f1409240 .scope module, "Edge2En" "Edge2En" 5 29;
 .timescale -9 -9;
    .port_info 0 /INPUT 1 "clk";
    .port_info 1 /INPUT 1 "in";
    .port_info 2 /OUTPUT 1 "rising";
    .port_info 3 /OUTPUT 1 "falling";
    .port_info 4 /OUTPUT 1 "out";
P_00000228f146db40 .param/l "SYNC_STG" 0 5 29, +C4<00000000000000000000000000000001>;
v00000228f183e510_0 .net *"_ivl_1", 1 0, L_00000228f1849b70;  1 drivers
v00000228f183e830_0 .net *"_ivl_11", 1 0, L_00000228f1849490;  1 drivers
v00000228f183d7f0_0 .net *"_ivl_12", 2 0, L_00000228f184a9d0;  1 drivers
L_00000228f184b3b0 .functor BUFT 1, C4<0>, C4<0>, C4<0>, C4<0>;
v00000228f183d250_0 .net *"_ivl_15", 0 0, L_00000228f184b3b0;  1 drivers
L_00000228f184b3f8 .functor BUFT 1, C4<010>, C4<0>, C4<0>, C4<0>;
v00000228f183dbb0_0 .net/2u *"_ivl_16", 2 0, L_00000228f184b3f8;  1 drivers
v00000228f183e470_0 .net *"_ivl_2", 2 0, L_00000228f184a930;  1 drivers
L_00000228f184b320 .functor BUFT 1, C4<0>, C4<0>, C4<0>, C4<0>;
v00000228f183ee70_0 .net *"_ivl_5", 0 0, L_00000228f184b320;  1 drivers
L_00000228f184b368 .functor BUFT 1, C4<001>, C4<0>, C4<0>, C4<0>;
v00000228f183d1b0_0 .net/2u *"_ivl_6", 2 0, L_00000228f184b368;  1 drivers
o00000228f17e7768 .functor BUFZ 1, C4<z>; HiZ drive
v00000228f183e0b0_0 .net "clk", 0 0, o00000228f17e7768;  0 drivers
v00000228f183e6f0_0 .var "dly", 1 0;
v00000228f183d2f0_0 .net "falling", 0 0, L_00000228f184a430;  1 drivers
o00000228f17e77f8 .functor BUFZ 1, C4<z>; HiZ drive
v00000228f183d390_0 .net "in", 0 0, o00000228f17e77f8;  0 drivers
v00000228f183d430_0 .net "out", 0 0, L_00000228f1849d50;  1 drivers
v00000228f183e3d0_0 .net "rising", 0 0, L_00000228f18492b0;  1 drivers
E_00000228f146fa80 .event posedge, v00000228f183e0b0_0;
L_00000228f1849b70 .part v00000228f183e6f0_0, 0, 2;
L_00000228f184a930 .concat [ 2 1 0 0], L_00000228f1849b70, L_00000228f184b320;
L_00000228f18492b0 .cmp/eq 3, L_00000228f184a930, L_00000228f184b368;
L_00000228f1849490 .part v00000228f183e6f0_0, 0, 2;
L_00000228f184a9d0 .concat [ 2 1 0 0], L_00000228f1849490, L_00000228f184b3b0;
L_00000228f184a430 .cmp/eq 3, L_00000228f184a9d0, L_00000228f184b3f8;
L_00000228f1849d50 .part v00000228f183e6f0_0, 1, 1;
S_00000228f13e72c0 .scope module, "Rising2En" "Rising2En" 5 5;
 .timescale -9 -9;
    .port_info 0 /INPUT 1 "clk";
    .port_info 1 /INPUT 1 "in";
    .port_info 2 /OUTPUT 1 "en";
    .port_info 3 /OUTPUT 1 "out";
P_00000228f146dc80 .param/l "SYNC_STG" 0 5 5, +C4<00000000000000000000000000000001>;
v00000228f183edd0_0 .net *"_ivl_1", 1 0, L_00000228f184a570;  1 drivers
v00000228f183dcf0_0 .net *"_ivl_2", 2 0, L_00000228f1849670;  1 drivers
L_00000228f184b440 .functor BUFT 1, C4<0>, C4<0>, C4<0>, C4<0>;
v00000228f183d4d0_0 .net *"_ivl_5", 0 0, L_00000228f184b440;  1 drivers
L_00000228f184b488 .functor BUFT 1, C4<001>, C4<0>, C4<0>, C4<0>;
v00000228f183e8d0_0 .net/2u *"_ivl_6", 2 0, L_00000228f184b488;  1 drivers
o00000228f17e7a38 .functor BUFZ 1, C4<z>; HiZ drive
v00000228f183d930_0 .net "clk", 0 0, o00000228f17e7a38;  0 drivers
v00000228f183ea10_0 .var "dly", 1 0;
v00000228f183e5b0_0 .net "en", 0 0, L_00000228f18498f0;  1 drivers
o00000228f17e7ac8 .functor BUFZ 1, C4<z>; HiZ drive
v00000228f183e970_0 .net "in", 0 0, o00000228f17e7ac8;  0 drivers
v00000228f183eb50_0 .net "out", 0 0, L_00000228f1849990;  1 drivers
E_00000228f146f580 .event posedge, v00000228f183d930_0;
L_00000228f184a570 .part v00000228f183ea10_0, 0, 2;
L_00000228f1849670 .concat [ 2 1 0 0], L_00000228f184a570, L_00000228f184b440;
L_00000228f18498f0 .cmp/eq 3, L_00000228f1849670, L_00000228f184b488;
L_00000228f1849990 .part v00000228f183ea10_0, 1, 1;
S_00000228f13e7450 .scope module, "ScFifo1" "ScFifo1" 6 10;
 .timescale -9 -9;
    .port_info 0 /INPUT 1 "clk";
    .port_info 1 /INPUT 1 "rst";
    .port_info 2 /INPUT 8 "din";
    .port_info 3 /INPUT 1 "write";
    .port_info 4 /OUTPUT 8 "dout";
    .port_info 5 /INPUT 1 "read";
    .port_info 6 /OUTPUT 10 "wr_cnt";
    .port_info 7 /OUTPUT 10 "rd_cnt";
    .port_info 8 /OUTPUT 10 "data_cnt";
    .port_info 9 /OUTPUT 1 "full";
    .port_info 10 /OUTPUT 1 "empty";
P_00000228f141ff30 .param/l "AW" 0 6 12, +C4<00000000000000000000000000001010>;
P_00000228f141ff68 .param/l "CAPACITY" 1 6 27, +C4<000000000000000000000001111111111>;
P_00000228f141ffa0 .param/l "DW" 0 6 11, +C4<00000000000000000000000000001000>;
v00000228f1840520_0 .net *"_ivl_10", 31 0, L_00000228f18a6630;  1 drivers
L_00000228f184b560 .functor BUFT 1, C4<0000000000000000000000>, C4<0>, C4<0>, C4<0>;
v00000228f1840660_0 .net *"_ivl_13", 21 0, L_00000228f184b560;  1 drivers
L_00000228f184b5a8 .functor BUFT 1, C4<00000000000000000000000000000000>, C4<0>, C4<0>, C4<0>;
v00000228f1840ca0_0 .net/2u *"_ivl_14", 31 0, L_00000228f184b5a8;  1 drivers
v00000228f183f8a0_0 .net *"_ivl_2", 32 0, L_00000228f184abb0;  1 drivers
L_00000228f184b4d0 .functor BUFT 1, C4<00000000000000000000000>, C4<0>, C4<0>, C4<0>;
v00000228f183fc60_0 .net *"_ivl_5", 22 0, L_00000228f184b4d0;  1 drivers
L_00000228f184b518 .functor BUFT 1, C4<000000000000000000000001111111111>, C4<0>, C4<0>, C4<0>;
v00000228f183f120_0 .net/2u *"_ivl_6", 32 0, L_00000228f184b518;  1 drivers
o00000228f17e7c48 .functor BUFZ 1, C4<z>; HiZ drive
v00000228f1840d40_0 .net "clk", 0 0, o00000228f17e7c48;  0 drivers
v00000228f1840200_0 .net "data_cnt", 9 0, L_00000228f184ab10;  1 drivers
o00000228f17e7c78 .functor BUFZ 8, C4<zzzzzzzz>; HiZ drive
v00000228f183f760_0 .net "din", 7 0, o00000228f17e7c78;  0 drivers
v00000228f18408e0_0 .net "dout", 7 0, v00000228f18402a0_0;  1 drivers
v00000228f1840b60_0 .net "empty", 0 0, L_00000228f18a6810;  1 drivers
v00000228f1840700_0 .net "full", 0 0, L_00000228f1849a30;  1 drivers
v00000228f1840de0_0 .var "rd_cnt", 9 0;
o00000228f17e7fd8 .functor BUFZ 1, C4<z>; HiZ drive
v00000228f183fee0_0 .net "read", 0 0, o00000228f17e7fd8;  0 drivers
o00000228f17e8008 .functor BUFZ 1, C4<z>; HiZ drive
v00000228f18405c0_0 .net "rst", 0 0, o00000228f17e8008;  0 drivers
v00000228f18407a0_0 .var "wr_cnt", 9 0;
o00000228f17e7cd8 .functor BUFZ 1, C4<z>; HiZ drive
v00000228f1840c00_0 .net "write", 0 0, o00000228f17e7cd8;  0 drivers
L_00000228f184ab10 .arith/sub 10, v00000228f18407a0_0, v00000228f1840de0_0;
L_00000228f184abb0 .concat [ 10 23 0 0], L_00000228f184ab10, L_00000228f184b4d0;
L_00000228f1849a30 .cmp/eq 33, L_00000228f184abb0, L_00000228f184b518;
L_00000228f18a6630 .concat [ 10 22 0 0], L_00000228f184ab10, L_00000228f184b560;
L_00000228f18a6810 .cmp/eq 32, L_00000228f18a6630, L_00000228f184b5a8;
S_00000228f183c1f0 .scope module, "theRam" "SdpRamRf" 6 39, 4 60 0, S_00000228f13e7450;
 .timescale -9 -9;
    .port_info 0 /INPUT 1 "clk";
    .port_info 1 /INPUT 10 "addr_a";
    .port_info 2 /INPUT 1 "wr_a";
    .port_info 3 /INPUT 8 "din_a";
    .port_info 4 /INPUT 10 "addr_b";
    .port_info 5 /OUTPUT 8 "qout_b";
P_00000228f17e4b50 .param/l "DW" 0 4 61, +C4<00000000000000000000000000001000>;
P_00000228f17e4b88 .param/l "WORDS" 0 4 61, +C4<00000000000000000000010000000000>;
v00000228f183eab0_0 .net "addr_a", 9 0, v00000228f18407a0_0;  1 drivers
v00000228f183d9d0_0 .net "addr_b", 9 0, v00000228f1840de0_0;  1 drivers
v00000228f183da70_0 .net "clk", 0 0, o00000228f17e7c48;  alias, 0 drivers
v00000228f183dd90_0 .net "din_a", 7 0, o00000228f17e7c78;  alias, 0 drivers
v00000228f18402a0_0 .var "qout_b", 7 0;
v00000228f1840020 .array "ram", 0 1024, 7 0;
v00000228f183f620_0 .net "wr_a", 0 0, o00000228f17e7cd8;  alias, 0 drivers
E_00000228f1470c80 .event posedge, v00000228f183da70_0;
S_00000228f13eca10 .scope module, "ScFifoSA" "ScFifoSA" 6 91;
 .timescale -9 -9;
    .port_info 0 /INPUT 1 "clk";
    .port_info 1 /INPUT 1 "rst";
    .port_info 2 /INPUT 8 "din";
    .port_info 3 /INPUT 1 "write";
    .port_info 4 /OUTPUT 8 "dout";
    .port_info 5 /INPUT 1 "read";
    .port_info 6 /OUTPUT 10 "wr_cnt";
    .port_info 7 /OUTPUT 10 "rd_cnt";
    .port_info 8 /OUTPUT 10 "data_cnt";
    .port_info 9 /OUTPUT 1 "full";
    .port_info 10 /OUTPUT 1 "empty";
P_00000228f1420350 .param/l "AW" 0 6 93, +C4<00000000000000000000000000001010>;
P_00000228f1420388 .param/l "CAPACITY" 1 6 108, +C4<000000000000000000000001111111111>;
P_00000228f14203c0 .param/l "DW" 0 6 92, +C4<00000000000000000000000000001000>;
v00000228f183f1c0_0 .net *"_ivl_10", 31 0, L_00000228f18a5f50;  1 drivers
L_00000228f184b680 .functor BUFT 1, C4<0000000000000000000000>, C4<0>, C4<0>, C4<0>;
v00000228f1840ac0_0 .net *"_ivl_13", 21 0, L_00000228f184b680;  1 drivers
L_00000228f184b6c8 .functor BUFT 1, C4<00000000000000000000000000000000>, C4<0>, C4<0>, C4<0>;
v00000228f183f260_0 .net/2u *"_ivl_14", 31 0, L_00000228f184b6c8;  1 drivers
v00000228f183f300_0 .net *"_ivl_2", 32 0, L_00000228f18a6a90;  1 drivers
L_00000228f184b5f0 .functor BUFT 1, C4<00000000000000000000000>, C4<0>, C4<0>, C4<0>;
v00000228f183f3a0_0 .net *"_ivl_5", 22 0, L_00000228f184b5f0;  1 drivers
L_00000228f184b638 .functor BUFT 1, C4<000000000000000000000001111111111>, C4<0>, C4<0>, C4<0>;
v00000228f183f940_0 .net/2u *"_ivl_6", 32 0, L_00000228f184b638;  1 drivers
o00000228f17e8338 .functor BUFZ 1, C4<z>; HiZ drive
v00000228f183fb20_0 .net "clk", 0 0, o00000228f17e8338;  0 drivers
v00000228f183f9e0_0 .net "data_cnt", 9 0, L_00000228f18a5cd0;  1 drivers
o00000228f17e8368 .functor BUFZ 8, C4<zzzzzzzz>; HiZ drive
v00000228f18403e0_0 .net "din", 7 0, o00000228f17e8368;  0 drivers
v00000228f183fd00_0 .net "dout", 7 0, L_00000228f17dad00;  1 drivers
v00000228f183f800_0 .net "empty", 0 0, L_00000228f18a5ff0;  1 drivers
v00000228f183fe40_0 .net "full", 0 0, L_00000228f18a6130;  1 drivers
v00000228f183ff80_0 .var "rd_cnt", 9 0;
o00000228f17e86c8 .functor BUFZ 1, C4<z>; HiZ drive
v00000228f183f440_0 .net "read", 0 0, o00000228f17e86c8;  0 drivers
o00000228f17e86f8 .functor BUFZ 1, C4<z>; HiZ drive
v00000228f183f4e0_0 .net "rst", 0 0, o00000228f17e86f8;  0 drivers
v00000228f183f6c0_0 .var "wr_cnt", 9 0;
o00000228f17e83c8 .functor BUFZ 1, C4<z>; HiZ drive
v00000228f183fa80_0 .net "write", 0 0, o00000228f17e83c8;  0 drivers
L_00000228f18a5cd0 .arith/sub 10, v00000228f183f6c0_0, v00000228f183ff80_0;
L_00000228f18a6a90 .concat [ 10 23 0 0], L_00000228f18a5cd0, L_00000228f184b5f0;
L_00000228f18a6130 .cmp/eq 33, L_00000228f18a6a90, L_00000228f184b638;
L_00000228f18a5f50 .concat [ 10 22 0 0], L_00000228f18a5cd0, L_00000228f184b680;
L_00000228f18a5ff0 .cmp/eq 32, L_00000228f18a5f50, L_00000228f184b6c8;
S_00000228f183c6a0 .scope module, "theRam" "SdpRamRa" 6 120, 4 81 0, S_00000228f13eca10;
 .timescale -9 -9;
    .port_info 0 /INPUT 1 "clk";
    .port_info 1 /INPUT 10 "addr_a";
    .port_info 2 /INPUT 1 "wr_a";
    .port_info 3 /INPUT 8 "din_a";
    .port_info 4 /INPUT 10 "addr_b";
    .port_info 5 /OUTPUT 8 "qout_b";
P_00000228f17e5dd0 .param/l "DW" 0 4 82, +C4<00000000000000000000000000001000>;
P_00000228f17e5e08 .param/l "WORDS" 0 4 82, +C4<00000000000000000000010000000000>;
L_00000228f17dad00 .functor BUFZ 8, L_00000228f18a6ef0, C4<00000000>, C4<00000000>, C4<00000000>;
v00000228f1840e80_0 .net *"_ivl_0", 7 0, L_00000228f18a6ef0;  1 drivers
v00000228f1840480_0 .net *"_ivl_2", 11 0, L_00000228f18a68b0;  1 drivers
L_00000228f184b710 .functor BUFT 1, C4<00>, C4<0>, C4<0>, C4<0>;
v00000228f183f580_0 .net *"_ivl_5", 1 0, L_00000228f184b710;  1 drivers
v00000228f1840340_0 .net "addr_a", 9 0, v00000228f183f6c0_0;  1 drivers
v00000228f1840840_0 .net "addr_b", 9 0, v00000228f183ff80_0;  1 drivers
v00000228f1840f20_0 .net "clk", 0 0, o00000228f17e8338;  alias, 0 drivers
v00000228f1840980_0 .net "din_a", 7 0, o00000228f17e8368;  alias, 0 drivers
v00000228f183fda0_0 .net "qout_b", 7 0, L_00000228f17dad00;  alias, 1 drivers
v00000228f1840a20 .array "ram", 0 1023, 7 0;
v00000228f183f080_0 .net "wr_a", 0 0, o00000228f17e83c8;  alias, 0 drivers
E_00000228f1471180 .event posedge, v00000228f1840f20_0;
L_00000228f18a6ef0 .array/port v00000228f1840a20, L_00000228f18a68b0;
L_00000228f18a68b0 .concat [ 10 2 0 0], v00000228f183ff80_0, L_00000228f184b710;
S_00000228f13ecba0 .scope module, "SdcRam" "SdcRam" 4 130;
 .timescale -9 -9;
    .port_info 0 /INPUT 1 "clk_a";
    .port_info 1 /INPUT 8 "addr_a";
    .port_info 2 /INPUT 1 "wr_a";
    .port_info 3 /INPUT 8 "din_a";
    .port_info 4 /INPUT 1 "clk_b";
    .port_info 5 /INPUT 8 "addr_b";
    .port_info 6 /OUTPUT 8 "qout_b";
P_00000228f17e43d0 .param/l "DW" 0 4 131, +C4<00000000000000000000000000001000>;
P_00000228f17e4408 .param/l "WORDS" 0 4 131, +C4<00000000000000000000000100000000>;
o00000228f17e8938 .functor BUFZ 8, C4<zzzzzzzz>; HiZ drive
v00000228f183fbc0_0 .net "addr_a", 7 0, o00000228f17e8938;  0 drivers
o00000228f17e8968 .functor BUFZ 8, C4<zzzzzzzz>; HiZ drive
v00000228f18400c0_0 .net "addr_b", 7 0, o00000228f17e8968;  0 drivers
o00000228f17e8998 .functor BUFZ 1, C4<z>; HiZ drive
v00000228f1840160_0 .net "clk_a", 0 0, o00000228f17e8998;  0 drivers
o00000228f17e89c8 .functor BUFZ 1, C4<z>; HiZ drive
v00000228f1842990_0 .net "clk_b", 0 0, o00000228f17e89c8;  0 drivers
o00000228f17e89f8 .functor BUFZ 8, C4<zzzzzzzz>; HiZ drive
v00000228f18419f0_0 .net "din_a", 7 0, o00000228f17e89f8;  0 drivers
v00000228f1841130_0 .var "qout_b", 7 0;
v00000228f1841950 .array "ram", 0 255, 7 0;
o00000228f17e8a58 .functor BUFZ 1, C4<z>; HiZ drive
v00000228f1841630_0 .net "wr_a", 0 0, o00000228f17e8a58;  0 drivers
E_00000228f1470b40 .event posedge, v00000228f1842990_0;
E_00000228f1470640 .event posedge, v00000228f1840160_0;
S_00000228f13f1690 .scope module, "SpRamRa" "SpRamRa" 4 25;
 .timescale -9 -9;
    .port_info 0 /INPUT 1 "clk";
    .port_info 1 /INPUT 8 "addr";
    .port_info 2 /INPUT 1 "we";
    .port_info 3 /INPUT 8 "din";
    .port_info 4 /OUTPUT 8 "qout";
P_00000228f17e4e50 .param/l "DW" 0 4 26, +C4<00000000000000000000000000001000>;
P_00000228f17e4e88 .param/l "WORDS" 0 4 26, +C4<00000000000000000000000100000000>;
L_00000228f17daec0 .functor BUFZ 8, L_00000228f18a6d10, C4<00000000>, C4<00000000>, C4<00000000>;
v00000228f1841590_0 .net *"_ivl_0", 7 0, L_00000228f18a6d10;  1 drivers
v00000228f1841090_0 .net *"_ivl_2", 9 0, L_00000228f18a66d0;  1 drivers
L_00000228f184b758 .functor BUFT 1, C4<00>, C4<0>, C4<0>, C4<0>;
v00000228f1842530_0 .net *"_ivl_5", 1 0, L_00000228f184b758;  1 drivers
o00000228f17e8c68 .functor BUFZ 8, C4<zzzzzzzz>; HiZ drive
v00000228f1842350_0 .net "addr", 7 0, o00000228f17e8c68;  0 drivers
o00000228f17e8c98 .functor BUFZ 1, C4<z>; HiZ drive
v00000228f18423f0_0 .net "clk", 0 0, o00000228f17e8c98;  0 drivers
o00000228f17e8cc8 .functor BUFZ 8, C4<zzzzzzzz>; HiZ drive
v00000228f1841ef0_0 .net "din", 7 0, o00000228f17e8cc8;  0 drivers
v00000228f1841450_0 .net "qout", 7 0, L_00000228f17daec0;  1 drivers
v00000228f1842b70 .array "ram", 0 255, 7 0;
o00000228f17e8d28 .functor BUFZ 1, C4<z>; HiZ drive
v00000228f1841f90_0 .net "we", 0 0, o00000228f17e8d28;  0 drivers
E_00000228f146dfc0 .event posedge, v00000228f18423f0_0;
L_00000228f18a6d10 .array/port v00000228f1842b70, L_00000228f18a66d0;
L_00000228f18a66d0 .concat [ 8 2 0 0], o00000228f17e8c68, L_00000228f184b758;
S_00000228f13f1820 .scope module, "SpRamRf" "SpRamRf" 4 4;
 .timescale -9 -9;
    .port_info 0 /INPUT 1 "clk";
    .port_info 1 /INPUT 8 "addr";
    .port_info 2 /INPUT 1 "we";
    .port_info 3 /INPUT 8 "din";
    .port_info 4 /OUTPUT 8 "qout";
P_00000228f17e5550 .param/l "DW" 0 4 5, +C4<00000000000000000000000000001000>;
P_00000228f17e5588 .param/l "WORDS" 0 4 5, +C4<00000000000000000000000100000000>;
o00000228f17e8e78 .functor BUFZ 8, C4<zzzzzzzz>; HiZ drive
v00000228f1842df0_0 .net "addr", 7 0, o00000228f17e8e78;  0 drivers
o00000228f17e8ea8 .functor BUFZ 1, C4<z>; HiZ drive
v00000228f18411d0_0 .net "clk", 0 0, o00000228f17e8ea8;  0 drivers
o00000228f17e8ed8 .functor BUFZ 8, C4<zzzzzzzz>; HiZ drive
v00000228f1842670_0 .net "din", 7 0, o00000228f17e8ed8;  0 drivers
v00000228f18420d0_0 .var "qout", 7 0;
v00000228f1842030 .array "ram", 0 255, 7 0;
o00000228f17e8f38 .functor BUFZ 1, C4<z>; HiZ drive
v00000228f1842c10_0 .net "we", 0 0, o00000228f17e8f38;  0 drivers
E_00000228f1470580 .event posedge, v00000228f18411d0_0;
S_00000228f183cb50 .scope begin, "$ivl_for_loop0" "$ivl_for_loop0" 4 15, 4 15 0, S_00000228f13f1820;
 .timescale -9 -9;
v00000228f1841270_0 .var/i "i", 31 0;
S_00000228f13f6600 .scope module, "SpRamRfSine" "SpRamRfSine" 4 175;
 .timescale -9 -9;
    .port_info 0 /INPUT 1 "clk";
    .port_info 1 /INPUT 8 "addr";
    .port_info 2 /INPUT 1 "we";
    .port_info 3 /INPUT 8 "din";
    .port_info 4 /OUTPUT 8 "qout";
P_00000228f141fc70 .param/l "DW" 0 4 176, +C4<00000000000000000000000000001000>;
P_00000228f141fca8 .param/real "PI" 1 4 187, Cr<m6487ed5110b46000gfc3>; value=3.14159
P_00000228f141fce0 .param/l "WORDS" 0 4 176, +C4<00000000000000000000000100000000>;
o00000228f17e9088 .functor BUFZ 8, C4<zzzzzzzz>; HiZ drive
v00000228f1842490_0 .net "addr", 7 0, o00000228f17e9088;  0 drivers
o00000228f17e90b8 .functor BUFZ 1, C4<z>; HiZ drive
v00000228f18416d0_0 .net "clk", 0 0, o00000228f17e90b8;  0 drivers
o00000228f17e90e8 .functor BUFZ 8, C4<zzzzzzzz>; HiZ drive
v00000228f18425d0_0 .net/s "din", 7 0, o00000228f17e90e8;  0 drivers
v00000228f1842cb0_0 .var/s "qout", 7 0;
v00000228f18428f0 .array/s "ram", 0 255, 7 0;
o00000228f17e9148 .functor BUFZ 1, C4<z>; HiZ drive
v00000228f1842850_0 .net "we", 0 0, o00000228f17e9148;  0 drivers
E_00000228f1471080 .event posedge, v00000228f18416d0_0;
S_00000228f183ce70 .scope begin, "$ivl_for_loop1" "$ivl_for_loop1" 4 189, 4 189 0, S_00000228f13f6600;
 .timescale -9 -9;
v00000228f18414f0_0 .var/2s "i", 31 0;
S_00000228f13f6790 .scope module, "SpRamWf" "SpRamWf" 4 41;
 .timescale -9 -9;
    .port_info 0 /INPUT 1 "clk";
    .port_info 1 /INPUT 8 "addr";
    .port_info 2 /INPUT 1 "we";
    .port_info 3 /INPUT 8 "din";
    .port_info 4 /OUTPUT 8 "qout";
P_00000228f17e5a50 .param/l "DW" 0 4 42, +C4<00000000000000000000000000001000>;
P_00000228f17e5a88 .param/l "WORDS" 0 4 42, +C4<00000000000000000000000100000000>;
o00000228f17e9268 .functor BUFZ 8, C4<zzzzzzzz>; HiZ drive
v00000228f1842e90_0 .net "addr", 7 0, o00000228f17e9268;  0 drivers
o00000228f17e9298 .functor BUFZ 1, C4<z>; HiZ drive
v00000228f1842170_0 .net "clk", 0 0, o00000228f17e9298;  0 drivers
o00000228f17e92c8 .functor BUFZ 8, C4<zzzzzzzz>; HiZ drive
v00000228f1841db0_0 .net "din", 7 0, o00000228f17e92c8;  0 drivers
v00000228f18427b0_0 .var "qout", 7 0;
v00000228f1842210 .array "ram", 0 255, 7 0;
o00000228f17e9328 .functor BUFZ 1, C4<z>; HiZ drive
v00000228f1842710_0 .net "we", 0 0, o00000228f17e9328;  0 drivers
E_00000228f14707c0 .event posedge, v00000228f1842170_0;
S_00000228f14019c0 .scope module, "TestUart" "TestUart" 7 6;
 .timescale -9 -9;
L_00000228f17db160 .functor NOT 1, L_00000228f18a5b90, C4<0>, C4<0>, C4<0>;
L_00000228f17da280 .functor NOT 1, v00000228f1849df0_0, C4<0>, C4<0>, C4<0>;
L_00000228f17da4b0 .functor AND 1, L_00000228f17db160, L_00000228f17da280, C4<1>, C4<1>;
L_00000228f17da2f0 .functor NOT 1, v00000228f184ae30_0, C4<0>, C4<0>, C4<0>;
L_00000228f17da3d0 .functor AND 1, L_00000228f17da4b0, L_00000228f17da2f0, C4<1>, C4<1>;
v00000228f184a610_0 .net *"_ivl_0", 0 0, L_00000228f17db160;  1 drivers
v00000228f1849710_0 .net *"_ivl_2", 0 0, L_00000228f17da280;  1 drivers
v00000228f18497b0_0 .net *"_ivl_4", 0 0, L_00000228f17da4b0;  1 drivers
v00000228f184a1b0_0 .net *"_ivl_6", 0 0, L_00000228f17da2f0;  1 drivers
v00000228f184a4d0_0 .var "clk", 0 0;
v00000228f184ad90_0 .var "rst", 0 0;
v00000228f1849c10_0 .net "rx_busy", 0 0, v00000228f1847700_0;  1 drivers
v00000228f184acf0_0 .net "rx_fifo_dc", 3 0, L_00000228f18a6db0;  1 drivers
v00000228f1849850_0 .net "rx_fifo_din", 8 0, L_00000228f18a5af0;  1 drivers
v00000228f1849f30_0 .net "rx_fifo_dout", 8 0, L_00000228f18a6bd0;  1 drivers
v00000228f1849ad0_0 .var "rx_fifo_read", 0 0;
v00000228f18493f0_0 .net "rx_fifo_write", 0 0, v00000228f1847f20_0;  1 drivers
v00000228f184ae30_0 .var "start", 0 0;
v00000228f1849210_0 .net "tx_busy", 0 0, v00000228f1849df0_0;  1 drivers
v00000228f1849fd0_0 .var "tx_fifo_din", 7 0;
v00000228f184a6b0_0 .net "tx_fifo_dout", 7 0, L_00000228f18a6270;  1 drivers
v00000228f184ac50_0 .net "tx_fifo_empty", 0 0, L_00000228f18a5b90;  1 drivers
v00000228f184a070_0 .net "tx_fifo_read", 0 0, L_00000228f17da3d0;  1 drivers
v00000228f184a7f0_0 .var "tx_fifo_write", 0 0;
v00000228f18490d0_0 .net "uart", 0 0, v00000228f1849e90_0;  1 drivers
E_00000228f1471140 .event anyedge, v00000228f1841c70_0;
L_00000228f18a5af0 .concat8 [ 8 1 0 0], v00000228f1847de0_0, v00000228f18484c0_0;
S_00000228f183c380 .scope module, "theRxFifo" "ScFifo2" 7 32, 6 45 0, S_00000228f14019c0;
 .timescale -9 -9;
    .port_info 0 /INPUT 1 "clk";
    .port_info 1 /INPUT 1 "rst";
    .port_info 2 /INPUT 9 "din";
    .port_info 3 /INPUT 1 "write";
    .port_info 4 /OUTPUT 9 "dout";
    .port_info 5 /INPUT 1 "read";
    .port_info 6 /OUTPUT 4 "wr_cnt";
    .port_info 7 /OUTPUT 4 "rd_cnt";
    .port_info 8 /OUTPUT 4 "data_cnt";
    .port_info 9 /OUTPUT 1 "full";
    .port_info 10 /OUTPUT 1 "empty";
P_00000228f14201f0 .param/l "AW" 0 6 47, +C4<00000000000000000000000000000100>;
P_00000228f1420228 .param/l "CAPACITY" 1 6 62, +C4<000000000000000000000000000001111>;
P_00000228f1420260 .param/l "DW" 0 6 46, +C4<00000000000000000000000000001001>;
v00000228f1841770_0 .net *"_ivl_10", 31 0, L_00000228f18a59b0;  1 drivers
L_00000228f184b950 .functor BUFT 1, C4<0000000000000000000000000000>, C4<0>, C4<0>, C4<0>;
v00000228f1841e50_0 .net *"_ivl_13", 27 0, L_00000228f184b950;  1 drivers
L_00000228f184b998 .functor BUFT 1, C4<00000000000000000000000000000000>, C4<0>, C4<0>, C4<0>;
v00000228f1841810_0 .net/2u *"_ivl_14", 31 0, L_00000228f184b998;  1 drivers
v00000228f18418b0_0 .net *"_ivl_2", 32 0, L_00000228f18a5e10;  1 drivers
L_00000228f184b8c0 .functor BUFT 1, C4<00000000000000000000000000000>, C4<0>, C4<0>, C4<0>;
v00000228f1841a90_0 .net *"_ivl_5", 28 0, L_00000228f184b8c0;  1 drivers
L_00000228f184b908 .functor BUFT 1, C4<000000000000000000000000000001111>, C4<0>, C4<0>, C4<0>;
v00000228f1841b30_0 .net/2u *"_ivl_6", 32 0, L_00000228f184b908;  1 drivers
v00000228f1841bd0_0 .net "clk", 0 0, v00000228f184a4d0_0;  1 drivers
v00000228f1841c70_0 .net "data_cnt", 3 0, L_00000228f18a6db0;  alias, 1 drivers
v00000228f1841d10_0 .net "din", 8 0, L_00000228f18a5af0;  alias, 1 drivers
v00000228f1844a40_0 .net "dout", 8 0, L_00000228f18a6bd0;  alias, 1 drivers
v00000228f1844e00_0 .net "empty", 0 0, L_00000228f18a6e50;  1 drivers
v00000228f1844c20_0 .net "full", 0 0, L_00000228f18a6310;  1 drivers
v00000228f1844ea0_0 .net "qout_b", 8 0, v00000228f1842d50_0;  1 drivers
v00000228f1843320_0 .var "qout_b_reg", 8 0;
v00000228f1844f40_0 .var "rd_cnt", 3 0;
v00000228f1843280_0 .var "rd_dly", 0 0;
v00000228f1843140_0 .net "read", 0 0, v00000228f1849ad0_0;  1 drivers
v00000228f1844220_0 .net "rst", 0 0, v00000228f184ad90_0;  1 drivers
v00000228f1843820_0 .var "wr_cnt", 3 0;
v00000228f1843c80_0 .net "write", 0 0, v00000228f1847f20_0;  alias, 1 drivers
L_00000228f18a6db0 .arith/sub 4, v00000228f1843820_0, v00000228f1844f40_0;
L_00000228f18a5e10 .concat [ 4 29 0 0], L_00000228f18a6db0, L_00000228f184b8c0;
L_00000228f18a6310 .cmp/eq 33, L_00000228f18a5e10, L_00000228f184b908;
L_00000228f18a59b0 .concat [ 4 28 0 0], L_00000228f18a6db0, L_00000228f184b950;
L_00000228f18a6e50 .cmp/eq 32, L_00000228f18a59b0, L_00000228f184b998;
L_00000228f18a6bd0 .functor MUXZ 9, v00000228f1843320_0, v00000228f1842d50_0, v00000228f1843280_0, C4<>;
S_00000228f183c830 .scope module, "theRam" "SdpRamRf" 6 84, 4 60 0, S_00000228f183c380;
 .timescale -9 -9;
    .port_info 0 /INPUT 1 "clk";
    .port_info 1 /INPUT 4 "addr_a";
    .port_info 2 /INPUT 1 "wr_a";
    .port_info 3 /INPUT 9 "din_a";
    .port_info 4 /INPUT 4 "addr_b";
    .port_info 5 /OUTPUT 9 "qout_b";
P_00000228f17e49d0 .param/l "DW" 0 4 61, +C4<00000000000000000000000000001001>;
P_00000228f17e4a08 .param/l "WORDS" 0 4 61, +C4<00000000000000000000000000010000>;
v00000228f1842f30_0 .net "addr_a", 3 0, v00000228f1843820_0;  1 drivers
v00000228f18422b0_0 .net "addr_b", 3 0, v00000228f1844f40_0;  1 drivers
v00000228f1842a30_0 .net "clk", 0 0, v00000228f184a4d0_0;  alias, 1 drivers
v00000228f1842ad0_0 .net "din_a", 8 0, L_00000228f18a5af0;  alias, 1 drivers
v00000228f1842d50_0 .var "qout_b", 8 0;
v00000228f1841310 .array "ram", 0 16, 8 0;
v00000228f18413b0_0 .net "wr_a", 0 0, v00000228f1847f20_0;  alias, 1 drivers
E_00000228f1471240 .event posedge, v00000228f1842a30_0;
S_00000228f183cce0 .scope module, "theTxFifo" "ScFifo2" 7 29, 6 45 0, S_00000228f14019c0;
 .timescale -9 -9;
    .port_info 0 /INPUT 1 "clk";
    .port_info 1 /INPUT 1 "rst";
    .port_info 2 /INPUT 8 "din";
    .port_info 3 /INPUT 1 "write";
    .port_info 4 /OUTPUT 8 "dout";
    .port_info 5 /INPUT 1 "read";
    .port_info 6 /OUTPUT 4 "wr_cnt";
    .port_info 7 /OUTPUT 4 "rd_cnt";
    .port_info 8 /OUTPUT 4 "data_cnt";
    .port_info 9 /OUTPUT 1 "full";
    .port_info 10 /OUTPUT 1 "empty";
P_00000228f1420400 .param/l "AW" 0 6 47, +C4<00000000000000000000000000000100>;
P_00000228f1420438 .param/l "CAPACITY" 1 6 62, +C4<000000000000000000000000000001111>;
P_00000228f1420470 .param/l "DW" 0 6 46, +C4<00000000000000000000000000001000>;
v00000228f18440e0_0 .net *"_ivl_10", 31 0, L_00000228f18a6090;  1 drivers
L_00000228f184b830 .functor BUFT 1, C4<0000000000000000000000000000>, C4<0>, C4<0>, C4<0>;
v00000228f1844860_0 .net *"_ivl_13", 27 0, L_00000228f184b830;  1 drivers
L_00000228f184b878 .functor BUFT 1, C4<00000000000000000000000000000000>, C4<0>, C4<0>, C4<0>;
v00000228f1844180_0 .net/2u *"_ivl_14", 31 0, L_00000228f184b878;  1 drivers
v00000228f1844900_0 .net *"_ivl_2", 32 0, L_00000228f18a6b30;  1 drivers
L_00000228f184b7a0 .functor BUFT 1, C4<00000000000000000000000000000>, C4<0>, C4<0>, C4<0>;
v00000228f1843d20_0 .net *"_ivl_5", 28 0, L_00000228f184b7a0;  1 drivers
L_00000228f184b7e8 .functor BUFT 1, C4<000000000000000000000000000001111>, C4<0>, C4<0>, C4<0>;
v00000228f1844360_0 .net/2u *"_ivl_6", 32 0, L_00000228f184b7e8;  1 drivers
v00000228f18442c0_0 .net "clk", 0 0, v00000228f184a4d0_0;  alias, 1 drivers
v00000228f18449a0_0 .net "data_cnt", 3 0, L_00000228f18a5d70;  1 drivers
v00000228f1843dc0_0 .net "din", 7 0, v00000228f1849fd0_0;  1 drivers
v00000228f1844400_0 .net "dout", 7 0, L_00000228f18a6270;  alias, 1 drivers
v00000228f1844540_0 .net "empty", 0 0, L_00000228f18a5b90;  alias, 1 drivers
v00000228f1844720_0 .net "full", 0 0, L_00000228f18a61d0;  1 drivers
v00000228f18431e0_0 .net "qout_b", 7 0, v00000228f18447c0_0;  1 drivers
v00000228f18433c0_0 .var "qout_b_reg", 7 0;
v00000228f1844680_0 .var "rd_cnt", 3 0;
v00000228f18445e0_0 .var "rd_dly", 0 0;
v00000228f1844ae0_0 .net "read", 0 0, L_00000228f17da3d0;  alias, 1 drivers
v00000228f1844d60_0 .net "rst", 0 0, v00000228f184ad90_0;  alias, 1 drivers
v00000228f1843e60_0 .var "wr_cnt", 3 0;
v00000228f1844b80_0 .net "write", 0 0, v00000228f184a7f0_0;  1 drivers
L_00000228f18a5d70 .arith/sub 4, v00000228f1843e60_0, v00000228f1844680_0;
L_00000228f18a6b30 .concat [ 4 29 0 0], L_00000228f18a5d70, L_00000228f184b7a0;
L_00000228f18a61d0 .cmp/eq 33, L_00000228f18a6b30, L_00000228f184b7e8;
L_00000228f18a6090 .concat [ 4 28 0 0], L_00000228f18a5d70, L_00000228f184b830;
L_00000228f18a5b90 .cmp/eq 32, L_00000228f18a6090, L_00000228f184b878;
L_00000228f18a6270 .functor MUXZ 8, v00000228f18433c0_0, v00000228f18447c0_0, v00000228f18445e0_0, C4<>;
S_00000228f183c060 .scope module, "theRam" "SdpRamRf" 6 84, 4 60 0, S_00000228f183cce0;
 .timescale -9 -9;
    .port_info 0 /INPUT 1 "clk";
    .port_info 1 /INPUT 4 "addr_a";
    .port_info 2 /INPUT 1 "wr_a";
    .port_info 3 /INPUT 8 "din_a";
    .port_info 4 /INPUT 4 "addr_b";
    .port_info 5 /OUTPUT 8 "qout_b";
P_00000228f17e4bd0 .param/l "DW" 0 4 61, +C4<00000000000000000000000000001000>;
P_00000228f17e4c08 .param/l "WORDS" 0 4 61, +C4<00000000000000000000000000010000>;
v00000228f18438c0_0 .net "addr_a", 3 0, v00000228f1843e60_0;  1 drivers
v00000228f1843fa0_0 .net "addr_b", 3 0, v00000228f1844680_0;  1 drivers
v00000228f18444a0_0 .net "clk", 0 0, v00000228f184a4d0_0;  alias, 1 drivers
v00000228f1843be0_0 .net "din_a", 7 0, v00000228f1849fd0_0;  alias, 1 drivers
v00000228f18447c0_0 .var "qout_b", 7 0;
v00000228f18430a0 .array "ram", 0 16, 7 0;
v00000228f1844040_0 .net "wr_a", 0 0, v00000228f184a7f0_0;  alias, 1 drivers
S_00000228f1846b40 .scope module, "theUartRx" "UartRx" 7 40, 8 49 0, S_00000228f14019c0;
 .timescale -9 -9;
    .port_info 0 /INPUT 1 "clk";
    .port_info 1 /INPUT 1 "rst";
    .port_info 2 /INPUT 1 "rxd";
    .port_info 3 /OUTPUT 8 "dout";
    .port_info 4 /OUTPUT 1 "dout_valid";
    .port_info 5 /OUTPUT 1 "par_err";
    .port_info 6 /OUTPUT 1 "busy";
P_00000228f1420560 .param/l "BC_MAX" 1 8 63, C4<1001>;
P_00000228f1420598 .param/l "BR_DIV" 0 8 50, +C4<00000000000000000000000001101101>;
P_00000228f14205d0 .param/l "PARITY" 0 8 52, +C4<00000000000000000000000000000001>;
L_00000228f147e7e0 .functor NOT 1, v00000228f1847700_0, C4<0>, C4<0>, C4<0>;
L_00000228f147f420 .functor AND 1, L_00000228f18a6950, L_00000228f147e7e0, C4<1>, C4<1>;
L_00000228f147f1f0 .functor OR 1, v00000228f184ad90_0, L_00000228f147f420, C4<0>, C4<0>;
v00000228f1848560_0 .net *"_ivl_0", 0 0, L_00000228f147e7e0;  1 drivers
v00000228f1847c00_0 .net *"_ivl_2", 0 0, L_00000228f147f420;  1 drivers
v00000228f1847e80_0 .net "bit_co", 0 0, L_00000228f147f2d0;  1 drivers
v00000228f1848920_0 .net "br_cnt", 6 0, v00000228f1848a60_0;  1 drivers
v00000228f1848b00_0 .net "br_en", 0 0, L_00000228f17da750;  1 drivers
v00000228f1847700_0 .var "busy", 0 0;
v00000228f1847d40_0 .net "clk", 0 0, v00000228f184a4d0_0;  alias, 1 drivers
v00000228f1847de0_0 .var "dout", 7 0;
v00000228f1847f20_0 .var "dout_valid", 0 0;
v00000228f18484c0_0 .var "par_err", 0 0;
v00000228f1847b60_0 .net "rst", 0 0, v00000228f184ad90_0;  alias, 1 drivers
v00000228f1848ce0_0 .net "rxd", 0 0, v00000228f1849e90_0;  alias, 1 drivers
v00000228f18475c0_0 .net "rxd_falling", 0 0, L_00000228f18a6950;  1 drivers
v00000228f18478e0_0 .net "rxd_reg", 0 0, L_00000228f18a69f0;  1 drivers
v00000228f1847fc0_0 .var "shift_reg", 8 0;
S_00000228f18469b0 .scope module, "theBitCnt" "Counter" 8 69, 3 20 0, S_00000228f1846b40;
 .timescale -9 -9;
    .port_info 0 /INPUT 1 "clk";
    .port_info 1 /INPUT 1 "rst";
    .port_info 2 /INPUT 1 "en";
    .port_info 3 /OUTPUT 4 "cnt";
    .port_info 4 /OUTPUT 1 "co";
P_00000228f14703c0 .param/l "M" 0 3 21, C4<000000000000000000000000000001010>;
L_00000228f147f2d0 .functor AND 1, L_00000228f17da750, L_00000228f18a5a50, C4<1>, C4<1>;
v00000228f1843960_0 .net *"_ivl_0", 32 0, L_00000228f18a5910;  1 drivers
L_00000228f184bc20 .functor BUFT 1, C4<00000000000000000000000000000>, C4<0>, C4<0>, C4<0>;
v00000228f1843460_0 .net *"_ivl_3", 28 0, L_00000228f184bc20;  1 drivers
L_00000228f184bc68 .functor BUFT 1, C4<000000000000000000000000000001001>, C4<0>, C4<0>, C4<0>;
v00000228f1844cc0_0 .net/2u *"_ivl_4", 32 0, L_00000228f184bc68;  1 drivers
v00000228f1843f00_0 .net *"_ivl_6", 0 0, L_00000228f18a5a50;  1 drivers
v00000228f1843500_0 .net "clk", 0 0, v00000228f184a4d0_0;  alias, 1 drivers
v00000228f18435a0_0 .var "cnt", 3 0;
v00000228f1843640_0 .net "co", 0 0, L_00000228f147f2d0;  alias, 1 drivers
v00000228f18436e0_0 .net "en", 0 0, L_00000228f17da750;  alias, 1 drivers
v00000228f1843780_0 .net "rst", 0 0, v00000228f184ad90_0;  alias, 1 drivers
L_00000228f18a5910 .concat [ 4 29 0 0], v00000228f18435a0_0, L_00000228f184bc20;
L_00000228f18a5a50 .cmp/eq 33, L_00000228f18a5910, L_00000228f184bc68;
S_00000228f1846370 .scope module, "theBrCnt" "Counter" 8 67, 3 20 0, S_00000228f1846b40;
 .timescale -9 -9;
    .port_info 0 /INPUT 1 "clk";
    .port_info 1 /INPUT 1 "rst";
    .port_info 2 /INPUT 1 "en";
    .port_info 3 /OUTPUT 7 "cnt";
    .port_info 4 /OUTPUT 1 "co";
P_00000228f14708c0 .param/l "M" 0 3 21, +C4<00000000000000000000000001101101>;
L_00000228f17da750 .functor AND 1, v00000228f1847700_0, L_00000228f18a6f90, C4<1>, C4<1>;
v00000228f1843a00_0 .net *"_ivl_0", 31 0, L_00000228f18a6c70;  1 drivers
L_00000228f184bb90 .functor BUFT 1, C4<0000000000000000000000000>, C4<0>, C4<0>, C4<0>;
v00000228f1843aa0_0 .net *"_ivl_3", 24 0, L_00000228f184bb90;  1 drivers
L_00000228f184bbd8 .functor BUFT 1, C4<00000000000000000000000001101100>, C4<0>, C4<0>, C4<0>;
v00000228f1843b40_0 .net/2u *"_ivl_4", 31 0, L_00000228f184bbd8;  1 drivers
v00000228f18473e0_0 .net *"_ivl_6", 0 0, L_00000228f18a6f90;  1 drivers
v00000228f18489c0_0 .net "clk", 0 0, v00000228f184a4d0_0;  alias, 1 drivers
v00000228f1848a60_0 .var "cnt", 6 0;
v00000228f1848420_0 .net "co", 0 0, L_00000228f17da750;  alias, 1 drivers
v00000228f18472a0_0 .net "en", 0 0, v00000228f1847700_0;  alias, 1 drivers
v00000228f1847520_0 .net "rst", 0 0, L_00000228f147f1f0;  1 drivers
L_00000228f18a6c70 .concat [ 7 25 0 0], v00000228f1848a60_0, L_00000228f184bb90;
L_00000228f18a6f90 .cmp/eq 32, L_00000228f18a6c70, L_00000228f184bbd8;
S_00000228f1845ec0 .scope module, "theFallingDet" "Falling2En" 8 61, 5 17 0, S_00000228f1846b40;
 .timescale -9 -9;
    .port_info 0 /INPUT 1 "clk";
    .port_info 1 /INPUT 1 "in";
    .port_info 2 /OUTPUT 1 "en";
    .port_info 3 /OUTPUT 1 "out";
P_00000228f1470e80 .param/l "SYNC_STG" 0 5 17, +C4<00000000000000000000000000000010>;
v00000228f1847ca0_0 .net *"_ivl_1", 1 0, L_00000228f18a6590;  1 drivers
v00000228f1848c40_0 .net *"_ivl_2", 3 0, L_00000228f18a6770;  1 drivers
L_00000228f184bb00 .functor BUFT 1, C4<00>, C4<0>, C4<0>, C4<0>;
v00000228f1847480_0 .net *"_ivl_5", 1 0, L_00000228f184bb00;  1 drivers
L_00000228f184bb48 .functor BUFT 1, C4<0010>, C4<0>, C4<0>, C4<0>;
v00000228f1848f60_0 .net/2u *"_ivl_6", 3 0, L_00000228f184bb48;  1 drivers
v00000228f1847340_0 .net "clk", 0 0, v00000228f184a4d0_0;  alias, 1 drivers
v00000228f1847160_0 .var "dly", 2 0;
v00000228f1848240_0 .net "en", 0 0, L_00000228f18a6950;  alias, 1 drivers
v00000228f1847840_0 .net "in", 0 0, v00000228f1849e90_0;  alias, 1 drivers
v00000228f1848100_0 .net "out", 0 0, L_00000228f18a69f0;  alias, 1 drivers
L_00000228f18a6590 .part v00000228f1847160_0, 1, 2;
L_00000228f18a6770 .concat [ 2 2 0 0], L_00000228f18a6590, L_00000228f184bb00;
L_00000228f18a6950 .cmp/eq 4, L_00000228f18a6770, L_00000228f184bb48;
L_00000228f18a69f0 .part v00000228f1847160_0, 2, 1;
S_00000228f1846cd0 .scope module, "theUartTx" "UartTx" 7 38, 8 5 0, S_00000228f14019c0;
 .timescale -9 -9;
    .port_info 0 /INPUT 1 "clk";
    .port_info 1 /INPUT 1 "rst";
    .port_info 2 /INPUT 8 "din";
    .port_info 3 /INPUT 1 "start";
    .port_info 4 /OUTPUT 1 "busy";
    .port_info 5 /OUTPUT 1 "txd";
P_00000228f141ffe0 .param/l "BC_MAX" 1 8 16, C4<1010>;
P_00000228f1420018 .param/l "BR_DIV" 0 8 6, +C4<00000000000000000000000001101100>;
P_00000228f1420050 .param/l "PARITY" 0 8 8, +C4<00000000000000000000000000000001>;
L_00000228f17da590 .functor OR 1, v00000228f184ae30_0, v00000228f1849df0_0, C4<0>, C4<0>;
v00000228f1848e20_0 .net "bit_co", 0 0, L_00000228f17da670;  1 drivers
v00000228f18470c0_0 .net "br_en", 0 0, L_00000228f17da520;  1 drivers
v00000228f1849df0_0 .var "busy", 0 0;
v00000228f184a250_0 .net "clk", 0 0, v00000228f184a4d0_0;  alias, 1 drivers
v00000228f184aed0_0 .net "din", 7 0, L_00000228f18a6270;  alias, 1 drivers
v00000228f18495d0_0 .net "rst", 0 0, v00000228f184ad90_0;  alias, 1 drivers
v00000228f1849350_0 .var "shift_reg", 10 0;
v00000228f184aa70_0 .net "start", 0 0, v00000228f184ae30_0;  1 drivers
v00000228f1849e90_0 .var "txd", 0 0;
S_00000228f1846500 .scope module, "theBitCnt" "Counter" 8 21, 3 20 0, S_00000228f1846cd0;
 .timescale -9 -9;
    .port_info 0 /INPUT 1 "clk";
    .port_info 1 /INPUT 1 "rst";
    .port_info 2 /INPUT 1 "en";
    .port_info 3 /OUTPUT 4 "cnt";
    .port_info 4 /OUTPUT 1 "co";
P_00000228f1470ac0 .param/l "M" 0 3 21, C4<000000000000000000000000000001011>;
L_00000228f17da670 .functor AND 1, L_00000228f17da520, L_00000228f18a64f0, C4<1>, C4<1>;
v00000228f1848d80_0 .net *"_ivl_0", 32 0, L_00000228f18a6450;  1 drivers
L_00000228f184ba70 .functor BUFT 1, C4<00000000000000000000000000000>, C4<0>, C4<0>, C4<0>;
v00000228f18482e0_0 .net *"_ivl_3", 28 0, L_00000228f184ba70;  1 drivers
L_00000228f184bab8 .functor BUFT 1, C4<000000000000000000000000000001010>, C4<0>, C4<0>, C4<0>;
v00000228f1848060_0 .net/2u *"_ivl_4", 32 0, L_00000228f184bab8;  1 drivers
v00000228f1848380_0 .net *"_ivl_6", 0 0, L_00000228f18a64f0;  1 drivers
v00000228f18481a0_0 .net "clk", 0 0, v00000228f184a4d0_0;  alias, 1 drivers
v00000228f18486a0_0 .var "cnt", 3 0;
v00000228f1848600_0 .net "co", 0 0, L_00000228f17da670;  alias, 1 drivers
v00000228f18477a0_0 .net "en", 0 0, L_00000228f17da520;  alias, 1 drivers
v00000228f1848740_0 .net "rst", 0 0, v00000228f184ad90_0;  alias, 1 drivers
L_00000228f18a6450 .concat [ 4 29 0 0], v00000228f18486a0_0, L_00000228f184ba70;
L_00000228f18a64f0 .cmp/eq 33, L_00000228f18a6450, L_00000228f184bab8;
S_00000228f1846e60 .scope module, "theBrCnt" "Counter" 8 19, 3 20 0, S_00000228f1846cd0;
 .timescale -9 -9;
    .port_info 0 /INPUT 1 "clk";
    .port_info 1 /INPUT 1 "rst";
    .port_info 2 /INPUT 1 "en";
    .port_info 3 /OUTPUT 7 "cnt";
    .port_info 4 /OUTPUT 1 "co";
P_00000228f1470cc0 .param/l "M" 0 3 21, +C4<00000000000000000000000001101100>;
L_00000228f17da520 .functor AND 1, L_00000228f17da590, L_00000228f18a63b0, C4<1>, C4<1>;
v00000228f1848ec0_0 .net *"_ivl_0", 31 0, L_00000228f18a5eb0;  1 drivers
L_00000228f184b9e0 .functor BUFT 1, C4<0000000000000000000000000>, C4<0>, C4<0>, C4<0>;
v00000228f1847a20_0 .net *"_ivl_3", 24 0, L_00000228f184b9e0;  1 drivers
L_00000228f184ba28 .functor BUFT 1, C4<00000000000000000000000001101011>, C4<0>, C4<0>, C4<0>;
v00000228f1847200_0 .net/2u *"_ivl_4", 31 0, L_00000228f184ba28;  1 drivers
v00000228f18487e0_0 .net *"_ivl_6", 0 0, L_00000228f18a63b0;  1 drivers
v00000228f1847660_0 .net "clk", 0 0, v00000228f184a4d0_0;  alias, 1 drivers
v00000228f1848880_0 .var "cnt", 6 0;
v00000228f1847980_0 .net "co", 0 0, L_00000228f17da520;  alias, 1 drivers
v00000228f1848ba0_0 .net "en", 0 0, L_00000228f17da590;  1 drivers
v00000228f1847ac0_0 .net "rst", 0 0, v00000228f184ad90_0;  alias, 1 drivers
L_00000228f18a5eb0 .concat [ 7 25 0 0], v00000228f1848880_0, L_00000228f184b9e0;
L_00000228f18a63b0 .cmp/eq 32, L_00000228f18a5eb0, L_00000228f184ba28;
    .scope S_00000228f1401b50;
T_0 ;
    %wait E_00000228f146e180;
    %load/vec4 v00000228f17d9030_0;
    %flag_set/vec4 8;
    %jmp/0xz  T_0.0, 8;
    %pushi/vec4 0, 0, 4;
    %assign/vec4 v00000228f17d8bd0_0, 0;
    %jmp T_0.1;
T_0.0 ;
    %load/vec4 v00000228f17d8d10_0;
    %flag_set/vec4 8;
    %jmp/0xz  T_0.2, 8;
    %load/vec4 v00000228f17d8bd0_0;
    %pad/u 32;
    %cmpi/u 9, 0, 32;
    %jmp/0xz  T_0.4, 5;
    %load/vec4 v00000228f17d8bd0_0;
    %addi 1, 0, 4;
    %assign/vec4 v00000228f17d8bd0_0, 0;
    %jmp T_0.5;
T_0.4 ;
    %pushi/vec4 0, 0, 4;
    %assign/vec4 v00000228f17d8bd0_0, 0;
T_0.5 ;
T_0.2 ;
T_0.1 ;
    %jmp T_0;
    .thread T_0;
    .scope S_00000228f183c510;
T_1 ;
    %wait E_00000228f146e180;
    %load/vec4 v00000228f147a320_0;
    %flag_set/vec4 8;
    %jmp/0xz  T_1.0, 8;
    %pushi/vec4 0, 0, 6;
    %assign/vec4 v00000228f1478d40_0, 0;
    %jmp T_1.1;
T_1.0 ;
    %load/vec4 v00000228f1479420_0;
    %flag_set/vec4 8;
    %jmp/0xz  T_1.2, 8;
    %load/vec4 v00000228f1478d40_0;
    %pad/u 32;
    %cmpi/u 59, 0, 32;
    %jmp/0xz  T_1.4, 5;
    %load/vec4 v00000228f1478d40_0;
    %addi 1, 0, 6;
    %assign/vec4 v00000228f1478d40_0, 0;
    %jmp T_1.5;
T_1.4 ;
    %pushi/vec4 0, 0, 6;
    %assign/vec4 v00000228f1478d40_0, 0;
T_1.5 ;
T_1.2 ;
T_1.1 ;
    %jmp T_1;
    .thread T_1;
    .scope S_00000228f183c9c0;
T_2 ;
    %wait E_00000228f146e180;
    %load/vec4 v00000228f17d8590_0;
    %flag_set/vec4 8;
    %jmp/0xz  T_2.0, 8;
    %pushi/vec4 0, 0, 6;
    %assign/vec4 v00000228f17d98f0_0, 0;
    %jmp T_2.1;
T_2.0 ;
    %load/vec4 v00000228f17d9ad0_0;
    %flag_set/vec4 8;
    %jmp/0xz  T_2.2, 8;
    %load/vec4 v00000228f17d98f0_0;
    %pad/u 32;
    %cmpi/u 59, 0, 32;
    %jmp/0xz  T_2.4, 5;
    %load/vec4 v00000228f17d98f0_0;
    %addi 1, 0, 6;
    %assign/vec4 v00000228f17d98f0_0, 0;
    %jmp T_2.5;
T_2.4 ;
    %pushi/vec4 0, 0, 6;
    %assign/vec4 v00000228f17d98f0_0, 0;
T_2.5 ;
T_2.2 ;
T_2.1 ;
    %jmp T_2;
    .thread T_2;
    .scope S_00000228f1411560;
T_3 ;
    %wait E_00000228f146e180;
    %load/vec4 v00000228f17d95d0_0;
    %flag_set/vec4 8;
    %jmp/0xz  T_3.0, 8;
    %pushi/vec4 0, 0, 5;
    %assign/vec4 v00000228f17d9e90_0, 0;
    %jmp T_3.1;
T_3.0 ;
    %load/vec4 v00000228f17d9530_0;
    %flag_set/vec4 8;
    %jmp/0xz  T_3.2, 8;
    %load/vec4 v00000228f17d9e90_0;
    %pad/u 32;
    %cmpi/u 23, 0, 32;
    %jmp/0xz  T_3.4, 5;
    %load/vec4 v00000228f17d9e90_0;
    %addi 1, 0, 5;
    %assign/vec4 v00000228f17d9e90_0, 0;
    %jmp T_3.5;
T_3.4 ;
    %pushi/vec4 0, 0, 5;
    %assign/vec4 v00000228f17d9e90_0, 0;
T_3.5 ;
T_3.2 ;
T_3.1 ;
    %jmp T_3;
    .thread T_3;
    .scope S_00000228f13ed320;
T_4 ;
    %wait E_00000228f146f040;
    %load/vec4 v00000228f183e010_0;
    %flag_set/vec4 8;
    %jmp/0xz  T_4.0, 8;
    %pushi/vec4 0, 0, 8;
    %assign/vec4 v00000228f1474480_0, 0;
    %jmp T_4.1;
T_4.0 ;
    %load/vec4 v00000228f1473d00_0;
    %flag_set/vec4 8;
    %jmp/0xz  T_4.2, 8;
    %load/vec4 v00000228f1474480_0;
    %load/vec4 v00000228f183d610_0;
    %cmp/u;
    %jmp/0xz  T_4.4, 5;
    %load/vec4 v00000228f1474480_0;
    %addi 1, 0, 8;
    %assign/vec4 v00000228f1474480_0, 0;
    %jmp T_4.5;
T_4.4 ;
    %pushi/vec4 0, 0, 8;
    %assign/vec4 v00000228f1474480_0, 0;
T_4.5 ;
T_4.2 ;
T_4.1 ;
    %jmp T_4;
    .thread T_4;
    .scope S_00000228f13ed4b0;
T_5 ;
    %wait E_00000228f1470100;
    %load/vec4 v00000228f183de30_0;
    %flag_set/vec4 8;
    %jmp/0xz  T_5.0, 8;
    %load/vec4 v00000228f183e150_0;
    %load/vec4 v00000228f183e650_0;
    %pad/u 10;
    %ix/vec4 3;
    %ix/load 4, 0, 0; Constant delay
    %assign/vec4/a/d v00000228f183d070, 0, 4;
T_5.0 ;
    %load/vec4 v00000228f183e650_0;
    %pad/u 10;
    %ix/vec4 4;
    %load/vec4a v00000228f183d070, 4;
    %assign/vec4 v00000228f183e1f0_0, 0;
    %jmp T_5;
    .thread T_5;
    .scope S_00000228f13ed4b0;
T_6 ;
    %wait E_00000228f146e100;
    %load/vec4 v00000228f183db10_0;
    %flag_set/vec4 8;
    %jmp/0xz  T_6.0, 8;
    %load/vec4 v00000228f183ebf0_0;
    %load/vec4 v00000228f183ec90_0;
    %pad/u 10;
    %ix/vec4 3;
    %ix/load 4, 0, 0; Constant delay
    %assign/vec4/a/d v00000228f183d070, 0, 4;
T_6.0 ;
    %load/vec4 v00000228f183ec90_0;
    %pad/u 10;
    %ix/vec4 4;
    %load/vec4a v00000228f183d070, 4;
    %assign/vec4 v00000228f183d750_0, 0;
    %jmp T_6;
    .thread T_6;
    .scope S_00000228f14090b0;
T_7 ;
    %wait E_00000228f1470200;
    %load/vec4 v00000228f183d6b0_0;
    %flag_set/vec4 8;
    %jmp/0xz  T_7.0, 8;
    %load/vec4 v00000228f183e290_0;
    %load/vec4 v00000228f183df70_0;
    %pad/u 10;
    %ix/vec4 3;
    %ix/load 4, 0, 0; Constant delay
    %assign/vec4/a/d v00000228f183ed30, 0, 4;
    %load/vec4 v00000228f183e290_0;
    %assign/vec4 v00000228f183d570_0, 0;
    %jmp T_7.1;
T_7.0 ;
    %load/vec4 v00000228f183df70_0;
    %pad/u 10;
    %ix/vec4 4;
    %load/vec4a v00000228f183ed30, 4;
    %assign/vec4 v00000228f183d570_0, 0;
T_7.1 ;
    %jmp T_7;
    .thread T_7;
    .scope S_00000228f14090b0;
T_8 ;
    %wait E_00000228f1470200;
    %load/vec4 v00000228f183ded0_0;
    %flag_set/vec4 8;
    %jmp/0xz  T_8.0, 8;
    %load/vec4 v00000228f183e790_0;
    %load/vec4 v00000228f183d110_0;
    %pad/u 10;
    %ix/vec4 3;
    %ix/load 4, 0, 0; Constant delay
    %assign/vec4/a/d v00000228f183ed30, 0, 4;
    %load/vec4 v00000228f183e790_0;
    %assign/vec4 v00000228f183e330_0, 0;
    %jmp T_8.1;
T_8.0 ;
    %load/vec4 v00000228f183d110_0;
    %pad/u 10;
    %ix/vec4 4;
    %load/vec4a v00000228f183ed30, 4;
    %assign/vec4 v00000228f183e330_0, 0;
T_8.1 ;
    %jmp T_8;
    .thread T_8;
    .scope S_00000228f1409240;
T_9 ;
    %wait E_00000228f146fa80;
    %load/vec4 v00000228f183e6f0_0;
    %parti/s 1, 0, 2;
    %load/vec4 v00000228f183d390_0;
    %concat/vec4; draw_concat_vec4
    %assign/vec4 v00000228f183e6f0_0, 0;
    %jmp T_9;
    .thread T_9;
    .scope S_00000228f13e72c0;
T_10 ;
    %wait E_00000228f146f580;
    %load/vec4 v00000228f183ea10_0;
    %parti/s 1, 0, 2;
    %load/vec4 v00000228f183e970_0;
    %concat/vec4; draw_concat_vec4
    %assign/vec4 v00000228f183ea10_0, 0;
    %jmp T_10;
    .thread T_10;
    .scope S_00000228f183c1f0;
T_11 ;
    %wait E_00000228f1470c80;
    %load/vec4 v00000228f183f620_0;
    %flag_set/vec4 8;
    %jmp/0xz  T_11.0, 8;
    %load/vec4 v00000228f183dd90_0;
    %load/vec4 v00000228f183eab0_0;
    %pad/u 12;
    %ix/vec4 3;
    %ix/load 4, 0, 0; Constant delay
    %assign/vec4/a/d v00000228f1840020, 0, 4;
T_11.0 ;
    %jmp T_11;
    .thread T_11;
    .scope S_00000228f183c1f0;
T_12 ;
    %wait E_00000228f1470c80;
    %load/vec4 v00000228f183d9d0_0;
    %pad/u 12;
    %ix/vec4 4;
    %load/vec4a v00000228f1840020, 4;
    %assign/vec4 v00000228f18402a0_0, 0;
    %jmp T_12;
    .thread T_12;
    .scope S_00000228f13e7450;
T_13 ;
    %pushi/vec4 0, 0, 10;
    %store/vec4 v00000228f18407a0_0, 0, 10;
    %pushi/vec4 0, 0, 10;
    %store/vec4 v00000228f1840de0_0, 0, 10;
    %end;
    .thread T_13;
    .scope S_00000228f13e7450;
T_14 ;
    %wait E_00000228f1470c80;
    %load/vec4 v00000228f18405c0_0;
    %flag_set/vec4 8;
    %jmp/0xz  T_14.0, 8;
    %pushi/vec4 0, 0, 10;
    %assign/vec4 v00000228f18407a0_0, 0;
    %jmp T_14.1;
T_14.0 ;
    %load/vec4 v00000228f1840c00_0;
    %flag_set/vec4 8;
    %jmp/0xz  T_14.2, 8;
    %load/vec4 v00000228f18407a0_0;
    %addi 1, 0, 10;
    %assign/vec4 v00000228f18407a0_0, 0;
T_14.2 ;
T_14.1 ;
    %jmp T_14;
    .thread T_14;
    .scope S_00000228f13e7450;
T_15 ;
    %wait E_00000228f1470c80;
    %load/vec4 v00000228f18405c0_0;
    %flag_set/vec4 8;
    %jmp/0xz  T_15.0, 8;
    %pushi/vec4 0, 0, 10;
    %assign/vec4 v00000228f1840de0_0, 0;
    %jmp T_15.1;
T_15.0 ;
    %load/vec4 v00000228f183fee0_0;
    %flag_set/vec4 8;
    %jmp/0xz  T_15.2, 8;
    %load/vec4 v00000228f1840de0_0;
    %addi 1, 0, 10;
    %assign/vec4 v00000228f1840de0_0, 0;
T_15.2 ;
T_15.1 ;
    %jmp T_15;
    .thread T_15;
    .scope S_00000228f183c6a0;
T_16 ;
    %wait E_00000228f1471180;
    %load/vec4 v00000228f183f080_0;
    %flag_set/vec4 8;
    %jmp/0xz  T_16.0, 8;
    %load/vec4 v00000228f1840980_0;
    %load/vec4 v00000228f1840340_0;
    %pad/u 12;
    %ix/vec4 3;
    %ix/load 4, 0, 0; Constant delay
    %assign/vec4/a/d v00000228f1840a20, 0, 4;
T_16.0 ;
    %jmp T_16;
    .thread T_16;
    .scope S_00000228f13eca10;
T_17 ;
    %pushi/vec4 0, 0, 10;
    %store/vec4 v00000228f183f6c0_0, 0, 10;
    %pushi/vec4 0, 0, 10;
    %store/vec4 v00000228f183ff80_0, 0, 10;
    %end;
    .thread T_17;
    .scope S_00000228f13eca10;
T_18 ;
    %wait E_00000228f1471180;
    %load/vec4 v00000228f183f4e0_0;
    %flag_set/vec4 8;
    %jmp/0xz  T_18.0, 8;
    %pushi/vec4 0, 0, 10;
    %assign/vec4 v00000228f183f6c0_0, 0;
    %jmp T_18.1;
T_18.0 ;
    %load/vec4 v00000228f183fa80_0;
    %flag_set/vec4 8;
    %jmp/0xz  T_18.2, 8;
    %load/vec4 v00000228f183f6c0_0;
    %addi 1, 0, 10;
    %assign/vec4 v00000228f183f6c0_0, 0;
T_18.2 ;
T_18.1 ;
    %jmp T_18;
    .thread T_18;
    .scope S_00000228f13eca10;
T_19 ;
    %wait E_00000228f1471180;
    %load/vec4 v00000228f183f4e0_0;
    %flag_set/vec4 8;
    %jmp/0xz  T_19.0, 8;
    %pushi/vec4 0, 0, 10;
    %assign/vec4 v00000228f183ff80_0, 0;
    %jmp T_19.1;
T_19.0 ;
    %load/vec4 v00000228f183f440_0;
    %flag_set/vec4 8;
    %jmp/0xz  T_19.2, 8;
    %load/vec4 v00000228f183ff80_0;
    %addi 1, 0, 10;
    %assign/vec4 v00000228f183ff80_0, 0;
T_19.2 ;
T_19.1 ;
    %jmp T_19;
    .thread T_19;
    .scope S_00000228f13ecba0;
T_20 ;
    %wait E_00000228f1470640;
    %load/vec4 v00000228f1841630_0;
    %flag_set/vec4 8;
    %jmp/0xz  T_20.0, 8;
    %load/vec4 v00000228f18419f0_0;
    %load/vec4 v00000228f183fbc0_0;
    %pad/u 10;
    %ix/vec4 3;
    %ix/load 4, 0, 0; Constant delay
    %assign/vec4/a/d v00000228f1841950, 0, 4;
T_20.0 ;
    %jmp T_20;
    .thread T_20;
    .scope S_00000228f13ecba0;
T_21 ;
    %wait E_00000228f1470b40;
    %load/vec4 v00000228f18400c0_0;
    %pad/u 10;
    %ix/vec4 4;
    %load/vec4a v00000228f1841950, 4;
    %assign/vec4 v00000228f1841130_0, 0;
    %jmp T_21;
    .thread T_21;
    .scope S_00000228f13f1690;
T_22 ;
    %wait E_00000228f146dfc0;
    %load/vec4 v00000228f1841f90_0;
    %flag_set/vec4 8;
    %jmp/0xz  T_22.0, 8;
    %load/vec4 v00000228f1841ef0_0;
    %load/vec4 v00000228f1842350_0;
    %pad/u 10;
    %ix/vec4 3;
    %ix/load 4, 0, 0; Constant delay
    %assign/vec4/a/d v00000228f1842b70, 0, 4;
T_22.0 ;
    %jmp T_22;
    .thread T_22;
    .scope S_00000228f13f1820;
T_23 ;
    %fork t_1, S_00000228f183cb50;
    %jmp t_0;
    .scope S_00000228f183cb50;
t_1 ;
    %pushi/vec4 0, 0, 32;
    %store/vec4 v00000228f1841270_0, 0, 32;
T_23.0 ;
    %load/vec4 v00000228f1841270_0;
    %cmpi/s 256, 0, 32;
    %jmp/0xz T_23.1, 5;
    %pushi/vec4 0, 0, 8;
    %ix/getv/s 3, v00000228f1841270_0;
    %ix/load 4, 0, 0; Constant delay
    %assign/vec4/a/d v00000228f1842030, 0, 4;
    %load/vec4 v00000228f1841270_0;
    %addi 1, 0, 32;
    %store/vec4 v00000228f1841270_0, 0, 32;
    %jmp T_23.0;
T_23.1 ;
    %end;
    .scope S_00000228f13f1820;
t_0 %join;
    %end;
    .thread T_23;
    .scope S_00000228f13f1820;
T_24 ;
    %wait E_00000228f1470580;
    %load/vec4 v00000228f1842c10_0;
    %flag_set/vec4 8;
    %jmp/0xz  T_24.0, 8;
    %load/vec4 v00000228f1842670_0;
    %load/vec4 v00000228f1842df0_0;
    %pad/u 10;
    %ix/vec4 3;
    %ix/load 4, 0, 0; Constant delay
    %assign/vec4/a/d v00000228f1842030, 0, 4;
T_24.0 ;
    %load/vec4 v00000228f1842df0_0;
    %pad/u 10;
    %ix/vec4 4;
    %load/vec4a v00000228f1842030, 4;
    %assign/vec4 v00000228f18420d0_0, 0;
    %jmp T_24;
    .thread T_24;
    .scope S_00000228f13f6600;
T_25 ;
    %fork t_3, S_00000228f183ce70;
    %jmp t_2;
    .scope S_00000228f183ce70;
t_3 ;
    %pushi/vec4 0, 0, 32;
    %store/vec4 v00000228f18414f0_0, 0, 32;
T_25.0 ;
    %load/vec4 v00000228f18414f0_0;
    %cmpi/s 256, 0, 32;
    %jmp/0xz T_25.1, 5;
    %pushi/real 1686629713, 4068; load=6.28319
    %pushi/real 273688, 4046; load=6.28319
    %add/wr;
    %load/vec4 v00000228f18414f0_0;
    %cvt/rv/s;
    %mul/wr;
    %pushi/vec4 256, 0, 32;
    %cvt/rv/s;
    %div/wr;
    %vpi_func/r 4 190 "$sin", W<0,r> {0 1 0};
    %pushi/vec4 127, 0, 32;
    %cvt/rv/s;
    %mul/wr;
    %cvt/vr 8;
    %ix/getv/s 4, v00000228f18414f0_0;
    %store/vec4a v00000228f18428f0, 4, 0;
    ; show_stmt_assign_vector: Get l-value for compressed += operand
    %load/vec4 v00000228f18414f0_0;
    %pushi/vec4 1, 0, 32;
    %add;
    %cast2;
    %store/vec4 v00000228f18414f0_0, 0, 32;
    %jmp T_25.0;
T_25.1 ;
    %end;
    .scope S_00000228f13f6600;
t_2 %join;
    %end;
    .thread T_25;
    .scope S_00000228f13f6600;
T_26 ;
    %wait E_00000228f1471080;
    %load/vec4 v00000228f1842850_0;
    %flag_set/vec4 8;
    %jmp/0xz  T_26.0, 8;
    %load/vec4 v00000228f18425d0_0;
    %load/vec4 v00000228f1842490_0;
    %pad/u 10;
    %ix/vec4 3;
    %ix/load 4, 0, 0; Constant delay
    %assign/vec4/a/d v00000228f18428f0, 0, 4;
T_26.0 ;
    %load/vec4 v00000228f1842490_0;
    %pad/u 10;
    %ix/vec4 4;
    %load/vec4a v00000228f18428f0, 4;
    %assign/vec4 v00000228f1842cb0_0, 0;
    %jmp T_26;
    .thread T_26;
    .scope S_00000228f13f6790;
T_27 ;
    %wait E_00000228f14707c0;
    %load/vec4 v00000228f1842710_0;
    %flag_set/vec4 8;
    %jmp/0xz  T_27.0, 8;
    %load/vec4 v00000228f1841db0_0;
    %load/vec4 v00000228f1842e90_0;
    %pad/u 10;
    %ix/vec4 3;
    %ix/load 4, 0, 0; Constant delay
    %assign/vec4/a/d v00000228f1842210, 0, 4;
    %load/vec4 v00000228f1841db0_0;
    %assign/vec4 v00000228f18427b0_0, 0;
    %jmp T_27.1;
T_27.0 ;
    %load/vec4 v00000228f1842e90_0;
    %pad/u 10;
    %ix/vec4 4;
    %load/vec4a v00000228f1842210, 4;
    %assign/vec4 v00000228f18427b0_0, 0;
T_27.1 ;
    %jmp T_27;
    .thread T_27;
    .scope S_00000228f183c060;
T_28 ;
    %wait E_00000228f1471240;
    %load/vec4 v00000228f1844040_0;
    %flag_set/vec4 8;
    %jmp/0xz  T_28.0, 8;
    %load/vec4 v00000228f1843be0_0;
    %load/vec4 v00000228f18438c0_0;
    %pad/u 6;
    %ix/vec4 3;
    %ix/load 4, 0, 0; Constant delay
    %assign/vec4/a/d v00000228f18430a0, 0, 4;
T_28.0 ;
    %jmp T_28;
    .thread T_28;
    .scope S_00000228f183c060;
T_29 ;
    %wait E_00000228f1471240;
    %load/vec4 v00000228f1843fa0_0;
    %pad/u 6;
    %ix/vec4 4;
    %load/vec4a v00000228f18430a0, 4;
    %assign/vec4 v00000228f18447c0_0, 0;
    %jmp T_29;
    .thread T_29;
    .scope S_00000228f183cce0;
T_30 ;
    %pushi/vec4 0, 0, 8;
    %store/vec4 v00000228f18433c0_0, 0, 8;
    %end;
    .thread T_30, $init;
    .scope S_00000228f183cce0;
T_31 ;
    %pushi/vec4 0, 0, 4;
    %store/vec4 v00000228f1843e60_0, 0, 4;
    %pushi/vec4 0, 0, 4;
    %store/vec4 v00000228f1844680_0, 0, 4;
    %end;
    .thread T_31;
    .scope S_00000228f183cce0;
T_32 ;
    %wait E_00000228f1471240;
    %load/vec4 v00000228f1844d60_0;
    %flag_set/vec4 8;
    %jmp/0xz  T_32.0, 8;
    %pushi/vec4 0, 0, 4;
    %assign/vec4 v00000228f1843e60_0, 0;
    %jmp T_32.1;
T_32.0 ;
    %load/vec4 v00000228f1844b80_0;
    %flag_set/vec4 8;
    %jmp/0xz  T_32.2, 8;
    %load/vec4 v00000228f1843e60_0;
    %addi 1, 0, 4;
    %assign/vec4 v00000228f1843e60_0, 0;
T_32.2 ;
T_32.1 ;
    %jmp T_32;
    .thread T_32;
    .scope S_00000228f183cce0;
T_33 ;
    %wait E_00000228f1471240;
    %load/vec4 v00000228f1844d60_0;
    %flag_set/vec4 8;
    %jmp/0xz  T_33.0, 8;
    %pushi/vec4 0, 0, 4;
    %assign/vec4 v00000228f1844680_0, 0;
    %jmp T_33.1;
T_33.0 ;
    %load/vec4 v00000228f1844ae0_0;
    %flag_set/vec4 8;
    %jmp/0xz  T_33.2, 8;
    %load/vec4 v00000228f1844680_0;
    %addi 1, 0, 4;
    %assign/vec4 v00000228f1844680_0, 0;
T_33.2 ;
T_33.1 ;
    %jmp T_33;
    .thread T_33;
    .scope S_00000228f183cce0;
T_34 ;
    %wait E_00000228f1471240;
    %load/vec4 v00000228f1844d60_0;
    %flag_set/vec4 8;
    %jmp/0xz  T_34.0, 8;
    %pushi/vec4 0, 0, 1;
    %assign/vec4 v00000228f18445e0_0, 0;
    %jmp T_34.1;
T_34.0 ;
    %load/vec4 v00000228f1844ae0_0;
    %assign/vec4 v00000228f18445e0_0, 0;
T_34.1 ;
    %jmp T_34;
    .thread T_34;
    .scope S_00000228f183cce0;
T_35 ;
    %wait E_00000228f1471240;
    %load/vec4 v00000228f1844d60_0;
    %flag_set/vec4 8;
    %jmp/0xz  T_35.0, 8;
    %pushi/vec4 0, 0, 8;
    %assign/vec4 v00000228f18433c0_0, 0;
    %jmp T_35.1;
T_35.0 ;
    %load/vec4 v00000228f18445e0_0;
    %flag_set/vec4 8;
    %jmp/0xz  T_35.2, 8;
    %load/vec4 v00000228f18431e0_0;
    %assign/vec4 v00000228f18433c0_0, 0;
T_35.2 ;
T_35.1 ;
    %jmp T_35;
    .thread T_35;
    .scope S_00000228f183c830;
T_36 ;
    %wait E_00000228f1471240;
    %load/vec4 v00000228f18413b0_0;
    %flag_set/vec4 8;
    %jmp/0xz  T_36.0, 8;
    %load/vec4 v00000228f1842ad0_0;
    %load/vec4 v00000228f1842f30_0;
    %pad/u 6;
    %ix/vec4 3;
    %ix/load 4, 0, 0; Constant delay
    %assign/vec4/a/d v00000228f1841310, 0, 4;
T_36.0 ;
    %jmp T_36;
    .thread T_36;
    .scope S_00000228f183c830;
T_37 ;
    %wait E_00000228f1471240;
    %load/vec4 v00000228f18422b0_0;
    %pad/u 6;
    %ix/vec4 4;
    %load/vec4a v00000228f1841310, 4;
    %assign/vec4 v00000228f1842d50_0, 0;
    %jmp T_37;
    .thread T_37;
    .scope S_00000228f183c380;
T_38 ;
    %pushi/vec4 0, 0, 9;
    %store/vec4 v00000228f1843320_0, 0, 9;
    %end;
    .thread T_38, $init;
    .scope S_00000228f183c380;
T_39 ;
    %pushi/vec4 0, 0, 4;
    %store/vec4 v00000228f1843820_0, 0, 4;
    %pushi/vec4 0, 0, 4;
    %store/vec4 v00000228f1844f40_0, 0, 4;
    %end;
    .thread T_39;
    .scope S_00000228f183c380;
T_40 ;
    %wait E_00000228f1471240;
    %load/vec4 v00000228f1844220_0;
    %flag_set/vec4 8;
    %jmp/0xz  T_40.0, 8;
    %pushi/vec4 0, 0, 4;
    %assign/vec4 v00000228f1843820_0, 0;
    %jmp T_40.1;
T_40.0 ;
    %load/vec4 v00000228f1843c80_0;
    %flag_set/vec4 8;
    %jmp/0xz  T_40.2, 8;
    %load/vec4 v00000228f1843820_0;
    %addi 1, 0, 4;
    %assign/vec4 v00000228f1843820_0, 0;
T_40.2 ;
T_40.1 ;
    %jmp T_40;
    .thread T_40;
    .scope S_00000228f183c380;
T_41 ;
    %wait E_00000228f1471240;
    %load/vec4 v00000228f1844220_0;
    %flag_set/vec4 8;
    %jmp/0xz  T_41.0, 8;
    %pushi/vec4 0, 0, 4;
    %assign/vec4 v00000228f1844f40_0, 0;
    %jmp T_41.1;
T_41.0 ;
    %load/vec4 v00000228f1843140_0;
    %flag_set/vec4 8;
    %jmp/0xz  T_41.2, 8;
    %load/vec4 v00000228f1844f40_0;
    %addi 1, 0, 4;
    %assign/vec4 v00000228f1844f40_0, 0;
T_41.2 ;
T_41.1 ;
    %jmp T_41;
    .thread T_41;
    .scope S_00000228f183c380;
T_42 ;
    %wait E_00000228f1471240;
    %load/vec4 v00000228f1844220_0;
    %flag_set/vec4 8;
    %jmp/0xz  T_42.0, 8;
    %pushi/vec4 0, 0, 1;
    %assign/vec4 v00000228f1843280_0, 0;
    %jmp T_42.1;
T_42.0 ;
    %load/vec4 v00000228f1843140_0;
    %assign/vec4 v00000228f1843280_0, 0;
T_42.1 ;
    %jmp T_42;
    .thread T_42;
    .scope S_00000228f183c380;
T_43 ;
    %wait E_00000228f1471240;
    %load/vec4 v00000228f1844220_0;
    %flag_set/vec4 8;
    %jmp/0xz  T_43.0, 8;
    %pushi/vec4 0, 0, 9;
    %assign/vec4 v00000228f1843320_0, 0;
    %jmp T_43.1;
T_43.0 ;
    %load/vec4 v00000228f1843280_0;
    %flag_set/vec4 8;
    %jmp/0xz  T_43.2, 8;
    %load/vec4 v00000228f1844ea0_0;
    %assign/vec4 v00000228f1843320_0, 0;
T_43.2 ;
T_43.1 ;
    %jmp T_43;
    .thread T_43;
    .scope S_00000228f1846e60;
T_44 ;
    %wait E_00000228f1471240;
    %load/vec4 v00000228f1847ac0_0;
    %flag_set/vec4 8;
    %jmp/0xz  T_44.0, 8;
    %pushi/vec4 0, 0, 7;
    %assign/vec4 v00000228f1848880_0, 0;
    %jmp T_44.1;
T_44.0 ;
    %load/vec4 v00000228f1848ba0_0;
    %flag_set/vec4 8;
    %jmp/0xz  T_44.2, 8;
    %load/vec4 v00000228f1848880_0;
    %pad/u 32;
    %cmpi/u 107, 0, 32;
    %jmp/0xz  T_44.4, 5;
    %load/vec4 v00000228f1848880_0;
    %addi 1, 0, 7;
    %assign/vec4 v00000228f1848880_0, 0;
    %jmp T_44.5;
T_44.4 ;
    %pushi/vec4 0, 0, 7;
    %assign/vec4 v00000228f1848880_0, 0;
T_44.5 ;
T_44.2 ;
T_44.1 ;
    %jmp T_44;
    .thread T_44;
    .scope S_00000228f1846500;
T_45 ;
    %wait E_00000228f1471240;
    %load/vec4 v00000228f1848740_0;
    %flag_set/vec4 8;
    %jmp/0xz  T_45.0, 8;
    %pushi/vec4 0, 0, 4;
    %assign/vec4 v00000228f18486a0_0, 0;
    %jmp T_45.1;
T_45.0 ;
    %load/vec4 v00000228f18477a0_0;
    %flag_set/vec4 8;
    %jmp/0xz  T_45.2, 8;
    %load/vec4 v00000228f18486a0_0;
    %pad/u 33;
    %cmpi/u 10, 0, 33;
    %jmp/0xz  T_45.4, 5;
    %load/vec4 v00000228f18486a0_0;
    %addi 1, 0, 4;
    %assign/vec4 v00000228f18486a0_0, 0;
    %jmp T_45.5;
T_45.4 ;
    %pushi/vec4 0, 0, 4;
    %assign/vec4 v00000228f18486a0_0, 0;
T_45.5 ;
T_45.2 ;
T_45.1 ;
    %jmp T_45;
    .thread T_45;
    .scope S_00000228f1846cd0;
T_46 ;
    %wait E_00000228f1471240;
    %load/vec4 v00000228f18495d0_0;
    %flag_set/vec4 8;
    %jmp/0xz  T_46.0, 8;
    %pushi/vec4 0, 0, 1;
    %assign/vec4 v00000228f1849df0_0, 0;
    %jmp T_46.1;
T_46.0 ;
    %load/vec4 v00000228f1848e20_0;
    %flag_set/vec4 8;
    %jmp/0xz  T_46.2, 8;
    %pushi/vec4 0, 0, 1;
    %assign/vec4 v00000228f1849df0_0, 0;
    %jmp T_46.3;
T_46.2 ;
    %load/vec4 v00000228f184aa70_0;
    %flag_set/vec4 8;
    %jmp/0xz  T_46.4, 8;
    %pushi/vec4 1, 0, 1;
    %assign/vec4 v00000228f1849df0_0, 0;
T_46.4 ;
T_46.3 ;
T_46.1 ;
    %jmp T_46;
    .thread T_46;
    .scope S_00000228f1846cd0;
T_47 ;
    %wait E_00000228f1471240;
    %load/vec4 v00000228f18495d0_0;
    %flag_set/vec4 8;
    %jmp/0xz  T_47.0, 8;
    %pushi/vec4 2047, 0, 11;
    %assign/vec4 v00000228f1849350_0, 0;
    %jmp T_47.1;
T_47.0 ;
    %load/vec4 v00000228f184aa70_0;
    %load/vec4 v00000228f1849df0_0;
    %inv;
    %and;
    %flag_set/vec4 8;
    %jmp/0xz  T_47.2, 8;
    %pushi/vec4 1, 0, 32;
    %dup/vec4;
    %pushi/vec4 1, 0, 32;
    %cmp/u;
    %jmp/1 T_47.4, 6;
    %dup/vec4;
    %pushi/vec4 2, 0, 32;
    %cmp/u;
    %jmp/1 T_47.5, 6;
    %pushi/vec4 3, 0, 2;
    %load/vec4 v00000228f184aed0_0;
    %concat/vec4; draw_concat_vec4
    %concati/vec4 0, 0, 1;
    %assign/vec4 v00000228f1849350_0, 0;
    %jmp T_47.7;
T_47.4 ;
    %pushi/vec4 1, 0, 1;
    %load/vec4 v00000228f184aed0_0;
    %xor/r;
    %concat/vec4; draw_concat_vec4
    %load/vec4 v00000228f184aed0_0;
    %concat/vec4; draw_concat_vec4
    %concati/vec4 0, 0, 1;
    %assign/vec4 v00000228f1849350_0, 0;
    %jmp T_47.7;
T_47.5 ;
    %pushi/vec4 1, 0, 1;
    %load/vec4 v00000228f184aed0_0;
    %xnor/r;
    %concat/vec4; draw_concat_vec4
    %load/vec4 v00000228f184aed0_0;
    %concat/vec4; draw_concat_vec4
    %concati/vec4 0, 0, 1;
    %assign/vec4 v00000228f1849350_0, 0;
    %jmp T_47.7;
T_47.7 ;
    %pop/vec4 1;
    %jmp T_47.3;
T_47.2 ;
    %load/vec4 v00000228f18470c0_0;
    %flag_set/vec4 8;
    %jmp/0xz  T_47.8, 8;
    %load/vec4 v00000228f1849350_0;
    %ix/load 4, 1, 0;
    %flag_set/imm 4, 0;
    %shiftr 4;
    %assign/vec4 v00000228f1849350_0, 0;
T_47.8 ;
T_47.3 ;
T_47.1 ;
    %jmp T_47;
    .thread T_47;
    .scope S_00000228f1846cd0;
T_48 ;
    %wait E_00000228f1471240;
    %load/vec4 v00000228f1849df0_0;
    %inv;
    %flag_set/vec4 8;
    %jmp/0xz  T_48.0, 8;
    %pushi/vec4 1, 0, 1;
    %assign/vec4 v00000228f1849e90_0, 0;
    %jmp T_48.1;
T_48.0 ;
    %load/vec4 v00000228f1849350_0;
    %parti/s 1, 0, 2;
    %assign/vec4 v00000228f1849e90_0, 0;
T_48.1 ;
    %jmp T_48;
    .thread T_48;
    .scope S_00000228f1845ec0;
T_49 ;
    %wait E_00000228f1471240;
    %load/vec4 v00000228f1847160_0;
    %parti/s 2, 0, 2;
    %load/vec4 v00000228f1847840_0;
    %concat/vec4; draw_concat_vec4
    %assign/vec4 v00000228f1847160_0, 0;
    %jmp T_49;
    .thread T_49;
    .scope S_00000228f1846370;
T_50 ;
    %wait E_00000228f1471240;
    %load/vec4 v00000228f1847520_0;
    %flag_set/vec4 8;
    %jmp/0xz  T_50.0, 8;
    %pushi/vec4 0, 0, 7;
    %assign/vec4 v00000228f1848a60_0, 0;
    %jmp T_50.1;
T_50.0 ;
    %load/vec4 v00000228f18472a0_0;
    %flag_set/vec4 8;
    %jmp/0xz  T_50.2, 8;
    %load/vec4 v00000228f1848a60_0;
    %pad/u 32;
    %cmpi/u 108, 0, 32;
    %jmp/0xz  T_50.4, 5;
    %load/vec4 v00000228f1848a60_0;
    %addi 1, 0, 7;
    %assign/vec4 v00000228f1848a60_0, 0;
    %jmp T_50.5;
T_50.4 ;
    %pushi/vec4 0, 0, 7;
    %assign/vec4 v00000228f1848a60_0, 0;
T_50.5 ;
T_50.2 ;
T_50.1 ;
    %jmp T_50;
    .thread T_50;
    .scope S_00000228f18469b0;
T_51 ;
    %wait E_00000228f1471240;
    %load/vec4 v00000228f1843780_0;
    %flag_set/vec4 8;
    %jmp/0xz  T_51.0, 8;
    %pushi/vec4 0, 0, 4;
    %assign/vec4 v00000228f18435a0_0, 0;
    %jmp T_51.1;
T_51.0 ;
    %load/vec4 v00000228f18436e0_0;
    %flag_set/vec4 8;
    %jmp/0xz  T_51.2, 8;
    %load/vec4 v00000228f18435a0_0;
    %pad/u 33;
    %cmpi/u 9, 0, 33;
    %jmp/0xz  T_51.4, 5;
    %load/vec4 v00000228f18435a0_0;
    %addi 1, 0, 4;
    %assign/vec4 v00000228f18435a0_0, 0;
    %jmp T_51.5;
T_51.4 ;
    %pushi/vec4 0, 0, 4;
    %assign/vec4 v00000228f18435a0_0, 0;
T_51.5 ;
T_51.2 ;
T_51.1 ;
    %jmp T_51;
    .thread T_51;
    .scope S_00000228f1846b40;
T_52 ;
    %wait E_00000228f1471240;
    %load/vec4 v00000228f1847b60_0;
    %flag_set/vec4 8;
    %jmp/0xz  T_52.0, 8;
    %pushi/vec4 0, 0, 1;
    %assign/vec4 v00000228f1847700_0, 0;
    %jmp T_52.1;
T_52.0 ;
    %load/vec4 v00000228f1847e80_0;
    %flag_set/vec4 8;
    %jmp/0xz  T_52.2, 8;
    %pushi/vec4 0, 0, 1;
    %assign/vec4 v00000228f1847700_0, 0;
    %jmp T_52.3;
T_52.2 ;
    %load/vec4 v00000228f18475c0_0;
    %flag_set/vec4 8;
    %jmp/0xz  T_52.4, 8;
    %pushi/vec4 1, 0, 1;
    %assign/vec4 v00000228f1847700_0, 0;
T_52.4 ;
T_52.3 ;
T_52.1 ;
    %jmp T_52;
    .thread T_52;
    .scope S_00000228f1846b40;
T_53 ;
    %wait E_00000228f1471240;
    %load/vec4 v00000228f1847b60_0;
    %flag_set/vec4 8;
    %jmp/0xz  T_53.0, 8;
    %pushi/vec4 0, 0, 9;
    %assign/vec4 v00000228f1847fc0_0, 0;
    %jmp T_53.1;
T_53.0 ;
    %load/vec4 v00000228f1848920_0;
    %pad/u 32;
    %cmpi/e 54, 0, 32;
    %jmp/0xz  T_53.2, 4;
    %load/vec4 v00000228f18478e0_0;
    %load/vec4 v00000228f1847fc0_0;
    %parti/s 8, 1, 2;
    %concat/vec4; draw_concat_vec4
    %assign/vec4 v00000228f1847fc0_0, 0;
T_53.2 ;
T_53.1 ;
    %jmp T_53;
    .thread T_53;
    .scope S_00000228f1846b40;
T_54 ;
    %wait E_00000228f1471240;
    %load/vec4 v00000228f1847b60_0;
    %flag_set/vec4 8;
    %jmp/0xz  T_54.0, 8;
    %pushi/vec4 0, 0, 8;
    %assign/vec4 v00000228f1847de0_0, 0;
    %pushi/vec4 0, 0, 1;
    %assign/vec4 v00000228f1847f20_0, 0;
    %pushi/vec4 0, 0, 1;
    %assign/vec4 v00000228f18484c0_0, 0;
    %jmp T_54.1;
T_54.0 ;
    %load/vec4 v00000228f1847e80_0;
    %flag_set/vec4 8;
    %jmp/0xz  T_54.2, 8;
    %pushi/vec4 1, 0, 1;
    %assign/vec4 v00000228f1847f20_0, 0;
    %pushi/vec4 1, 0, 32;
    %dup/vec4;
    %pushi/vec4 1, 0, 32;
    %cmp/u;
    %jmp/1 T_54.4, 6;
    %dup/vec4;
    %pushi/vec4 2, 0, 32;
    %cmp/u;
    %jmp/1 T_54.5, 6;
    %pushi/vec4 0, 0, 1;
    %load/vec4 v00000228f1847fc0_0;
    %parti/s 8, 1, 2;
    %concat/vec4; draw_concat_vec4
    %split/vec4 8;
    %assign/vec4 v00000228f1847de0_0, 0;
    %assign/vec4 v00000228f18484c0_0, 0;
    %jmp T_54.7;
T_54.4 ;
    %load/vec4 v00000228f1847fc0_0;
    %xor/r;
    %load/vec4 v00000228f1847fc0_0;
    %parti/s 8, 0, 2;
    %concat/vec4; draw_concat_vec4
    %split/vec4 8;
    %assign/vec4 v00000228f1847de0_0, 0;
    %assign/vec4 v00000228f18484c0_0, 0;
    %jmp T_54.7;
T_54.5 ;
    %load/vec4 v00000228f1847fc0_0;
    %xnor/r;
    %load/vec4 v00000228f1847fc0_0;
    %parti/s 8, 0, 2;
    %concat/vec4; draw_concat_vec4
    %split/vec4 8;
    %assign/vec4 v00000228f1847de0_0, 0;
    %assign/vec4 v00000228f18484c0_0, 0;
    %jmp T_54.7;
T_54.7 ;
    %pop/vec4 1;
    %jmp T_54.3;
T_54.2 ;
    %pushi/vec4 0, 0, 1;
    %assign/vec4 v00000228f1847f20_0, 0;
T_54.3 ;
T_54.1 ;
    %jmp T_54;
    .thread T_54;
    .scope S_00000228f14019c0;
T_55 ;
    %pushi/vec4 0, 0, 1;
    %store/vec4 v00000228f184a7f0_0, 0, 1;
    %pushi/vec4 0, 0, 1;
    %store/vec4 v00000228f1849ad0_0, 0, 1;
    %end;
    .thread T_55, $init;
    .scope S_00000228f14019c0;
T_56 ;
    %delay 0, 0;
    %pushi/vec4 0, 0, 1;
    %store/vec4 v00000228f184a4d0_0, 0, 1;
T_56.0 ;
    %delay 5, 0;
    %load/vec4 v00000228f184a4d0_0;
    %inv;
    %store/vec4 v00000228f184a4d0_0, 0, 1;
    %jmp T_56.0;
    %end;
    .thread T_56;
    .scope S_00000228f14019c0;
T_57 ;
    %delay 0, 0;
    %pushi/vec4 1, 0, 1;
    %store/vec4 v00000228f184ad90_0, 0, 1;
    %delay 11, 0;
    %pushi/vec4 0, 0, 1;
    %store/vec4 v00000228f184ad90_0, 0, 1;
    %end;
    .thread T_57;
    .scope S_00000228f14019c0;
T_58 ;
    %vpi_call/w 7 20 "$dumpfile", "wave.vcd" {0 0 0};
    %vpi_call/w 7 21 "$dumpvars", 32'sb00000000000000000000000000000000, S_00000228f14019c0 {0 0 0};
    %delay 100000, 0;
    %vpi_call/w 7 22 "$finish" {0 0 0};
    %end;
    .thread T_58;
    .scope S_00000228f14019c0;
T_59 ;
    %wait E_00000228f1471240;
    %load/vec4 v00000228f184a070_0;
    %assign/vec4 v00000228f184ae30_0, 0;
    %jmp T_59;
    .thread T_59;
    .scope S_00000228f14019c0;
T_60 ;
    %pushi/vec4 100, 0, 32;
T_60.0 %dup/vec4;
    %pushi/vec4 0, 0, 32;
    %cmp/s;
    %jmp/1xz T_60.1, 5;
    %jmp/1 T_60.1, 4;
    %pushi/vec4 1, 0, 32;
    %sub;
    %wait E_00000228f1471240;
    %jmp T_60.0;
T_60.1 ;
    %pop/vec4 1;
    %wait E_00000228f1471240;
    %pushi/vec4 421, 0, 9;
    %split/vec4 8;
    %store/vec4 v00000228f1849fd0_0, 0, 8;
    %store/vec4 v00000228f184a7f0_0, 0, 1;
    %wait E_00000228f1471240;
    %pushi/vec4 451, 0, 9;
    %split/vec4 8;
    %store/vec4 v00000228f1849fd0_0, 0, 8;
    %store/vec4 v00000228f184a7f0_0, 0, 1;
    %wait E_00000228f1471240;
    %pushi/vec4 0, 0, 1;
    %store/vec4 v00000228f184a7f0_0, 0, 1;
    %pushi/vec4 2500, 0, 32;
T_60.2 %dup/vec4;
    %pushi/vec4 0, 0, 32;
    %cmp/s;
    %jmp/1xz T_60.3, 5;
    %jmp/1 T_60.3, 4;
    %pushi/vec4 1, 0, 32;
    %sub;
    %wait E_00000228f1471240;
    %jmp T_60.2;
T_60.3 ;
    %pop/vec4 1;
    %wait E_00000228f1471240;
    %pushi/vec4 311, 0, 9;
    %split/vec4 8;
    %store/vec4 v00000228f1849fd0_0, 0, 8;
    %store/vec4 v00000228f184a7f0_0, 0, 1;
    %wait E_00000228f1471240;
    %pushi/vec4 0, 0, 1;
    %store/vec4 v00000228f184a7f0_0, 0, 1;
    %end;
    .thread T_60;
    .scope S_00000228f14019c0;
T_61 ;
T_61.0 ;
    %pushi/vec4 3, 0, 4;
    %load/vec4 v00000228f184acf0_0;
    %cmp/u;
    %flag_get/vec4 4;
    %flag_get/vec4 5;
    %or;
    %cmpi/ne 1, 0, 1;
    %jmp/0xz T_61.1, 6;
    %wait E_00000228f1471140;
    %jmp T_61.0;
T_61.1 ;
    %pushi/vec4 3, 0, 32;
T_61.2 %dup/vec4;
    %pushi/vec4 0, 0, 32;
    %cmp/s;
    %jmp/1xz T_61.3, 5;
    %jmp/1 T_61.3, 4;
    %pushi/vec4 1, 0, 32;
    %sub;
    %wait E_00000228f1471240;
    %pushi/vec4 1, 0, 1;
    %store/vec4 v00000228f1849ad0_0, 0, 1;
    %jmp T_61.2;
T_61.3 ;
    %pop/vec4 1;
    %wait E_00000228f1471240;
    %pushi/vec4 0, 0, 1;
    %store/vec4 v00000228f1849ad0_0, 0, 1;
    %pushi/vec4 100, 0, 32;
T_61.4 %dup/vec4;
    %pushi/vec4 0, 0, 32;
    %cmp/s;
    %jmp/1xz T_61.5, 5;
    %jmp/1 T_61.5, 4;
    %pushi/vec4 1, 0, 32;
    %sub;
    %wait E_00000228f1471240;
    %jmp T_61.4;
T_61.5 ;
    %pop/vec4 1;
    %end;
    .thread T_61;
# The file index is used to find the file name in the following table.
:file_names 9;
    "N/A";
    "<interactive>";
    "-";
    "./../counter/counter.sv";
    "./../memory/memory.sv";
    "./../edge2en/edge2en.sv";
    "./../scfifo/scfifo.sv";
    "tb_uart.sv";
    "uart.sv";
