#! /c/Source/iverilog-install/bin/vvp
:ivl_version "12.0 (devel)" "(s20150603-1539-g2693dd32b)";
:ivl_delay_selection "TYPICAL";
:vpi_time_precision - 9;
:vpi_module "C:\iverilog\lib\ivl\system.vpi";
:vpi_module "C:\iverilog\lib\ivl\vhdl_sys.vpi";
:vpi_module "C:\iverilog\lib\ivl\vhdl_textio.vpi";
:vpi_module "C:\iverilog\lib\ivl\v2005_math.vpi";
:vpi_module "C:\iverilog\lib\ivl\va_math.vpi";
:vpi_module "C:\iverilog\lib\ivl\v2009.vpi";
S_000002a9e409e260 .scope package, "$unit" "$unit" 2 1;
 .timescale 0 0;
S_000002a9e409e3f0 .scope module, "TestAccu" "TestAccu" 3 3;
 .timescale -9 -9;
v000002a9e40e4f50_0 .net "acc", 15 0, v000002a9e409be00_0;  1 drivers
v000002a9e413b450_0 .net "accm", 5 0, v000002a9e40e9140_0;  1 drivers
v000002a9e413b270_0 .var "clk", 0 0;
v000002a9e413b630_0 .var "d", 15 0;
v000002a9e413af50_0 .var "dm", 5 0;
v000002a9e413b3b0_0 .var "rst", 0 0;
S_000002a9e40e8e20 .scope module, "theAcc" "Accumulator" 3 22, 4 1 0, S_000002a9e409e3f0;
 .timescale -9 -9;
    .port_info 0 /INPUT 1 "clk";
    .port_info 1 /INPUT 1 "rst";
    .port_info 2 /INPUT 1 "en";
    .port_info 3 /INPUT 16 "d";
    .port_info 4 /OUTPUT 16 "acc";
P_000002a9e40d7490 .param/l "DW" 0 4 1, +C4<00000000000000000000000000010000>;
v000002a9e409be00_0 .var "acc", 15 0;
v000002a9e40b30e0_0 .net "clk", 0 0, v000002a9e413b270_0;  1 drivers
v000002a9e40d9320_0 .net "d", 15 0, v000002a9e413b630_0;  1 drivers
L_000002a9e413b838 .functor BUFT 1, C4<1>, C4<0>, C4<0>, C4<0>;
v000002a9e409e580_0 .net "en", 0 0, L_000002a9e413b838;  1 drivers
v000002a9e409e620_0 .net "rst", 0 0, v000002a9e413b3b0_0;  1 drivers
E_000002a9e40d8110 .event posedge, v000002a9e40b30e0_0;
S_000002a9e40e8fb0 .scope module, "theAccM" "AccuM" 3 25, 4 12 0, S_000002a9e409e3f0;
 .timescale -9 -9;
    .port_info 0 /INPUT 1 "clk";
    .port_info 1 /INPUT 1 "rst";
    .port_info 2 /INPUT 1 "en";
    .port_info 3 /INPUT 6 "d";
    .port_info 4 /OUTPUT 6 "acc";
P_000002a9e40d76d0 .param/l "M" 0 4 12, +C4<00000000000000000000000000110010>;
v000002a9e40e9140_0 .var "acc", 5 0;
v000002a9e40e91e0_0 .var "acc_next", 5 0;
v000002a9e40e4cd0_0 .net "clk", 0 0, v000002a9e413b270_0;  alias, 1 drivers
v000002a9e40e4d70_0 .net "d", 5 0, v000002a9e413af50_0;  1 drivers
L_000002a9e413b880 .functor BUFT 1, C4<1>, C4<0>, C4<0>, C4<0>;
v000002a9e40e4e10_0 .net "en", 0 0, L_000002a9e413b880;  1 drivers
v000002a9e40e4eb0_0 .net "rst", 0 0, v000002a9e413b3b0_0;  alias, 1 drivers
E_000002a9e40d7c50 .event anyedge, v000002a9e40e9140_0, v000002a9e40e4d70_0;
    .scope S_000002a9e40e8e20;
T_0 ;
    %wait E_000002a9e40d8110;
    %load/vec4 v000002a9e409e620_0;
    %flag_set/vec4 8;
    %jmp/0xz  T_0.0, 8;
    %pushi/vec4 0, 0, 16;
    %assign/vec4 v000002a9e409be00_0, 0;
    %jmp T_0.1;
T_0.0 ;
    %load/vec4 v000002a9e409e580_0;
    %flag_set/vec4 8;
    %jmp/0xz  T_0.2, 8;
    %load/vec4 v000002a9e409be00_0;
    %load/vec4 v000002a9e40d9320_0;
    %add;
    %assign/vec4 v000002a9e409be00_0, 0;
T_0.2 ;
T_0.1 ;
    %jmp T_0;
    .thread T_0;
    .scope S_000002a9e40e8fb0;
T_1 ;
Ewait_0 .event/or E_000002a9e40d7c50, E_0x0;
    %wait Ewait_0;
    %load/vec4 v000002a9e40e9140_0;
    %load/vec4 v000002a9e40e4d70_0;
    %add;
    %store/vec4 v000002a9e40e91e0_0, 0, 6;
    %load/vec4 v000002a9e40e91e0_0;
    %pad/u 32;
    %cmpi/u 50, 0, 32;
    %flag_inv 5; GE is !LT
    %jmp/1 T_1.2, 5;
    %flag_mov 8, 5;
    %load/vec4 v000002a9e40e91e0_0;
    %load/vec4 v000002a9e40e9140_0;
    %cmp/u;
    %flag_or 5, 8;
T_1.2;
    %jmp/0xz  T_1.0, 5;
    ; show_stmt_assign_vector: Get l-value for compressed -= operand
    %load/vec4 v000002a9e40e91e0_0;
    %pushi/vec4 50, 0, 6;
    %sub;
    %store/vec4 v000002a9e40e91e0_0, 0, 6;
T_1.0 ;
    %jmp T_1;
    .thread T_1, $push;
    .scope S_000002a9e40e8fb0;
T_2 ;
    %wait E_000002a9e40d8110;
    %load/vec4 v000002a9e40e4eb0_0;
    %flag_set/vec4 8;
    %jmp/0xz  T_2.0, 8;
    %pushi/vec4 0, 0, 6;
    %assign/vec4 v000002a9e40e9140_0, 0;
    %jmp T_2.1;
T_2.0 ;
    %load/vec4 v000002a9e40e4e10_0;
    %flag_set/vec4 8;
    %jmp/0xz  T_2.2, 8;
    %load/vec4 v000002a9e40e91e0_0;
    %assign/vec4 v000002a9e40e9140_0, 0;
T_2.2 ;
T_2.1 ;
    %jmp T_2;
    .thread T_2;
    .scope S_000002a9e409e3f0;
T_3 ;
    %pushi/vec4 0, 0, 16;
    %store/vec4 v000002a9e413b630_0, 0, 16;
    %pushi/vec4 0, 0, 6;
    %store/vec4 v000002a9e413af50_0, 0, 6;
    %end;
    .thread T_3, $init;
    .scope S_000002a9e409e3f0;
T_4 ;
    %delay 0, 0;
    %pushi/vec4 0, 0, 1;
    %store/vec4 v000002a9e413b270_0, 0, 1;
T_4.0 ;
    %delay 5, 0;
    %load/vec4 v000002a9e413b270_0;
    %inv;
    %store/vec4 v000002a9e413b270_0, 0, 1;
    %jmp T_4.0;
    %end;
    .thread T_4;
    .scope S_000002a9e409e3f0;
T_5 ;
    %delay 0, 0;
    %pushi/vec4 1, 0, 1;
    %store/vec4 v000002a9e413b3b0_0, 0, 1;
    %delay 10, 0;
    %pushi/vec4 0, 0, 1;
    %store/vec4 v000002a9e413b3b0_0, 0, 1;
    %end;
    .thread T_5;
    .scope S_000002a9e409e3f0;
T_6 ;
    %vpi_call/w 3 16 "$dumpfile", "wave.vcd" {0 0 0};
    %vpi_call/w 3 17 "$dumpvars", 32'sb00000000000000000000000000000000, S_000002a9e409e3f0 {0 0 0};
    %delay 1000, 0;
    %vpi_call/w 3 18 "$finish" {0 0 0};
    %end;
    .thread T_6;
    .scope S_000002a9e409e3f0;
T_7 ;
    %delay 10, 0;
    ; show_stmt_assign_vector: Get l-value for compressed += operand
    %load/vec4 v000002a9e413b630_0;
    %pushi/vec4 1, 0, 16;
    %add;
    %store/vec4 v000002a9e413b630_0, 0, 16;
    %jmp T_7;
    .thread T_7;
    .scope S_000002a9e409e3f0;
T_8 ;
    %delay 10, 0;
    ; show_stmt_assign_vector: Get l-value for compressed += operand
    %load/vec4 v000002a9e413af50_0;
    %pushi/vec4 1, 0, 6;
    %add;
    %store/vec4 v000002a9e413af50_0, 0, 6;
    %jmp T_8;
    .thread T_8;
# The file index is used to find the file name in the following table.
:file_names 5;
    "N/A";
    "<interactive>";
    "-";
    "tb_accumulator.sv";
    "accumulator.sv";
